[2022-07-01 07:44:32,420] {taskinstance.py:851} INFO - Dependencies all met for <TaskInstance: SDG_Enrique_V0.readCSV_convertColumns 2022-06-30T00:00:00+00:00 [queued]>
[2022-07-01 07:44:32,441] {taskinstance.py:851} INFO - Dependencies all met for <TaskInstance: SDG_Enrique_V0.readCSV_convertColumns 2022-06-30T00:00:00+00:00 [queued]>
[2022-07-01 07:44:32,442] {taskinstance.py:1042} INFO - 
--------------------------------------------------------------------------------
[2022-07-01 07:44:32,443] {taskinstance.py:1043} INFO - Starting attempt 1 of 1
[2022-07-01 07:44:32,443] {taskinstance.py:1044} INFO - 
--------------------------------------------------------------------------------
[2022-07-01 07:44:32,451] {taskinstance.py:1063} INFO - Executing <Task(PythonOperator): readCSV_convertColumns> on 2022-06-30T00:00:00+00:00
[2022-07-01 07:44:32,456] {standard_task_runner.py:52} INFO - Started process 215 to run task
[2022-07-01 07:44:32,461] {standard_task_runner.py:76} INFO - Running: ['airflow', 'tasks', 'run', 'SDG_Enrique_V0', 'readCSV_convertColumns', '2022-06-30T00:00:00+00:00', '--job-id', '1533', '--pool', 'default_pool', '--raw', '--subdir', 'DAGS_FOLDER/company_forecasting.py', '--cfg-path', '/tmp/tmpvs_y_niz', '--error-file', '/tmp/tmpt78d12m4']
[2022-07-01 07:44:32,464] {standard_task_runner.py:77} INFO - Job 1533: Subtask readCSV_convertColumns
[2022-07-01 07:44:32,514] {logging_mixin.py:104} INFO - Running <TaskInstance: SDG_Enrique_V0.readCSV_convertColumns 2022-06-30T00:00:00+00:00 [running]> on host 14dddcffc0ea
[2022-07-01 07:44:32,559] {taskinstance.py:1257} INFO - Exporting the following env vars:
AIRFLOW_CTX_DAG_EMAIL=enrique-liebana@outlook.com
AIRFLOW_CTX_DAG_OWNER=Enrique Liebana Peña
AIRFLOW_CTX_DAG_ID=SDG_Enrique_V0
AIRFLOW_CTX_TASK_ID=readCSV_convertColumns
AIRFLOW_CTX_EXECUTION_DATE=2022-06-30T00:00:00+00:00
AIRFLOW_CTX_DAG_RUN_ID=scheduled__2022-06-30T00:00:00+00:00
[2022-07-01 07:44:34,619] {logging_mixin.py:104} WARNING - /home/airflow/.local/lib/python3.6/site-packages/airflow/models/taskinstance.py:1315 DtypeWarning: Columns (46,56,59) have mixed types.Specify dtype option on import or set low_memory=False.
[2022-07-01 07:44:34,954] {logging_mixin.py:104} INFO -   rev_mean mou_mean totmrc_mean  ... creditcd eqpdays customer_id
0  23,9975   219,25        22,5  ...        Y   361.0     1000001
1  57,4925   482,75      37,425  ...        Y   240.0     1000002
2    16,99    10,25       16,99  ...        Y  1504.0     1000003
3       38      7,5          38  ...        Y  1812.0     1000004
4    55,23    570,5       71,98  ...        Y   434.0     1000005

[5 rows x 100 columns]
[2022-07-01 07:44:34,957] {logging_mixin.py:104} INFO - rev_mean        object
mou_mean        object
totmrc_mean     object
da_mean         object
ovrmou_mean     object
                ...   
kid11_15        object
kid16_17        object
creditcd        object
eqpdays        float64
customer_id      int64
Length: 100, dtype: object
[2022-07-01 07:44:34,958] {logging_mixin.py:104} INFO - **************** FLOAT COLUmNS *********************
[2022-07-01 07:44:41,978] {logging_mixin.py:104} INFO -    rev_mean  mou_mean  totmrc_mean  da_mean  ...  avgrev  avgmou  avgqty  hnd_price
0   23.9975    219.25       22.500   0.2475  ...   29.66   83.37   32.69  149.98999
1   57.4925    482.75       37.425   0.2475  ...   51.53  479.40  265.89        NaN
2   16.9900     10.25       16.990   0.0000  ...   34.54  433.98  140.86   29.98999
3   38.0000      7.50       38.000   0.0000  ...   40.45   63.23   30.81   29.98999
4   55.2300    570.50       71.980   0.0000  ...   38.69  249.38   79.50  149.98999

[5 rows x 56 columns]
[2022-07-01 07:44:41,982] {logging_mixin.py:104} INFO - **************** OBJECT COLUmNS *********************
[2022-07-01 07:44:42,478] {logging_mixin.py:104} INFO - ************+***********RESULTS*****************************
[2022-07-01 07:44:42,495] {logging_mixin.py:104} INFO - FLOAT64 (100000, 69)
[2022-07-01 07:44:42,498] {logging_mixin.py:104} INFO - INT64 (100000, 10)
[2022-07-01 07:44:42,501] {logging_mixin.py:104} INFO - STRING (100000, 21)
[2022-07-01 07:44:42,609] {logging_mixin.py:104} INFO -    rev_mean  mou_mean  totmrc_mean  ...  creditcd  eqpdays  customer_id
0   23.9975    219.25       22.500  ...         Y    361.0      1000001
1   57.4925    482.75       37.425  ...         Y    240.0      1000002
2   16.9900     10.25       16.990  ...         Y   1504.0      1000003
3   38.0000      7.50       38.000  ...         Y   1812.0      1000004
4   55.2300    570.50       71.980  ...         Y    434.0      1000005

[5 rows x 100 columns]
[2022-07-01 07:45:00,737] {base.py:74} INFO - Using connection to: id: postgres_conection. Host: host.docker.internal, Port: 5432, Schema: data_company, Login: airflow, Password: XXXXXXXX, extra: None
[2022-07-01 07:45:04,687] {python.py:118} INFO - Done. Returned value was: None
[2022-07-01 07:45:04,697] {taskinstance.py:1166} INFO - Marking task as SUCCESS. dag_id=SDG_Enrique_V0, task_id=readCSV_convertColumns, execution_date=20220630T000000, start_date=20220701T074432, end_date=20220701T074504
[2022-07-01 07:45:04,728] {taskinstance.py:1220} INFO - 1 downstream tasks scheduled from follow-on schedule check
[2022-07-01 07:45:04,771] {local_task_job.py:146} INFO - Task exited with return code 0
[2022-07-01 10:36:08,863] {taskinstance.py:851} INFO - Dependencies all met for <TaskInstance: SDG_Enrique_V0.readCSV_convertColumns 2022-06-30T00:00:00+00:00 [queued]>
[2022-07-01 10:36:08,897] {taskinstance.py:851} INFO - Dependencies all met for <TaskInstance: SDG_Enrique_V0.readCSV_convertColumns 2022-06-30T00:00:00+00:00 [queued]>
[2022-07-01 10:36:08,899] {taskinstance.py:1042} INFO - 
--------------------------------------------------------------------------------
[2022-07-01 10:36:08,900] {taskinstance.py:1043} INFO - Starting attempt 1 of 1
[2022-07-01 10:36:08,901] {taskinstance.py:1044} INFO - 
--------------------------------------------------------------------------------
[2022-07-01 10:36:08,922] {taskinstance.py:1063} INFO - Executing <Task(PythonOperator): readCSV_convertColumns> on 2022-06-30T00:00:00+00:00
[2022-07-01 10:36:08,933] {standard_task_runner.py:52} INFO - Started process 14986 to run task
[2022-07-01 10:36:08,942] {standard_task_runner.py:76} INFO - Running: ['airflow', 'tasks', 'run', 'SDG_Enrique_V0', 'readCSV_convertColumns', '2022-06-30T00:00:00+00:00', '--job-id', '1565', '--pool', 'default_pool', '--raw', '--subdir', 'DAGS_FOLDER/company_forecasting.py', '--cfg-path', '/tmp/tmpfonf6sly', '--error-file', '/tmp/tmpp_bum1kp']
[2022-07-01 10:36:08,946] {standard_task_runner.py:77} INFO - Job 1565: Subtask readCSV_convertColumns
[2022-07-01 10:36:09,054] {logging_mixin.py:104} INFO - Running <TaskInstance: SDG_Enrique_V0.readCSV_convertColumns 2022-06-30T00:00:00+00:00 [running]> on host 14dddcffc0ea
[2022-07-01 10:36:09,150] {taskinstance.py:1257} INFO - Exporting the following env vars:
AIRFLOW_CTX_DAG_EMAIL=enrique-liebana@outlook.com
AIRFLOW_CTX_DAG_OWNER=Enrique Liebana Peña
AIRFLOW_CTX_DAG_ID=SDG_Enrique_V0
AIRFLOW_CTX_TASK_ID=readCSV_convertColumns
AIRFLOW_CTX_EXECUTION_DATE=2022-06-30T00:00:00+00:00
AIRFLOW_CTX_DAG_RUN_ID=scheduled__2022-06-30T00:00:00+00:00
[2022-07-01 10:36:15,405] {logging_mixin.py:104} WARNING - /home/airflow/.local/lib/python3.6/site-packages/airflow/models/taskinstance.py:1315 DtypeWarning: Columns (56,59) have mixed types.Specify dtype option on import or set low_memory=False.
[2022-07-01 10:36:15,978] {logging_mixin.py:104} INFO -   rev_mean mou_mean  totmrc_mean  ... creditcd eqpdays customer_id
0  50,2375    775,5        69,99  ...        Y   202.0     1091523
1   30,935    33,75      33,7425  ...        Y   248.0     1091524
2        5        0            0  ...        N   128.0     1091525
3    36,32      403  6,666666667  ...        Y   122.0     1091526
4  65,5425    934,5        59,99  ...        N   202.0     1091527

[5 rows x 100 columns]
[2022-07-01 10:36:15,982] {logging_mixin.py:104} INFO - rev_mean        object
mou_mean        object
totmrc_mean     object
da_mean         object
ovrmou_mean     object
                ...   
kid11_15        object
kid16_17        object
creditcd        object
eqpdays        float64
customer_id      int64
Length: 100, dtype: object
[2022-07-01 10:36:15,983] {logging_mixin.py:104} INFO - **************** FLOAT COLUmNS *********************
[2022-07-01 10:36:36,406] {logging_mixin.py:104} INFO -    rev_mean  mou_mean  totmrc_mean  da_mean  ...  avgrev   avgmou  avgqty  hnd_price
0   50.2375    775.50    69.990000   0.2475  ...   50.77   851.00  108.50  149.98999
1   30.9350     33.75    33.742500   0.4950  ...   47.43    65.63   25.00  199.98999
2    5.0000      0.00     0.000000   0.0000  ...   96.59  1433.33  379.83   99.98999
3   36.3200    403.00     6.666667   1.3200  ...   33.62   425.33  134.67   79.98999
4   65.5425    934.50    59.990000   0.0000  ...   63.72  1088.83  169.83  199.98999

[5 rows x 56 columns]
[2022-07-01 10:36:36,411] {logging_mixin.py:104} INFO - **************** OBJECT COLUmNS *********************
[2022-07-01 10:36:37,200] {logging_mixin.py:104} INFO - ************+***********RESULTS*****************************
[2022-07-01 10:36:37,237] {logging_mixin.py:104} INFO - FLOAT64 (100000, 69)
[2022-07-01 10:36:37,242] {logging_mixin.py:104} INFO - INT64 (100000, 10)
[2022-07-01 10:36:37,245] {logging_mixin.py:104} INFO - STRING (100000, 21)
[2022-07-01 10:36:37,389] {logging_mixin.py:104} INFO -    rev_mean  mou_mean  totmrc_mean  ...  creditcd  eqpdays  customer_id
0   50.2375    775.50    69.990000  ...         Y    202.0      1091523
1   30.9350     33.75    33.742500  ...         Y    248.0      1091524
2    5.0000      0.00     0.000000  ...         N    128.0      1091525
3   36.3200    403.00     6.666667  ...         Y    122.0      1091526
4   65.5425    934.50    59.990000  ...         N    202.0      1091527

[5 rows x 100 columns]
[2022-07-01 10:37:17,080] {base.py:74} INFO - Using connection to: id: postgres_conection. Host: host.docker.internal, Port: 5432, Schema: data_company, Login: airflow, Password: XXXXXXXX, extra: None
[2022-07-01 10:37:29,389] {python.py:118} INFO - Done. Returned value was: None
[2022-07-01 10:37:29,415] {taskinstance.py:1166} INFO - Marking task as SUCCESS. dag_id=SDG_Enrique_V0, task_id=readCSV_convertColumns, execution_date=20220630T000000, start_date=20220701T103608, end_date=20220701T103729
[2022-07-01 10:37:29,487] {taskinstance.py:1220} INFO - 1 downstream tasks scheduled from follow-on schedule check
[2022-07-01 10:37:29,555] {local_task_job.py:146} INFO - Task exited with return code 0
