[2022-06-26 17:53:50,800] {taskinstance.py:851} INFO - Dependencies all met for <TaskInstance: SDG_Enrique_V0.readCSV_convertColumns 2022-06-26T00:00:00+00:00 [queued]>
[2022-06-26 17:53:50,818] {taskinstance.py:851} INFO - Dependencies all met for <TaskInstance: SDG_Enrique_V0.readCSV_convertColumns 2022-06-26T00:00:00+00:00 [queued]>
[2022-06-26 17:53:50,818] {taskinstance.py:1042} INFO - 
--------------------------------------------------------------------------------
[2022-06-26 17:53:50,819] {taskinstance.py:1043} INFO - Starting attempt 1 of 1
[2022-06-26 17:53:50,820] {taskinstance.py:1044} INFO - 
--------------------------------------------------------------------------------
[2022-06-26 17:53:50,829] {taskinstance.py:1063} INFO - Executing <Task(PythonOperator): readCSV_convertColumns> on 2022-06-26T00:00:00+00:00
[2022-06-26 17:53:50,836] {standard_task_runner.py:52} INFO - Started process 28475 to run task
[2022-06-26 17:53:50,841] {standard_task_runner.py:76} INFO - Running: ['airflow', 'tasks', 'run', 'SDG_Enrique_V0', 'readCSV_convertColumns', '2022-06-26T00:00:00+00:00', '--job-id', '220', '--pool', 'default_pool', '--raw', '--subdir', 'DAGS_FOLDER/company_forecasting.py', '--cfg-path', '/tmp/tmp8lxi9uui', '--error-file', '/tmp/tmpx7x7u7kn']
[2022-06-26 17:53:50,843] {standard_task_runner.py:77} INFO - Job 220: Subtask readCSV_convertColumns
[2022-06-26 17:53:50,893] {logging_mixin.py:104} INFO - Running <TaskInstance: SDG_Enrique_V0.readCSV_convertColumns 2022-06-26T00:00:00+00:00 [running]> on host 5e8dc4b25004
[2022-06-26 17:53:50,934] {taskinstance.py:1257} INFO - Exporting the following env vars:
AIRFLOW_CTX_DAG_EMAIL=enrique-liebana@outlook.com
AIRFLOW_CTX_DAG_OWNER=Enrique
AIRFLOW_CTX_DAG_ID=SDG_Enrique_V0
AIRFLOW_CTX_TASK_ID=readCSV_convertColumns
AIRFLOW_CTX_EXECUTION_DATE=2022-06-26T00:00:00+00:00
AIRFLOW_CTX_DAG_RUN_ID=manual__2022-06-26T00:00:00+00:00
[2022-06-26 17:53:50,993] {taskinstance.py:1455} ERROR - Error tokenizing data. C error: Expected 100 fields in line 3049, saw 159
Traceback (most recent call last):
  File "/home/airflow/.local/lib/python3.6/site-packages/airflow/models/taskinstance.py", line 1112, in _run_raw_task
    self._prepare_and_execute_task_with_callbacks(context, task)
  File "/home/airflow/.local/lib/python3.6/site-packages/airflow/models/taskinstance.py", line 1285, in _prepare_and_execute_task_with_callbacks
    result = self._execute_task(context, task_copy)
  File "/home/airflow/.local/lib/python3.6/site-packages/airflow/models/taskinstance.py", line 1315, in _execute_task
    result = task_copy.execute(context=context)
  File "/home/airflow/.local/lib/python3.6/site-packages/airflow/operators/python.py", line 117, in execute
    return_value = self.execute_callable()
  File "/home/airflow/.local/lib/python3.6/site-packages/airflow/operators/python.py", line 128, in execute_callable
    return self.python_callable(*self.op_args, **self.op_kwargs)
  File "/opt/airflow/dags/company_forecasting.py", line 82, in read_and_convertColumns
    data_company = pd.read_csv('/raw_data/company.csv',delimiter=',',header=0)
  File "/home/airflow/.local/lib/python3.6/site-packages/pandas/io/parsers.py", line 688, in read_csv
    return _read(filepath_or_buffer, kwds)
  File "/home/airflow/.local/lib/python3.6/site-packages/pandas/io/parsers.py", line 460, in _read
    data = parser.read(nrows)
  File "/home/airflow/.local/lib/python3.6/site-packages/pandas/io/parsers.py", line 1198, in read
    ret = self._engine.read(nrows)
  File "/home/airflow/.local/lib/python3.6/site-packages/pandas/io/parsers.py", line 2157, in read
    data = self._reader.read(nrows)
  File "pandas/_libs/parsers.pyx", line 847, in pandas._libs.parsers.TextReader.read
  File "pandas/_libs/parsers.pyx", line 862, in pandas._libs.parsers.TextReader._read_low_memory
  File "pandas/_libs/parsers.pyx", line 918, in pandas._libs.parsers.TextReader._read_rows
  File "pandas/_libs/parsers.pyx", line 905, in pandas._libs.parsers.TextReader._tokenize_rows
  File "pandas/_libs/parsers.pyx", line 2042, in pandas._libs.parsers.raise_parser_error
pandas.errors.ParserError: Error tokenizing data. C error: Expected 100 fields in line 3049, saw 159

[2022-06-26 17:53:51,001] {taskinstance.py:1503} INFO - Marking task as FAILED. dag_id=SDG_Enrique_V0, task_id=readCSV_convertColumns, execution_date=20220626T000000, start_date=20220626T175350, end_date=20220626T175351
[2022-06-26 17:53:51,055] {local_task_job.py:146} INFO - Task exited with return code 1
[2022-06-26 19:14:26,389] {taskinstance.py:851} INFO - Dependencies all met for <TaskInstance: SDG_Enrique_V0.readCSV_convertColumns 2022-06-26T00:00:00+00:00 [queued]>
[2022-06-26 19:14:26,398] {taskinstance.py:851} INFO - Dependencies all met for <TaskInstance: SDG_Enrique_V0.readCSV_convertColumns 2022-06-26T00:00:00+00:00 [queued]>
[2022-06-26 19:14:26,399] {taskinstance.py:1042} INFO - 
--------------------------------------------------------------------------------
[2022-06-26 19:14:26,400] {taskinstance.py:1043} INFO - Starting attempt 1 of 1
[2022-06-26 19:14:26,400] {taskinstance.py:1044} INFO - 
--------------------------------------------------------------------------------
[2022-06-26 19:14:26,417] {taskinstance.py:1063} INFO - Executing <Task(PythonOperator): readCSV_convertColumns> on 2022-06-26T00:00:00+00:00
[2022-06-26 19:14:26,426] {standard_task_runner.py:52} INFO - Started process 298 to run task
[2022-06-26 19:14:26,432] {standard_task_runner.py:76} INFO - Running: ['airflow', 'tasks', 'run', 'SDG_Enrique_V0', 'readCSV_convertColumns', '2022-06-26T00:00:00+00:00', '--job-id', '241', '--pool', 'default_pool', '--raw', '--subdir', 'DAGS_FOLDER/company_forecasting.py', '--cfg-path', '/tmp/tmpcvrft1_z', '--error-file', '/tmp/tmpda8ey9dl']
[2022-06-26 19:14:26,435] {standard_task_runner.py:77} INFO - Job 241: Subtask readCSV_convertColumns
[2022-06-26 19:14:26,492] {logging_mixin.py:104} INFO - Running <TaskInstance: SDG_Enrique_V0.readCSV_convertColumns 2022-06-26T00:00:00+00:00 [running]> on host 6fc8504e86cf
[2022-06-26 19:14:26,543] {taskinstance.py:1257} INFO - Exporting the following env vars:
AIRFLOW_CTX_DAG_EMAIL=enrique-liebana@outlook.com
AIRFLOW_CTX_DAG_OWNER=Enrique
AIRFLOW_CTX_DAG_ID=SDG_Enrique_V0
AIRFLOW_CTX_TASK_ID=readCSV_convertColumns
AIRFLOW_CTX_EXECUTION_DATE=2022-06-26T00:00:00+00:00
AIRFLOW_CTX_DAG_RUN_ID=manual__2022-06-26T00:00:00+00:00
[2022-06-26 19:14:28,656] {logging_mixin.py:104} WARNING - /home/airflow/.local/lib/python3.6/site-packages/airflow/models/taskinstance.py:1315 DtypeWarning: Columns (46,56,59) have mixed types.Specify dtype option on import or set low_memory=False.
[2022-06-26 19:14:29,001] {logging_mixin.py:104} INFO -   rev_mean mou_mean totmrc_mean  ... creditcd eqpdays customer_id
0  23,9975   219,25        22,5  ...        Y   361.0     1000001
1  57,4925   482,75      37,425  ...        Y   240.0     1000002
2    16,99    10,25       16,99  ...        Y  1504.0     1000003
3       38      7,5          38  ...        Y  1812.0     1000004
4    55,23    570,5       71,98  ...        Y   434.0     1000005

[5 rows x 100 columns]
[2022-06-26 19:14:29,004] {logging_mixin.py:104} INFO - rev_mean        object
mou_mean        object
totmrc_mean     object
da_mean         object
ovrmou_mean     object
                ...   
kid11_15        object
kid16_17        object
creditcd        object
eqpdays        float64
customer_id      int64
Length: 100, dtype: object
[2022-06-26 19:14:29,004] {logging_mixin.py:104} INFO - **************** FLOAT COLUmNS *********************
[2022-06-26 19:14:35,835] {logging_mixin.py:104} INFO -    rev_mean  mou_mean  totmrc_mean  da_mean  ...  avgrev  avgmou  avgqty  hnd_price
0   23.9975    219.25       22.500   0.2475  ...   29.66   83.37   32.69  149.98999
1   57.4925    482.75       37.425   0.2475  ...   51.53  479.40  265.89        NaN
2   16.9900     10.25       16.990   0.0000  ...   34.54  433.98  140.86   29.98999
3   38.0000      7.50       38.000   0.0000  ...   40.45   63.23   30.81   29.98999
4   55.2300    570.50       71.980   0.0000  ...   38.69  249.38   79.50  149.98999

[5 rows x 56 columns]
[2022-06-26 19:14:35,840] {logging_mixin.py:104} INFO - **************** OBJECT COLUmNS *********************
[2022-06-26 19:14:36,318] {logging_mixin.py:104} INFO - ************+***********RESULTS*****************************
[2022-06-26 19:14:36,334] {logging_mixin.py:104} INFO - FLOAT64 (100000, 69)
[2022-06-26 19:14:36,338] {logging_mixin.py:104} INFO - INT64 (100000, 10)
[2022-06-26 19:14:36,341] {logging_mixin.py:104} INFO - STRING (100000, 21)
[2022-06-26 19:14:36,443] {logging_mixin.py:104} INFO -    rev_mean  mou_mean  totmrc_mean  ...  creditcd  eqpdays  customer_id
0   23.9975    219.25       22.500  ...         Y    361.0      1000001
1   57.4925    482.75       37.425  ...         Y    240.0      1000002
2   16.9900     10.25       16.990  ...         Y   1504.0      1000003
3   38.0000      7.50       38.000  ...         Y   1812.0      1000004
4   55.2300    570.50       71.980  ...         Y    434.0      1000005

[5 rows x 100 columns]
[2022-06-26 19:14:55,656] {base.py:74} INFO - Using connection to: id: postgres_conection. Host: host.docker.internal, Port: 5432, Schema: data_company, Login: airflow, Password: XXXXXXXX, extra: None
[2022-06-26 19:14:58,931] {python.py:118} INFO - Done. Returned value was: None
[2022-06-26 19:14:58,965] {taskinstance.py:1166} INFO - Marking task as SUCCESS. dag_id=SDG_Enrique_V0, task_id=readCSV_convertColumns, execution_date=20220626T000000, start_date=20220626T191426, end_date=20220626T191458
[2022-06-26 19:14:59,034] {taskinstance.py:1220} INFO - 1 downstream tasks scheduled from follow-on schedule check
[2022-06-26 19:14:59,156] {local_task_job.py:146} INFO - Task exited with return code 0
[2022-06-26 19:25:06,203] {taskinstance.py:851} INFO - Dependencies all met for <TaskInstance: SDG_Enrique_V0.readCSV_convertColumns 2022-06-26T00:00:00+00:00 [queued]>
[2022-06-26 19:25:06,212] {taskinstance.py:851} INFO - Dependencies all met for <TaskInstance: SDG_Enrique_V0.readCSV_convertColumns 2022-06-26T00:00:00+00:00 [queued]>
[2022-06-26 19:25:06,212] {taskinstance.py:1042} INFO - 
--------------------------------------------------------------------------------
[2022-06-26 19:25:06,213] {taskinstance.py:1043} INFO - Starting attempt 1 of 1
[2022-06-26 19:25:06,214] {taskinstance.py:1044} INFO - 
--------------------------------------------------------------------------------
[2022-06-26 19:25:06,226] {taskinstance.py:1063} INFO - Executing <Task(PythonOperator): readCSV_convertColumns> on 2022-06-26T00:00:00+00:00
[2022-06-26 19:25:06,232] {standard_task_runner.py:52} INFO - Started process 471 to run task
[2022-06-26 19:25:06,236] {standard_task_runner.py:76} INFO - Running: ['airflow', 'tasks', 'run', 'SDG_Enrique_V0', 'readCSV_convertColumns', '2022-06-26T00:00:00+00:00', '--job-id', '287', '--pool', 'default_pool', '--raw', '--subdir', 'DAGS_FOLDER/company_forecasting.py', '--cfg-path', '/tmp/tmpagaaehry', '--error-file', '/tmp/tmpmrt2vdod']
[2022-06-26 19:25:06,238] {standard_task_runner.py:77} INFO - Job 287: Subtask readCSV_convertColumns
[2022-06-26 19:25:06,278] {logging_mixin.py:104} INFO - Running <TaskInstance: SDG_Enrique_V0.readCSV_convertColumns 2022-06-26T00:00:00+00:00 [running]> on host 6fc8504e86cf
[2022-06-26 19:25:06,339] {taskinstance.py:1257} INFO - Exporting the following env vars:
AIRFLOW_CTX_DAG_EMAIL=enrique-liebana@outlook.com
AIRFLOW_CTX_DAG_OWNER=Enrique
AIRFLOW_CTX_DAG_ID=SDG_Enrique_V0
AIRFLOW_CTX_TASK_ID=readCSV_convertColumns
AIRFLOW_CTX_EXECUTION_DATE=2022-06-26T00:00:00+00:00
AIRFLOW_CTX_DAG_RUN_ID=manual__2022-06-26T00:00:00+00:00
[2022-06-26 19:25:08,625] {logging_mixin.py:104} WARNING - /home/airflow/.local/lib/python3.6/site-packages/airflow/models/taskinstance.py:1315 DtypeWarning: Columns (46,56,59) have mixed types.Specify dtype option on import or set low_memory=False.
[2022-06-26 19:25:08,912] {logging_mixin.py:104} INFO -   rev_mean mou_mean totmrc_mean  ... creditcd eqpdays customer_id
0  23,9975   219,25        22,5  ...        Y   361.0     1000001
1  57,4925   482,75      37,425  ...        Y   240.0     1000002
2    16,99    10,25       16,99  ...        Y  1504.0     1000003
3       38      7,5          38  ...        Y  1812.0     1000004
4    55,23    570,5       71,98  ...        Y   434.0     1000005

[5 rows x 100 columns]
[2022-06-26 19:25:08,915] {logging_mixin.py:104} INFO - rev_mean        object
mou_mean        object
totmrc_mean     object
da_mean         object
ovrmou_mean     object
                ...   
kid11_15        object
kid16_17        object
creditcd        object
eqpdays        float64
customer_id      int64
Length: 100, dtype: object
[2022-06-26 19:25:08,916] {logging_mixin.py:104} INFO - **************** FLOAT COLUmNS *********************
[2022-06-26 19:25:15,291] {logging_mixin.py:104} INFO -    rev_mean  mou_mean  totmrc_mean  da_mean  ...  avgrev  avgmou  avgqty  hnd_price
0   23.9975    219.25       22.500   0.2475  ...   29.66   83.37   32.69  149.98999
1   57.4925    482.75       37.425   0.2475  ...   51.53  479.40  265.89        NaN
2   16.9900     10.25       16.990   0.0000  ...   34.54  433.98  140.86   29.98999
3   38.0000      7.50       38.000   0.0000  ...   40.45   63.23   30.81   29.98999
4   55.2300    570.50       71.980   0.0000  ...   38.69  249.38   79.50  149.98999

[5 rows x 56 columns]
[2022-06-26 19:25:15,294] {logging_mixin.py:104} INFO - **************** OBJECT COLUmNS *********************
[2022-06-26 19:25:15,726] {logging_mixin.py:104} INFO - ************+***********RESULTS*****************************
[2022-06-26 19:25:15,741] {logging_mixin.py:104} INFO - FLOAT64 (100000, 69)
[2022-06-26 19:25:15,745] {logging_mixin.py:104} INFO - INT64 (100000, 10)
[2022-06-26 19:25:15,747] {logging_mixin.py:104} INFO - STRING (100000, 21)
[2022-06-26 19:25:15,835] {logging_mixin.py:104} INFO -    rev_mean  mou_mean  totmrc_mean  ...  creditcd  eqpdays  customer_id
0   23.9975    219.25       22.500  ...         Y    361.0      1000001
1   57.4925    482.75       37.425  ...         Y    240.0      1000002
2   16.9900     10.25       16.990  ...         Y   1504.0      1000003
3   38.0000      7.50       38.000  ...         Y   1812.0      1000004
4   55.2300    570.50       71.980  ...         Y    434.0      1000005

[5 rows x 100 columns]
[2022-06-26 19:25:30,137] {base.py:74} INFO - Using connection to: id: postgres_conection. Host: host.docker.internal, Port: 5432, Schema: data_company, Login: airflow, Password: XXXXXXXX, extra: None
[2022-06-26 19:25:33,444] {python.py:118} INFO - Done. Returned value was: None
[2022-06-26 19:25:33,457] {taskinstance.py:1166} INFO - Marking task as SUCCESS. dag_id=SDG_Enrique_V0, task_id=readCSV_convertColumns, execution_date=20220626T000000, start_date=20220626T192506, end_date=20220626T192533
[2022-06-26 19:25:33,487] {taskinstance.py:1220} INFO - 1 downstream tasks scheduled from follow-on schedule check
[2022-06-26 19:25:33,543] {local_task_job.py:146} INFO - Task exited with return code 0
