[2022-06-26 17:55:34,996] {taskinstance.py:851} INFO - Dependencies all met for <TaskInstance: SDG_Enrique_V0.readCSV_convertColumns 2022-06-26T00:00:00+00:00 [queued]>
[2022-06-26 17:55:35,010] {taskinstance.py:851} INFO - Dependencies all met for <TaskInstance: SDG_Enrique_V0.readCSV_convertColumns 2022-06-26T00:00:00+00:00 [queued]>
[2022-06-26 17:55:35,011] {taskinstance.py:1042} INFO - 
--------------------------------------------------------------------------------
[2022-06-26 17:55:35,011] {taskinstance.py:1043} INFO - Starting attempt 2 of 2
[2022-06-26 17:55:35,012] {taskinstance.py:1044} INFO - 
--------------------------------------------------------------------------------
[2022-06-26 17:55:35,021] {taskinstance.py:1063} INFO - Executing <Task(PythonOperator): readCSV_convertColumns> on 2022-06-26T00:00:00+00:00
[2022-06-26 17:55:35,027] {standard_task_runner.py:52} INFO - Started process 28640 to run task
[2022-06-26 17:55:35,041] {standard_task_runner.py:76} INFO - Running: ['airflow', 'tasks', 'run', 'SDG_Enrique_V0', 'readCSV_convertColumns', '2022-06-26T00:00:00+00:00', '--job-id', '227', '--pool', 'default_pool', '--raw', '--subdir', 'DAGS_FOLDER/company_forecasting.py', '--cfg-path', '/tmp/tmpvu63k1j_', '--error-file', '/tmp/tmp8z1ay8hz']
[2022-06-26 17:55:35,052] {standard_task_runner.py:77} INFO - Job 227: Subtask readCSV_convertColumns
[2022-06-26 17:55:35,125] {logging_mixin.py:104} INFO - Running <TaskInstance: SDG_Enrique_V0.readCSV_convertColumns 2022-06-26T00:00:00+00:00 [running]> on host 5e8dc4b25004
[2022-06-26 17:55:35,168] {taskinstance.py:1257} INFO - Exporting the following env vars:
AIRFLOW_CTX_DAG_EMAIL=enrique-liebana@outlook.com
AIRFLOW_CTX_DAG_OWNER=Enrique
AIRFLOW_CTX_DAG_ID=SDG_Enrique_V0
AIRFLOW_CTX_TASK_ID=readCSV_convertColumns
AIRFLOW_CTX_EXECUTION_DATE=2022-06-26T00:00:00+00:00
AIRFLOW_CTX_DAG_RUN_ID=manual__2022-06-26T00:00:00+00:00
[2022-06-26 17:55:37,742] {logging_mixin.py:104} WARNING - /home/airflow/.local/lib/python3.6/site-packages/airflow/models/taskinstance.py:1315 DtypeWarning: Columns (56,59) have mixed types.Specify dtype option on import or set low_memory=False.
[2022-06-26 17:55:38,082] {logging_mixin.py:104} INFO -   rev_mean mou_mean totmrc_mean  ... creditcd eqpdays customer_id
0  60,5475    82,75          25  ...        Y    89.0     1000933
1   73,475   625,75          50  ...        Y    52.0     1000934
2  92,4725    611,5       34,99  ...        Y   715.0     1000935
3  81,5575      174       94,99  ...        Y   564.0     1000936
4  47,9075   155,75       40,07  ...        Y    82.0     1000937

[5 rows x 100 columns]
[2022-06-26 17:55:38,085] {logging_mixin.py:104} INFO - rev_mean        object
mou_mean        object
totmrc_mean     object
da_mean         object
ovrmou_mean     object
                ...   
kid11_15        object
kid16_17        object
creditcd        object
eqpdays        float64
customer_id      int64
Length: 100, dtype: object
[2022-06-26 17:55:38,086] {logging_mixin.py:104} INFO - **************** FLOAT COLUmNS *********************
[2022-06-26 17:55:45,872] {logging_mixin.py:104} INFO -    rev_mean  mou_mean  totmrc_mean  da_mean  ...  avgrev  avgmou  avgqty   hnd_price
0   60.5475     82.75        25.00   0.2475  ...   29.51   30.56   17.58  149.989990
1   73.4750    625.75        50.00   1.2375  ...   66.79  522.91  290.42  129.989990
2   92.4725    611.50        34.99   9.9000  ...   70.71  436.31  161.49    9.989998
3   81.5575    174.00        94.99   2.9700  ...   82.38  420.79  212.38   79.989990
4   47.9075    155.75        40.07   0.0000  ...   43.39  133.96   76.22  199.989990

[5 rows x 56 columns]
[2022-06-26 17:55:45,876] {logging_mixin.py:104} INFO - **************** OBJECT COLUmNS *********************
[2022-06-26 17:55:46,421] {logging_mixin.py:104} INFO - ************+***********RESULTS*****************************
[2022-06-26 17:55:46,440] {logging_mixin.py:104} INFO - FLOAT64 (100000, 69)
[2022-06-26 17:55:46,445] {logging_mixin.py:104} INFO - INT64 (100000, 10)
[2022-06-26 17:55:46,450] {logging_mixin.py:104} INFO - STRING (100000, 21)
[2022-06-26 17:55:46,599] {logging_mixin.py:104} INFO -    rev_mean  mou_mean  totmrc_mean  ...  creditcd  eqpdays  customer_id
0   60.5475     82.75        25.00  ...         Y     89.0      1000933
1   73.4750    625.75        50.00  ...         Y     52.0      1000934
2   92.4725    611.50        34.99  ...         Y    715.0      1000935
3   81.5575    174.00        94.99  ...         Y    564.0      1000936
4   47.9075    155.75        40.07  ...         Y     82.0      1000937

[5 rows x 100 columns]
[2022-06-26 17:56:06,286] {base.py:74} INFO - Using connection to: id: postgres_conection. Host: host.docker.internal, Port: 5432, Schema: data_company, Login: airflow, Password: XXXXXXXX, extra: None
[2022-06-26 17:56:10,940] {python.py:118} INFO - Done. Returned value was: None
[2022-06-26 17:56:10,981] {taskinstance.py:1166} INFO - Marking task as SUCCESS. dag_id=SDG_Enrique_V0, task_id=readCSV_convertColumns, execution_date=20220626T000000, start_date=20220626T175534, end_date=20220626T175610
[2022-06-26 17:56:11,070] {taskinstance.py:1220} INFO - 1 downstream tasks scheduled from follow-on schedule check
[2022-06-26 17:56:11,114] {local_task_job.py:146} INFO - Task exited with return code 0
[2022-06-26 19:20:41,696] {taskinstance.py:851} INFO - Dependencies all met for <TaskInstance: SDG_Enrique_V0.readCSV_convertColumns 2022-06-26T00:00:00+00:00 [queued]>
[2022-06-26 19:20:41,706] {taskinstance.py:851} INFO - Dependencies all met for <TaskInstance: SDG_Enrique_V0.readCSV_convertColumns 2022-06-26T00:00:00+00:00 [queued]>
[2022-06-26 19:20:41,707] {taskinstance.py:1042} INFO - 
--------------------------------------------------------------------------------
[2022-06-26 19:20:41,707] {taskinstance.py:1043} INFO - Starting attempt 2 of 2
[2022-06-26 19:20:41,708] {taskinstance.py:1044} INFO - 
--------------------------------------------------------------------------------
[2022-06-26 19:20:41,719] {taskinstance.py:1063} INFO - Executing <Task(PythonOperator): readCSV_convertColumns> on 2022-06-26T00:00:00+00:00
[2022-06-26 19:20:41,725] {standard_task_runner.py:52} INFO - Started process 869 to run task
[2022-06-26 19:20:41,730] {standard_task_runner.py:76} INFO - Running: ['airflow', 'tasks', 'run', 'SDG_Enrique_V0', 'readCSV_convertColumns', '2022-06-26T00:00:00+00:00', '--job-id', '252', '--pool', 'default_pool', '--raw', '--subdir', 'DAGS_FOLDER/company_forecasting.py', '--cfg-path', '/tmp/tmppe9x7ky0', '--error-file', '/tmp/tmptqfp_89_']
[2022-06-26 19:20:41,732] {standard_task_runner.py:77} INFO - Job 252: Subtask readCSV_convertColumns
[2022-06-26 19:20:41,775] {logging_mixin.py:104} INFO - Running <TaskInstance: SDG_Enrique_V0.readCSV_convertColumns 2022-06-26T00:00:00+00:00 [running]> on host 6fc8504e86cf
[2022-06-26 19:20:41,810] {taskinstance.py:1257} INFO - Exporting the following env vars:
AIRFLOW_CTX_DAG_EMAIL=enrique-liebana@outlook.com
AIRFLOW_CTX_DAG_OWNER=Enrique
AIRFLOW_CTX_DAG_ID=SDG_Enrique_V0
AIRFLOW_CTX_TASK_ID=readCSV_convertColumns
AIRFLOW_CTX_EXECUTION_DATE=2022-06-26T00:00:00+00:00
AIRFLOW_CTX_DAG_RUN_ID=manual__2022-06-26T00:00:00+00:00
[2022-06-26 19:20:44,177] {logging_mixin.py:104} WARNING - /home/airflow/.local/lib/python3.6/site-packages/airflow/models/taskinstance.py:1315 DtypeWarning: Columns (46,56,59) have mixed types.Specify dtype option on import or set low_memory=False.
[2022-06-26 19:20:44,459] {logging_mixin.py:104} INFO -   rev_mean mou_mean totmrc_mean  ... creditcd eqpdays customer_id
0  23,9975   219,25        22,5  ...        Y   361.0     1000001
1  57,4925   482,75      37,425  ...        Y   240.0     1000002
2    16,99    10,25       16,99  ...        Y  1504.0     1000003
3       38      7,5          38  ...        Y  1812.0     1000004
4    55,23    570,5       71,98  ...        Y   434.0     1000005

[5 rows x 100 columns]
[2022-06-26 19:20:44,462] {logging_mixin.py:104} INFO - rev_mean        object
mou_mean        object
totmrc_mean     object
da_mean         object
ovrmou_mean     object
                ...   
kid11_15        object
kid16_17        object
creditcd        object
eqpdays        float64
customer_id      int64
Length: 100, dtype: object
[2022-06-26 19:20:44,463] {logging_mixin.py:104} INFO - **************** FLOAT COLUmNS *********************
[2022-06-26 19:20:50,804] {logging_mixin.py:104} INFO -    rev_mean  mou_mean  totmrc_mean  da_mean  ...  avgrev  avgmou  avgqty  hnd_price
0   23.9975    219.25       22.500   0.2475  ...   29.66   83.37   32.69  149.98999
1   57.4925    482.75       37.425   0.2475  ...   51.53  479.40  265.89        NaN
2   16.9900     10.25       16.990   0.0000  ...   34.54  433.98  140.86   29.98999
3   38.0000      7.50       38.000   0.0000  ...   40.45   63.23   30.81   29.98999
4   55.2300    570.50       71.980   0.0000  ...   38.69  249.38   79.50  149.98999

[5 rows x 56 columns]
[2022-06-26 19:20:50,808] {logging_mixin.py:104} INFO - **************** OBJECT COLUmNS *********************
[2022-06-26 19:20:51,252] {logging_mixin.py:104} INFO - ************+***********RESULTS*****************************
[2022-06-26 19:20:51,271] {logging_mixin.py:104} INFO - FLOAT64 (100000, 69)
[2022-06-26 19:20:51,278] {logging_mixin.py:104} INFO - INT64 (100000, 10)
[2022-06-26 19:20:51,281] {logging_mixin.py:104} INFO - STRING (100000, 21)
[2022-06-26 19:20:51,388] {logging_mixin.py:104} INFO -    rev_mean  mou_mean  totmrc_mean  ...  creditcd  eqpdays  customer_id
0   23.9975    219.25       22.500  ...         Y    361.0      1000001
1   57.4925    482.75       37.425  ...         Y    240.0      1000002
2   16.9900     10.25       16.990  ...         Y   1504.0      1000003
3   38.0000      7.50       38.000  ...         Y   1812.0      1000004
4   55.2300    570.50       71.980  ...         Y    434.0      1000005

[5 rows x 100 columns]
[2022-06-26 19:20:51,833] {local_task_job.py:188} WARNING - State of this instance has been externally set to None. Terminating instance.
[2022-06-26 19:20:51,839] {process_utils.py:100} INFO - Sending Signals.SIGTERM to GPID 869
[2022-06-26 19:20:51,840] {taskinstance.py:1239} ERROR - Received SIGTERM. Terminating subprocesses.
[2022-06-26 19:20:51,853] {taskinstance.py:1455} ERROR - Task received SIGTERM signal
Traceback (most recent call last):
  File "/home/airflow/.local/lib/python3.6/site-packages/airflow/models/taskinstance.py", line 1112, in _run_raw_task
    self._prepare_and_execute_task_with_callbacks(context, task)
  File "/home/airflow/.local/lib/python3.6/site-packages/airflow/models/taskinstance.py", line 1285, in _prepare_and_execute_task_with_callbacks
    result = self._execute_task(context, task_copy)
  File "/home/airflow/.local/lib/python3.6/site-packages/airflow/models/taskinstance.py", line 1315, in _execute_task
    result = task_copy.execute(context=context)
  File "/home/airflow/.local/lib/python3.6/site-packages/airflow/operators/python.py", line 117, in execute
    return_value = self.execute_callable()
  File "/home/airflow/.local/lib/python3.6/site-packages/airflow/operators/python.py", line 128, in execute_callable
    return self.python_callable(*self.op_args, **self.op_kwargs)
  File "/opt/airflow/dags/company_forecasting.py", line 99, in read_and_convertColumns
    data_company.to_csv("/processed_data/company_A01.csv",index=False)
  File "/home/airflow/.local/lib/python3.6/site-packages/pandas/core/generic.py", line 3170, in to_csv
    formatter.save()
  File "/home/airflow/.local/lib/python3.6/site-packages/pandas/io/formats/csvs.py", line 206, in save
    self._save()
  File "/home/airflow/.local/lib/python3.6/site-packages/pandas/io/formats/csvs.py", line 328, in _save
    self._save_chunk(start_i, end_i)
  File "/home/airflow/.local/lib/python3.6/site-packages/pandas/io/formats/csvs.py", line 362, in _save_chunk
    libwriters.write_csv_rows(self.data, ix, self.nlevels, self.cols, self.writer)
  File "pandas/_libs/writers.pyx", line 66, in pandas._libs.writers.write_csv_rows
  File "/home/airflow/.local/lib/python3.6/site-packages/airflow/models/taskinstance.py", line 1241, in signal_handler
    raise AirflowException("Task received SIGTERM signal")
airflow.exceptions.AirflowException: Task received SIGTERM signal
[2022-06-26 19:20:51,858] {taskinstance.py:1503} INFO - Marking task as FAILED. dag_id=SDG_Enrique_V0, task_id=readCSV_convertColumns, execution_date=20220626T000000, start_date=20220626T192041, end_date=20220626T192051
[2022-06-26 19:20:51,933] {process_utils.py:66} INFO - Process psutil.Process(pid=869, status='terminated', exitcode=1, started='19:20:41') (869) terminated with exit code 1
[2022-06-26 19:27:10,616] {taskinstance.py:851} INFO - Dependencies all met for <TaskInstance: SDG_Enrique_V0.readCSV_convertColumns 2022-06-26T00:00:00+00:00 [queued]>
[2022-06-26 19:27:10,627] {taskinstance.py:851} INFO - Dependencies all met for <TaskInstance: SDG_Enrique_V0.readCSV_convertColumns 2022-06-26T00:00:00+00:00 [queued]>
[2022-06-26 19:27:10,627] {taskinstance.py:1042} INFO - 
--------------------------------------------------------------------------------
[2022-06-26 19:27:10,628] {taskinstance.py:1043} INFO - Starting attempt 2 of 2
[2022-06-26 19:27:10,629] {taskinstance.py:1044} INFO - 
--------------------------------------------------------------------------------
[2022-06-26 19:27:10,642] {taskinstance.py:1063} INFO - Executing <Task(PythonOperator): readCSV_convertColumns> on 2022-06-26T00:00:00+00:00
[2022-06-26 19:27:10,647] {standard_task_runner.py:52} INFO - Started process 670 to run task
[2022-06-26 19:27:10,651] {standard_task_runner.py:76} INFO - Running: ['airflow', 'tasks', 'run', 'SDG_Enrique_V0', 'readCSV_convertColumns', '2022-06-26T00:00:00+00:00', '--job-id', '293', '--pool', 'default_pool', '--raw', '--subdir', 'DAGS_FOLDER/company_forecasting.py', '--cfg-path', '/tmp/tmpcf3g3pm2', '--error-file', '/tmp/tmpkzttkp5i']
[2022-06-26 19:27:10,653] {standard_task_runner.py:77} INFO - Job 293: Subtask readCSV_convertColumns
[2022-06-26 19:27:10,693] {logging_mixin.py:104} INFO - Running <TaskInstance: SDG_Enrique_V0.readCSV_convertColumns 2022-06-26T00:00:00+00:00 [running]> on host 6fc8504e86cf
[2022-06-26 19:27:10,728] {taskinstance.py:1257} INFO - Exporting the following env vars:
AIRFLOW_CTX_DAG_EMAIL=enrique-liebana@outlook.com
AIRFLOW_CTX_DAG_OWNER=Enrique
AIRFLOW_CTX_DAG_ID=SDG_Enrique_V0
AIRFLOW_CTX_TASK_ID=readCSV_convertColumns
AIRFLOW_CTX_EXECUTION_DATE=2022-06-26T00:00:00+00:00
AIRFLOW_CTX_DAG_RUN_ID=manual__2022-06-26T00:00:00+00:00
[2022-06-26 19:27:13,041] {logging_mixin.py:104} WARNING - /home/airflow/.local/lib/python3.6/site-packages/airflow/models/taskinstance.py:1315 DtypeWarning: Columns (46,56,59) have mixed types.Specify dtype option on import or set low_memory=False.
[2022-06-26 19:27:13,335] {logging_mixin.py:104} INFO -   rev_mean mou_mean totmrc_mean  ... creditcd eqpdays customer_id
0  23,9975   219,25        22,5  ...        Y   361.0     1000001
1  57,4925   482,75      37,425  ...        Y   240.0     1000002
2    16,99    10,25       16,99  ...        Y  1504.0     1000003
3       38      7,5          38  ...        Y  1812.0     1000004
4    55,23    570,5       71,98  ...        Y   434.0     1000005

[5 rows x 100 columns]
[2022-06-26 19:27:13,338] {logging_mixin.py:104} INFO - rev_mean        object
mou_mean        object
totmrc_mean     object
da_mean         object
ovrmou_mean     object
                ...   
kid11_15        object
kid16_17        object
creditcd        object
eqpdays        float64
customer_id      int64
Length: 100, dtype: object
[2022-06-26 19:27:13,338] {logging_mixin.py:104} INFO - **************** FLOAT COLUmNS *********************
[2022-06-26 19:27:19,553] {logging_mixin.py:104} INFO -    rev_mean  mou_mean  totmrc_mean  da_mean  ...  avgrev  avgmou  avgqty  hnd_price
0   23.9975    219.25       22.500   0.2475  ...   29.66   83.37   32.69  149.98999
1   57.4925    482.75       37.425   0.2475  ...   51.53  479.40  265.89        NaN
2   16.9900     10.25       16.990   0.0000  ...   34.54  433.98  140.86   29.98999
3   38.0000      7.50       38.000   0.0000  ...   40.45   63.23   30.81   29.98999
4   55.2300    570.50       71.980   0.0000  ...   38.69  249.38   79.50  149.98999

[5 rows x 56 columns]
[2022-06-26 19:27:19,557] {logging_mixin.py:104} INFO - **************** OBJECT COLUmNS *********************
[2022-06-26 19:27:19,979] {logging_mixin.py:104} INFO - ************+***********RESULTS*****************************
[2022-06-26 19:27:19,995] {logging_mixin.py:104} INFO - FLOAT64 (100000, 69)
[2022-06-26 19:27:19,998] {logging_mixin.py:104} INFO - INT64 (100000, 10)
[2022-06-26 19:27:20,000] {logging_mixin.py:104} INFO - STRING (100000, 21)
[2022-06-26 19:27:20,089] {logging_mixin.py:104} INFO -    rev_mean  mou_mean  totmrc_mean  ...  creditcd  eqpdays  customer_id
0   23.9975    219.25       22.500  ...         Y    361.0      1000001
1   57.4925    482.75       37.425  ...         Y    240.0      1000002
2   16.9900     10.25       16.990  ...         Y   1504.0      1000003
3   38.0000      7.50       38.000  ...         Y   1812.0      1000004
4   55.2300    570.50       71.980  ...         Y    434.0      1000005

[5 rows x 100 columns]
[2022-06-26 19:27:30,795] {local_task_job.py:188} WARNING - State of this instance has been externally set to shutdown. Terminating instance.
[2022-06-26 19:27:30,800] {process_utils.py:100} INFO - Sending Signals.SIGTERM to GPID 670
[2022-06-26 19:27:30,802] {taskinstance.py:1239} ERROR - Received SIGTERM. Terminating subprocesses.
[2022-06-26 19:27:30,814] {taskinstance.py:1455} ERROR - Task received SIGTERM signal
Traceback (most recent call last):
  File "/home/airflow/.local/lib/python3.6/site-packages/airflow/models/taskinstance.py", line 1112, in _run_raw_task
    self._prepare_and_execute_task_with_callbacks(context, task)
  File "/home/airflow/.local/lib/python3.6/site-packages/airflow/models/taskinstance.py", line 1285, in _prepare_and_execute_task_with_callbacks
    result = self._execute_task(context, task_copy)
  File "/home/airflow/.local/lib/python3.6/site-packages/airflow/models/taskinstance.py", line 1315, in _execute_task
    result = task_copy.execute(context=context)
  File "/home/airflow/.local/lib/python3.6/site-packages/airflow/operators/python.py", line 117, in execute
    return_value = self.execute_callable()
  File "/home/airflow/.local/lib/python3.6/site-packages/airflow/operators/python.py", line 128, in execute_callable
    return self.python_callable(*self.op_args, **self.op_kwargs)
  File "/opt/airflow/dags/company_forecasting.py", line 99, in read_and_convertColumns
    data_company.to_csv("/processed_data/company_A01.csv",index=False)
  File "/home/airflow/.local/lib/python3.6/site-packages/pandas/core/generic.py", line 3170, in to_csv
    formatter.save()
  File "/home/airflow/.local/lib/python3.6/site-packages/pandas/io/formats/csvs.py", line 206, in save
    self._save()
  File "/home/airflow/.local/lib/python3.6/site-packages/pandas/io/formats/csvs.py", line 328, in _save
    self._save_chunk(start_i, end_i)
  File "/home/airflow/.local/lib/python3.6/site-packages/pandas/io/formats/csvs.py", line 362, in _save_chunk
    libwriters.write_csv_rows(self.data, ix, self.nlevels, self.cols, self.writer)
  File "pandas/_libs/writers.pyx", line 66, in pandas._libs.writers.write_csv_rows
  File "/home/airflow/.local/lib/python3.6/site-packages/airflow/models/taskinstance.py", line 1241, in signal_handler
    raise AirflowException("Task received SIGTERM signal")
airflow.exceptions.AirflowException: Task received SIGTERM signal
[2022-06-26 19:27:30,821] {taskinstance.py:1503} INFO - Marking task as FAILED. dag_id=SDG_Enrique_V0, task_id=readCSV_convertColumns, execution_date=20220626T000000, start_date=20220626T192710, end_date=20220626T192730
[2022-06-26 19:27:30,895] {process_utils.py:66} INFO - Process psutil.Process(pid=670, status='terminated', exitcode=1, started='19:27:10') (670) terminated with exit code 1
