[2022-06-25 17:58:21,331] {taskinstance.py:851} INFO - Dependencies all met for <TaskInstance: SDG_Enrique_V0.postgreSQL_getTable 2022-06-25T17:58:19.771608+00:00 [queued]>
[2022-06-25 17:58:21,346] {taskinstance.py:851} INFO - Dependencies all met for <TaskInstance: SDG_Enrique_V0.postgreSQL_getTable 2022-06-25T17:58:19.771608+00:00 [queued]>
[2022-06-25 17:58:21,346] {taskinstance.py:1042} INFO - 
--------------------------------------------------------------------------------
[2022-06-25 17:58:21,347] {taskinstance.py:1043} INFO - Starting attempt 1 of 1
[2022-06-25 17:58:21,347] {taskinstance.py:1044} INFO - 
--------------------------------------------------------------------------------
[2022-06-25 17:58:21,355] {taskinstance.py:1063} INFO - Executing <Task(PythonOperator): postgreSQL_getTable> on 2022-06-25T17:58:19.771608+00:00
[2022-06-25 17:58:21,361] {standard_task_runner.py:52} INFO - Started process 545 to run task
[2022-06-25 17:58:21,365] {standard_task_runner.py:76} INFO - Running: ['airflow', 'tasks', 'run', 'SDG_Enrique_V0', 'postgreSQL_getTable', '2022-06-25T17:58:19.771608+00:00', '--job-id', '97', '--pool', 'default_pool', '--raw', '--subdir', 'DAGS_FOLDER/company_forecasting.py', '--cfg-path', '/tmp/tmp4i_vq390', '--error-file', '/tmp/tmpysbd50xx']
[2022-06-25 17:58:21,368] {standard_task_runner.py:77} INFO - Job 97: Subtask postgreSQL_getTable
[2022-06-25 17:58:21,411] {logging_mixin.py:104} INFO - Running <TaskInstance: SDG_Enrique_V0.postgreSQL_getTable 2022-06-25T17:58:19.771608+00:00 [running]> on host 9ed5e21ae5e4
[2022-06-25 17:58:21,448] {taskinstance.py:1257} INFO - Exporting the following env vars:
AIRFLOW_CTX_DAG_EMAIL=enrique-liebana@outlook.com
AIRFLOW_CTX_DAG_OWNER=Enrique
AIRFLOW_CTX_DAG_ID=SDG_Enrique_V0
AIRFLOW_CTX_TASK_ID=postgreSQL_getTable
AIRFLOW_CTX_EXECUTION_DATE=2022-06-25T17:58:19.771608+00:00
AIRFLOW_CTX_DAG_RUN_ID=manual__2022-06-25T17:58:19.771608+00:00
[2022-06-25 17:58:21,458] {base.py:74} INFO - Using connection to: id: postgres_conection. Host: host.docker.internal, Port: 5432, Schema: data_company, Login: airflow, Password: XXXXXXXX, extra: None
[2022-06-25 17:58:31,934] {company_forecasting.py:56} INFO - Backup Company data in : /raw_data/company.csv
[2022-06-25 17:58:31,935] {python.py:118} INFO - Done. Returned value was: None
[2022-06-25 17:58:31,946] {taskinstance.py:1166} INFO - Marking task as SUCCESS. dag_id=SDG_Enrique_V0, task_id=postgreSQL_getTable, execution_date=20220625T175819, start_date=20220625T175821, end_date=20220625T175831
[2022-06-25 17:58:31,972] {taskinstance.py:1220} INFO - 1 downstream tasks scheduled from follow-on schedule check
[2022-06-25 17:58:32,009] {local_task_job.py:146} INFO - Task exited with return code 0
