[2022-06-29 20:59:42,091] {taskinstance.py:851} INFO - Dependencies all met for <TaskInstance: SDG_Enrique_V0.readCSV_convertColumns 2022-06-29T20:58:58.141241+00:00 [queued]>
[2022-06-29 20:59:42,126] {taskinstance.py:851} INFO - Dependencies all met for <TaskInstance: SDG_Enrique_V0.readCSV_convertColumns 2022-06-29T20:58:58.141241+00:00 [queued]>
[2022-06-29 20:59:42,128] {taskinstance.py:1042} INFO - 
--------------------------------------------------------------------------------
[2022-06-29 20:59:42,128] {taskinstance.py:1043} INFO - Starting attempt 1 of 1
[2022-06-29 20:59:42,130] {taskinstance.py:1044} INFO - 
--------------------------------------------------------------------------------
[2022-06-29 20:59:42,153] {taskinstance.py:1063} INFO - Executing <Task(PythonOperator): readCSV_convertColumns> on 2022-06-29T20:58:58.141241+00:00
[2022-06-29 20:59:42,165] {standard_task_runner.py:52} INFO - Started process 339 to run task
[2022-06-29 20:59:42,173] {standard_task_runner.py:76} INFO - Running: ['airflow', 'tasks', 'run', 'SDG_Enrique_V0', 'readCSV_convertColumns', '2022-06-29T20:58:58.141241+00:00', '--job-id', '1389', '--pool', 'default_pool', '--raw', '--subdir', 'DAGS_FOLDER/company_forecasting.py', '--cfg-path', '/tmp/tmpishrk3b2', '--error-file', '/tmp/tmp4cx73ikx']
[2022-06-29 20:59:42,179] {standard_task_runner.py:77} INFO - Job 1389: Subtask readCSV_convertColumns
[2022-06-29 20:59:42,297] {logging_mixin.py:104} INFO - Running <TaskInstance: SDG_Enrique_V0.readCSV_convertColumns 2022-06-29T20:58:58.141241+00:00 [running]> on host 1ff8f57a8cbf
[2022-06-29 20:59:42,389] {taskinstance.py:1257} INFO - Exporting the following env vars:
AIRFLOW_CTX_DAG_EMAIL=enrique-liebana@outlook.com
AIRFLOW_CTX_DAG_OWNER=Enrique Liebana Peña
AIRFLOW_CTX_DAG_ID=SDG_Enrique_V0
AIRFLOW_CTX_TASK_ID=readCSV_convertColumns
AIRFLOW_CTX_EXECUTION_DATE=2022-06-29T20:58:58.141241+00:00
AIRFLOW_CTX_DAG_RUN_ID=manual__2022-06-29T20:58:58.141241+00:00
[2022-06-29 20:59:48,186] {logging_mixin.py:104} WARNING - /home/airflow/.local/lib/python3.6/site-packages/airflow/models/taskinstance.py:1315 DtypeWarning: Columns (56,59) have mixed types.Specify dtype option on import or set low_memory=False.
[2022-06-29 20:59:48,778] {logging_mixin.py:104} INFO -    rev_mean mou_mean totmrc_mean  ... creditcd eqpdays customer_id
0  116,2625  2179,25     74,9925  ...        N    -2.0     1010044
1    16,305        8      16,305  ...        N   978.0     1010045
2    54,145    545,5       59,99  ...        Y   932.0     1010046
3    51,605   402,75     67,2925  ...        Y   599.0     1010047
4    53,325   435,75          50  ...        Y   772.0     1010048

[5 rows x 100 columns]
[2022-06-29 20:59:48,782] {logging_mixin.py:104} INFO - rev_mean        object
mou_mean        object
totmrc_mean     object
da_mean         object
ovrmou_mean     object
                ...   
kid11_15        object
kid16_17        object
creditcd        object
eqpdays        float64
customer_id      int64
Length: 100, dtype: object
[2022-06-29 20:59:48,783] {logging_mixin.py:104} INFO - **************** FLOAT COLUmNS *********************
[2022-06-29 21:00:01,254] {logging_mixin.py:104} INFO -    rev_mean  mou_mean  totmrc_mean  da_mean  ...  avgrev   avgmou  avgqty  hnd_price
0  116.2625   2179.25      74.9925   5.4450  ...   89.71  1465.85  688.42  199.98999
1   16.3050      8.00      16.3050   0.0000  ...   18.78     7.19    2.55   29.98999
2   54.1450    545.50      59.9900   1.9800  ...   76.69   634.10  230.03   29.98999
3   51.6050    402.75      67.2925   0.7425  ...   62.85   580.82  188.06   79.98999
4   53.3250    435.75      50.0000   0.0000  ...   53.94   421.66   82.45   29.98999

[5 rows x 56 columns]
[2022-06-29 21:00:01,255] {logging_mixin.py:104} INFO - **************** OBJECT COLUmNS *********************
[2022-06-29 21:00:02,372] {logging_mixin.py:104} INFO - ************+***********RESULTS*****************************
[2022-06-29 21:00:02,388] {logging_mixin.py:104} INFO - FLOAT64 (100000, 69)
[2022-06-29 21:00:02,398] {logging_mixin.py:104} INFO - INT64 (100000, 10)
[2022-06-29 21:00:02,405] {logging_mixin.py:104} INFO - STRING (100000, 21)
[2022-06-29 21:00:02,788] {logging_mixin.py:104} INFO -    rev_mean  mou_mean  totmrc_mean  ...  creditcd  eqpdays  customer_id
0  116.2625   2179.25      74.9925  ...         N     -2.0      1010044
1   16.3050      8.00      16.3050  ...         N    978.0      1010045
2   54.1450    545.50      59.9900  ...         Y    932.0      1010046
3   51.6050    402.75      67.2925  ...         Y    599.0      1010047
4   53.3250    435.75      50.0000  ...         Y    772.0      1010048

[5 rows x 100 columns]
[2022-06-29 21:00:28,354] {base.py:74} INFO - Using connection to: id: postgres_conection. Host: host.docker.internal, Port: 5432, Schema: data_company, Login: airflow, Password: XXXXXXXX, extra: None
[2022-06-29 21:00:35,525] {python.py:118} INFO - Done. Returned value was: None
[2022-06-29 21:00:35,542] {taskinstance.py:1166} INFO - Marking task as SUCCESS. dag_id=SDG_Enrique_V0, task_id=readCSV_convertColumns, execution_date=20220629T205858, start_date=20220629T205942, end_date=20220629T210035
[2022-06-29 21:00:35,598] {taskinstance.py:1220} INFO - 1 downstream tasks scheduled from follow-on schedule check
[2022-06-29 21:00:35,688] {local_task_job.py:146} INFO - Task exited with return code 0
