[2022-06-27 17:34:39,462] {taskinstance.py:851} INFO - Dependencies all met for <TaskInstance: trigger_dag.gridSearchLR 2022-06-27T17:34:37.557225+00:00 [queued]>
[2022-06-27 17:34:39,478] {taskinstance.py:851} INFO - Dependencies all met for <TaskInstance: trigger_dag.gridSearchLR 2022-06-27T17:34:37.557225+00:00 [queued]>
[2022-06-27 17:34:39,479] {taskinstance.py:1042} INFO - 
--------------------------------------------------------------------------------
[2022-06-27 17:34:39,479] {taskinstance.py:1043} INFO - Starting attempt 1 of 1
[2022-06-27 17:34:39,480] {taskinstance.py:1044} INFO - 
--------------------------------------------------------------------------------
[2022-06-27 17:34:39,487] {taskinstance.py:1063} INFO - Executing <Task(PythonOperator): gridSearchLR> on 2022-06-27T17:34:37.557225+00:00
[2022-06-27 17:34:39,492] {standard_task_runner.py:52} INFO - Started process 347 to run task
[2022-06-27 17:34:39,496] {standard_task_runner.py:76} INFO - Running: ['airflow', 'tasks', 'run', 'trigger_dag', 'gridSearchLR', '2022-06-27T17:34:37.557225+00:00', '--job-id', '1186', '--pool', 'default_pool', '--raw', '--subdir', 'DAGS_FOLDER/trigger_dag.py', '--cfg-path', '/tmp/tmpvivn16sf', '--error-file', '/tmp/tmpjtqe1anx']
[2022-06-27 17:34:39,499] {standard_task_runner.py:77} INFO - Job 1186: Subtask gridSearchLR
[2022-06-27 17:34:39,541] {logging_mixin.py:104} INFO - Running <TaskInstance: trigger_dag.gridSearchLR 2022-06-27T17:34:37.557225+00:00 [running]> on host 11209c6f2bef
[2022-06-27 17:34:39,590] {taskinstance.py:1257} INFO - Exporting the following env vars:
AIRFLOW_CTX_DAG_OWNER=airflow
AIRFLOW_CTX_DAG_ID=trigger_dag
AIRFLOW_CTX_TASK_ID=gridSearchLR
AIRFLOW_CTX_EXECUTION_DATE=2022-06-27T17:34:37.557225+00:00
AIRFLOW_CTX_DAG_RUN_ID=manual__2022-06-27T17:34:37.557225+00:00
[2022-06-27 17:34:39,611] {logging_mixin.py:104} INFO - Name: mLflow Classification_22
[2022-06-27 17:34:39,612] {logging_mixin.py:104} INFO - Experiment_id: 1
[2022-06-27 17:34:39,612] {logging_mixin.py:104} INFO - Artifact Location: ./mlruns/1
[2022-06-27 17:34:39,613] {logging_mixin.py:104} INFO - Tags: {}
[2022-06-27 17:34:39,614] {logging_mixin.py:104} INFO - Lifecycle_stage: active
[2022-06-27 17:34:39,614] {logging_mixin.py:104} INFO - Name: mLflow Classification_22
[2022-06-27 17:34:39,615] {logging_mixin.py:104} INFO - Experiment_id: 1
[2022-06-27 17:34:39,615] {logging_mixin.py:104} INFO - Artifact Location: ./mlruns/1
[2022-06-27 17:34:39,616] {logging_mixin.py:104} INFO - Tags: {}
[2022-06-27 17:34:39,616] {logging_mixin.py:104} INFO - Lifecycle_stage: active
[2022-06-27 17:34:43,569] {logging_mixin.py:104} WARNING - 2022/06/27 17:34:43 WARNING mlflow.tracking.context.git_context: Failed to import Git (the Git executable is probably not on your PATH), so Git SHA is not available. Error: Failed to initialize: Bad git executable.
The git executable must be specified in one of the following ways:
    - be included in your $PATH
    - be set via $GIT_PYTHON_GIT_EXECUTABLE
    - explicitly set via git.refresh()

All git commands will error until this is rectified.

This initial warning can be silenced or aggravated in the future by setting the
$GIT_PYTHON_REFRESH environment variable. Use one of the following values:
    - quiet|q|silence|s|none|n|0: for no warning or exception
    - warn|w|warning|1: for a printed warning
    - error|e|raise|r|2: for a raised exception

Example:
    export GIT_PYTHON_REFRESH=quiet
[2022-06-27 17:34:43,569] {logging_mixin.py:104} WARNING - 
[2022-06-27 17:34:43,742] {logging_mixin.py:104} INFO - newton-cg 0.0001
[2022-06-27 17:34:50,384] {logging_mixin.py:104} INFO - newton-cg 0.001
[2022-06-27 17:34:55,413] {logging_mixin.py:104} INFO - newton-cg 0.01
[2022-06-27 17:35:01,099] {logging_mixin.py:104} INFO - newton-cg 0.1
[2022-06-27 17:35:06,425] {logging_mixin.py:104} INFO - newton-cg 1
[2022-06-27 17:35:12,300] {logging_mixin.py:104} INFO - newton-cg 10
[2022-06-27 17:35:21,219] {logging_mixin.py:104} INFO - newton-cg 100
[2022-06-27 17:35:32,623] {logging_mixin.py:104} INFO - newton-cg 1000
[2022-06-27 17:35:40,275] {logging_mixin.py:104} INFO - newton-cg 10000
[2022-06-27 17:35:47,248] {logging_mixin.py:104} INFO - lbfgs 0.0001
[2022-06-27 17:35:50,740] {logging_mixin.py:104} INFO - lbfgs 0.001
[2022-06-27 17:35:54,436] {logging_mixin.py:104} INFO - lbfgs 0.01
[2022-06-27 17:35:58,377] {logging_mixin.py:104} INFO - lbfgs 0.1
[2022-06-27 17:36:02,999] {logging_mixin.py:104} INFO - lbfgs 1
[2022-06-27 17:36:06,851] {logging_mixin.py:104} INFO - lbfgs 10
[2022-06-27 17:36:10,439] {logging_mixin.py:104} INFO - lbfgs 100
[2022-06-27 17:36:14,177] {logging_mixin.py:104} INFO - lbfgs 1000
[2022-06-27 17:36:18,350] {logging_mixin.py:104} INFO - lbfgs 10000
[2022-06-27 17:36:23,029] {logging_mixin.py:104} INFO - liblinear 0.0001
[2022-06-27 17:36:27,054] {logging_mixin.py:104} INFO - liblinear 0.001
[2022-06-27 17:36:31,034] {logging_mixin.py:104} INFO - liblinear 0.01
[2022-06-27 17:36:36,022] {logging_mixin.py:104} INFO - liblinear 0.1
[2022-06-27 17:36:41,860] {logging_mixin.py:104} INFO - liblinear 1
[2022-06-27 17:36:47,696] {logging_mixin.py:104} INFO - liblinear 10
[2022-06-27 17:36:54,484] {logging_mixin.py:104} INFO - liblinear 100
[2022-06-27 17:37:01,073] {logging_mixin.py:104} INFO - liblinear 1000
[2022-06-27 17:37:07,212] {logging_mixin.py:104} INFO - liblinear 10000
[2022-06-27 17:37:13,362] {logging_mixin.py:104} INFO - sag 0.0001
[2022-06-27 17:37:17,221] {logging_mixin.py:104} INFO - sag 0.001
[2022-06-27 17:37:27,452] {logging_mixin.py:104} INFO - sag 0.01
[2022-06-27 17:37:49,007] {logging_mixin.py:104} INFO - sag 0.1
[2022-06-27 17:38:15,935] {logging_mixin.py:104} INFO - sag 1
[2022-06-27 17:38:40,695] {logging_mixin.py:104} INFO - sag 10
