[2022-06-25 21:28:56,080] {taskinstance.py:851} INFO - Dependencies all met for <TaskInstance: SDG_Enrique_V0.postgreSQL_getTable 2022-06-25T21:28:54.574329+00:00 [queued]>
[2022-06-25 21:28:56,124] {taskinstance.py:851} INFO - Dependencies all met for <TaskInstance: SDG_Enrique_V0.postgreSQL_getTable 2022-06-25T21:28:54.574329+00:00 [queued]>
[2022-06-25 21:28:56,125] {taskinstance.py:1042} INFO - 
--------------------------------------------------------------------------------
[2022-06-25 21:28:56,127] {taskinstance.py:1043} INFO - Starting attempt 1 of 1
[2022-06-25 21:28:56,129] {taskinstance.py:1044} INFO - 
--------------------------------------------------------------------------------
[2022-06-25 21:28:56,144] {taskinstance.py:1063} INFO - Executing <Task(PythonOperator): postgreSQL_getTable> on 2022-06-25T21:28:54.574329+00:00
[2022-06-25 21:28:56,153] {standard_task_runner.py:52} INFO - Started process 5837 to run task
[2022-06-25 21:28:56,158] {standard_task_runner.py:76} INFO - Running: ['airflow', 'tasks', 'run', 'SDG_Enrique_V0', 'postgreSQL_getTable', '2022-06-25T21:28:54.574329+00:00', '--job-id', '168', '--pool', 'default_pool', '--raw', '--subdir', 'DAGS_FOLDER/company_forecasting.py', '--cfg-path', '/tmp/tmpbcf9rvl3', '--error-file', '/tmp/tmpdjfxan23']
[2022-06-25 21:28:56,161] {standard_task_runner.py:77} INFO - Job 168: Subtask postgreSQL_getTable
[2022-06-25 21:28:56,205] {logging_mixin.py:104} INFO - Running <TaskInstance: SDG_Enrique_V0.postgreSQL_getTable 2022-06-25T21:28:54.574329+00:00 [running]> on host 5e8dc4b25004
[2022-06-25 21:28:56,244] {taskinstance.py:1257} INFO - Exporting the following env vars:
AIRFLOW_CTX_DAG_EMAIL=enrique-liebana@outlook.com
AIRFLOW_CTX_DAG_OWNER=Enrique
AIRFLOW_CTX_DAG_ID=SDG_Enrique_V0
AIRFLOW_CTX_TASK_ID=postgreSQL_getTable
AIRFLOW_CTX_EXECUTION_DATE=2022-06-25T21:28:54.574329+00:00
AIRFLOW_CTX_DAG_RUN_ID=manual__2022-06-25T21:28:54.574329+00:00
[2022-06-25 21:28:56,254] {base.py:74} INFO - Using connection to: id: postgres_conection. Host: host.docker.internal, Port: 5432, Schema: data_company, Login: airflow, Password: XXXXXXXX, extra: None
[2022-06-25 21:29:05,848] {company_forecasting.py:82} INFO - Backup Company data in : /raw_data/company.csv
[2022-06-25 21:29:05,850] {python.py:118} INFO - Done. Returned value was: None
[2022-06-25 21:29:05,861] {taskinstance.py:1166} INFO - Marking task as SUCCESS. dag_id=SDG_Enrique_V0, task_id=postgreSQL_getTable, execution_date=20220625T212854, start_date=20220625T212856, end_date=20220625T212905
[2022-06-25 21:29:05,891] {taskinstance.py:1220} INFO - 1 downstream tasks scheduled from follow-on schedule check
[2022-06-25 21:29:05,945] {local_task_job.py:146} INFO - Task exited with return code 0
