[2022-07-01 10:29:38,163] {taskinstance.py:851} INFO - Dependencies all met for <TaskInstance: Company_Predict.load_Model 2022-07-01T10:29:36.446771+00:00 [queued]>
[2022-07-01 10:29:38,181] {taskinstance.py:851} INFO - Dependencies all met for <TaskInstance: Company_Predict.load_Model 2022-07-01T10:29:36.446771+00:00 [queued]>
[2022-07-01 10:29:38,182] {taskinstance.py:1042} INFO - 
--------------------------------------------------------------------------------
[2022-07-01 10:29:38,183] {taskinstance.py:1043} INFO - Starting attempt 1 of 1
[2022-07-01 10:29:38,183] {taskinstance.py:1044} INFO - 
--------------------------------------------------------------------------------
[2022-07-01 10:29:38,191] {taskinstance.py:1063} INFO - Executing <Task(PythonOperator): load_Model> on 2022-07-01T10:29:36.446771+00:00
[2022-07-01 10:29:38,197] {standard_task_runner.py:52} INFO - Started process 14373 to run task
[2022-07-01 10:29:38,202] {standard_task_runner.py:76} INFO - Running: ['airflow', 'tasks', 'run', 'Company_Predict', 'load_Model', '2022-07-01T10:29:36.446771+00:00', '--job-id', '1553', '--pool', 'default_pool', '--raw', '--subdir', 'DAGS_FOLDER/company_predict.py', '--cfg-path', '/tmp/tmpblukbmyv', '--error-file', '/tmp/tmp_15_mk9c']
[2022-07-01 10:29:38,205] {standard_task_runner.py:77} INFO - Job 1553: Subtask load_Model
[2022-07-01 10:29:38,247] {logging_mixin.py:104} INFO - Running <TaskInstance: Company_Predict.load_Model 2022-07-01T10:29:36.446771+00:00 [running]> on host 14dddcffc0ea
[2022-07-01 10:29:38,286] {taskinstance.py:1257} INFO - Exporting the following env vars:
AIRFLOW_CTX_DAG_EMAIL=enrique-liebana@outlook.com
AIRFLOW_CTX_DAG_OWNER=Enrique Liebana Peña
AIRFLOW_CTX_DAG_ID=Company_Predict
AIRFLOW_CTX_TASK_ID=load_Model
AIRFLOW_CTX_EXECUTION_DATE=2022-07-01T10:29:36.446771+00:00
AIRFLOW_CTX_DAG_RUN_ID=manual__2022-07-01T10:29:36.446771+00:00
[2022-07-01 10:29:45,151] {logging_mixin.py:104} INFO - [10:29:45] WARNING: ../src/learner.cc:1115: Starting in XGBoost 1.3.0, the default evaluation metric used with the objective 'binary:logistic' was changed from 'error' to 'logloss'. Explicitly set eval_metric if you'd like to restore the old behavior.
[2022-07-01 10:30:03,120] {logging_mixin.py:104} INFO - XGBOOST        | ROC-AUC score = 0.689 | Accuracy = 0.634
[2022-07-01 10:30:03,164] {logging_mixin.py:104} INFO - 0.63435
[2022-07-01 10:30:03,196] {python.py:118} INFO - Done. Returned value was: None
[2022-07-01 10:30:03,210] {taskinstance.py:1166} INFO - Marking task as SUCCESS. dag_id=Company_Predict, task_id=load_Model, execution_date=20220701T102936, start_date=20220701T102938, end_date=20220701T103003
[2022-07-01 10:30:03,237] {taskinstance.py:1220} INFO - 0 downstream tasks scheduled from follow-on schedule check
[2022-07-01 10:30:03,304] {local_task_job.py:146} INFO - Task exited with return code 0
