[2022-06-25 17:04:32,152] {taskinstance.py:851} INFO - Dependencies all met for <TaskInstance: SDG_Enrique_V0.postgreSQL_getTable 2022-06-25T17:04:21.922495+00:00 [queued]>
[2022-06-25 17:04:32,184] {taskinstance.py:851} INFO - Dependencies all met for <TaskInstance: SDG_Enrique_V0.postgreSQL_getTable 2022-06-25T17:04:21.922495+00:00 [queued]>
[2022-06-25 17:04:32,185] {taskinstance.py:1042} INFO - 
--------------------------------------------------------------------------------
[2022-06-25 17:04:32,186] {taskinstance.py:1043} INFO - Starting attempt 1 of 1
[2022-06-25 17:04:32,187] {taskinstance.py:1044} INFO - 
--------------------------------------------------------------------------------
[2022-06-25 17:04:32,196] {taskinstance.py:1063} INFO - Executing <Task(PythonOperator): postgreSQL_getTable> on 2022-06-25T17:04:21.922495+00:00
[2022-06-25 17:04:32,204] {standard_task_runner.py:52} INFO - Started process 1991 to run task
[2022-06-25 17:04:32,217] {standard_task_runner.py:76} INFO - Running: ['airflow', 'tasks', 'run', 'SDG_Enrique_V0', 'postgreSQL_getTable', '2022-06-25T17:04:21.922495+00:00', '--job-id', '18', '--pool', 'default_pool', '--raw', '--subdir', 'DAGS_FOLDER/company_forecasting.py', '--cfg-path', '/tmp/tmpbdb1540h', '--error-file', '/tmp/tmp3fvirqdb']
[2022-06-25 17:04:32,220] {standard_task_runner.py:77} INFO - Job 18: Subtask postgreSQL_getTable
[2022-06-25 17:04:32,394] {logging_mixin.py:104} INFO - Running <TaskInstance: SDG_Enrique_V0.postgreSQL_getTable 2022-06-25T17:04:21.922495+00:00 [running]> on host 7ba8bbebd0a2
[2022-06-25 17:04:32,483] {taskinstance.py:1257} INFO - Exporting the following env vars:
AIRFLOW_CTX_DAG_EMAIL=enrique-liebana@outlook.com
AIRFLOW_CTX_DAG_OWNER=Enrique
AIRFLOW_CTX_DAG_ID=SDG_Enrique_V0
AIRFLOW_CTX_TASK_ID=postgreSQL_getTable
AIRFLOW_CTX_EXECUTION_DATE=2022-06-25T17:04:21.922495+00:00
AIRFLOW_CTX_DAG_RUN_ID=manual__2022-06-25T17:04:21.922495+00:00
[2022-06-25 17:04:32,511] {taskinstance.py:1455} ERROR - The conn_id `postgres_conection` isn't defined
Traceback (most recent call last):
  File "/home/airflow/.local/lib/python3.6/site-packages/airflow/models/taskinstance.py", line 1112, in _run_raw_task
    self._prepare_and_execute_task_with_callbacks(context, task)
  File "/home/airflow/.local/lib/python3.6/site-packages/airflow/models/taskinstance.py", line 1285, in _prepare_and_execute_task_with_callbacks
    result = self._execute_task(context, task_copy)
  File "/home/airflow/.local/lib/python3.6/site-packages/airflow/models/taskinstance.py", line 1315, in _execute_task
    result = task_copy.execute(context=context)
  File "/home/airflow/.local/lib/python3.6/site-packages/airflow/operators/python.py", line 117, in execute
    return_value = self.execute_callable()
  File "/home/airflow/.local/lib/python3.6/site-packages/airflow/operators/python.py", line 128, in execute_callable
    return self.python_callable(*self.op_args, **self.op_kwargs)
  File "/opt/airflow/dags/company_forecasting.py", line 45, in postgreSQL_getTable
    conn = hook.get_conn()
  File "/home/airflow/.local/lib/python3.6/site-packages/airflow/providers/postgres/hooks/postgres.py", line 83, in get_conn
    conn = self.connection or self.get_connection(conn_id)
  File "/home/airflow/.local/lib/python3.6/site-packages/airflow/hooks/base.py", line 63, in get_connection
    conn = Connection.get_connection_from_secrets(conn_id)
  File "/home/airflow/.local/lib/python3.6/site-packages/airflow/models/connection.py", line 354, in get_connection_from_secrets
    raise AirflowNotFoundException(f"The conn_id `{conn_id}` isn't defined")
airflow.exceptions.AirflowNotFoundException: The conn_id `postgres_conection` isn't defined
[2022-06-25 17:04:32,527] {taskinstance.py:1503} INFO - Marking task as FAILED. dag_id=SDG_Enrique_V0, task_id=postgreSQL_getTable, execution_date=20220625T170421, start_date=20220625T170432, end_date=20220625T170432
[2022-06-25 17:04:32,639] {local_task_job.py:146} INFO - Task exited with return code 1
