[2022-07-01 07:49:23,421] {taskinstance.py:851} INFO - Dependencies all met for <TaskInstance: SDG_Enrique_V0.readCSV_convertColumns 2022-07-01T00:00:00+00:00 [queued]>
[2022-07-01 07:49:23,439] {taskinstance.py:851} INFO - Dependencies all met for <TaskInstance: SDG_Enrique_V0.readCSV_convertColumns 2022-07-01T00:00:00+00:00 [queued]>
[2022-07-01 07:49:23,441] {taskinstance.py:1042} INFO - 
--------------------------------------------------------------------------------
[2022-07-01 07:49:23,441] {taskinstance.py:1043} INFO - Starting attempt 1 of 1
[2022-07-01 07:49:23,443] {taskinstance.py:1044} INFO - 
--------------------------------------------------------------------------------
[2022-07-01 07:49:23,451] {taskinstance.py:1063} INFO - Executing <Task(PythonOperator): readCSV_convertColumns> on 2022-07-01T00:00:00+00:00
[2022-07-01 07:49:23,457] {standard_task_runner.py:52} INFO - Started process 672 to run task
[2022-07-01 07:49:23,462] {standard_task_runner.py:76} INFO - Running: ['airflow', 'tasks', 'run', 'SDG_Enrique_V0', 'readCSV_convertColumns', '2022-07-01T00:00:00+00:00', '--job-id', '1543', '--pool', 'default_pool', '--raw', '--subdir', 'DAGS_FOLDER/company_forecasting.py', '--cfg-path', '/tmp/tmpadl7dxpd', '--error-file', '/tmp/tmphma96ohj']
[2022-07-01 07:49:23,464] {standard_task_runner.py:77} INFO - Job 1543: Subtask readCSV_convertColumns
[2022-07-01 07:49:23,511] {logging_mixin.py:104} INFO - Running <TaskInstance: SDG_Enrique_V0.readCSV_convertColumns 2022-07-01T00:00:00+00:00 [running]> on host 14dddcffc0ea
[2022-07-01 07:49:23,555] {taskinstance.py:1257} INFO - Exporting the following env vars:
AIRFLOW_CTX_DAG_EMAIL=enrique-liebana@outlook.com
AIRFLOW_CTX_DAG_OWNER=Enrique Liebana Peña
AIRFLOW_CTX_DAG_ID=SDG_Enrique_V0
AIRFLOW_CTX_TASK_ID=readCSV_convertColumns
AIRFLOW_CTX_EXECUTION_DATE=2022-07-01T00:00:00+00:00
AIRFLOW_CTX_DAG_RUN_ID=manual__2022-07-01T00:00:00+00:00
[2022-07-01 07:49:26,255] {logging_mixin.py:104} WARNING - /home/airflow/.local/lib/python3.6/site-packages/airflow/models/taskinstance.py:1315 DtypeWarning: Columns (56,59) have mixed types.Specify dtype option on import or set low_memory=False.
[2022-07-01 07:49:26,642] {logging_mixin.py:104} INFO -   rev_mean mou_mean  totmrc_mean  ... creditcd eqpdays customer_id
0  50,2375    775,5        69,99  ...        Y   202.0     1091523
1   30,935    33,75      33,7425  ...        Y   248.0     1091524
2        5        0            0  ...        N   128.0     1091525
3    36,32      403  6,666666667  ...        Y   122.0     1091526
4  65,5425    934,5        59,99  ...        N   202.0     1091527

[5 rows x 100 columns]
[2022-07-01 07:49:26,646] {logging_mixin.py:104} INFO - rev_mean        object
mou_mean        object
totmrc_mean     object
da_mean         object
ovrmou_mean     object
                ...   
kid11_15        object
kid16_17        object
creditcd        object
eqpdays        float64
customer_id      int64
Length: 100, dtype: object
[2022-07-01 07:49:26,647] {logging_mixin.py:104} INFO - **************** FLOAT COLUmNS *********************
[2022-07-01 07:49:33,643] {logging_mixin.py:104} INFO -    rev_mean  mou_mean  totmrc_mean  da_mean  ...  avgrev   avgmou  avgqty  hnd_price
0   50.2375    775.50    69.990000   0.2475  ...   50.77   851.00  108.50  149.98999
1   30.9350     33.75    33.742500   0.4950  ...   47.43    65.63   25.00  199.98999
2    5.0000      0.00     0.000000   0.0000  ...   96.59  1433.33  379.83   99.98999
3   36.3200    403.00     6.666667   1.3200  ...   33.62   425.33  134.67   79.98999
4   65.5425    934.50    59.990000   0.0000  ...   63.72  1088.83  169.83  199.98999

[5 rows x 56 columns]
[2022-07-01 07:49:33,646] {logging_mixin.py:104} INFO - **************** OBJECT COLUmNS *********************
[2022-07-01 07:49:34,118] {logging_mixin.py:104} INFO - ************+***********RESULTS*****************************
[2022-07-01 07:49:34,133] {logging_mixin.py:104} INFO - FLOAT64 (100000, 69)
[2022-07-01 07:49:34,137] {logging_mixin.py:104} INFO - INT64 (100000, 10)
[2022-07-01 07:49:34,140] {logging_mixin.py:104} INFO - STRING (100000, 21)
[2022-07-01 07:49:34,247] {logging_mixin.py:104} INFO -    rev_mean  mou_mean  totmrc_mean  ...  creditcd  eqpdays  customer_id
0   50.2375    775.50    69.990000  ...         Y    202.0      1091523
1   30.9350     33.75    33.742500  ...         Y    248.0      1091524
2    5.0000      0.00     0.000000  ...         N    128.0      1091525
3   36.3200    403.00     6.666667  ...         Y    122.0      1091526
4   65.5425    934.50    59.990000  ...         N    202.0      1091527

[5 rows x 100 columns]
[2022-07-01 07:49:53,654] {base.py:74} INFO - Using connection to: id: postgres_conection. Host: host.docker.internal, Port: 5432, Schema: data_company, Login: airflow, Password: XXXXXXXX, extra: None
[2022-07-01 07:49:56,725] {python.py:118} INFO - Done. Returned value was: None
[2022-07-01 07:49:56,758] {taskinstance.py:1166} INFO - Marking task as SUCCESS. dag_id=SDG_Enrique_V0, task_id=readCSV_convertColumns, execution_date=20220701T000000, start_date=20220701T074923, end_date=20220701T074956
[2022-07-01 07:49:56,841] {taskinstance.py:1220} INFO - 1 downstream tasks scheduled from follow-on schedule check
[2022-07-01 07:49:56,895] {local_task_job.py:146} INFO - Task exited with return code 0
[2022-07-01 10:36:18,395] {taskinstance.py:851} INFO - Dependencies all met for <TaskInstance: SDG_Enrique_V0.readCSV_convertColumns 2022-07-01T00:00:00+00:00 [queued]>
[2022-07-01 10:36:18,435] {taskinstance.py:851} INFO - Dependencies all met for <TaskInstance: SDG_Enrique_V0.readCSV_convertColumns 2022-07-01T00:00:00+00:00 [queued]>
[2022-07-01 10:36:18,436] {taskinstance.py:1042} INFO - 
--------------------------------------------------------------------------------
[2022-07-01 10:36:18,437] {taskinstance.py:1043} INFO - Starting attempt 1 of 1
[2022-07-01 10:36:18,438] {taskinstance.py:1044} INFO - 
--------------------------------------------------------------------------------
[2022-07-01 10:36:18,454] {taskinstance.py:1063} INFO - Executing <Task(PythonOperator): readCSV_convertColumns> on 2022-07-01T00:00:00+00:00
[2022-07-01 10:36:18,468] {standard_task_runner.py:52} INFO - Started process 15011 to run task
[2022-07-01 10:36:18,483] {standard_task_runner.py:76} INFO - Running: ['airflow', 'tasks', 'run', 'SDG_Enrique_V0', 'readCSV_convertColumns', '2022-07-01T00:00:00+00:00', '--job-id', '1566', '--pool', 'default_pool', '--raw', '--subdir', 'DAGS_FOLDER/company_forecasting.py', '--cfg-path', '/tmp/tmpdqsg9_fb', '--error-file', '/tmp/tmpmaqi8jym']
[2022-07-01 10:36:18,486] {standard_task_runner.py:77} INFO - Job 1566: Subtask readCSV_convertColumns
[2022-07-01 10:36:18,565] {logging_mixin.py:104} INFO - Running <TaskInstance: SDG_Enrique_V0.readCSV_convertColumns 2022-07-01T00:00:00+00:00 [running]> on host 14dddcffc0ea
[2022-07-01 10:36:18,644] {taskinstance.py:1257} INFO - Exporting the following env vars:
AIRFLOW_CTX_DAG_EMAIL=enrique-liebana@outlook.com
AIRFLOW_CTX_DAG_OWNER=Enrique Liebana Peña
AIRFLOW_CTX_DAG_ID=SDG_Enrique_V0
AIRFLOW_CTX_TASK_ID=readCSV_convertColumns
AIRFLOW_CTX_EXECUTION_DATE=2022-07-01T00:00:00+00:00
AIRFLOW_CTX_DAG_RUN_ID=manual__2022-07-01T00:00:00+00:00
[2022-07-01 10:36:29,399] {logging_mixin.py:104} WARNING - /home/airflow/.local/lib/python3.6/site-packages/airflow/models/taskinstance.py:1315 DtypeWarning: Columns (56,59) have mixed types.Specify dtype option on import or set low_memory=False.
[2022-07-01 10:36:31,012] {logging_mixin.py:104} INFO -   rev_mean mou_mean  totmrc_mean  ... creditcd eqpdays customer_id
0  50,2375    775,5        69,99  ...        Y   202.0     1091523
1   30,935    33,75      33,7425  ...        Y   248.0     1091524
2        5        0            0  ...        N   128.0     1091525
3    36,32      403  6,666666667  ...        Y   122.0     1091526
4  65,5425    934,5        59,99  ...        N   202.0     1091527

[5 rows x 100 columns]
[2022-07-01 10:36:31,025] {logging_mixin.py:104} INFO - rev_mean        object
mou_mean        object
totmrc_mean     object
da_mean         object
ovrmou_mean     object
                ...   
kid11_15        object
kid16_17        object
creditcd        object
eqpdays        float64
customer_id      int64
Length: 100, dtype: object
[2022-07-01 10:36:31,032] {logging_mixin.py:104} INFO - **************** FLOAT COLUmNS *********************
[2022-07-01 10:36:45,459] {logging_mixin.py:104} INFO -    rev_mean  mou_mean  totmrc_mean  da_mean  ...  avgrev   avgmou  avgqty  hnd_price
0   50.2375    775.50    69.990000   0.2475  ...   50.77   851.00  108.50  149.98999
1   30.9350     33.75    33.742500   0.4950  ...   47.43    65.63   25.00  199.98999
2    5.0000      0.00     0.000000   0.0000  ...   96.59  1433.33  379.83   99.98999
3   36.3200    403.00     6.666667   1.3200  ...   33.62   425.33  134.67   79.98999
4   65.5425    934.50    59.990000   0.0000  ...   63.72  1088.83  169.83  199.98999

[5 rows x 56 columns]
[2022-07-01 10:36:45,464] {logging_mixin.py:104} INFO - **************** OBJECT COLUmNS *********************
[2022-07-01 10:36:46,624] {logging_mixin.py:104} INFO - ************+***********RESULTS*****************************
[2022-07-01 10:36:46,648] {logging_mixin.py:104} INFO - FLOAT64 (100000, 69)
[2022-07-01 10:36:46,653] {logging_mixin.py:104} INFO - INT64 (100000, 10)
[2022-07-01 10:36:46,660] {logging_mixin.py:104} INFO - STRING (100000, 21)
[2022-07-01 10:36:46,947] {logging_mixin.py:104} INFO -    rev_mean  mou_mean  totmrc_mean  ...  creditcd  eqpdays  customer_id
0   50.2375    775.50    69.990000  ...         Y    202.0      1091523
1   30.9350     33.75    33.742500  ...         Y    248.0      1091524
2    5.0000      0.00     0.000000  ...         N    128.0      1091525
3   36.3200    403.00     6.666667  ...         Y    122.0      1091526
4   65.5425    934.50    59.990000  ...         N    202.0      1091527

[5 rows x 100 columns]
[2022-07-01 10:37:30,480] {base.py:74} INFO - Using connection to: id: postgres_conection. Host: host.docker.internal, Port: 5432, Schema: data_company, Login: airflow, Password: XXXXXXXX, extra: None
[2022-07-01 10:37:38,802] {python.py:118} INFO - Done. Returned value was: None
[2022-07-01 10:37:38,829] {taskinstance.py:1166} INFO - Marking task as SUCCESS. dag_id=SDG_Enrique_V0, task_id=readCSV_convertColumns, execution_date=20220701T000000, start_date=20220701T103618, end_date=20220701T103738
[2022-07-01 10:37:38,875] {taskinstance.py:1220} INFO - 1 downstream tasks scheduled from follow-on schedule check
[2022-07-01 10:37:38,986] {local_task_job.py:146} INFO - Task exited with return code 0
