[2022-07-01 10:35:44,336] {taskinstance.py:851} INFO - Dependencies all met for <TaskInstance: SDG_Enrique_V0.postgreSQL_getTable 2022-07-01T10:35:36.156824+00:00 [queued]>
[2022-07-01 10:35:44,444] {taskinstance.py:851} INFO - Dependencies all met for <TaskInstance: SDG_Enrique_V0.postgreSQL_getTable 2022-07-01T10:35:36.156824+00:00 [queued]>
[2022-07-01 10:35:44,445] {taskinstance.py:1042} INFO - 
--------------------------------------------------------------------------------
[2022-07-01 10:35:44,445] {taskinstance.py:1043} INFO - Starting attempt 1 of 1
[2022-07-01 10:35:44,446] {taskinstance.py:1044} INFO - 
--------------------------------------------------------------------------------
[2022-07-01 10:35:44,467] {taskinstance.py:1063} INFO - Executing <Task(PythonOperator): postgreSQL_getTable> on 2022-07-01T10:35:36.156824+00:00
[2022-07-01 10:35:44,494] {standard_task_runner.py:52} INFO - Started process 14953 to run task
[2022-07-01 10:35:44,503] {standard_task_runner.py:76} INFO - Running: ['airflow', 'tasks', 'run', 'SDG_Enrique_V0', 'postgreSQL_getTable', '2022-07-01T10:35:36.156824+00:00', '--job-id', '1563', '--pool', 'default_pool', '--raw', '--subdir', 'DAGS_FOLDER/company_forecasting.py', '--cfg-path', '/tmp/tmphudlqug7', '--error-file', '/tmp/tmpknmovk31']
[2022-07-01 10:35:44,512] {standard_task_runner.py:77} INFO - Job 1563: Subtask postgreSQL_getTable
[2022-07-01 10:35:44,636] {logging_mixin.py:104} INFO - Running <TaskInstance: SDG_Enrique_V0.postgreSQL_getTable 2022-07-01T10:35:36.156824+00:00 [running]> on host 14dddcffc0ea
[2022-07-01 10:35:44,772] {taskinstance.py:1257} INFO - Exporting the following env vars:
AIRFLOW_CTX_DAG_EMAIL=enrique-liebana@outlook.com
AIRFLOW_CTX_DAG_OWNER=Enrique Liebana Peña
AIRFLOW_CTX_DAG_ID=SDG_Enrique_V0
AIRFLOW_CTX_TASK_ID=postgreSQL_getTable
AIRFLOW_CTX_EXECUTION_DATE=2022-07-01T10:35:36.156824+00:00
AIRFLOW_CTX_DAG_RUN_ID=manual__2022-07-01T10:35:36.156824+00:00
[2022-07-01 10:35:44,825] {base.py:74} INFO - Using connection to: id: postgres_conection. Host: host.docker.internal, Port: 5432, Schema: data_company, Login: airflow, Password: XXXXXXXX, extra: None
[2022-07-01 10:36:16,332] {company_forecasting.py:55} INFO - Backup Company data in : /raw_data/company.csv
[2022-07-01 10:36:16,335] {python.py:118} INFO - Done. Returned value was: None
[2022-07-01 10:36:16,352] {taskinstance.py:1166} INFO - Marking task as SUCCESS. dag_id=SDG_Enrique_V0, task_id=postgreSQL_getTable, execution_date=20220701T103536, start_date=20220701T103544, end_date=20220701T103616
[2022-07-01 10:36:16,391] {taskinstance.py:1220} INFO - 1 downstream tasks scheduled from follow-on schedule check
[2022-07-01 10:36:16,467] {local_task_job.py:146} INFO - Task exited with return code 0
