[2022-06-29 21:52:43,375] {taskinstance.py:851} INFO - Dependencies all met for <TaskInstance: Company_Predict.trigger_target 2022-06-29T21:52:38.919926+00:00 [queued]>
[2022-06-29 21:52:43,398] {taskinstance.py:851} INFO - Dependencies all met for <TaskInstance: Company_Predict.trigger_target 2022-06-29T21:52:38.919926+00:00 [queued]>
[2022-06-29 21:52:43,399] {taskinstance.py:1042} INFO - 
--------------------------------------------------------------------------------
[2022-06-29 21:52:43,399] {taskinstance.py:1043} INFO - Starting attempt 1 of 1
[2022-06-29 21:52:43,400] {taskinstance.py:1044} INFO - 
--------------------------------------------------------------------------------
[2022-06-29 21:52:43,412] {taskinstance.py:1063} INFO - Executing <Task(TriggerDagRunOperator): trigger_target> on 2022-06-29T21:52:38.919926+00:00
[2022-06-29 21:52:43,420] {standard_task_runner.py:52} INFO - Started process 588 to run task
[2022-06-29 21:52:43,425] {standard_task_runner.py:76} INFO - Running: ['airflow', 'tasks', 'run', 'Company_Predict', 'trigger_target', '2022-06-29T21:52:38.919926+00:00', '--job-id', '1464', '--pool', 'default_pool', '--raw', '--subdir', 'DAGS_FOLDER/company_predict.py', '--cfg-path', '/tmp/tmp0a56r4w2', '--error-file', '/tmp/tmpyw0g5p9c']
[2022-06-29 21:52:43,429] {standard_task_runner.py:77} INFO - Job 1464: Subtask trigger_target
[2022-06-29 21:52:43,534] {logging_mixin.py:104} INFO - Running <TaskInstance: Company_Predict.trigger_target 2022-06-29T21:52:38.919926+00:00 [running]> on host daae6b127c15
[2022-06-29 21:52:43,672] {taskinstance.py:1257} INFO - Exporting the following env vars:
AIRFLOW_CTX_DAG_EMAIL=enrique-liebana@outlook.com
AIRFLOW_CTX_DAG_OWNER=Enrique Liebana Peña
AIRFLOW_CTX_DAG_ID=Company_Predict
AIRFLOW_CTX_TASK_ID=trigger_target
AIRFLOW_CTX_EXECUTION_DATE=2022-06-29T21:52:38.919926+00:00
AIRFLOW_CTX_DAG_RUN_ID=manual__2022-06-29T21:52:38.919926+00:00
[2022-06-29 21:52:43,760] {trigger_dagrun.py:165} INFO - Waiting for SDG_Enrique_V0 on 2022-06-29T00:00:00+00:00 to become allowed state ['success'] ...
[2022-06-29 21:53:43,780] {trigger_dagrun.py:165} INFO - Waiting for SDG_Enrique_V0 on 2022-06-29T00:00:00+00:00 to become allowed state ['success'] ...
[2022-06-29 21:54:43,882] {trigger_dagrun.py:165} INFO - Waiting for SDG_Enrique_V0 on 2022-06-29T00:00:00+00:00 to become allowed state ['success'] ...
[2022-06-29 21:55:43,875] {trigger_dagrun.py:174} INFO - SDG_Enrique_V0 finished with allowed state success
[2022-06-29 21:55:43,887] {taskinstance.py:1166} INFO - Marking task as SUCCESS. dag_id=Company_Predict, task_id=trigger_target, execution_date=20220629T215238, start_date=20220629T215243, end_date=20220629T215543
[2022-06-29 21:55:43,913] {taskinstance.py:1220} INFO - 1 downstream tasks scheduled from follow-on schedule check
[2022-06-29 21:55:43,925] {local_task_job.py:146} INFO - Task exited with return code 0
