[2022-07-01 10:40:50,547] {taskinstance.py:851} INFO - Dependencies all met for <TaskInstance: SDG_Enrique_V0.postgreSQL_getTable 2022-07-01T10:40:42.450771+00:00 [queued]>
[2022-07-01 10:40:50,585] {taskinstance.py:851} INFO - Dependencies all met for <TaskInstance: SDG_Enrique_V0.postgreSQL_getTable 2022-07-01T10:40:42.450771+00:00 [queued]>
[2022-07-01 10:40:50,586] {taskinstance.py:1042} INFO - 
--------------------------------------------------------------------------------
[2022-07-01 10:40:50,589] {taskinstance.py:1043} INFO - Starting attempt 1 of 1
[2022-07-01 10:40:50,591] {taskinstance.py:1044} INFO - 
--------------------------------------------------------------------------------
[2022-07-01 10:40:50,616] {taskinstance.py:1063} INFO - Executing <Task(PythonOperator): postgreSQL_getTable> on 2022-07-01T10:40:42.450771+00:00
[2022-07-01 10:40:50,631] {standard_task_runner.py:52} INFO - Started process 15395 to run task
[2022-07-01 10:40:50,657] {standard_task_runner.py:76} INFO - Running: ['airflow', 'tasks', 'run', 'SDG_Enrique_V0', 'postgreSQL_getTable', '2022-07-01T10:40:42.450771+00:00', '--job-id', '1580', '--pool', 'default_pool', '--raw', '--subdir', 'DAGS_FOLDER/company_forecasting.py', '--cfg-path', '/tmp/tmpokv6k4ji', '--error-file', '/tmp/tmp8vll_z5q']
[2022-07-01 10:40:50,673] {standard_task_runner.py:77} INFO - Job 1580: Subtask postgreSQL_getTable
[2022-07-01 10:40:50,870] {logging_mixin.py:104} INFO - Running <TaskInstance: SDG_Enrique_V0.postgreSQL_getTable 2022-07-01T10:40:42.450771+00:00 [running]> on host 14dddcffc0ea
[2022-07-01 10:40:51,118] {taskinstance.py:1257} INFO - Exporting the following env vars:
AIRFLOW_CTX_DAG_EMAIL=enrique-liebana@outlook.com
AIRFLOW_CTX_DAG_OWNER=Enrique Liebana Peña
AIRFLOW_CTX_DAG_ID=SDG_Enrique_V0
AIRFLOW_CTX_TASK_ID=postgreSQL_getTable
AIRFLOW_CTX_EXECUTION_DATE=2022-07-01T10:40:42.450771+00:00
AIRFLOW_CTX_DAG_RUN_ID=manual__2022-07-01T10:40:42.450771+00:00
[2022-07-01 10:40:51,162] {base.py:74} INFO - Using connection to: id: postgres_conection. Host: host.docker.internal, Port: 5432, Schema: data_company, Login: airflow, Password: XXXXXXXX, extra: None
[2022-07-01 10:41:15,297] {company_forecasting.py:55} INFO - Backup Company data in : /raw_data/company.csv
[2022-07-01 10:41:15,298] {python.py:118} INFO - Done. Returned value was: None
[2022-07-01 10:41:15,318] {taskinstance.py:1166} INFO - Marking task as SUCCESS. dag_id=SDG_Enrique_V0, task_id=postgreSQL_getTable, execution_date=20220701T104042, start_date=20220701T104050, end_date=20220701T104115
[2022-07-01 10:41:15,354] {taskinstance.py:1220} INFO - 1 downstream tasks scheduled from follow-on schedule check
[2022-07-01 10:41:15,399] {local_task_job.py:146} INFO - Task exited with return code 0
