[2022-06-25 21:42:09,267] {taskinstance.py:851} INFO - Dependencies all met for <TaskInstance: SDG_Enrique_V0.preprocessing_data 2022-06-25T21:41:33.929615+00:00 [queued]>
[2022-06-25 21:42:09,281] {taskinstance.py:851} INFO - Dependencies all met for <TaskInstance: SDG_Enrique_V0.preprocessing_data 2022-06-25T21:41:33.929615+00:00 [queued]>
[2022-06-25 21:42:09,281] {taskinstance.py:1042} INFO - 
--------------------------------------------------------------------------------
[2022-06-25 21:42:09,282] {taskinstance.py:1043} INFO - Starting attempt 1 of 1
[2022-06-25 21:42:09,282] {taskinstance.py:1044} INFO - 
--------------------------------------------------------------------------------
[2022-06-25 21:42:09,289] {taskinstance.py:1063} INFO - Executing <Task(PythonOperator): preprocessing_data> on 2022-06-25T21:41:33.929615+00:00
[2022-06-25 21:42:09,295] {standard_task_runner.py:52} INFO - Started process 6445 to run task
[2022-06-25 21:42:09,299] {standard_task_runner.py:76} INFO - Running: ['airflow', 'tasks', 'run', 'SDG_Enrique_V0', 'preprocessing_data', '2022-06-25T21:41:33.929615+00:00', '--job-id', '176', '--pool', 'default_pool', '--raw', '--subdir', 'DAGS_FOLDER/company_forecasting.py', '--cfg-path', '/tmp/tmpon1ugjet', '--error-file', '/tmp/tmpt9zrg4_7']
[2022-06-25 21:42:09,301] {standard_task_runner.py:77} INFO - Job 176: Subtask preprocessing_data
[2022-06-25 21:42:09,343] {logging_mixin.py:104} INFO - Running <TaskInstance: SDG_Enrique_V0.preprocessing_data 2022-06-25T21:41:33.929615+00:00 [running]> on host 5e8dc4b25004
[2022-06-25 21:42:09,381] {taskinstance.py:1257} INFO - Exporting the following env vars:
AIRFLOW_CTX_DAG_EMAIL=enrique-liebana@outlook.com
AIRFLOW_CTX_DAG_OWNER=Enrique
AIRFLOW_CTX_DAG_ID=SDG_Enrique_V0
AIRFLOW_CTX_TASK_ID=preprocessing_data
AIRFLOW_CTX_EXECUTION_DATE=2022-06-25T21:41:33.929615+00:00
AIRFLOW_CTX_DAG_RUN_ID=manual__2022-06-25T21:41:33.929615+00:00
[2022-06-25 21:42:10,646] {logging_mixin.py:104} INFO - Index(['Unnamed: 0', 'rev_mean', 'mou_mean', 'totmrc_mean', 'da_mean',
       'ovrmou_mean', 'ovrrev_mean', 'vceovr_mean', 'datovr_mean', 'roam_mean',
       ...
       'forgntvl', 'ethnic', 'kid0_2', 'kid3_5', 'kid6_10', 'kid11_15',
       'kid16_17', 'creditcd', 'eqpdays', 'customer_id'],
      dtype='object', length=101)
[2022-06-25 21:42:10,781] {logging_mixin.py:104} INFO - (100000, 99)
[2022-06-25 21:42:10,787] {logging_mixin.py:104} INFO - <bound method NDFrame.describe of Empty DataFrame
Columns: []
Index: [0, 1, 2, 3, 4, 5, 6, 7, 8, 9, 10, 11, 12, 13, 14, 15, 16, 17, 18, 19, 20, 21, 22, 23, 24, 25, 26, 27, 28, 29, 30, 31, 32, 33, 34, 35, 36, 37, 38, 39, 40, 41, 42, 43, 44, 45, 46, 47, 48, 49, 50, 51, 52, 53, 54, 55, 56, 57, 58, 59, 60, 61, 62, 63, 64, 65, 66, 67, 68, 69, 70, 71, 72, 73, 74, 75, 76, 77, 78, 79, 80, 81, 82, 83, 84, 85, 86, 87, 88, 89, 90, 91, 92, 93, 94, 95, 96, 97, 98, 99, ...]

[100000 rows x 0 columns]>
[2022-06-25 21:42:10,975] {logging_mixin.py:104} INFO - ['drop_dat_mean', 'blck_dat_mean', 'unan_dat_mean', 'recv_sms_mean', 'callfwdv_mean', 'churn', 'months', 'uniqsubs', 'actvsubs', 'new_cell', 'totmou', 'adjmou', 'adjqty', 'avg6mou', 'avg6qty', 'avg6rev', 'prizm_social_one', 'area', 'dualband']
[2022-06-25 21:42:10,976] {logging_mixin.py:104} INFO - ['crclscod', 'asl_flag', 'totcalls', 'avg3mou', 'avg3qty', 'avg3rev', 'refurb_new', 'phones', 'models', 'hnd_webcap', 'truck', 'rv', 'ownrent', 'dwlltype', 'marital', 'infobase', 'hhstatin', 'dwllsize', 'forgntvl', 'ethnic', 'kid0_2', 'kid3_5', 'kid6_10', 'kid11_15', 'kid16_17', 'creditcd', 'eqpdays']
[2022-06-25 21:42:10,990] {logging_mixin.py:104} INFO - Index(['drop_dat_mean', 'blck_dat_mean', 'unan_dat_mean', 'recv_sms_mean',
       'callfwdv_mean', 'churn', 'months', 'uniqsubs', 'actvsubs', 'new_cell',
       'totmou', 'adjmou', 'adjqty', 'avg6mou', 'avg6qty', 'avg6rev',
       'prizm_social_one', 'area', 'dualband'],
      dtype='object')
[2022-06-25 21:42:11,014] {logging_mixin.py:104} INFO - (84590, 19)
[2022-06-25 21:42:12,827] {python.py:118} INFO - Done. Returned value was: None
[2022-06-25 21:42:12,838] {taskinstance.py:1166} INFO - Marking task as SUCCESS. dag_id=SDG_Enrique_V0, task_id=preprocessing_data, execution_date=20220625T214133, start_date=20220625T214209, end_date=20220625T214212
[2022-06-25 21:42:12,868] {taskinstance.py:1220} INFO - 0 downstream tasks scheduled from follow-on schedule check
[2022-06-25 21:42:12,927] {local_task_job.py:146} INFO - Task exited with return code 0
