[2022-06-29 20:54:38,135] {taskinstance.py:851} INFO - Dependencies all met for <TaskInstance: SDG_Enrique_V0.postgreSQL_getTable 2022-01-16T00:00:00+00:00 [queued]>
[2022-06-29 20:54:38,546] {taskinstance.py:851} INFO - Dependencies all met for <TaskInstance: SDG_Enrique_V0.postgreSQL_getTable 2022-01-16T00:00:00+00:00 [queued]>
[2022-06-29 20:54:38,562] {taskinstance.py:1042} INFO - 
--------------------------------------------------------------------------------
[2022-06-29 20:54:38,564] {taskinstance.py:1043} INFO - Starting attempt 1 of 2
[2022-06-29 20:54:38,566] {taskinstance.py:1044} INFO - 
--------------------------------------------------------------------------------
[2022-06-29 20:54:38,720] {taskinstance.py:1063} INFO - Executing <Task(PythonOperator): postgreSQL_getTable> on 2022-01-16T00:00:00+00:00
[2022-06-29 20:54:38,958] {standard_task_runner.py:52} INFO - Started process 1443 to run task
[2022-06-29 20:54:39,013] {standard_task_runner.py:76} INFO - Running: ['airflow', 'tasks', 'run', 'SDG_Enrique_V0', 'postgreSQL_getTable', '2022-01-16T00:00:00+00:00', '--job-id', '1358', '--pool', 'default_pool', '--raw', '--subdir', 'DAGS_FOLDER/company_forecasting.py', '--cfg-path', '/tmp/tmprujnev69', '--error-file', '/tmp/tmp0wsnpf4_']
[2022-06-29 20:54:39,073] {standard_task_runner.py:77} INFO - Job 1358: Subtask postgreSQL_getTable
[2022-06-29 20:54:40,558] {logging_mixin.py:104} INFO - Running <TaskInstance: SDG_Enrique_V0.postgreSQL_getTable 2022-01-16T00:00:00+00:00 [running]> on host 1ff8f57a8cbf
[2022-06-29 20:54:41,701] {taskinstance.py:1257} INFO - Exporting the following env vars:
AIRFLOW_CTX_DAG_EMAIL=enrique-liebana@outlook.com
AIRFLOW_CTX_DAG_OWNER=Enrique Liebana Peña
AIRFLOW_CTX_DAG_ID=SDG_Enrique_V0
AIRFLOW_CTX_TASK_ID=postgreSQL_getTable
AIRFLOW_CTX_EXECUTION_DATE=2022-01-16T00:00:00+00:00
AIRFLOW_CTX_DAG_RUN_ID=manual__2022-01-16T00:00:00+00:00
[2022-06-29 20:54:42,300] {base.py:74} INFO - Using connection to: id: postgres_conection. Host: host.docker.internal, Port: 5432, Schema: data_company, Login: airflow, Password: XXXXXXXX, extra: None
[2022-06-29 20:55:53,598] {local_task_job.py:188} WARNING - State of this instance has been externally set to None. Terminating instance.
[2022-06-29 20:55:53,609] {process_utils.py:100} INFO - Sending Signals.SIGTERM to GPID 1443
[2022-06-29 20:55:53,614] {taskinstance.py:1239} ERROR - Received SIGTERM. Terminating subprocesses.
[2022-06-29 20:55:53,631] {taskinstance.py:1455} ERROR - Task received SIGTERM signal
Traceback (most recent call last):
  File "/home/airflow/.local/lib/python3.6/site-packages/airflow/models/taskinstance.py", line 1112, in _run_raw_task
    self._prepare_and_execute_task_with_callbacks(context, task)
  File "/home/airflow/.local/lib/python3.6/site-packages/airflow/models/taskinstance.py", line 1285, in _prepare_and_execute_task_with_callbacks
    result = self._execute_task(context, task_copy)
  File "/home/airflow/.local/lib/python3.6/site-packages/airflow/models/taskinstance.py", line 1315, in _execute_task
    result = task_copy.execute(context=context)
  File "/home/airflow/.local/lib/python3.6/site-packages/airflow/operators/python.py", line 117, in execute
    return_value = self.execute_callable()
  File "/home/airflow/.local/lib/python3.6/site-packages/airflow/operators/python.py", line 128, in execute_callable
    return self.python_callable(*self.op_args, **self.op_kwargs)
  File "/opt/airflow/dags/company_forecasting.py", line 51, in postgreSQL_getTable
    csv_writer.writerows(cursor)
  File "/home/airflow/.local/lib/python3.6/site-packages/airflow/models/taskinstance.py", line 1241, in signal_handler
    raise AirflowException("Task received SIGTERM signal")
airflow.exceptions.AirflowException: Task received SIGTERM signal
[2022-06-29 20:55:53,641] {taskinstance.py:1503} INFO - Marking task as FAILED. dag_id=SDG_Enrique_V0, task_id=postgreSQL_getTable, execution_date=20220116T000000, start_date=20220629T205438, end_date=20220629T205553
[2022-06-29 20:55:53,747] {process_utils.py:66} INFO - Process psutil.Process(pid=1443, status='terminated', exitcode=1, started='20:54:38') (1443) terminated with exit code 1
