[2022-06-26 20:12:20,023] {taskinstance.py:851} INFO - Dependencies all met for <TaskInstance: trigger_dag.gridSearchLR 2022-06-26T20:12:18.110848+00:00 [queued]>
[2022-06-26 20:12:20,041] {taskinstance.py:851} INFO - Dependencies all met for <TaskInstance: trigger_dag.gridSearchLR 2022-06-26T20:12:18.110848+00:00 [queued]>
[2022-06-26 20:12:20,042] {taskinstance.py:1042} INFO - 
--------------------------------------------------------------------------------
[2022-06-26 20:12:20,042] {taskinstance.py:1043} INFO - Starting attempt 1 of 1
[2022-06-26 20:12:20,043] {taskinstance.py:1044} INFO - 
--------------------------------------------------------------------------------
[2022-06-26 20:12:20,052] {taskinstance.py:1063} INFO - Executing <Task(PythonOperator): gridSearchLR> on 2022-06-26T20:12:18.110848+00:00
[2022-06-26 20:12:20,059] {standard_task_runner.py:52} INFO - Started process 4520 to run task
[2022-06-26 20:12:20,070] {standard_task_runner.py:76} INFO - Running: ['airflow', 'tasks', 'run', 'trigger_dag', 'gridSearchLR', '2022-06-26T20:12:18.110848+00:00', '--job-id', '302', '--pool', 'default_pool', '--raw', '--subdir', 'DAGS_FOLDER/trigger_dag.py', '--cfg-path', '/tmp/tmp1a0btzyr', '--error-file', '/tmp/tmphdcoa49_']
[2022-06-26 20:12:20,073] {standard_task_runner.py:77} INFO - Job 302: Subtask gridSearchLR
[2022-06-26 20:12:20,121] {logging_mixin.py:104} INFO - Running <TaskInstance: trigger_dag.gridSearchLR 2022-06-26T20:12:18.110848+00:00 [running]> on host 6fc8504e86cf
[2022-06-26 20:12:20,162] {taskinstance.py:1257} INFO - Exporting the following env vars:
AIRFLOW_CTX_DAG_OWNER=airflow
AIRFLOW_CTX_DAG_ID=trigger_dag
AIRFLOW_CTX_TASK_ID=gridSearchLR
AIRFLOW_CTX_EXECUTION_DATE=2022-06-26T20:12:18.110848+00:00
AIRFLOW_CTX_DAG_RUN_ID=manual__2022-06-26T20:12:18.110848+00:00
[2022-06-26 20:12:20,191] {logging_mixin.py:104} INFO - Name: mLflow SDG
[2022-06-26 20:12:20,192] {logging_mixin.py:104} INFO - Experiment_id: 3
[2022-06-26 20:12:20,193] {logging_mixin.py:104} INFO - Artifact Location: file:///opt/airflow/mlruns/3
[2022-06-26 20:12:20,193] {logging_mixin.py:104} INFO - Tags: {}
[2022-06-26 20:12:20,194] {logging_mixin.py:104} INFO - Lifecycle_stage: active
[2022-06-26 20:12:20,264] {logging_mixin.py:104} WARNING - 2022/06/26 20:12:20 WARNING mlflow.tracking.context.git_context: Failed to import Git (the Git executable is probably not on your PATH), so Git SHA is not available. Error: Failed to initialize: Bad git executable.
The git executable must be specified in one of the following ways:
    - be included in your $PATH
    - be set via $GIT_PYTHON_GIT_EXECUTABLE
    - explicitly set via git.refresh()

All git commands will error until this is rectified.

This initial warning can be silenced or aggravated in the future by setting the
$GIT_PYTHON_REFRESH environment variable. Use one of the following values:
    - quiet|q|silence|s|none|n|0: for no warning or exception
    - warn|w|warning|1: for a printed warning
    - error|e|raise|r|2: for a raised exception

Example:
    export GIT_PYTHON_REFRESH=quiet
[2022-06-26 20:12:20,265] {logging_mixin.py:104} WARNING - 
[2022-06-26 20:12:24,243] {logging_mixin.py:104} INFO - newton-cg none 0.0001
[2022-06-26 20:12:25,169] {logging_mixin.py:104} WARNING - /home/airflow/.local/lib/python3.6/site-packages/sklearn/linear_model/_logistic.py:1323 UserWarning: Setting penalty='none' will ignore the C and l1_ratio parameters
[2022-06-26 20:12:31,805] {logging_mixin.py:104} INFO - newton-cg none 0.001
[2022-06-26 20:12:32,604] {logging_mixin.py:104} WARNING - /home/airflow/.local/lib/python3.6/site-packages/sklearn/linear_model/_logistic.py:1323 UserWarning: Setting penalty='none' will ignore the C and l1_ratio parameters
[2022-06-26 20:12:37,689] {logging_mixin.py:104} INFO - newton-cg none 0.01
[2022-06-26 20:12:38,460] {logging_mixin.py:104} WARNING - /home/airflow/.local/lib/python3.6/site-packages/sklearn/linear_model/_logistic.py:1323 UserWarning: Setting penalty='none' will ignore the C and l1_ratio parameters
[2022-06-26 20:12:42,911] {logging_mixin.py:104} INFO - newton-cg none 0.1
[2022-06-26 20:12:43,697] {logging_mixin.py:104} WARNING - /home/airflow/.local/lib/python3.6/site-packages/sklearn/linear_model/_logistic.py:1323 UserWarning: Setting penalty='none' will ignore the C and l1_ratio parameters
[2022-06-26 20:12:49,024] {logging_mixin.py:104} INFO - newton-cg none 1
[2022-06-26 20:12:55,416] {logging_mixin.py:104} INFO - newton-cg none 10
[2022-06-26 20:12:56,293] {logging_mixin.py:104} WARNING - /home/airflow/.local/lib/python3.6/site-packages/sklearn/linear_model/_logistic.py:1323 UserWarning: Setting penalty='none' will ignore the C and l1_ratio parameters
[2022-06-26 20:13:03,497] {logging_mixin.py:104} INFO - newton-cg none 100
[2022-06-26 20:13:04,325] {logging_mixin.py:104} WARNING - /home/airflow/.local/lib/python3.6/site-packages/sklearn/linear_model/_logistic.py:1323 UserWarning: Setting penalty='none' will ignore the C and l1_ratio parameters
[2022-06-26 20:13:08,926] {logging_mixin.py:104} INFO - newton-cg none 1000
[2022-06-26 20:13:09,776] {logging_mixin.py:104} WARNING - /home/airflow/.local/lib/python3.6/site-packages/sklearn/linear_model/_logistic.py:1323 UserWarning: Setting penalty='none' will ignore the C and l1_ratio parameters
[2022-06-26 20:13:15,515] {logging_mixin.py:104} INFO - newton-cg none 10000
[2022-06-26 20:13:16,299] {logging_mixin.py:104} WARNING - /home/airflow/.local/lib/python3.6/site-packages/sklearn/linear_model/_logistic.py:1323 UserWarning: Setting penalty='none' will ignore the C and l1_ratio parameters
[2022-06-26 20:13:21,940] {logging_mixin.py:104} INFO - newton-cg elasticnet 0.0001
[2022-06-26 20:13:22,781] {taskinstance.py:1455} ERROR - Solver newton-cg supports only 'l2' or 'none' penalties, got elasticnet penalty.
Traceback (most recent call last):
  File "/home/airflow/.local/lib/python3.6/site-packages/airflow/models/taskinstance.py", line 1112, in _run_raw_task
    self._prepare_and_execute_task_with_callbacks(context, task)
  File "/home/airflow/.local/lib/python3.6/site-packages/airflow/models/taskinstance.py", line 1285, in _prepare_and_execute_task_with_callbacks
    result = self._execute_task(context, task_copy)
  File "/home/airflow/.local/lib/python3.6/site-packages/airflow/models/taskinstance.py", line 1315, in _execute_task
    result = task_copy.execute(context=context)
  File "/home/airflow/.local/lib/python3.6/site-packages/airflow/operators/python.py", line 117, in execute
    return_value = self.execute_callable()
  File "/home/airflow/.local/lib/python3.6/site-packages/airflow/operators/python.py", line 128, in execute_callable
    return self.python_callable(*self.op_args, **self.op_kwargs)
  File "/opt/airflow/dags/trigger_dag.py", line 55, in check_mlflow_setting
    model = pipeline.fit(X_train,y_train)
  File "/home/airflow/.local/lib/python3.6/site-packages/sklearn/pipeline.py", line 346, in fit
    self._final_estimator.fit(Xt, y, **fit_params_last_step)
  File "/home/airflow/.local/lib/python3.6/site-packages/sklearn/linear_model/_logistic.py", line 1306, in fit
    solver = _check_solver(self.solver, self.penalty, self.dual)
  File "/home/airflow/.local/lib/python3.6/site-packages/sklearn/linear_model/_logistic.py", line 444, in _check_solver
    "got %s penalty." % (solver, penalty))
ValueError: Solver newton-cg supports only 'l2' or 'none' penalties, got elasticnet penalty.
[2022-06-26 20:13:22,785] {taskinstance.py:1503} INFO - Marking task as FAILED. dag_id=trigger_dag, task_id=gridSearchLR, execution_date=20220626T201218, start_date=20220626T201220, end_date=20220626T201322
[2022-06-26 20:13:22,874] {local_task_job.py:146} INFO - Task exited with return code 1
