[2022-06-26 17:53:26,847] {taskinstance.py:851} INFO - Dependencies all met for <TaskInstance: SDG_Enrique_V0.postgreSQL_getTable 2022-06-25T00:00:00+00:00 [queued]>
[2022-06-26 17:53:26,865] {taskinstance.py:851} INFO - Dependencies all met for <TaskInstance: SDG_Enrique_V0.postgreSQL_getTable 2022-06-25T00:00:00+00:00 [queued]>
[2022-06-26 17:53:26,866] {taskinstance.py:1042} INFO - 
--------------------------------------------------------------------------------
[2022-06-26 17:53:26,867] {taskinstance.py:1043} INFO - Starting attempt 1 of 1
[2022-06-26 17:53:26,867] {taskinstance.py:1044} INFO - 
--------------------------------------------------------------------------------
[2022-06-26 17:53:26,878] {taskinstance.py:1063} INFO - Executing <Task(PythonOperator): postgreSQL_getTable> on 2022-06-25T00:00:00+00:00
[2022-06-26 17:53:26,887] {standard_task_runner.py:52} INFO - Started process 28434 to run task
[2022-06-26 17:53:26,892] {standard_task_runner.py:76} INFO - Running: ['airflow', 'tasks', 'run', 'SDG_Enrique_V0', 'postgreSQL_getTable', '2022-06-25T00:00:00+00:00', '--job-id', '219', '--pool', 'default_pool', '--raw', '--subdir', 'DAGS_FOLDER/company_forecasting.py', '--cfg-path', '/tmp/tmpfbp51ycr', '--error-file', '/tmp/tmplpwtj4e2']
[2022-06-26 17:53:26,895] {standard_task_runner.py:77} INFO - Job 219: Subtask postgreSQL_getTable
[2022-06-26 17:53:26,935] {logging_mixin.py:104} INFO - Running <TaskInstance: SDG_Enrique_V0.postgreSQL_getTable 2022-06-25T00:00:00+00:00 [running]> on host 5e8dc4b25004
[2022-06-26 17:53:26,978] {taskinstance.py:1257} INFO - Exporting the following env vars:
AIRFLOW_CTX_DAG_EMAIL=enrique-liebana@outlook.com
AIRFLOW_CTX_DAG_OWNER=Enrique
AIRFLOW_CTX_DAG_ID=SDG_Enrique_V0
AIRFLOW_CTX_TASK_ID=postgreSQL_getTable
AIRFLOW_CTX_EXECUTION_DATE=2022-06-25T00:00:00+00:00
AIRFLOW_CTX_DAG_RUN_ID=manual__2022-06-25T00:00:00+00:00
[2022-06-26 17:53:27,001] {base.py:74} INFO - Using connection to: id: postgres_conection. Host: host.docker.internal, Port: 5432, Schema: data_company, Login: airflow, Password: XXXXXXXX, extra: None
[2022-06-26 17:53:47,726] {company_forecasting.py:78} INFO - Backup Company data in : /raw_data/company.csv
[2022-06-26 17:53:47,728] {python.py:118} INFO - Done. Returned value was: None
[2022-06-26 17:53:47,755] {taskinstance.py:1166} INFO - Marking task as SUCCESS. dag_id=SDG_Enrique_V0, task_id=postgreSQL_getTable, execution_date=20220625T000000, start_date=20220626T175326, end_date=20220626T175347
[2022-06-26 17:53:47,807] {taskinstance.py:1220} INFO - 1 downstream tasks scheduled from follow-on schedule check
[2022-06-26 17:53:47,881] {local_task_job.py:146} INFO - Task exited with return code 0
[2022-06-26 19:14:02,656] {taskinstance.py:851} INFO - Dependencies all met for <TaskInstance: SDG_Enrique_V0.postgreSQL_getTable 2022-06-25T00:00:00+00:00 [queued]>
[2022-06-26 19:14:02,670] {taskinstance.py:851} INFO - Dependencies all met for <TaskInstance: SDG_Enrique_V0.postgreSQL_getTable 2022-06-25T00:00:00+00:00 [queued]>
[2022-06-26 19:14:02,670] {taskinstance.py:1042} INFO - 
--------------------------------------------------------------------------------
[2022-06-26 19:14:02,672] {taskinstance.py:1043} INFO - Starting attempt 1 of 1
[2022-06-26 19:14:02,672] {taskinstance.py:1044} INFO - 
--------------------------------------------------------------------------------
[2022-06-26 19:14:02,688] {taskinstance.py:1063} INFO - Executing <Task(PythonOperator): postgreSQL_getTable> on 2022-06-25T00:00:00+00:00
[2022-06-26 19:14:02,697] {standard_task_runner.py:52} INFO - Started process 257 to run task
[2022-06-26 19:14:02,703] {standard_task_runner.py:76} INFO - Running: ['airflow', 'tasks', 'run', 'SDG_Enrique_V0', 'postgreSQL_getTable', '2022-06-25T00:00:00+00:00', '--job-id', '239', '--pool', 'default_pool', '--raw', '--subdir', 'DAGS_FOLDER/company_forecasting.py', '--cfg-path', '/tmp/tmpwhsp7s4c', '--error-file', '/tmp/tmpogu26y9t']
[2022-06-26 19:14:02,706] {standard_task_runner.py:77} INFO - Job 239: Subtask postgreSQL_getTable
[2022-06-26 19:14:02,758] {logging_mixin.py:104} INFO - Running <TaskInstance: SDG_Enrique_V0.postgreSQL_getTable 2022-06-25T00:00:00+00:00 [running]> on host 6fc8504e86cf
[2022-06-26 19:14:02,826] {taskinstance.py:1257} INFO - Exporting the following env vars:
AIRFLOW_CTX_DAG_EMAIL=enrique-liebana@outlook.com
AIRFLOW_CTX_DAG_OWNER=Enrique
AIRFLOW_CTX_DAG_ID=SDG_Enrique_V0
AIRFLOW_CTX_TASK_ID=postgreSQL_getTable
AIRFLOW_CTX_EXECUTION_DATE=2022-06-25T00:00:00+00:00
AIRFLOW_CTX_DAG_RUN_ID=manual__2022-06-25T00:00:00+00:00
[2022-06-26 19:14:02,840] {base.py:74} INFO - Using connection to: id: postgres_conection. Host: host.docker.internal, Port: 5432, Schema: data_company, Login: airflow, Password: XXXXXXXX, extra: None
[2022-06-26 19:14:24,293] {company_forecasting.py:78} INFO - Backup Company data in : /raw_data/company.csv
[2022-06-26 19:14:24,298] {python.py:118} INFO - Done. Returned value was: None
[2022-06-26 19:14:24,325] {taskinstance.py:1166} INFO - Marking task as SUCCESS. dag_id=SDG_Enrique_V0, task_id=postgreSQL_getTable, execution_date=20220625T000000, start_date=20220626T191402, end_date=20220626T191424
[2022-06-26 19:14:24,378] {taskinstance.py:1220} INFO - 1 downstream tasks scheduled from follow-on schedule check
[2022-06-26 19:14:24,434] {local_task_job.py:146} INFO - Task exited with return code 0
[2022-06-26 19:21:06,931] {taskinstance.py:851} INFO - Dependencies all met for <TaskInstance: SDG_Enrique_V0.postgreSQL_getTable 2022-06-25T00:00:00+00:00 [queued]>
[2022-06-26 19:21:06,947] {taskinstance.py:851} INFO - Dependencies all met for <TaskInstance: SDG_Enrique_V0.postgreSQL_getTable 2022-06-25T00:00:00+00:00 [queued]>
[2022-06-26 19:21:06,948] {taskinstance.py:1042} INFO - 
--------------------------------------------------------------------------------
[2022-06-26 19:21:06,949] {taskinstance.py:1043} INFO - Starting attempt 1 of 1
[2022-06-26 19:21:06,949] {taskinstance.py:1044} INFO - 
--------------------------------------------------------------------------------
[2022-06-26 19:21:06,966] {taskinstance.py:1063} INFO - Executing <Task(PythonOperator): postgreSQL_getTable> on 2022-06-25T00:00:00+00:00
[2022-06-26 19:21:06,972] {standard_task_runner.py:52} INFO - Started process 921 to run task
[2022-06-26 19:21:06,984] {standard_task_runner.py:76} INFO - Running: ['airflow', 'tasks', 'run', 'SDG_Enrique_V0', 'postgreSQL_getTable', '2022-06-25T00:00:00+00:00', '--job-id', '256', '--pool', 'default_pool', '--raw', '--subdir', 'DAGS_FOLDER/company_forecasting.py', '--cfg-path', '/tmp/tmp18l89xy0', '--error-file', '/tmp/tmpwoqtvsww']
[2022-06-26 19:21:06,987] {standard_task_runner.py:77} INFO - Job 256: Subtask postgreSQL_getTable
[2022-06-26 19:21:07,046] {logging_mixin.py:104} INFO - Running <TaskInstance: SDG_Enrique_V0.postgreSQL_getTable 2022-06-25T00:00:00+00:00 [running]> on host 6fc8504e86cf
[2022-06-26 19:21:07,127] {taskinstance.py:1257} INFO - Exporting the following env vars:
AIRFLOW_CTX_DAG_EMAIL=enrique-liebana@outlook.com
AIRFLOW_CTX_DAG_OWNER=Enrique
AIRFLOW_CTX_DAG_ID=SDG_Enrique_V0
AIRFLOW_CTX_TASK_ID=postgreSQL_getTable
AIRFLOW_CTX_EXECUTION_DATE=2022-06-25T00:00:00+00:00
AIRFLOW_CTX_DAG_RUN_ID=manual__2022-06-25T00:00:00+00:00
[2022-06-26 19:21:07,144] {base.py:74} INFO - Using connection to: id: postgres_conection. Host: host.docker.internal, Port: 5432, Schema: data_company, Login: airflow, Password: XXXXXXXX, extra: None
[2022-06-26 19:21:18,097] {company_forecasting.py:78} INFO - Backup Company data in : /raw_data/company.csv
[2022-06-26 19:21:18,100] {python.py:118} INFO - Done. Returned value was: None
[2022-06-26 19:21:18,111] {taskinstance.py:1166} INFO - Marking task as SUCCESS. dag_id=SDG_Enrique_V0, task_id=postgreSQL_getTable, execution_date=20220625T000000, start_date=20220626T192106, end_date=20220626T192118
[2022-06-26 19:21:18,139] {taskinstance.py:1220} INFO - 1 downstream tasks scheduled from follow-on schedule check
[2022-06-26 19:21:18,212] {local_task_job.py:146} INFO - Task exited with return code 0
