[2022-06-26 19:20:22,836] {taskinstance.py:851} INFO - Dependencies all met for <TaskInstance: trigger_dag.trigger_target 2022-06-26T19:20:21.223726+00:00 [queued]>
[2022-06-26 19:20:22,845] {taskinstance.py:851} INFO - Dependencies all met for <TaskInstance: trigger_dag.trigger_target 2022-06-26T19:20:21.223726+00:00 [queued]>
[2022-06-26 19:20:22,846] {taskinstance.py:1042} INFO - 
--------------------------------------------------------------------------------
[2022-06-26 19:20:22,846] {taskinstance.py:1043} INFO - Starting attempt 1 of 1
[2022-06-26 19:20:22,847] {taskinstance.py:1044} INFO - 
--------------------------------------------------------------------------------
[2022-06-26 19:20:22,858] {taskinstance.py:1063} INFO - Executing <Task(TriggerDagRunOperator): trigger_target> on 2022-06-26T19:20:21.223726+00:00
[2022-06-26 19:20:22,864] {standard_task_runner.py:52} INFO - Started process 822 to run task
[2022-06-26 19:20:22,868] {standard_task_runner.py:76} INFO - Running: ['airflow', 'tasks', 'run', 'trigger_dag', 'trigger_target', '2022-06-26T19:20:21.223726+00:00', '--job-id', '249', '--pool', 'default_pool', '--raw', '--subdir', 'DAGS_FOLDER/trigger_dag.py', '--cfg-path', '/tmp/tmpdrb9z70_', '--error-file', '/tmp/tmpkuyg02lo']
[2022-06-26 19:20:22,871] {standard_task_runner.py:77} INFO - Job 249: Subtask trigger_target
[2022-06-26 19:20:22,912] {logging_mixin.py:104} INFO - Running <TaskInstance: trigger_dag.trigger_target 2022-06-26T19:20:21.223726+00:00 [running]> on host 6fc8504e86cf
[2022-06-26 19:20:22,953] {taskinstance.py:1257} INFO - Exporting the following env vars:
AIRFLOW_CTX_DAG_OWNER=airflow
AIRFLOW_CTX_DAG_ID=trigger_dag
AIRFLOW_CTX_TASK_ID=trigger_target
AIRFLOW_CTX_EXECUTION_DATE=2022-06-26T19:20:21.223726+00:00
AIRFLOW_CTX_DAG_RUN_ID=manual__2022-06-26T19:20:21.223726+00:00
[2022-06-26 19:20:22,979] {trigger_dagrun.py:140} INFO - Clearing SDG_Enrique_V0 on 2022-06-26T00:00:00+00:00
[2022-06-26 19:20:23,025] {trigger_dagrun.py:165} INFO - Waiting for SDG_Enrique_V0 on 2022-06-26 00:00:00+00:00 to become allowed state ['success'] ...
[2022-06-26 19:20:38,138] {local_task_job.py:188} WARNING - State of this instance has been externally set to None. Terminating instance.
[2022-06-26 19:20:38,155] {process_utils.py:100} INFO - Sending Signals.SIGTERM to GPID 822
[2022-06-26 19:20:38,157] {taskinstance.py:1239} ERROR - Received SIGTERM. Terminating subprocesses.
[2022-06-26 19:20:38,176] {taskinstance.py:1455} ERROR - Task received SIGTERM signal
Traceback (most recent call last):
  File "/home/airflow/.local/lib/python3.6/site-packages/airflow/models/taskinstance.py", line 1112, in _run_raw_task
    self._prepare_and_execute_task_with_callbacks(context, task)
  File "/home/airflow/.local/lib/python3.6/site-packages/airflow/models/taskinstance.py", line 1285, in _prepare_and_execute_task_with_callbacks
    result = self._execute_task(context, task_copy)
  File "/home/airflow/.local/lib/python3.6/site-packages/airflow/models/taskinstance.py", line 1315, in _execute_task
    result = task_copy.execute(context=context)
  File "/home/airflow/.local/lib/python3.6/site-packages/airflow/operators/trigger_dagrun.py", line 167, in execute
    time.sleep(self.poke_interval)
  File "/home/airflow/.local/lib/python3.6/site-packages/airflow/models/taskinstance.py", line 1241, in signal_handler
    raise AirflowException("Task received SIGTERM signal")
airflow.exceptions.AirflowException: Task received SIGTERM signal
[2022-06-26 19:20:38,180] {taskinstance.py:1503} INFO - Marking task as FAILED. dag_id=trigger_dag, task_id=trigger_target, execution_date=20220626T192021, start_date=20220626T192022, end_date=20220626T192038
[2022-06-26 19:20:38,297] {process_utils.py:66} INFO - Process psutil.Process(pid=822, status='terminated', exitcode=1, started='19:20:22') (822) terminated with exit code 1
