[2022-07-01 07:50:51,105] {taskinstance.py:851} INFO - Dependencies all met for <TaskInstance: SDG_Enrique_V0.Feature_Selection 2022-07-01T00:00:00+00:00 [queued]>
[2022-07-01 07:50:51,139] {taskinstance.py:851} INFO - Dependencies all met for <TaskInstance: SDG_Enrique_V0.Feature_Selection 2022-07-01T00:00:00+00:00 [queued]>
[2022-07-01 07:50:51,142] {taskinstance.py:1042} INFO - 
--------------------------------------------------------------------------------
[2022-07-01 07:50:51,143] {taskinstance.py:1043} INFO - Starting attempt 1 of 1
[2022-07-01 07:50:51,145] {taskinstance.py:1044} INFO - 
--------------------------------------------------------------------------------
[2022-07-01 07:50:51,163] {taskinstance.py:1063} INFO - Executing <Task(PythonOperator): Feature_Selection> on 2022-07-01T00:00:00+00:00
[2022-07-01 07:50:51,171] {standard_task_runner.py:52} INFO - Started process 811 to run task
[2022-07-01 07:50:51,200] {standard_task_runner.py:76} INFO - Running: ['airflow', 'tasks', 'run', 'SDG_Enrique_V0', 'Feature_Selection', '2022-07-01T00:00:00+00:00', '--job-id', '1547', '--pool', 'default_pool', '--raw', '--subdir', 'DAGS_FOLDER/company_forecasting.py', '--cfg-path', '/tmp/tmpcn7k9l3u', '--error-file', '/tmp/tmp_d4zbfwc']
[2022-07-01 07:50:51,206] {standard_task_runner.py:77} INFO - Job 1547: Subtask Feature_Selection
[2022-07-01 07:50:51,326] {logging_mixin.py:104} INFO - Running <TaskInstance: SDG_Enrique_V0.Feature_Selection 2022-07-01T00:00:00+00:00 [running]> on host 14dddcffc0ea
[2022-07-01 07:50:51,459] {taskinstance.py:1257} INFO - Exporting the following env vars:
AIRFLOW_CTX_DAG_EMAIL=enrique-liebana@outlook.com
AIRFLOW_CTX_DAG_OWNER=Enrique Liebana Peña
AIRFLOW_CTX_DAG_ID=SDG_Enrique_V0
AIRFLOW_CTX_TASK_ID=Feature_Selection
AIRFLOW_CTX_EXECUTION_DATE=2022-07-01T00:00:00+00:00
AIRFLOW_CTX_DAG_RUN_ID=manual__2022-07-01T00:00:00+00:00
[2022-07-01 07:51:14,268] {base.py:74} INFO - Using connection to: id: postgres_conection. Host: host.docker.internal, Port: 5432, Schema: data_company, Login: airflow, Password: XXXXXXXX, extra: None
[2022-07-01 07:51:14,290] {logging_mixin.py:104} INFO - CREATE TABLE IF NOT EXISTS company_P(rev_mean REAL, 
mou_mean REAL, 
totmrc_mean REAL, 
da_mean REAL, 
ovrmou_mean REAL, 
datovr_mean REAL, 
roam_mean REAL, 
change_mou REAL, 
change_rev REAL, 
drop_vce_mean REAL, 
blck_vce_mean REAL, 
unan_vce_mean REAL, 
plcd_vce_mean REAL, 
plcd_dat_mean REAL, 
recv_vce_mean REAL, 
custcare_mean REAL, 
ccrndmou_mean REAL, 
threeway_mean REAL, 
mou_cvce_mean REAL, 
mou_rvce_mean REAL, 
owylis_vce_mean REAL, 
mouowylisv_mean REAL, 
iwylis_vce_mean REAL, 
mouiwylisv_mean REAL, 
mou_peav_mean REAL, 
opk_vce_mean REAL, 
mou_opkv_mean REAL, 
drop_blk_mean REAL, 
callwait_mean REAL, 
months REAL, 
uniqsubs REAL, 
actvsubs REAL, 
asl_flag INT4, 
totcalls REAL, 
totrev REAL, 
avgrev REAL, 
avgmou REAL, 
avgqty REAL, 
hnd_price REAL, 
phones REAL, 
models REAL, 
truck REAL, 
rv REAL, 
adults REAL, 
income REAL, 
forgntvl REAL, 
kid6_10 INT4, 
kid16_17 INT4, 
eqpdays REAL, 
new_cell_N INT4, 
new_cell_U INT4, 
new_cell_Y INT4, 
crclscod_A INT4, 
crclscod_AA INT4, 
crclscod_BA INT4, 
crclscod_CA INT4, 
crclscod_EA INT4, 
prizm_social_one_C INT4, 
prizm_social_one_S INT4, 
prizm_social_one_T INT4, 
prizm_social_one_U INT4, 
area_0 INT4, 
area_1 INT4, 
area_3 INT4, 
area_4 INT4, 
area_5 INT4, 
area_8 INT4, 
area_9 INT4, 
area_10 INT4, 
area_11 INT4, 
area_12 INT4, 
area_13 INT4, 
area_17 INT4, 
dualband_Y INT4, 
refurb_new_R INT4, 
hnd_webcap_WCMB INT4, 
marital_A INT4, 
marital_B INT4, 
marital_M INT4, 
marital_S INT4, 
marital_U INT4, 
infobase_M INT4, 
ethnic_G INT4, 
ethnic_H INT4, 
ethnic_I INT4, 
ethnic_N INT4, 
ethnic_O INT4, 
ethnic_S INT4, 
ethnic_U INT4, 
ethnic_Z INT4, 
creditcd_N INT4, 
churn INT4);
[2022-07-01 07:51:14,291] {logging_mixin.py:104} INFO - 
[2022-07-01 07:51:18,469] {python.py:118} INFO - Done. Returned value was: None
[2022-07-01 07:51:18,493] {taskinstance.py:1166} INFO - Marking task as SUCCESS. dag_id=SDG_Enrique_V0, task_id=Feature_Selection, execution_date=20220701T000000, start_date=20220701T075051, end_date=20220701T075118
[2022-07-01 07:51:18,550] {taskinstance.py:1220} INFO - 0 downstream tasks scheduled from follow-on schedule check
[2022-07-01 07:51:18,579] {local_task_job.py:146} INFO - Task exited with return code 0
[2022-07-01 10:39:27,391] {taskinstance.py:851} INFO - Dependencies all met for <TaskInstance: SDG_Enrique_V0.Feature_Selection 2022-07-01T00:00:00+00:00 [queued]>
[2022-07-01 10:39:27,462] {taskinstance.py:851} INFO - Dependencies all met for <TaskInstance: SDG_Enrique_V0.Feature_Selection 2022-07-01T00:00:00+00:00 [queued]>
[2022-07-01 10:39:27,463] {taskinstance.py:1042} INFO - 
--------------------------------------------------------------------------------
[2022-07-01 10:39:27,467] {taskinstance.py:1043} INFO - Starting attempt 1 of 1
[2022-07-01 10:39:27,469] {taskinstance.py:1044} INFO - 
--------------------------------------------------------------------------------
[2022-07-01 10:39:27,497] {taskinstance.py:1063} INFO - Executing <Task(PythonOperator): Feature_Selection> on 2022-07-01T00:00:00+00:00
[2022-07-01 10:39:27,516] {standard_task_runner.py:52} INFO - Started process 15286 to run task
[2022-07-01 10:39:27,544] {standard_task_runner.py:76} INFO - Running: ['airflow', 'tasks', 'run', 'SDG_Enrique_V0', 'Feature_Selection', '2022-07-01T00:00:00+00:00', '--job-id', '1577', '--pool', 'default_pool', '--raw', '--subdir', 'DAGS_FOLDER/company_forecasting.py', '--cfg-path', '/tmp/tmprh6ux4ub', '--error-file', '/tmp/tmpcp69b8a1']
[2022-07-01 10:39:27,549] {standard_task_runner.py:77} INFO - Job 1577: Subtask Feature_Selection
[2022-07-01 10:39:27,682] {logging_mixin.py:104} INFO - Running <TaskInstance: SDG_Enrique_V0.Feature_Selection 2022-07-01T00:00:00+00:00 [running]> on host 14dddcffc0ea
[2022-07-01 10:39:27,851] {taskinstance.py:1257} INFO - Exporting the following env vars:
AIRFLOW_CTX_DAG_EMAIL=enrique-liebana@outlook.com
AIRFLOW_CTX_DAG_OWNER=Enrique Liebana Peña
AIRFLOW_CTX_DAG_ID=SDG_Enrique_V0
AIRFLOW_CTX_TASK_ID=Feature_Selection
AIRFLOW_CTX_EXECUTION_DATE=2022-07-01T00:00:00+00:00
AIRFLOW_CTX_DAG_RUN_ID=manual__2022-07-01T00:00:00+00:00
[2022-07-01 10:40:20,599] {base.py:74} INFO - Using connection to: id: postgres_conection. Host: host.docker.internal, Port: 5432, Schema: data_company, Login: airflow, Password: XXXXXXXX, extra: None
[2022-07-01 10:40:20,618] {logging_mixin.py:104} INFO - CREATE TABLE IF NOT EXISTS company_P(rev_mean REAL, 
mou_mean REAL, 
totmrc_mean REAL, 
da_mean REAL, 
ovrmou_mean REAL, 
datovr_mean REAL, 
roam_mean REAL, 
change_mou REAL, 
change_rev REAL, 
drop_vce_mean REAL, 
blck_vce_mean REAL, 
unan_vce_mean REAL, 
plcd_vce_mean REAL, 
plcd_dat_mean REAL, 
recv_vce_mean REAL, 
custcare_mean REAL, 
ccrndmou_mean REAL, 
threeway_mean REAL, 
mou_cvce_mean REAL, 
mou_rvce_mean REAL, 
owylis_vce_mean REAL, 
mouowylisv_mean REAL, 
iwylis_vce_mean REAL, 
mouiwylisv_mean REAL, 
mou_peav_mean REAL, 
opk_vce_mean REAL, 
mou_opkv_mean REAL, 
drop_blk_mean REAL, 
callwait_mean REAL, 
months REAL, 
uniqsubs REAL, 
actvsubs REAL, 
asl_flag INT4, 
totcalls REAL, 
totrev REAL, 
avgrev REAL, 
avgmou REAL, 
avgqty REAL, 
hnd_price REAL, 
phones REAL, 
models REAL, 
truck REAL, 
rv REAL, 
adults REAL, 
income REAL, 
forgntvl REAL, 
kid6_10 INT4, 
kid16_17 INT4, 
eqpdays REAL, 
new_cell_N INT4, 
new_cell_U INT4, 
new_cell_Y INT4, 
crclscod_A INT4, 
crclscod_AA INT4, 
crclscod_BA INT4, 
crclscod_CA INT4, 
crclscod_EA INT4, 
prizm_social_one_C INT4, 
prizm_social_one_S INT4, 
prizm_social_one_T INT4, 
prizm_social_one_U INT4, 
area_0 INT4, 
area_1 INT4, 
area_3 INT4, 
area_4 INT4, 
area_5 INT4, 
area_8 INT4, 
area_9 INT4, 
area_10 INT4, 
area_11 INT4, 
area_12 INT4, 
area_13 INT4, 
area_17 INT4, 
dualband_Y INT4, 
refurb_new_R INT4, 
hnd_webcap_WCMB INT4, 
marital_A INT4, 
marital_B INT4, 
marital_M INT4, 
marital_S INT4, 
marital_U INT4, 
infobase_M INT4, 
ethnic_G INT4, 
ethnic_H INT4, 
ethnic_I INT4, 
ethnic_N INT4, 
ethnic_O INT4, 
ethnic_S INT4, 
ethnic_U INT4, 
ethnic_Z INT4, 
creditcd_N INT4, 
churn INT4);
[2022-07-01 10:40:20,620] {logging_mixin.py:104} INFO - 
[2022-07-01 10:40:23,929] {python.py:118} INFO - Done. Returned value was: None
[2022-07-01 10:40:23,946] {taskinstance.py:1166} INFO - Marking task as SUCCESS. dag_id=SDG_Enrique_V0, task_id=Feature_Selection, execution_date=20220701T000000, start_date=20220701T103927, end_date=20220701T104023
[2022-07-01 10:40:23,976] {taskinstance.py:1220} INFO - 0 downstream tasks scheduled from follow-on schedule check
[2022-07-01 10:40:24,028] {local_task_job.py:146} INFO - Task exited with return code 0
