[2022-06-29 21:06:25,867] {taskinstance.py:851} INFO - Dependencies all met for <TaskInstance: SDG_Enrique_V0.postgreSQL_getTable 2022-06-29T00:00:00+00:00 [queued]>
[2022-06-29 21:06:25,887] {taskinstance.py:851} INFO - Dependencies all met for <TaskInstance: SDG_Enrique_V0.postgreSQL_getTable 2022-06-29T00:00:00+00:00 [queued]>
[2022-06-29 21:06:25,888] {taskinstance.py:1042} INFO - 
--------------------------------------------------------------------------------
[2022-06-29 21:06:25,889] {taskinstance.py:1043} INFO - Starting attempt 2 of 2
[2022-06-29 21:06:25,890] {taskinstance.py:1044} INFO - 
--------------------------------------------------------------------------------
[2022-06-29 21:06:25,900] {taskinstance.py:1063} INFO - Executing <Task(PythonOperator): postgreSQL_getTable> on 2022-06-29T00:00:00+00:00
[2022-06-29 21:06:25,907] {standard_task_runner.py:52} INFO - Started process 263 to run task
[2022-06-29 21:06:25,912] {standard_task_runner.py:76} INFO - Running: ['airflow', 'tasks', 'run', 'SDG_Enrique_V0', 'postgreSQL_getTable', '2022-06-29T00:00:00+00:00', '--job-id', '1398', '--pool', 'default_pool', '--raw', '--subdir', 'DAGS_FOLDER/company_forecasting.py', '--cfg-path', '/tmp/tmpaxvcq8tz', '--error-file', '/tmp/tmprdm859vd']
[2022-06-29 21:06:25,915] {standard_task_runner.py:77} INFO - Job 1398: Subtask postgreSQL_getTable
[2022-06-29 21:06:25,969] {logging_mixin.py:104} INFO - Running <TaskInstance: SDG_Enrique_V0.postgreSQL_getTable 2022-06-29T00:00:00+00:00 [running]> on host b7cac64f9a9a
[2022-06-29 21:06:26,023] {taskinstance.py:1257} INFO - Exporting the following env vars:
AIRFLOW_CTX_DAG_EMAIL=enrique-liebana@outlook.com
AIRFLOW_CTX_DAG_OWNER=Enrique Liebana Peña
AIRFLOW_CTX_DAG_ID=SDG_Enrique_V0
AIRFLOW_CTX_TASK_ID=postgreSQL_getTable
AIRFLOW_CTX_EXECUTION_DATE=2022-06-29T00:00:00+00:00
AIRFLOW_CTX_DAG_RUN_ID=manual__2022-06-29T00:00:00+00:00
[2022-06-29 21:06:26,039] {base.py:74} INFO - Using connection to: id: postgres_conection. Host: host.docker.internal, Port: 5432, Schema: data_company, Login: airflow, Password: XXXXXXXX, extra: None
[2022-06-29 21:06:50,573] {company_forecasting.py:55} INFO - Backup Company data in : /raw_data/company.csv
[2022-06-29 21:06:50,575] {python.py:118} INFO - Done. Returned value was: None
[2022-06-29 21:06:50,591] {taskinstance.py:1166} INFO - Marking task as SUCCESS. dag_id=SDG_Enrique_V0, task_id=postgreSQL_getTable, execution_date=20220629T000000, start_date=20220629T210625, end_date=20220629T210650
[2022-06-29 21:06:50,637] {taskinstance.py:1220} INFO - 1 downstream tasks scheduled from follow-on schedule check
[2022-06-29 21:06:50,722] {local_task_job.py:146} INFO - Task exited with return code 0
[2022-06-29 21:57:19,019] {taskinstance.py:851} INFO - Dependencies all met for <TaskInstance: SDG_Enrique_V0.postgreSQL_getTable 2022-06-29T00:00:00+00:00 [queued]>
[2022-06-29 21:57:19,048] {taskinstance.py:851} INFO - Dependencies all met for <TaskInstance: SDG_Enrique_V0.postgreSQL_getTable 2022-06-29T00:00:00+00:00 [queued]>
[2022-06-29 21:57:19,049] {taskinstance.py:1042} INFO - 
--------------------------------------------------------------------------------
[2022-06-29 21:57:19,050] {taskinstance.py:1043} INFO - Starting attempt 2 of 2
[2022-06-29 21:57:19,070] {taskinstance.py:1044} INFO - 
--------------------------------------------------------------------------------
[2022-06-29 21:57:19,086] {taskinstance.py:1063} INFO - Executing <Task(PythonOperator): postgreSQL_getTable> on 2022-06-29T00:00:00+00:00
[2022-06-29 21:57:19,096] {standard_task_runner.py:52} INFO - Started process 1023 to run task
[2022-06-29 21:57:19,102] {standard_task_runner.py:76} INFO - Running: ['airflow', 'tasks', 'run', 'SDG_Enrique_V0', 'postgreSQL_getTable', '2022-06-29T00:00:00+00:00', '--job-id', '1474', '--pool', 'default_pool', '--raw', '--subdir', 'DAGS_FOLDER/company_forecasting.py', '--cfg-path', '/tmp/tmp2ha3iqpl', '--error-file', '/tmp/tmp1gfs9ifv']
[2022-06-29 21:57:19,106] {standard_task_runner.py:77} INFO - Job 1474: Subtask postgreSQL_getTable
[2022-06-29 21:57:19,195] {logging_mixin.py:104} INFO - Running <TaskInstance: SDG_Enrique_V0.postgreSQL_getTable 2022-06-29T00:00:00+00:00 [running]> on host daae6b127c15
[2022-06-29 21:57:19,276] {taskinstance.py:1257} INFO - Exporting the following env vars:
AIRFLOW_CTX_DAG_EMAIL=enrique-liebana@outlook.com
AIRFLOW_CTX_DAG_OWNER=Enrique Liebana Peña
AIRFLOW_CTX_DAG_ID=SDG_Enrique_V0
AIRFLOW_CTX_TASK_ID=postgreSQL_getTable
AIRFLOW_CTX_EXECUTION_DATE=2022-06-29T00:00:00+00:00
AIRFLOW_CTX_DAG_RUN_ID=manual__2022-06-29T00:00:00+00:00
[2022-06-29 21:57:19,292] {base.py:74} INFO - Using connection to: id: postgres_conection. Host: host.docker.internal, Port: 5432, Schema: data_company, Login: airflow, Password: XXXXXXXX, extra: None
[2022-06-29 21:57:38,452] {company_forecasting.py:55} INFO - Backup Company data in : /raw_data/company.csv
[2022-06-29 21:57:38,453] {python.py:118} INFO - Done. Returned value was: None
[2022-06-29 21:57:38,467] {taskinstance.py:1166} INFO - Marking task as SUCCESS. dag_id=SDG_Enrique_V0, task_id=postgreSQL_getTable, execution_date=20220629T000000, start_date=20220629T215719, end_date=20220629T215738
[2022-06-29 21:57:38,501] {taskinstance.py:1220} INFO - 1 downstream tasks scheduled from follow-on schedule check
[2022-06-29 21:57:38,584] {local_task_job.py:146} INFO - Task exited with return code 0
