[2022-06-29 21:07:10,188] {taskinstance.py:851} INFO - Dependencies all met for <TaskInstance: SDG_Enrique_V0.postgreSQL_getTable 2022-06-29T00:00:00+00:00 [queued]>
[2022-06-29 21:07:10,229] {taskinstance.py:851} INFO - Dependencies all met for <TaskInstance: SDG_Enrique_V0.postgreSQL_getTable 2022-06-29T00:00:00+00:00 [queued]>
[2022-06-29 21:07:10,231] {taskinstance.py:1042} INFO - 
--------------------------------------------------------------------------------
[2022-06-29 21:07:10,232] {taskinstance.py:1043} INFO - Starting attempt 3 of 3
[2022-06-29 21:07:10,234] {taskinstance.py:1044} INFO - 
--------------------------------------------------------------------------------
[2022-06-29 21:07:10,286] {taskinstance.py:1063} INFO - Executing <Task(PythonOperator): postgreSQL_getTable> on 2022-06-29T00:00:00+00:00
[2022-06-29 21:07:10,311] {standard_task_runner.py:76} INFO - Running: ['airflow', 'tasks', 'run', 'SDG_Enrique_V0', 'postgreSQL_getTable', '2022-06-29T00:00:00+00:00', '--job-id', '1401', '--pool', 'default_pool', '--raw', '--subdir', 'DAGS_FOLDER/company_forecasting.py', '--cfg-path', '/tmp/tmppsu2dj6f', '--error-file', '/tmp/tmpk5r7p1q5']
[2022-06-29 21:07:10,303] {standard_task_runner.py:52} INFO - Started process 326 to run task
[2022-06-29 21:07:10,315] {standard_task_runner.py:77} INFO - Job 1401: Subtask postgreSQL_getTable
[2022-06-29 21:07:10,462] {logging_mixin.py:104} INFO - Running <TaskInstance: SDG_Enrique_V0.postgreSQL_getTable 2022-06-29T00:00:00+00:00 [running]> on host b7cac64f9a9a
[2022-06-29 21:07:10,568] {taskinstance.py:1257} INFO - Exporting the following env vars:
AIRFLOW_CTX_DAG_EMAIL=enrique-liebana@outlook.com
AIRFLOW_CTX_DAG_OWNER=Enrique Liebana Peña
AIRFLOW_CTX_DAG_ID=SDG_Enrique_V0
AIRFLOW_CTX_TASK_ID=postgreSQL_getTable
AIRFLOW_CTX_EXECUTION_DATE=2022-06-29T00:00:00+00:00
AIRFLOW_CTX_DAG_RUN_ID=manual__2022-06-29T00:00:00+00:00
[2022-06-29 21:07:10,588] {base.py:74} INFO - Using connection to: id: postgres_conection. Host: host.docker.internal, Port: 5432, Schema: data_company, Login: airflow, Password: XXXXXXXX, extra: None
[2022-06-29 21:07:43,461] {company_forecasting.py:55} INFO - Backup Company data in : /raw_data/company.csv
[2022-06-29 21:07:43,464] {python.py:118} INFO - Done. Returned value was: None
[2022-06-29 21:07:43,481] {taskinstance.py:1166} INFO - Marking task as SUCCESS. dag_id=SDG_Enrique_V0, task_id=postgreSQL_getTable, execution_date=20220629T000000, start_date=20220629T210710, end_date=20220629T210743
[2022-06-29 21:07:43,515] {taskinstance.py:1220} INFO - 0 downstream tasks scheduled from follow-on schedule check
[2022-06-29 21:07:43,661] {local_task_job.py:146} INFO - Task exited with return code 0
[2022-06-29 22:06:38,799] {taskinstance.py:851} INFO - Dependencies all met for <TaskInstance: SDG_Enrique_V0.postgreSQL_getTable 2022-06-29T00:00:00+00:00 [queued]>
[2022-06-29 22:06:38,844] {taskinstance.py:851} INFO - Dependencies all met for <TaskInstance: SDG_Enrique_V0.postgreSQL_getTable 2022-06-29T00:00:00+00:00 [queued]>
[2022-06-29 22:06:38,846] {taskinstance.py:1042} INFO - 
--------------------------------------------------------------------------------
[2022-06-29 22:06:38,848] {taskinstance.py:1043} INFO - Starting attempt 3 of 3
[2022-06-29 22:06:38,849] {taskinstance.py:1044} INFO - 
--------------------------------------------------------------------------------
[2022-06-29 22:06:38,874] {taskinstance.py:1063} INFO - Executing <Task(PythonOperator): postgreSQL_getTable> on 2022-06-29T00:00:00+00:00
[2022-06-29 22:06:38,890] {standard_task_runner.py:52} INFO - Started process 236 to run task
[2022-06-29 22:06:38,899] {standard_task_runner.py:76} INFO - Running: ['airflow', 'tasks', 'run', 'SDG_Enrique_V0', 'postgreSQL_getTable', '2022-06-29T00:00:00+00:00', '--job-id', '1513', '--pool', 'default_pool', '--raw', '--subdir', 'DAGS_FOLDER/company_forecasting.py', '--cfg-path', '/tmp/tmppshvi1o7', '--error-file', '/tmp/tmp95yxyinn']
[2022-06-29 22:06:38,905] {standard_task_runner.py:77} INFO - Job 1513: Subtask postgreSQL_getTable
[2022-06-29 22:06:39,001] {logging_mixin.py:104} INFO - Running <TaskInstance: SDG_Enrique_V0.postgreSQL_getTable 2022-06-29T00:00:00+00:00 [running]> on host 059caebd5ba5
[2022-06-29 22:06:39,074] {taskinstance.py:1257} INFO - Exporting the following env vars:
AIRFLOW_CTX_DAG_EMAIL=enrique-liebana@outlook.com
AIRFLOW_CTX_DAG_OWNER=Enrique Liebana Peña
AIRFLOW_CTX_DAG_ID=SDG_Enrique_V0
AIRFLOW_CTX_TASK_ID=postgreSQL_getTable
AIRFLOW_CTX_EXECUTION_DATE=2022-06-29T00:00:00+00:00
AIRFLOW_CTX_DAG_RUN_ID=manual__2022-06-29T00:00:00+00:00
[2022-06-29 22:06:39,107] {base.py:74} INFO - Using connection to: id: postgres_conection. Host: host.docker.internal, Port: 5432, Schema: data_company, Login: airflow, Password: XXXXXXXX, extra: None
[2022-06-29 22:07:07,645] {company_forecasting.py:55} INFO - Backup Company data in : /raw_data/company.csv
[2022-06-29 22:07:07,650] {python.py:118} INFO - Done. Returned value was: None
[2022-06-29 22:07:07,667] {taskinstance.py:1166} INFO - Marking task as SUCCESS. dag_id=SDG_Enrique_V0, task_id=postgreSQL_getTable, execution_date=20220629T000000, start_date=20220629T220638, end_date=20220629T220707
[2022-06-29 22:07:07,709] {taskinstance.py:1220} INFO - 1 downstream tasks scheduled from follow-on schedule check
[2022-06-29 22:07:07,780] {local_task_job.py:146} INFO - Task exited with return code 0
