[2022-06-29 21:10:03,174] {taskinstance.py:851} INFO - Dependencies all met for <TaskInstance: SDG_Enrique_V0.postgreSQL_getTable 2022-06-29T00:00:00+00:00 [queued]>
[2022-06-29 21:10:03,201] {taskinstance.py:851} INFO - Dependencies all met for <TaskInstance: SDG_Enrique_V0.postgreSQL_getTable 2022-06-29T00:00:00+00:00 [queued]>
[2022-06-29 21:10:03,203] {taskinstance.py:1042} INFO - 
--------------------------------------------------------------------------------
[2022-06-29 21:10:03,204] {taskinstance.py:1043} INFO - Starting attempt 4 of 4
[2022-06-29 21:10:03,205] {taskinstance.py:1044} INFO - 
--------------------------------------------------------------------------------
[2022-06-29 21:10:03,220] {taskinstance.py:1063} INFO - Executing <Task(PythonOperator): postgreSQL_getTable> on 2022-06-29T00:00:00+00:00
[2022-06-29 21:10:03,230] {standard_task_runner.py:52} INFO - Started process 575 to run task
[2022-06-29 21:10:03,236] {standard_task_runner.py:76} INFO - Running: ['airflow', 'tasks', 'run', 'SDG_Enrique_V0', 'postgreSQL_getTable', '2022-06-29T00:00:00+00:00', '--job-id', '1406', '--pool', 'default_pool', '--raw', '--subdir', 'DAGS_FOLDER/company_forecasting.py', '--cfg-path', '/tmp/tmpsva5hyrw', '--error-file', '/tmp/tmpwfp04x7l']
[2022-06-29 21:10:03,240] {standard_task_runner.py:77} INFO - Job 1406: Subtask postgreSQL_getTable
[2022-06-29 21:10:03,365] {logging_mixin.py:104} INFO - Running <TaskInstance: SDG_Enrique_V0.postgreSQL_getTable 2022-06-29T00:00:00+00:00 [running]> on host b7cac64f9a9a
[2022-06-29 21:10:03,519] {taskinstance.py:1257} INFO - Exporting the following env vars:
AIRFLOW_CTX_DAG_EMAIL=enrique-liebana@outlook.com
AIRFLOW_CTX_DAG_OWNER=Enrique Liebana Peña
AIRFLOW_CTX_DAG_ID=SDG_Enrique_V0
AIRFLOW_CTX_TASK_ID=postgreSQL_getTable
AIRFLOW_CTX_EXECUTION_DATE=2022-06-29T00:00:00+00:00
AIRFLOW_CTX_DAG_RUN_ID=manual__2022-06-29T00:00:00+00:00
[2022-06-29 21:10:03,547] {base.py:74} INFO - Using connection to: id: postgres_conection. Host: host.docker.internal, Port: 5432, Schema: data_company, Login: airflow, Password: XXXXXXXX, extra: None
[2022-06-29 21:10:33,531] {company_forecasting.py:55} INFO - Backup Company data in : /raw_data/company.csv
[2022-06-29 21:10:33,536] {python.py:118} INFO - Done. Returned value was: None
[2022-06-29 21:10:33,575] {taskinstance.py:1166} INFO - Marking task as SUCCESS. dag_id=SDG_Enrique_V0, task_id=postgreSQL_getTable, execution_date=20220629T000000, start_date=20220629T211003, end_date=20220629T211033
[2022-06-29 21:10:33,675] {taskinstance.py:1220} INFO - 1 downstream tasks scheduled from follow-on schedule check
[2022-06-29 21:10:33,759] {local_task_job.py:146} INFO - Task exited with return code 0
[2022-06-29 22:08:33,682] {taskinstance.py:851} INFO - Dependencies all met for <TaskInstance: SDG_Enrique_V0.postgreSQL_getTable 2022-06-29T00:00:00+00:00 [queued]>
[2022-06-29 22:08:33,786] {taskinstance.py:851} INFO - Dependencies all met for <TaskInstance: SDG_Enrique_V0.postgreSQL_getTable 2022-06-29T00:00:00+00:00 [queued]>
[2022-06-29 22:08:33,795] {taskinstance.py:1042} INFO - 
--------------------------------------------------------------------------------
[2022-06-29 22:08:33,798] {taskinstance.py:1043} INFO - Starting attempt 4 of 4
[2022-06-29 22:08:33,801] {taskinstance.py:1044} INFO - 
--------------------------------------------------------------------------------
[2022-06-29 22:08:33,837] {taskinstance.py:1063} INFO - Executing <Task(PythonOperator): postgreSQL_getTable> on 2022-06-29T00:00:00+00:00
[2022-06-29 22:08:33,870] {standard_task_runner.py:52} INFO - Started process 406 to run task
[2022-06-29 22:08:33,912] {standard_task_runner.py:76} INFO - Running: ['airflow', 'tasks', 'run', 'SDG_Enrique_V0', 'postgreSQL_getTable', '2022-06-29T00:00:00+00:00', '--job-id', '1519', '--pool', 'default_pool', '--raw', '--subdir', 'DAGS_FOLDER/company_forecasting.py', '--cfg-path', '/tmp/tmpzut_jtpg', '--error-file', '/tmp/tmpds6s91l4']
[2022-06-29 22:08:33,921] {standard_task_runner.py:77} INFO - Job 1519: Subtask postgreSQL_getTable
[2022-06-29 22:08:34,163] {logging_mixin.py:104} INFO - Running <TaskInstance: SDG_Enrique_V0.postgreSQL_getTable 2022-06-29T00:00:00+00:00 [running]> on host 059caebd5ba5
[2022-06-29 22:08:34,357] {taskinstance.py:1257} INFO - Exporting the following env vars:
AIRFLOW_CTX_DAG_EMAIL=enrique-liebana@outlook.com
AIRFLOW_CTX_DAG_OWNER=Enrique Liebana Peña
AIRFLOW_CTX_DAG_ID=SDG_Enrique_V0
AIRFLOW_CTX_TASK_ID=postgreSQL_getTable
AIRFLOW_CTX_EXECUTION_DATE=2022-06-29T00:00:00+00:00
AIRFLOW_CTX_DAG_RUN_ID=manual__2022-06-29T00:00:00+00:00
[2022-06-29 22:08:34,394] {base.py:74} INFO - Using connection to: id: postgres_conection. Host: host.docker.internal, Port: 5432, Schema: data_company, Login: airflow, Password: XXXXXXXX, extra: None
[2022-06-29 22:09:14,154] {company_forecasting.py:55} INFO - Backup Company data in : /raw_data/company.csv
[2022-06-29 22:09:14,156] {python.py:118} INFO - Done. Returned value was: None
[2022-06-29 22:09:14,187] {taskinstance.py:1166} INFO - Marking task as SUCCESS. dag_id=SDG_Enrique_V0, task_id=postgreSQL_getTable, execution_date=20220629T000000, start_date=20220629T220833, end_date=20220629T220914
[2022-06-29 22:09:14,251] {taskinstance.py:1220} INFO - 1 downstream tasks scheduled from follow-on schedule check
[2022-06-29 22:09:14,333] {local_task_job.py:146} INFO - Task exited with return code 0
