[2022-06-26 19:27:27,545] {taskinstance.py:851} INFO - Dependencies all met for <TaskInstance: trigger_dag.gridSearchLR 2022-06-26T19:27:24.599151+00:00 [queued]>
[2022-06-26 19:27:27,581] {taskinstance.py:851} INFO - Dependencies all met for <TaskInstance: trigger_dag.gridSearchLR 2022-06-26T19:27:24.599151+00:00 [queued]>
[2022-06-26 19:27:27,582] {taskinstance.py:1042} INFO - 
--------------------------------------------------------------------------------
[2022-06-26 19:27:27,584] {taskinstance.py:1043} INFO - Starting attempt 1 of 1
[2022-06-26 19:27:27,585] {taskinstance.py:1044} INFO - 
--------------------------------------------------------------------------------
[2022-06-26 19:27:27,600] {taskinstance.py:1063} INFO - Executing <Task(PythonOperator): gridSearchLR> on 2022-06-26T19:27:24.599151+00:00
[2022-06-26 19:27:27,606] {standard_task_runner.py:52} INFO - Started process 716 to run task
[2022-06-26 19:27:27,612] {standard_task_runner.py:76} INFO - Running: ['airflow', 'tasks', 'run', 'trigger_dag', 'gridSearchLR', '2022-06-26T19:27:24.599151+00:00', '--job-id', '295', '--pool', 'default_pool', '--raw', '--subdir', 'DAGS_FOLDER/trigger_dag.py', '--cfg-path', '/tmp/tmpf7aagghs', '--error-file', '/tmp/tmpf0awcabf']
[2022-06-26 19:27:27,619] {standard_task_runner.py:77} INFO - Job 295: Subtask gridSearchLR
[2022-06-26 19:27:27,726] {logging_mixin.py:104} INFO - Running <TaskInstance: trigger_dag.gridSearchLR 2022-06-26T19:27:24.599151+00:00 [running]> on host 6fc8504e86cf
[2022-06-26 19:27:27,823] {taskinstance.py:1257} INFO - Exporting the following env vars:
AIRFLOW_CTX_DAG_OWNER=airflow
AIRFLOW_CTX_DAG_ID=trigger_dag
AIRFLOW_CTX_TASK_ID=gridSearchLR
AIRFLOW_CTX_EXECUTION_DATE=2022-06-26T19:27:24.599151+00:00
AIRFLOW_CTX_DAG_RUN_ID=manual__2022-06-26T19:27:24.599151+00:00
[2022-06-26 19:27:36,496] {logging_mixin.py:104} WARNING - 2022/06/26 19:27:36 WARNING mlflow.tracking.context.git_context: Failed to import Git (the Git executable is probably not on your PATH), so Git SHA is not available. Error: Failed to initialize: Bad git executable.
The git executable must be specified in one of the following ways:
    - be included in your $PATH
    - be set via $GIT_PYTHON_GIT_EXECUTABLE
    - explicitly set via git.refresh()

All git commands will error until this is rectified.

This initial warning can be silenced or aggravated in the future by setting the
$GIT_PYTHON_REFRESH environment variable. Use one of the following values:
    - quiet|q|silence|s|none|n|0: for no warning or exception
    - warn|w|warning|1: for a printed warning
    - error|e|raise|r|2: for a raised exception

Example:
    export GIT_PYTHON_REFRESH=quiet
[2022-06-26 19:27:36,498] {logging_mixin.py:104} WARNING - 
[2022-06-26 19:27:36,516] {logging_mixin.py:104} INFO - newton-cg none 0.0001
[2022-06-26 19:27:38,053] {logging_mixin.py:104} WARNING - /home/airflow/.local/lib/python3.6/site-packages/sklearn/linear_model/_logistic.py:1323 UserWarning: Setting penalty='none' will ignore the C and l1_ratio parameters
[2022-06-26 19:27:47,545] {logging_mixin.py:104} INFO - newton-cg none 0.001
[2022-06-26 19:27:48,309] {logging_mixin.py:104} WARNING - /home/airflow/.local/lib/python3.6/site-packages/sklearn/linear_model/_logistic.py:1323 UserWarning: Setting penalty='none' will ignore the C and l1_ratio parameters
[2022-06-26 19:27:53,341] {logging_mixin.py:104} INFO - newton-cg none 0.01
[2022-06-26 19:27:54,165] {logging_mixin.py:104} WARNING - /home/airflow/.local/lib/python3.6/site-packages/sklearn/linear_model/_logistic.py:1323 UserWarning: Setting penalty='none' will ignore the C and l1_ratio parameters
[2022-06-26 19:27:58,751] {logging_mixin.py:104} INFO - newton-cg none 0.1
[2022-06-26 19:27:59,535] {logging_mixin.py:104} WARNING - /home/airflow/.local/lib/python3.6/site-packages/sklearn/linear_model/_logistic.py:1323 UserWarning: Setting penalty='none' will ignore the C and l1_ratio parameters
[2022-06-26 19:28:05,726] {logging_mixin.py:104} INFO - newton-cg none 1
[2022-06-26 19:28:12,378] {logging_mixin.py:104} INFO - newton-cg none 10
[2022-06-26 19:28:13,163] {logging_mixin.py:104} WARNING - /home/airflow/.local/lib/python3.6/site-packages/sklearn/linear_model/_logistic.py:1323 UserWarning: Setting penalty='none' will ignore the C and l1_ratio parameters
[2022-06-26 19:28:18,352] {logging_mixin.py:104} INFO - newton-cg none 100
[2022-06-26 19:28:19,150] {logging_mixin.py:104} WARNING - /home/airflow/.local/lib/python3.6/site-packages/sklearn/linear_model/_logistic.py:1323 UserWarning: Setting penalty='none' will ignore the C and l1_ratio parameters
[2022-06-26 19:28:23,763] {logging_mixin.py:104} INFO - newton-cg none 1000
[2022-06-26 19:28:24,505] {logging_mixin.py:104} WARNING - /home/airflow/.local/lib/python3.6/site-packages/sklearn/linear_model/_logistic.py:1323 UserWarning: Setting penalty='none' will ignore the C and l1_ratio parameters
[2022-06-26 19:28:28,733] {logging_mixin.py:104} INFO - newton-cg none 10000
[2022-06-26 19:28:29,467] {logging_mixin.py:104} WARNING - /home/airflow/.local/lib/python3.6/site-packages/sklearn/linear_model/_logistic.py:1323 UserWarning: Setting penalty='none' will ignore the C and l1_ratio parameters
[2022-06-26 19:28:34,081] {logging_mixin.py:104} INFO - newton-cg elasticnet 0.0001
[2022-06-26 19:28:34,822] {taskinstance.py:1455} ERROR - Solver newton-cg supports only 'l2' or 'none' penalties, got elasticnet penalty.
Traceback (most recent call last):
  File "/home/airflow/.local/lib/python3.6/site-packages/airflow/models/taskinstance.py", line 1112, in _run_raw_task
    self._prepare_and_execute_task_with_callbacks(context, task)
  File "/home/airflow/.local/lib/python3.6/site-packages/airflow/models/taskinstance.py", line 1285, in _prepare_and_execute_task_with_callbacks
    result = self._execute_task(context, task_copy)
  File "/home/airflow/.local/lib/python3.6/site-packages/airflow/models/taskinstance.py", line 1315, in _execute_task
    result = task_copy.execute(context=context)
  File "/home/airflow/.local/lib/python3.6/site-packages/airflow/operators/python.py", line 117, in execute
    return_value = self.execute_callable()
  File "/home/airflow/.local/lib/python3.6/site-packages/airflow/operators/python.py", line 128, in execute_callable
    return self.python_callable(*self.op_args, **self.op_kwargs)
  File "/opt/airflow/dags/trigger_dag.py", line 43, in _GridSearchLR
    model = pipeline.fit(X_train,y_train)
  File "/home/airflow/.local/lib/python3.6/site-packages/sklearn/pipeline.py", line 346, in fit
    self._final_estimator.fit(Xt, y, **fit_params_last_step)
  File "/home/airflow/.local/lib/python3.6/site-packages/sklearn/linear_model/_logistic.py", line 1306, in fit
    solver = _check_solver(self.solver, self.penalty, self.dual)
  File "/home/airflow/.local/lib/python3.6/site-packages/sklearn/linear_model/_logistic.py", line 444, in _check_solver
    "got %s penalty." % (solver, penalty))
ValueError: Solver newton-cg supports only 'l2' or 'none' penalties, got elasticnet penalty.
[2022-06-26 19:28:34,827] {taskinstance.py:1503} INFO - Marking task as FAILED. dag_id=trigger_dag, task_id=gridSearchLR, execution_date=20220626T192724, start_date=20220626T192727, end_date=20220626T192834
[2022-06-26 19:28:34,901] {local_task_job.py:146} INFO - Task exited with return code 1
