[2022-07-01 10:40:34,775] {taskinstance.py:851} INFO - Dependencies all met for <TaskInstance: Company_Predict.trigger_target 2022-07-01T10:40:32.829939+00:00 [queued]>
[2022-07-01 10:40:34,793] {taskinstance.py:851} INFO - Dependencies all met for <TaskInstance: Company_Predict.trigger_target 2022-07-01T10:40:32.829939+00:00 [queued]>
[2022-07-01 10:40:34,794] {taskinstance.py:1042} INFO - 
--------------------------------------------------------------------------------
[2022-07-01 10:40:34,794] {taskinstance.py:1043} INFO - Starting attempt 1 of 1
[2022-07-01 10:40:34,796] {taskinstance.py:1044} INFO - 
--------------------------------------------------------------------------------
[2022-07-01 10:40:34,805] {taskinstance.py:1063} INFO - Executing <Task(TriggerDagRunOperator): trigger_target> on 2022-07-01T10:40:32.829939+00:00
[2022-07-01 10:40:34,812] {standard_task_runner.py:52} INFO - Started process 15367 to run task
[2022-07-01 10:40:34,825] {standard_task_runner.py:76} INFO - Running: ['airflow', 'tasks', 'run', 'Company_Predict', 'trigger_target', '2022-07-01T10:40:32.829939+00:00', '--job-id', '1578', '--pool', 'default_pool', '--raw', '--subdir', 'DAGS_FOLDER/company_predict.py', '--cfg-path', '/tmp/tmpnyitqbbl', '--error-file', '/tmp/tmp6ue4qbar']
[2022-07-01 10:40:34,833] {standard_task_runner.py:77} INFO - Job 1578: Subtask trigger_target
[2022-07-01 10:40:34,891] {logging_mixin.py:104} INFO - Running <TaskInstance: Company_Predict.trigger_target 2022-07-01T10:40:32.829939+00:00 [running]> on host 14dddcffc0ea
[2022-07-01 10:40:34,935] {taskinstance.py:1257} INFO - Exporting the following env vars:
AIRFLOW_CTX_DAG_EMAIL=enrique-liebana@outlook.com
AIRFLOW_CTX_DAG_OWNER=Enrique Liebana Peña
AIRFLOW_CTX_DAG_ID=Company_Predict
AIRFLOW_CTX_TASK_ID=trigger_target
AIRFLOW_CTX_EXECUTION_DATE=2022-07-01T10:40:32.829939+00:00
AIRFLOW_CTX_DAG_RUN_ID=manual__2022-07-01T10:40:32.829939+00:00
[2022-07-01 10:40:34,961] {trigger_dagrun.py:140} INFO - Clearing SDG_Enrique_V0 on 2022-07-01T00:00:00+00:00
[2022-07-01 10:40:35,004] {trigger_dagrun.py:165} INFO - Waiting for SDG_Enrique_V0 on 2022-07-01 00:00:00+00:00 to become allowed state ['success'] ...
[2022-07-01 10:41:34,988] {trigger_dagrun.py:165} INFO - Waiting for SDG_Enrique_V0 on 2022-07-01 00:00:00+00:00 to become allowed state ['success'] ...
[2022-07-01 10:42:35,010] {trigger_dagrun.py:165} INFO - Waiting for SDG_Enrique_V0 on 2022-07-01 00:00:00+00:00 to become allowed state ['success'] ...
[2022-07-01 10:43:35,010] {trigger_dagrun.py:174} INFO - SDG_Enrique_V0 finished with allowed state success
[2022-07-01 10:43:35,021] {taskinstance.py:1166} INFO - Marking task as SUCCESS. dag_id=Company_Predict, task_id=trigger_target, execution_date=20220701T104032, start_date=20220701T104034, end_date=20220701T104335
[2022-07-01 10:43:35,057] {taskinstance.py:1220} INFO - 1 downstream tasks scheduled from follow-on schedule check
[2022-07-01 10:43:35,100] {local_task_job.py:146} INFO - Task exited with return code 0
