[2022-06-29 20:40:13,197] {taskinstance.py:851} INFO - Dependencies all met for <TaskInstance: SDG_Enrique_V0.readCSV_convertColumns 2022-06-29T20:40:09.989858+00:00 [queued]>
[2022-06-29 20:40:13,214] {taskinstance.py:851} INFO - Dependencies all met for <TaskInstance: SDG_Enrique_V0.readCSV_convertColumns 2022-06-29T20:40:09.989858+00:00 [queued]>
[2022-06-29 20:40:13,215] {taskinstance.py:1042} INFO - 
--------------------------------------------------------------------------------
[2022-06-29 20:40:13,217] {taskinstance.py:1043} INFO - Starting attempt 1 of 1
[2022-06-29 20:40:13,217] {taskinstance.py:1044} INFO - 
--------------------------------------------------------------------------------
[2022-06-29 20:40:13,232] {taskinstance.py:1063} INFO - Executing <Task(PythonOperator): readCSV_convertColumns> on 2022-06-29T20:40:09.989858+00:00
[2022-06-29 20:40:13,241] {standard_task_runner.py:52} INFO - Started process 350 to run task
[2022-06-29 20:40:13,258] {standard_task_runner.py:76} INFO - Running: ['airflow', 'tasks', 'run', 'SDG_Enrique_V0', 'readCSV_convertColumns', '2022-06-29T20:40:09.989858+00:00', '--job-id', '1321', '--pool', 'default_pool', '--raw', '--subdir', 'DAGS_FOLDER/company_forecasting.py', '--cfg-path', '/tmp/tmpu8dp8nb0', '--error-file', '/tmp/tmprvewga0f']
[2022-06-29 20:40:13,261] {standard_task_runner.py:77} INFO - Job 1321: Subtask readCSV_convertColumns
[2022-06-29 20:40:13,331] {logging_mixin.py:104} INFO - Running <TaskInstance: SDG_Enrique_V0.readCSV_convertColumns 2022-06-29T20:40:09.989858+00:00 [running]> on host 1ff8f57a8cbf
[2022-06-29 20:40:13,394] {taskinstance.py:1257} INFO - Exporting the following env vars:
AIRFLOW_CTX_DAG_EMAIL=enrique-liebana@outlook.com
AIRFLOW_CTX_DAG_OWNER=Enrique
AIRFLOW_CTX_DAG_ID=SDG_Enrique_V0
AIRFLOW_CTX_TASK_ID=readCSV_convertColumns
AIRFLOW_CTX_EXECUTION_DATE=2022-06-29T20:40:09.989858+00:00
AIRFLOW_CTX_DAG_RUN_ID=manual__2022-06-29T20:40:09.989858+00:00
[2022-06-29 20:40:16,559] {logging_mixin.py:104} WARNING - /home/airflow/.local/lib/python3.6/site-packages/airflow/models/taskinstance.py:1315 DtypeWarning: Columns (46,56,59) have mixed types.Specify dtype option on import or set low_memory=False.
[2022-06-29 20:40:16,867] {logging_mixin.py:104} INFO -   rev_mean mou_mean totmrc_mean  ... creditcd eqpdays customer_id
0  23,9975   219,25        22,5  ...        Y   361.0   1000001.0
1  57,4925   482,75      37,425  ...        Y   240.0   1000002.0
2    16,99    10,25       16,99  ...        Y  1504.0   1000003.0
3       38      7,5          38  ...        Y  1812.0   1000004.0
4    55,23    570,5       71,98  ...        Y   434.0   1000005.0

[5 rows x 100 columns]
[2022-06-29 20:40:16,870] {logging_mixin.py:104} INFO - rev_mean        object
mou_mean        object
totmrc_mean     object
da_mean         object
ovrmou_mean     object
                ...   
kid11_15        object
kid16_17        object
creditcd        object
eqpdays        float64
customer_id    float64
Length: 100, dtype: object
[2022-06-29 20:40:16,871] {logging_mixin.py:104} INFO - **************** FLOAT COLUmNS *********************
[2022-06-29 20:40:19,810] {logging_mixin.py:104} INFO -    rev_mean  mou_mean  totmrc_mean  da_mean  ...  avgrev  avgmou  avgqty  hnd_price
0   23.9975    219.25       22.500   0.2475  ...   29.66   83.37   32.69  149.98999
1   57.4925    482.75       37.425   0.2475  ...   51.53  479.40  265.89        NaN
2   16.9900     10.25       16.990   0.0000  ...   34.54  433.98  140.86   29.98999
3   38.0000      7.50       38.000   0.0000  ...   40.45   63.23   30.81   29.98999
4   55.2300    570.50       71.980   0.0000  ...   38.69  249.38   79.50  149.98999

[5 rows x 56 columns]
[2022-06-29 20:40:19,813] {logging_mixin.py:104} INFO - **************** OBJECT COLUmNS *********************
[2022-06-29 20:40:20,217] {logging_mixin.py:104} INFO - ************+***********RESULTS*****************************
[2022-06-29 20:40:20,223] {logging_mixin.py:104} INFO - FLOAT64 (32948, 68)
[2022-06-29 20:40:20,226] {logging_mixin.py:104} INFO - INT64 (32948, 11)
[2022-06-29 20:40:20,230] {logging_mixin.py:104} INFO - STRING (32948, 21)
[2022-06-29 20:40:20,639] {logging_mixin.py:104} INFO -    rev_mean  mou_mean  totmrc_mean  ...  creditcd  eqpdays  customer_id
0   23.9975    219.25       22.500  ...         Y    361.0    1000001.0
1   57.4925    482.75       37.425  ...         Y    240.0    1000002.0
2   16.9900     10.25       16.990  ...         Y   1504.0    1000003.0
3   38.0000      7.50       38.000  ...         Y   1812.0    1000004.0
4   55.2300    570.50       71.980  ...         Y    434.0    1000005.0

[5 rows x 100 columns]
[2022-06-29 20:40:33,354] {base.py:74} INFO - Using connection to: id: postgres_conection. Host: host.docker.internal, Port: 5432, Schema: data_company, Login: airflow, Password: XXXXXXXX, extra: None
[2022-06-29 20:40:35,284] {python.py:118} INFO - Done. Returned value was: None
[2022-06-29 20:40:35,303] {taskinstance.py:1166} INFO - Marking task as SUCCESS. dag_id=SDG_Enrique_V0, task_id=readCSV_convertColumns, execution_date=20220629T204009, start_date=20220629T204013, end_date=20220629T204035
[2022-06-29 20:40:35,350] {taskinstance.py:1220} INFO - 0 downstream tasks scheduled from follow-on schedule check
[2022-06-29 20:40:35,388] {local_task_job.py:146} INFO - Task exited with return code 0
