[2022-06-25 16:48:06,816] {scheduler_job.py:182} INFO - Started process (PID=189) to work on /opt/airflow/dags/dag_with_postgres_operator.py
[2022-06-25 16:48:06,833] {scheduler_job.py:629} INFO - Processing file /opt/airflow/dags/dag_with_postgres_operator.py for tasks to queue
[2022-06-25 16:48:06,837] {logging_mixin.py:104} INFO - [2022-06-25 16:48:06,836] {dagbag.py:448} INFO - Filling up the DagBag from /opt/airflow/dags/dag_with_postgres_operator.py
[2022-06-25 16:48:06,919] {scheduler_job.py:639} INFO - DAG(s) dict_keys(['dag_with_postgres_operator_v03']) retrieved from /opt/airflow/dags/dag_with_postgres_operator.py
[2022-06-25 16:48:06,978] {logging_mixin.py:104} INFO - [2022-06-25 16:48:06,978] {dag.py:1818} INFO - Sync 1 DAGs
[2022-06-25 16:48:07,005] {logging_mixin.py:104} INFO - [2022-06-25 16:48:07,005] {dag.py:1837} INFO - Creating ORM DAG for dag_with_postgres_operator_v03
[2022-06-25 16:48:07,068] {logging_mixin.py:104} INFO - [2022-06-25 16:48:07,067] {dag.py:2273} INFO - Setting next_dagrun for dag_with_postgres_operator_v03 to 2021-12-19T00:00:00+00:00
[2022-06-25 16:48:07,088] {scheduler_job.py:190} INFO - Processing /opt/airflow/dags/dag_with_postgres_operator.py took 0.276 seconds
[2022-06-25 16:48:17,272] {scheduler_job.py:182} INFO - Started process (PID=232) to work on /opt/airflow/dags/dag_with_postgres_operator.py
[2022-06-25 16:48:17,277] {scheduler_job.py:629} INFO - Processing file /opt/airflow/dags/dag_with_postgres_operator.py for tasks to queue
[2022-06-25 16:48:17,281] {logging_mixin.py:104} INFO - [2022-06-25 16:48:17,281] {dagbag.py:448} INFO - Filling up the DagBag from /opt/airflow/dags/dag_with_postgres_operator.py
[2022-06-25 16:48:17,364] {scheduler_job.py:639} INFO - DAG(s) dict_keys(['dag_with_postgres_operator_v03']) retrieved from /opt/airflow/dags/dag_with_postgres_operator.py
[2022-06-25 16:48:17,409] {logging_mixin.py:104} INFO - [2022-06-25 16:48:17,409] {dag.py:1818} INFO - Sync 1 DAGs
[2022-06-25 16:48:17,503] {logging_mixin.py:104} INFO - [2022-06-25 16:48:17,503] {dag.py:2273} INFO - Setting next_dagrun for dag_with_postgres_operator_v03 to 2021-12-19T00:00:00+00:00
[2022-06-25 16:48:17,536] {scheduler_job.py:190} INFO - Processing /opt/airflow/dags/dag_with_postgres_operator.py took 0.274 seconds
[2022-06-25 16:48:28,451] {scheduler_job.py:182} INFO - Started process (PID=277) to work on /opt/airflow/dags/dag_with_postgres_operator.py
[2022-06-25 16:48:28,456] {scheduler_job.py:629} INFO - Processing file /opt/airflow/dags/dag_with_postgres_operator.py for tasks to queue
[2022-06-25 16:48:28,459] {logging_mixin.py:104} INFO - [2022-06-25 16:48:28,459] {dagbag.py:448} INFO - Filling up the DagBag from /opt/airflow/dags/dag_with_postgres_operator.py
[2022-06-25 16:48:28,526] {scheduler_job.py:639} INFO - DAG(s) dict_keys(['dag_with_postgres_operator_v03']) retrieved from /opt/airflow/dags/dag_with_postgres_operator.py
[2022-06-25 16:48:28,637] {logging_mixin.py:104} INFO - [2022-06-25 16:48:28,637] {dag.py:1818} INFO - Sync 1 DAGs
[2022-06-25 16:48:28,726] {logging_mixin.py:104} INFO - [2022-06-25 16:48:28,726] {dag.py:2273} INFO - Setting next_dagrun for dag_with_postgres_operator_v03 to 2021-12-19T00:00:00+00:00
[2022-06-25 16:48:28,748] {scheduler_job.py:190} INFO - Processing /opt/airflow/dags/dag_with_postgres_operator.py took 0.304 seconds
[2022-06-25 16:48:39,432] {scheduler_job.py:182} INFO - Started process (PID=319) to work on /opt/airflow/dags/dag_with_postgres_operator.py
[2022-06-25 16:48:39,434] {scheduler_job.py:629} INFO - Processing file /opt/airflow/dags/dag_with_postgres_operator.py for tasks to queue
[2022-06-25 16:48:39,436] {logging_mixin.py:104} INFO - [2022-06-25 16:48:39,436] {dagbag.py:448} INFO - Filling up the DagBag from /opt/airflow/dags/dag_with_postgres_operator.py
[2022-06-25 16:48:39,524] {scheduler_job.py:639} INFO - DAG(s) dict_keys(['dag_with_postgres_operator_v03']) retrieved from /opt/airflow/dags/dag_with_postgres_operator.py
[2022-06-25 16:48:39,558] {logging_mixin.py:104} INFO - [2022-06-25 16:48:39,557] {dag.py:1818} INFO - Sync 1 DAGs
[2022-06-25 16:48:39,586] {logging_mixin.py:104} INFO - [2022-06-25 16:48:39,586] {dag.py:2273} INFO - Setting next_dagrun for dag_with_postgres_operator_v03 to 2021-12-19T00:00:00+00:00
[2022-06-25 16:48:39,598] {scheduler_job.py:190} INFO - Processing /opt/airflow/dags/dag_with_postgres_operator.py took 0.170 seconds
[2022-06-25 16:48:50,192] {scheduler_job.py:182} INFO - Started process (PID=364) to work on /opt/airflow/dags/dag_with_postgres_operator.py
[2022-06-25 16:48:50,194] {scheduler_job.py:629} INFO - Processing file /opt/airflow/dags/dag_with_postgres_operator.py for tasks to queue
[2022-06-25 16:48:50,196] {logging_mixin.py:104} INFO - [2022-06-25 16:48:50,196] {dagbag.py:448} INFO - Filling up the DagBag from /opt/airflow/dags/dag_with_postgres_operator.py
[2022-06-25 16:48:50,231] {scheduler_job.py:639} INFO - DAG(s) dict_keys(['dag_with_postgres_operator_v03']) retrieved from /opt/airflow/dags/dag_with_postgres_operator.py
[2022-06-25 16:48:50,256] {logging_mixin.py:104} INFO - [2022-06-25 16:48:50,256] {dag.py:1818} INFO - Sync 1 DAGs
[2022-06-25 16:48:50,279] {logging_mixin.py:104} INFO - [2022-06-25 16:48:50,279] {dag.py:2273} INFO - Setting next_dagrun for dag_with_postgres_operator_v03 to 2021-12-19T00:00:00+00:00
[2022-06-25 16:48:50,290] {scheduler_job.py:190} INFO - Processing /opt/airflow/dags/dag_with_postgres_operator.py took 0.103 seconds
[2022-06-25 16:49:00,761] {scheduler_job.py:182} INFO - Started process (PID=409) to work on /opt/airflow/dags/dag_with_postgres_operator.py
[2022-06-25 16:49:00,765] {scheduler_job.py:629} INFO - Processing file /opt/airflow/dags/dag_with_postgres_operator.py for tasks to queue
[2022-06-25 16:49:00,768] {logging_mixin.py:104} INFO - [2022-06-25 16:49:00,768] {dagbag.py:448} INFO - Filling up the DagBag from /opt/airflow/dags/dag_with_postgres_operator.py
[2022-06-25 16:49:00,795] {scheduler_job.py:639} INFO - DAG(s) dict_keys(['dag_with_postgres_operator_v03']) retrieved from /opt/airflow/dags/dag_with_postgres_operator.py
[2022-06-25 16:49:00,824] {logging_mixin.py:104} INFO - [2022-06-25 16:49:00,824] {dag.py:1818} INFO - Sync 1 DAGs
[2022-06-25 16:49:00,864] {logging_mixin.py:104} INFO - [2022-06-25 16:49:00,864] {dag.py:2273} INFO - Setting next_dagrun for dag_with_postgres_operator_v03 to 2021-12-19T00:00:00+00:00
[2022-06-25 16:49:00,877] {scheduler_job.py:190} INFO - Processing /opt/airflow/dags/dag_with_postgres_operator.py took 0.123 seconds
[2022-06-25 16:49:11,340] {scheduler_job.py:182} INFO - Started process (PID=454) to work on /opt/airflow/dags/dag_with_postgres_operator.py
[2022-06-25 16:49:11,366] {scheduler_job.py:629} INFO - Processing file /opt/airflow/dags/dag_with_postgres_operator.py for tasks to queue
[2022-06-25 16:49:11,368] {logging_mixin.py:104} INFO - [2022-06-25 16:49:11,367] {dagbag.py:448} INFO - Filling up the DagBag from /opt/airflow/dags/dag_with_postgres_operator.py
[2022-06-25 16:49:11,395] {scheduler_job.py:639} INFO - DAG(s) dict_keys(['dag_with_postgres_operator_v03']) retrieved from /opt/airflow/dags/dag_with_postgres_operator.py
[2022-06-25 16:49:11,414] {logging_mixin.py:104} INFO - [2022-06-25 16:49:11,414] {dag.py:1818} INFO - Sync 1 DAGs
[2022-06-25 16:49:11,433] {logging_mixin.py:104} INFO - [2022-06-25 16:49:11,433] {dag.py:2273} INFO - Setting next_dagrun for dag_with_postgres_operator_v03 to 2021-12-19T00:00:00+00:00
[2022-06-25 16:49:11,441] {scheduler_job.py:190} INFO - Processing /opt/airflow/dags/dag_with_postgres_operator.py took 0.105 seconds
[2022-06-25 16:49:21,838] {scheduler_job.py:182} INFO - Started process (PID=499) to work on /opt/airflow/dags/dag_with_postgres_operator.py
[2022-06-25 16:49:21,846] {scheduler_job.py:629} INFO - Processing file /opt/airflow/dags/dag_with_postgres_operator.py for tasks to queue
[2022-06-25 16:49:21,849] {logging_mixin.py:104} INFO - [2022-06-25 16:49:21,849] {dagbag.py:448} INFO - Filling up the DagBag from /opt/airflow/dags/dag_with_postgres_operator.py
[2022-06-25 16:49:21,914] {scheduler_job.py:639} INFO - DAG(s) dict_keys(['dag_with_postgres_operator_v03']) retrieved from /opt/airflow/dags/dag_with_postgres_operator.py
[2022-06-25 16:49:21,951] {logging_mixin.py:104} INFO - [2022-06-25 16:49:21,951] {dag.py:1818} INFO - Sync 1 DAGs
[2022-06-25 16:49:21,994] {logging_mixin.py:104} INFO - [2022-06-25 16:49:21,993] {dag.py:2273} INFO - Setting next_dagrun for dag_with_postgres_operator_v03 to 2021-12-19T00:00:00+00:00
[2022-06-25 16:49:22,013] {scheduler_job.py:190} INFO - Processing /opt/airflow/dags/dag_with_postgres_operator.py took 0.183 seconds
[2022-06-25 16:49:32,606] {scheduler_job.py:182} INFO - Started process (PID=544) to work on /opt/airflow/dags/dag_with_postgres_operator.py
[2022-06-25 16:49:32,609] {scheduler_job.py:629} INFO - Processing file /opt/airflow/dags/dag_with_postgres_operator.py for tasks to queue
[2022-06-25 16:49:32,611] {logging_mixin.py:104} INFO - [2022-06-25 16:49:32,611] {dagbag.py:448} INFO - Filling up the DagBag from /opt/airflow/dags/dag_with_postgres_operator.py
[2022-06-25 16:49:32,644] {scheduler_job.py:639} INFO - DAG(s) dict_keys(['dag_with_postgres_operator_v03']) retrieved from /opt/airflow/dags/dag_with_postgres_operator.py
[2022-06-25 16:49:32,670] {logging_mixin.py:104} INFO - [2022-06-25 16:49:32,670] {dag.py:1818} INFO - Sync 1 DAGs
[2022-06-25 16:49:32,704] {logging_mixin.py:104} INFO - [2022-06-25 16:49:32,704] {dag.py:2273} INFO - Setting next_dagrun for dag_with_postgres_operator_v03 to 2021-12-19T00:00:00+00:00
[2022-06-25 16:49:32,717] {scheduler_job.py:190} INFO - Processing /opt/airflow/dags/dag_with_postgres_operator.py took 0.116 seconds
[2022-06-25 16:49:42,843] {scheduler_job.py:182} INFO - Started process (PID=611) to work on /opt/airflow/dags/dag_with_postgres_operator.py
[2022-06-25 16:49:42,847] {scheduler_job.py:629} INFO - Processing file /opt/airflow/dags/dag_with_postgres_operator.py for tasks to queue
[2022-06-25 16:49:42,857] {logging_mixin.py:104} INFO - [2022-06-25 16:49:42,857] {dagbag.py:448} INFO - Filling up the DagBag from /opt/airflow/dags/dag_with_postgres_operator.py
[2022-06-25 16:49:42,918] {scheduler_job.py:639} INFO - DAG(s) dict_keys(['dag_with_postgres_operator_v03']) retrieved from /opt/airflow/dags/dag_with_postgres_operator.py
[2022-06-25 16:49:43,008] {logging_mixin.py:104} INFO - [2022-06-25 16:49:43,008] {dag.py:1818} INFO - Sync 1 DAGs
[2022-06-25 16:49:43,068] {logging_mixin.py:104} INFO - [2022-06-25 16:49:43,067] {dag.py:2273} INFO - Setting next_dagrun for dag_with_postgres_operator_v03 to 2021-12-19T00:00:00+00:00
[2022-06-25 16:49:43,098] {scheduler_job.py:190} INFO - Processing /opt/airflow/dags/dag_with_postgres_operator.py took 0.268 seconds
[2022-06-25 16:49:53,477] {scheduler_job.py:182} INFO - Started process (PID=656) to work on /opt/airflow/dags/dag_with_postgres_operator.py
[2022-06-25 16:49:53,480] {scheduler_job.py:629} INFO - Processing file /opt/airflow/dags/dag_with_postgres_operator.py for tasks to queue
[2022-06-25 16:49:53,481] {logging_mixin.py:104} INFO - [2022-06-25 16:49:53,481] {dagbag.py:448} INFO - Filling up the DagBag from /opt/airflow/dags/dag_with_postgres_operator.py
[2022-06-25 16:49:53,511] {scheduler_job.py:639} INFO - DAG(s) dict_keys(['dag_with_postgres_operator_v03']) retrieved from /opt/airflow/dags/dag_with_postgres_operator.py
[2022-06-25 16:49:53,535] {logging_mixin.py:104} INFO - [2022-06-25 16:49:53,535] {dag.py:1818} INFO - Sync 1 DAGs
[2022-06-25 16:49:53,556] {logging_mixin.py:104} INFO - [2022-06-25 16:49:53,556] {dag.py:2273} INFO - Setting next_dagrun for dag_with_postgres_operator_v03 to 2021-12-19T00:00:00+00:00
[2022-06-25 16:49:53,564] {scheduler_job.py:190} INFO - Processing /opt/airflow/dags/dag_with_postgres_operator.py took 0.091 seconds
[2022-06-25 16:50:04,028] {scheduler_job.py:182} INFO - Started process (PID=701) to work on /opt/airflow/dags/dag_with_postgres_operator.py
[2022-06-25 16:50:04,031] {scheduler_job.py:629} INFO - Processing file /opt/airflow/dags/dag_with_postgres_operator.py for tasks to queue
[2022-06-25 16:50:04,039] {logging_mixin.py:104} INFO - [2022-06-25 16:50:04,039] {dagbag.py:448} INFO - Filling up the DagBag from /opt/airflow/dags/dag_with_postgres_operator.py
[2022-06-25 16:50:04,120] {scheduler_job.py:639} INFO - DAG(s) dict_keys(['dag_with_postgres_operator_v03']) retrieved from /opt/airflow/dags/dag_with_postgres_operator.py
[2022-06-25 16:50:04,159] {logging_mixin.py:104} INFO - [2022-06-25 16:50:04,158] {dag.py:1818} INFO - Sync 1 DAGs
[2022-06-25 16:50:04,185] {logging_mixin.py:104} INFO - [2022-06-25 16:50:04,185] {dag.py:2273} INFO - Setting next_dagrun for dag_with_postgres_operator_v03 to 2021-12-19T00:00:00+00:00
[2022-06-25 16:50:04,199] {scheduler_job.py:190} INFO - Processing /opt/airflow/dags/dag_with_postgres_operator.py took 0.174 seconds
[2022-06-25 16:50:14,856] {scheduler_job.py:182} INFO - Started process (PID=746) to work on /opt/airflow/dags/dag_with_postgres_operator.py
[2022-06-25 16:50:14,858] {scheduler_job.py:629} INFO - Processing file /opt/airflow/dags/dag_with_postgres_operator.py for tasks to queue
[2022-06-25 16:50:14,859] {logging_mixin.py:104} INFO - [2022-06-25 16:50:14,859] {dagbag.py:448} INFO - Filling up the DagBag from /opt/airflow/dags/dag_with_postgres_operator.py
[2022-06-25 16:50:14,892] {scheduler_job.py:639} INFO - DAG(s) dict_keys(['dag_with_postgres_operator_v03']) retrieved from /opt/airflow/dags/dag_with_postgres_operator.py
[2022-06-25 16:50:14,912] {logging_mixin.py:104} INFO - [2022-06-25 16:50:14,912] {dag.py:1818} INFO - Sync 1 DAGs
[2022-06-25 16:50:14,933] {logging_mixin.py:104} INFO - [2022-06-25 16:50:14,933] {dag.py:2273} INFO - Setting next_dagrun for dag_with_postgres_operator_v03 to 2021-12-19T00:00:00+00:00
[2022-06-25 16:50:14,940] {scheduler_job.py:190} INFO - Processing /opt/airflow/dags/dag_with_postgres_operator.py took 0.088 seconds
[2022-06-25 16:50:25,366] {scheduler_job.py:182} INFO - Started process (PID=791) to work on /opt/airflow/dags/dag_with_postgres_operator.py
[2022-06-25 16:50:25,369] {scheduler_job.py:629} INFO - Processing file /opt/airflow/dags/dag_with_postgres_operator.py for tasks to queue
[2022-06-25 16:50:25,370] {logging_mixin.py:104} INFO - [2022-06-25 16:50:25,370] {dagbag.py:448} INFO - Filling up the DagBag from /opt/airflow/dags/dag_with_postgres_operator.py
[2022-06-25 16:50:25,396] {scheduler_job.py:639} INFO - DAG(s) dict_keys(['dag_with_postgres_operator_v03']) retrieved from /opt/airflow/dags/dag_with_postgres_operator.py
[2022-06-25 16:50:25,421] {logging_mixin.py:104} INFO - [2022-06-25 16:50:25,421] {dag.py:1818} INFO - Sync 1 DAGs
[2022-06-25 16:50:25,440] {logging_mixin.py:104} INFO - [2022-06-25 16:50:25,440] {dag.py:2273} INFO - Setting next_dagrun for dag_with_postgres_operator_v03 to 2021-12-19T00:00:00+00:00
[2022-06-25 16:50:25,449] {scheduler_job.py:190} INFO - Processing /opt/airflow/dags/dag_with_postgres_operator.py took 0.086 seconds
[2022-06-25 16:50:35,811] {scheduler_job.py:182} INFO - Started process (PID=836) to work on /opt/airflow/dags/dag_with_postgres_operator.py
[2022-06-25 16:50:35,814] {scheduler_job.py:629} INFO - Processing file /opt/airflow/dags/dag_with_postgres_operator.py for tasks to queue
[2022-06-25 16:50:35,816] {logging_mixin.py:104} INFO - [2022-06-25 16:50:35,816] {dagbag.py:448} INFO - Filling up the DagBag from /opt/airflow/dags/dag_with_postgres_operator.py
[2022-06-25 16:50:35,819] {scheduler_job.py:641} WARNING - No viable dags retrieved from /opt/airflow/dags/dag_with_postgres_operator.py
[2022-06-25 16:50:35,820] {scheduler_job.py:190} INFO - Processing /opt/airflow/dags/dag_with_postgres_operator.py took 0.014 seconds
[2022-06-25 16:50:46,067] {scheduler_job.py:182} INFO - Started process (PID=881) to work on /opt/airflow/dags/dag_with_postgres_operator.py
[2022-06-25 16:50:46,069] {scheduler_job.py:629} INFO - Processing file /opt/airflow/dags/dag_with_postgres_operator.py for tasks to queue
[2022-06-25 16:50:46,073] {logging_mixin.py:104} INFO - [2022-06-25 16:50:46,072] {dagbag.py:448} INFO - Filling up the DagBag from /opt/airflow/dags/dag_with_postgres_operator.py
[2022-06-25 16:50:46,076] {scheduler_job.py:641} WARNING - No viable dags retrieved from /opt/airflow/dags/dag_with_postgres_operator.py
[2022-06-25 16:50:46,078] {scheduler_job.py:190} INFO - Processing /opt/airflow/dags/dag_with_postgres_operator.py took 0.018 seconds
[2022-06-25 16:50:56,256] {scheduler_job.py:182} INFO - Started process (PID=926) to work on /opt/airflow/dags/dag_with_postgres_operator.py
[2022-06-25 16:50:56,261] {scheduler_job.py:629} INFO - Processing file /opt/airflow/dags/dag_with_postgres_operator.py for tasks to queue
[2022-06-25 16:50:56,262] {logging_mixin.py:104} INFO - [2022-06-25 16:50:56,262] {dagbag.py:448} INFO - Filling up the DagBag from /opt/airflow/dags/dag_with_postgres_operator.py
[2022-06-25 16:50:56,264] {scheduler_job.py:641} WARNING - No viable dags retrieved from /opt/airflow/dags/dag_with_postgres_operator.py
[2022-06-25 16:50:56,265] {scheduler_job.py:190} INFO - Processing /opt/airflow/dags/dag_with_postgres_operator.py took 0.014 seconds
[2022-06-25 16:51:06,455] {scheduler_job.py:182} INFO - Started process (PID=971) to work on /opt/airflow/dags/dag_with_postgres_operator.py
[2022-06-25 16:51:06,459] {scheduler_job.py:629} INFO - Processing file /opt/airflow/dags/dag_with_postgres_operator.py for tasks to queue
[2022-06-25 16:51:06,460] {logging_mixin.py:104} INFO - [2022-06-25 16:51:06,460] {dagbag.py:448} INFO - Filling up the DagBag from /opt/airflow/dags/dag_with_postgres_operator.py
[2022-06-25 16:51:06,462] {scheduler_job.py:641} WARNING - No viable dags retrieved from /opt/airflow/dags/dag_with_postgres_operator.py
[2022-06-25 16:51:06,463] {scheduler_job.py:190} INFO - Processing /opt/airflow/dags/dag_with_postgres_operator.py took 0.013 seconds
[2022-06-25 16:51:16,635] {scheduler_job.py:182} INFO - Started process (PID=1016) to work on /opt/airflow/dags/dag_with_postgres_operator.py
[2022-06-25 16:51:16,638] {scheduler_job.py:629} INFO - Processing file /opt/airflow/dags/dag_with_postgres_operator.py for tasks to queue
[2022-06-25 16:51:16,639] {logging_mixin.py:104} INFO - [2022-06-25 16:51:16,639] {dagbag.py:448} INFO - Filling up the DagBag from /opt/airflow/dags/dag_with_postgres_operator.py
[2022-06-25 16:51:16,640] {scheduler_job.py:641} WARNING - No viable dags retrieved from /opt/airflow/dags/dag_with_postgres_operator.py
[2022-06-25 16:51:16,641] {scheduler_job.py:190} INFO - Processing /opt/airflow/dags/dag_with_postgres_operator.py took 0.011 seconds
[2022-06-25 16:51:26,867] {scheduler_job.py:182} INFO - Started process (PID=1061) to work on /opt/airflow/dags/dag_with_postgres_operator.py
[2022-06-25 16:51:26,871] {scheduler_job.py:629} INFO - Processing file /opt/airflow/dags/dag_with_postgres_operator.py for tasks to queue
[2022-06-25 16:51:26,873] {logging_mixin.py:104} INFO - [2022-06-25 16:51:26,873] {dagbag.py:448} INFO - Filling up the DagBag from /opt/airflow/dags/dag_with_postgres_operator.py
[2022-06-25 16:51:26,875] {scheduler_job.py:641} WARNING - No viable dags retrieved from /opt/airflow/dags/dag_with_postgres_operator.py
[2022-06-25 16:51:26,876] {scheduler_job.py:190} INFO - Processing /opt/airflow/dags/dag_with_postgres_operator.py took 0.026 seconds
[2022-06-25 16:51:37,066] {scheduler_job.py:182} INFO - Started process (PID=1106) to work on /opt/airflow/dags/dag_with_postgres_operator.py
[2022-06-25 16:51:37,069] {scheduler_job.py:629} INFO - Processing file /opt/airflow/dags/dag_with_postgres_operator.py for tasks to queue
[2022-06-25 16:51:37,071] {logging_mixin.py:104} INFO - [2022-06-25 16:51:37,071] {dagbag.py:448} INFO - Filling up the DagBag from /opt/airflow/dags/dag_with_postgres_operator.py
[2022-06-25 16:51:37,074] {scheduler_job.py:641} WARNING - No viable dags retrieved from /opt/airflow/dags/dag_with_postgres_operator.py
[2022-06-25 16:51:37,075] {scheduler_job.py:190} INFO - Processing /opt/airflow/dags/dag_with_postgres_operator.py took 0.016 seconds
[2022-06-25 16:51:47,242] {scheduler_job.py:182} INFO - Started process (PID=1151) to work on /opt/airflow/dags/dag_with_postgres_operator.py
[2022-06-25 16:51:47,245] {scheduler_job.py:629} INFO - Processing file /opt/airflow/dags/dag_with_postgres_operator.py for tasks to queue
[2022-06-25 16:51:47,248] {logging_mixin.py:104} INFO - [2022-06-25 16:51:47,248] {dagbag.py:448} INFO - Filling up the DagBag from /opt/airflow/dags/dag_with_postgres_operator.py
[2022-06-25 16:51:47,251] {scheduler_job.py:641} WARNING - No viable dags retrieved from /opt/airflow/dags/dag_with_postgres_operator.py
[2022-06-25 16:51:47,252] {scheduler_job.py:190} INFO - Processing /opt/airflow/dags/dag_with_postgres_operator.py took 0.018 seconds
[2022-06-25 16:51:57,559] {scheduler_job.py:182} INFO - Started process (PID=1196) to work on /opt/airflow/dags/dag_with_postgres_operator.py
[2022-06-25 16:51:57,561] {scheduler_job.py:629} INFO - Processing file /opt/airflow/dags/dag_with_postgres_operator.py for tasks to queue
[2022-06-25 16:51:57,563] {logging_mixin.py:104} INFO - [2022-06-25 16:51:57,563] {dagbag.py:448} INFO - Filling up the DagBag from /opt/airflow/dags/dag_with_postgres_operator.py
[2022-06-25 16:51:57,565] {scheduler_job.py:641} WARNING - No viable dags retrieved from /opt/airflow/dags/dag_with_postgres_operator.py
[2022-06-25 16:51:57,566] {scheduler_job.py:190} INFO - Processing /opt/airflow/dags/dag_with_postgres_operator.py took 0.011 seconds
[2022-06-25 16:52:07,760] {scheduler_job.py:182} INFO - Started process (PID=1241) to work on /opt/airflow/dags/dag_with_postgres_operator.py
[2022-06-25 16:52:07,763] {scheduler_job.py:629} INFO - Processing file /opt/airflow/dags/dag_with_postgres_operator.py for tasks to queue
[2022-06-25 16:52:07,764] {logging_mixin.py:104} INFO - [2022-06-25 16:52:07,764] {dagbag.py:448} INFO - Filling up the DagBag from /opt/airflow/dags/dag_with_postgres_operator.py
[2022-06-25 16:52:07,767] {scheduler_job.py:641} WARNING - No viable dags retrieved from /opt/airflow/dags/dag_with_postgres_operator.py
[2022-06-25 16:52:07,768] {scheduler_job.py:190} INFO - Processing /opt/airflow/dags/dag_with_postgres_operator.py took 0.014 seconds
[2022-06-25 16:52:17,988] {scheduler_job.py:182} INFO - Started process (PID=1286) to work on /opt/airflow/dags/dag_with_postgres_operator.py
[2022-06-25 16:52:17,997] {scheduler_job.py:629} INFO - Processing file /opt/airflow/dags/dag_with_postgres_operator.py for tasks to queue
[2022-06-25 16:52:17,999] {logging_mixin.py:104} INFO - [2022-06-25 16:52:17,998] {dagbag.py:448} INFO - Filling up the DagBag from /opt/airflow/dags/dag_with_postgres_operator.py
[2022-06-25 16:52:18,002] {scheduler_job.py:641} WARNING - No viable dags retrieved from /opt/airflow/dags/dag_with_postgres_operator.py
[2022-06-25 16:52:18,003] {scheduler_job.py:190} INFO - Processing /opt/airflow/dags/dag_with_postgres_operator.py took 0.021 seconds
[2022-06-25 16:52:28,213] {scheduler_job.py:182} INFO - Started process (PID=1331) to work on /opt/airflow/dags/dag_with_postgres_operator.py
[2022-06-25 16:52:28,216] {scheduler_job.py:629} INFO - Processing file /opt/airflow/dags/dag_with_postgres_operator.py for tasks to queue
[2022-06-25 16:52:28,218] {logging_mixin.py:104} INFO - [2022-06-25 16:52:28,218] {dagbag.py:448} INFO - Filling up the DagBag from /opt/airflow/dags/dag_with_postgres_operator.py
[2022-06-25 16:52:28,229] {scheduler_job.py:641} WARNING - No viable dags retrieved from /opt/airflow/dags/dag_with_postgres_operator.py
[2022-06-25 16:52:28,230] {scheduler_job.py:190} INFO - Processing /opt/airflow/dags/dag_with_postgres_operator.py took 0.024 seconds
[2022-06-25 16:52:38,487] {scheduler_job.py:182} INFO - Started process (PID=1376) to work on /opt/airflow/dags/dag_with_postgres_operator.py
[2022-06-25 16:52:38,489] {scheduler_job.py:629} INFO - Processing file /opt/airflow/dags/dag_with_postgres_operator.py for tasks to queue
[2022-06-25 16:52:38,491] {logging_mixin.py:104} INFO - [2022-06-25 16:52:38,491] {dagbag.py:448} INFO - Filling up the DagBag from /opt/airflow/dags/dag_with_postgres_operator.py
[2022-06-25 16:52:38,493] {scheduler_job.py:641} WARNING - No viable dags retrieved from /opt/airflow/dags/dag_with_postgres_operator.py
[2022-06-25 16:52:38,494] {scheduler_job.py:190} INFO - Processing /opt/airflow/dags/dag_with_postgres_operator.py took 0.010 seconds
[2022-06-25 16:52:48,751] {scheduler_job.py:182} INFO - Started process (PID=1421) to work on /opt/airflow/dags/dag_with_postgres_operator.py
[2022-06-25 16:52:48,754] {scheduler_job.py:629} INFO - Processing file /opt/airflow/dags/dag_with_postgres_operator.py for tasks to queue
[2022-06-25 16:52:48,758] {logging_mixin.py:104} INFO - [2022-06-25 16:52:48,757] {dagbag.py:448} INFO - Filling up the DagBag from /opt/airflow/dags/dag_with_postgres_operator.py
[2022-06-25 16:52:48,766] {scheduler_job.py:641} WARNING - No viable dags retrieved from /opt/airflow/dags/dag_with_postgres_operator.py
[2022-06-25 16:52:48,774] {scheduler_job.py:190} INFO - Processing /opt/airflow/dags/dag_with_postgres_operator.py took 0.032 seconds
[2022-06-25 16:52:58,991] {scheduler_job.py:182} INFO - Started process (PID=1466) to work on /opt/airflow/dags/dag_with_postgres_operator.py
[2022-06-25 16:52:58,997] {scheduler_job.py:629} INFO - Processing file /opt/airflow/dags/dag_with_postgres_operator.py for tasks to queue
[2022-06-25 16:52:59,000] {logging_mixin.py:104} INFO - [2022-06-25 16:52:58,999] {dagbag.py:448} INFO - Filling up the DagBag from /opt/airflow/dags/dag_with_postgres_operator.py
[2022-06-25 16:52:59,017] {scheduler_job.py:641} WARNING - No viable dags retrieved from /opt/airflow/dags/dag_with_postgres_operator.py
[2022-06-25 16:52:59,019] {scheduler_job.py:190} INFO - Processing /opt/airflow/dags/dag_with_postgres_operator.py took 0.035 seconds
