[2022-06-25 16:48:06,828] {scheduler_job.py:182} INFO - Started process (PID=192) to work on /opt/airflow/dags/dag_with_taskflow_api.py
[2022-06-25 16:48:06,841] {scheduler_job.py:629} INFO - Processing file /opt/airflow/dags/dag_with_taskflow_api.py for tasks to queue
[2022-06-25 16:48:06,843] {logging_mixin.py:104} INFO - [2022-06-25 16:48:06,843] {dagbag.py:448} INFO - Filling up the DagBag from /opt/airflow/dags/dag_with_taskflow_api.py
[2022-06-25 16:48:06,889] {scheduler_job.py:639} INFO - DAG(s) dict_keys(['dag_with_taskflow_api_v02']) retrieved from /opt/airflow/dags/dag_with_taskflow_api.py
[2022-06-25 16:48:06,956] {logging_mixin.py:104} INFO - [2022-06-25 16:48:06,956] {dag.py:1818} INFO - Sync 1 DAGs
[2022-06-25 16:48:06,987] {logging_mixin.py:104} INFO - [2022-06-25 16:48:06,987] {dag.py:1837} INFO - Creating ORM DAG for dag_with_taskflow_api_v02
[2022-06-25 16:48:07,001] {logging_mixin.py:104} INFO - [2022-06-25 16:48:07,001] {dag.py:2273} INFO - Setting next_dagrun for dag_with_taskflow_api_v02 to 2021-10-26T00:00:00+00:00
[2022-06-25 16:48:07,046] {scheduler_job.py:190} INFO - Processing /opt/airflow/dags/dag_with_taskflow_api.py took 0.222 seconds
[2022-06-25 16:48:17,449] {scheduler_job.py:182} INFO - Started process (PID=237) to work on /opt/airflow/dags/dag_with_taskflow_api.py
[2022-06-25 16:48:17,458] {scheduler_job.py:629} INFO - Processing file /opt/airflow/dags/dag_with_taskflow_api.py for tasks to queue
[2022-06-25 16:48:17,460] {logging_mixin.py:104} INFO - [2022-06-25 16:48:17,459] {dagbag.py:448} INFO - Filling up the DagBag from /opt/airflow/dags/dag_with_taskflow_api.py
[2022-06-25 16:48:17,512] {scheduler_job.py:639} INFO - DAG(s) dict_keys(['dag_with_taskflow_api_v02']) retrieved from /opt/airflow/dags/dag_with_taskflow_api.py
[2022-06-25 16:48:17,566] {logging_mixin.py:104} INFO - [2022-06-25 16:48:17,566] {dag.py:1818} INFO - Sync 1 DAGs
[2022-06-25 16:48:17,627] {logging_mixin.py:104} INFO - [2022-06-25 16:48:17,627] {dag.py:2273} INFO - Setting next_dagrun for dag_with_taskflow_api_v02 to 2021-10-26T00:00:00+00:00
[2022-06-25 16:48:17,652] {scheduler_job.py:190} INFO - Processing /opt/airflow/dags/dag_with_taskflow_api.py took 0.206 seconds
[2022-06-25 16:48:27,890] {scheduler_job.py:182} INFO - Started process (PID=261) to work on /opt/airflow/dags/dag_with_taskflow_api.py
[2022-06-25 16:48:27,895] {scheduler_job.py:629} INFO - Processing file /opt/airflow/dags/dag_with_taskflow_api.py for tasks to queue
[2022-06-25 16:48:27,898] {logging_mixin.py:104} INFO - [2022-06-25 16:48:27,897] {dagbag.py:448} INFO - Filling up the DagBag from /opt/airflow/dags/dag_with_taskflow_api.py
[2022-06-25 16:48:28,016] {scheduler_job.py:639} INFO - DAG(s) dict_keys(['dag_with_taskflow_api_v02']) retrieved from /opt/airflow/dags/dag_with_taskflow_api.py
[2022-06-25 16:48:28,068] {logging_mixin.py:104} INFO - [2022-06-25 16:48:28,068] {dag.py:1818} INFO - Sync 1 DAGs
[2022-06-25 16:48:28,158] {logging_mixin.py:104} INFO - [2022-06-25 16:48:28,158] {dag.py:2273} INFO - Setting next_dagrun for dag_with_taskflow_api_v02 to 2021-10-26T00:00:00+00:00
[2022-06-25 16:48:28,215] {scheduler_job.py:190} INFO - Processing /opt/airflow/dags/dag_with_taskflow_api.py took 0.332 seconds
[2022-06-25 16:48:38,308] {scheduler_job.py:182} INFO - Started process (PID=309) to work on /opt/airflow/dags/dag_with_taskflow_api.py
[2022-06-25 16:48:38,311] {scheduler_job.py:629} INFO - Processing file /opt/airflow/dags/dag_with_taskflow_api.py for tasks to queue
[2022-06-25 16:48:38,313] {logging_mixin.py:104} INFO - [2022-06-25 16:48:38,313] {dagbag.py:448} INFO - Filling up the DagBag from /opt/airflow/dags/dag_with_taskflow_api.py
[2022-06-25 16:48:38,342] {scheduler_job.py:639} INFO - DAG(s) dict_keys(['dag_with_taskflow_api_v02']) retrieved from /opt/airflow/dags/dag_with_taskflow_api.py
[2022-06-25 16:48:38,367] {logging_mixin.py:104} INFO - [2022-06-25 16:48:38,367] {dag.py:1818} INFO - Sync 1 DAGs
[2022-06-25 16:48:38,391] {logging_mixin.py:104} INFO - [2022-06-25 16:48:38,390] {dag.py:2273} INFO - Setting next_dagrun for dag_with_taskflow_api_v02 to 2021-10-26T00:00:00+00:00
[2022-06-25 16:48:38,400] {scheduler_job.py:190} INFO - Processing /opt/airflow/dags/dag_with_taskflow_api.py took 0.099 seconds
[2022-06-25 16:48:49,055] {scheduler_job.py:182} INFO - Started process (PID=352) to work on /opt/airflow/dags/dag_with_taskflow_api.py
[2022-06-25 16:48:49,057] {scheduler_job.py:629} INFO - Processing file /opt/airflow/dags/dag_with_taskflow_api.py for tasks to queue
[2022-06-25 16:48:49,058] {logging_mixin.py:104} INFO - [2022-06-25 16:48:49,058] {dagbag.py:448} INFO - Filling up the DagBag from /opt/airflow/dags/dag_with_taskflow_api.py
[2022-06-25 16:48:49,084] {scheduler_job.py:639} INFO - DAG(s) dict_keys(['dag_with_taskflow_api_v02']) retrieved from /opt/airflow/dags/dag_with_taskflow_api.py
[2022-06-25 16:48:49,101] {logging_mixin.py:104} INFO - [2022-06-25 16:48:49,101] {dag.py:1818} INFO - Sync 1 DAGs
[2022-06-25 16:48:49,133] {logging_mixin.py:104} INFO - [2022-06-25 16:48:49,133] {dag.py:2273} INFO - Setting next_dagrun for dag_with_taskflow_api_v02 to 2021-10-26T00:00:00+00:00
[2022-06-25 16:48:49,142] {scheduler_job.py:190} INFO - Processing /opt/airflow/dags/dag_with_taskflow_api.py took 0.092 seconds
[2022-06-25 16:48:59,634] {scheduler_job.py:182} INFO - Started process (PID=396) to work on /opt/airflow/dags/dag_with_taskflow_api.py
[2022-06-25 16:48:59,636] {scheduler_job.py:629} INFO - Processing file /opt/airflow/dags/dag_with_taskflow_api.py for tasks to queue
[2022-06-25 16:48:59,637] {logging_mixin.py:104} INFO - [2022-06-25 16:48:59,637] {dagbag.py:448} INFO - Filling up the DagBag from /opt/airflow/dags/dag_with_taskflow_api.py
[2022-06-25 16:48:59,662] {scheduler_job.py:639} INFO - DAG(s) dict_keys(['dag_with_taskflow_api_v02']) retrieved from /opt/airflow/dags/dag_with_taskflow_api.py
[2022-06-25 16:48:59,680] {logging_mixin.py:104} INFO - [2022-06-25 16:48:59,680] {dag.py:1818} INFO - Sync 1 DAGs
[2022-06-25 16:48:59,703] {logging_mixin.py:104} INFO - [2022-06-25 16:48:59,703] {dag.py:2273} INFO - Setting next_dagrun for dag_with_taskflow_api_v02 to 2021-10-26T00:00:00+00:00
[2022-06-25 16:48:59,714] {scheduler_job.py:190} INFO - Processing /opt/airflow/dags/dag_with_taskflow_api.py took 0.087 seconds
[2022-06-25 16:49:10,185] {scheduler_job.py:182} INFO - Started process (PID=442) to work on /opt/airflow/dags/dag_with_taskflow_api.py
[2022-06-25 16:49:10,191] {scheduler_job.py:629} INFO - Processing file /opt/airflow/dags/dag_with_taskflow_api.py for tasks to queue
[2022-06-25 16:49:10,193] {logging_mixin.py:104} INFO - [2022-06-25 16:49:10,192] {dagbag.py:448} INFO - Filling up the DagBag from /opt/airflow/dags/dag_with_taskflow_api.py
[2022-06-25 16:49:10,222] {scheduler_job.py:639} INFO - DAG(s) dict_keys(['dag_with_taskflow_api_v02']) retrieved from /opt/airflow/dags/dag_with_taskflow_api.py
[2022-06-25 16:49:10,264] {logging_mixin.py:104} INFO - [2022-06-25 16:49:10,264] {dag.py:1818} INFO - Sync 1 DAGs
[2022-06-25 16:49:10,296] {logging_mixin.py:104} INFO - [2022-06-25 16:49:10,296] {dag.py:2273} INFO - Setting next_dagrun for dag_with_taskflow_api_v02 to 2021-10-26T00:00:00+00:00
[2022-06-25 16:49:10,309] {scheduler_job.py:190} INFO - Processing /opt/airflow/dags/dag_with_taskflow_api.py took 0.131 seconds
[2022-06-25 16:49:20,706] {scheduler_job.py:182} INFO - Started process (PID=486) to work on /opt/airflow/dags/dag_with_taskflow_api.py
[2022-06-25 16:49:20,708] {scheduler_job.py:629} INFO - Processing file /opt/airflow/dags/dag_with_taskflow_api.py for tasks to queue
[2022-06-25 16:49:20,709] {logging_mixin.py:104} INFO - [2022-06-25 16:49:20,709] {dagbag.py:448} INFO - Filling up the DagBag from /opt/airflow/dags/dag_with_taskflow_api.py
[2022-06-25 16:49:20,729] {scheduler_job.py:639} INFO - DAG(s) dict_keys(['dag_with_taskflow_api_v02']) retrieved from /opt/airflow/dags/dag_with_taskflow_api.py
[2022-06-25 16:49:20,753] {logging_mixin.py:104} INFO - [2022-06-25 16:49:20,753] {dag.py:1818} INFO - Sync 1 DAGs
[2022-06-25 16:49:20,784] {logging_mixin.py:104} INFO - [2022-06-25 16:49:20,784] {dag.py:2273} INFO - Setting next_dagrun for dag_with_taskflow_api_v02 to 2021-10-26T00:00:00+00:00
[2022-06-25 16:49:20,796] {scheduler_job.py:190} INFO - Processing /opt/airflow/dags/dag_with_taskflow_api.py took 0.098 seconds
[2022-06-25 16:49:31,419] {scheduler_job.py:182} INFO - Started process (PID=530) to work on /opt/airflow/dags/dag_with_taskflow_api.py
[2022-06-25 16:49:31,423] {scheduler_job.py:629} INFO - Processing file /opt/airflow/dags/dag_with_taskflow_api.py for tasks to queue
[2022-06-25 16:49:31,425] {logging_mixin.py:104} INFO - [2022-06-25 16:49:31,425] {dagbag.py:448} INFO - Filling up the DagBag from /opt/airflow/dags/dag_with_taskflow_api.py
[2022-06-25 16:49:31,458] {scheduler_job.py:639} INFO - DAG(s) dict_keys(['dag_with_taskflow_api_v02']) retrieved from /opt/airflow/dags/dag_with_taskflow_api.py
[2022-06-25 16:49:31,485] {logging_mixin.py:104} INFO - [2022-06-25 16:49:31,485] {dag.py:1818} INFO - Sync 1 DAGs
[2022-06-25 16:49:31,524] {logging_mixin.py:104} INFO - [2022-06-25 16:49:31,524] {dag.py:2273} INFO - Setting next_dagrun for dag_with_taskflow_api_v02 to 2021-10-26T00:00:00+00:00
[2022-06-25 16:49:31,543] {scheduler_job.py:190} INFO - Processing /opt/airflow/dags/dag_with_taskflow_api.py took 0.128 seconds
[2022-06-25 16:49:41,974] {scheduler_job.py:182} INFO - Started process (PID=598) to work on /opt/airflow/dags/dag_with_taskflow_api.py
[2022-06-25 16:49:42,002] {scheduler_job.py:629} INFO - Processing file /opt/airflow/dags/dag_with_taskflow_api.py for tasks to queue
[2022-06-25 16:49:42,012] {logging_mixin.py:104} INFO - [2022-06-25 16:49:42,011] {dagbag.py:448} INFO - Filling up the DagBag from /opt/airflow/dags/dag_with_taskflow_api.py
[2022-06-25 16:49:42,121] {scheduler_job.py:639} INFO - DAG(s) dict_keys(['dag_with_taskflow_api_v02']) retrieved from /opt/airflow/dags/dag_with_taskflow_api.py
[2022-06-25 16:49:42,374] {logging_mixin.py:104} INFO - [2022-06-25 16:49:42,374] {dag.py:1818} INFO - Sync 1 DAGs
[2022-06-25 16:49:42,644] {logging_mixin.py:104} INFO - [2022-06-25 16:49:42,643] {dag.py:2273} INFO - Setting next_dagrun for dag_with_taskflow_api_v02 to 2021-10-26T00:00:00+00:00
[2022-06-25 16:49:42,728] {scheduler_job.py:190} INFO - Processing /opt/airflow/dags/dag_with_taskflow_api.py took 0.771 seconds
[2022-06-25 16:49:53,491] {scheduler_job.py:182} INFO - Started process (PID=659) to work on /opt/airflow/dags/dag_with_taskflow_api.py
[2022-06-25 16:49:53,495] {scheduler_job.py:629} INFO - Processing file /opt/airflow/dags/dag_with_taskflow_api.py for tasks to queue
[2022-06-25 16:49:53,498] {logging_mixin.py:104} INFO - [2022-06-25 16:49:53,498] {dagbag.py:448} INFO - Filling up the DagBag from /opt/airflow/dags/dag_with_taskflow_api.py
[2022-06-25 16:49:53,521] {scheduler_job.py:639} INFO - DAG(s) dict_keys(['dag_with_taskflow_api_v02']) retrieved from /opt/airflow/dags/dag_with_taskflow_api.py
[2022-06-25 16:49:53,538] {logging_mixin.py:104} INFO - [2022-06-25 16:49:53,538] {dag.py:1818} INFO - Sync 1 DAGs
[2022-06-25 16:49:53,562] {logging_mixin.py:104} INFO - [2022-06-25 16:49:53,562] {dag.py:2273} INFO - Setting next_dagrun for dag_with_taskflow_api_v02 to 2021-10-26T00:00:00+00:00
[2022-06-25 16:49:53,574] {scheduler_job.py:190} INFO - Processing /opt/airflow/dags/dag_with_taskflow_api.py took 0.087 seconds
[2022-06-25 16:50:04,047] {scheduler_job.py:182} INFO - Started process (PID=703) to work on /opt/airflow/dags/dag_with_taskflow_api.py
[2022-06-25 16:50:04,063] {scheduler_job.py:629} INFO - Processing file /opt/airflow/dags/dag_with_taskflow_api.py for tasks to queue
[2022-06-25 16:50:04,081] {logging_mixin.py:104} INFO - [2022-06-25 16:50:04,081] {dagbag.py:448} INFO - Filling up the DagBag from /opt/airflow/dags/dag_with_taskflow_api.py
[2022-06-25 16:50:04,119] {scheduler_job.py:639} INFO - DAG(s) dict_keys(['dag_with_taskflow_api_v02']) retrieved from /opt/airflow/dags/dag_with_taskflow_api.py
[2022-06-25 16:50:04,155] {logging_mixin.py:104} INFO - [2022-06-25 16:50:04,155] {dag.py:1818} INFO - Sync 1 DAGs
[2022-06-25 16:50:04,189] {logging_mixin.py:104} INFO - [2022-06-25 16:50:04,189] {dag.py:2273} INFO - Setting next_dagrun for dag_with_taskflow_api_v02 to 2021-10-26T00:00:00+00:00
[2022-06-25 16:50:04,212] {scheduler_job.py:190} INFO - Processing /opt/airflow/dags/dag_with_taskflow_api.py took 0.171 seconds
[2022-06-25 16:50:14,877] {scheduler_job.py:182} INFO - Started process (PID=748) to work on /opt/airflow/dags/dag_with_taskflow_api.py
[2022-06-25 16:50:14,880] {scheduler_job.py:629} INFO - Processing file /opt/airflow/dags/dag_with_taskflow_api.py for tasks to queue
[2022-06-25 16:50:14,882] {logging_mixin.py:104} INFO - [2022-06-25 16:50:14,881] {dagbag.py:448} INFO - Filling up the DagBag from /opt/airflow/dags/dag_with_taskflow_api.py
[2022-06-25 16:50:14,902] {scheduler_job.py:639} INFO - DAG(s) dict_keys(['dag_with_taskflow_api_v02']) retrieved from /opt/airflow/dags/dag_with_taskflow_api.py
[2022-06-25 16:50:14,925] {logging_mixin.py:104} INFO - [2022-06-25 16:50:14,925] {dag.py:1818} INFO - Sync 1 DAGs
[2022-06-25 16:50:14,945] {logging_mixin.py:104} INFO - [2022-06-25 16:50:14,945] {dag.py:2273} INFO - Setting next_dagrun for dag_with_taskflow_api_v02 to 2021-10-26T00:00:00+00:00
[2022-06-25 16:50:14,955] {scheduler_job.py:190} INFO - Processing /opt/airflow/dags/dag_with_taskflow_api.py took 0.082 seconds
[2022-06-25 16:50:25,375] {scheduler_job.py:182} INFO - Started process (PID=793) to work on /opt/airflow/dags/dag_with_taskflow_api.py
[2022-06-25 16:50:25,377] {scheduler_job.py:629} INFO - Processing file /opt/airflow/dags/dag_with_taskflow_api.py for tasks to queue
[2022-06-25 16:50:25,379] {logging_mixin.py:104} INFO - [2022-06-25 16:50:25,379] {dagbag.py:448} INFO - Filling up the DagBag from /opt/airflow/dags/dag_with_taskflow_api.py
[2022-06-25 16:50:25,400] {scheduler_job.py:639} INFO - DAG(s) dict_keys(['dag_with_taskflow_api_v02']) retrieved from /opt/airflow/dags/dag_with_taskflow_api.py
[2022-06-25 16:50:25,417] {logging_mixin.py:104} INFO - [2022-06-25 16:50:25,416] {dag.py:1818} INFO - Sync 1 DAGs
[2022-06-25 16:50:25,441] {logging_mixin.py:104} INFO - [2022-06-25 16:50:25,441] {dag.py:2273} INFO - Setting next_dagrun for dag_with_taskflow_api_v02 to 2021-10-26T00:00:00+00:00
[2022-06-25 16:50:25,449] {scheduler_job.py:190} INFO - Processing /opt/airflow/dags/dag_with_taskflow_api.py took 0.080 seconds
[2022-06-25 16:50:35,811] {scheduler_job.py:182} INFO - Started process (PID=837) to work on /opt/airflow/dags/dag_with_taskflow_api.py
[2022-06-25 16:50:35,814] {scheduler_job.py:629} INFO - Processing file /opt/airflow/dags/dag_with_taskflow_api.py for tasks to queue
[2022-06-25 16:50:35,816] {logging_mixin.py:104} INFO - [2022-06-25 16:50:35,816] {dagbag.py:448} INFO - Filling up the DagBag from /opt/airflow/dags/dag_with_taskflow_api.py
[2022-06-25 16:50:35,819] {scheduler_job.py:641} WARNING - No viable dags retrieved from /opt/airflow/dags/dag_with_taskflow_api.py
[2022-06-25 16:50:35,821] {scheduler_job.py:190} INFO - Processing /opt/airflow/dags/dag_with_taskflow_api.py took 0.017 seconds
[2022-06-25 16:50:46,063] {scheduler_job.py:182} INFO - Started process (PID=882) to work on /opt/airflow/dags/dag_with_taskflow_api.py
[2022-06-25 16:50:46,066] {scheduler_job.py:629} INFO - Processing file /opt/airflow/dags/dag_with_taskflow_api.py for tasks to queue
[2022-06-25 16:50:46,070] {logging_mixin.py:104} INFO - [2022-06-25 16:50:46,070] {dagbag.py:448} INFO - Filling up the DagBag from /opt/airflow/dags/dag_with_taskflow_api.py
[2022-06-25 16:50:46,072] {scheduler_job.py:641} WARNING - No viable dags retrieved from /opt/airflow/dags/dag_with_taskflow_api.py
[2022-06-25 16:50:46,073] {scheduler_job.py:190} INFO - Processing /opt/airflow/dags/dag_with_taskflow_api.py took 0.019 seconds
[2022-06-25 16:50:56,268] {scheduler_job.py:182} INFO - Started process (PID=928) to work on /opt/airflow/dags/dag_with_taskflow_api.py
[2022-06-25 16:50:56,272] {scheduler_job.py:629} INFO - Processing file /opt/airflow/dags/dag_with_taskflow_api.py for tasks to queue
[2022-06-25 16:50:56,275] {logging_mixin.py:104} INFO - [2022-06-25 16:50:56,274] {dagbag.py:448} INFO - Filling up the DagBag from /opt/airflow/dags/dag_with_taskflow_api.py
[2022-06-25 16:50:56,279] {scheduler_job.py:641} WARNING - No viable dags retrieved from /opt/airflow/dags/dag_with_taskflow_api.py
[2022-06-25 16:50:56,281] {scheduler_job.py:190} INFO - Processing /opt/airflow/dags/dag_with_taskflow_api.py took 0.020 seconds
[2022-06-25 16:51:06,460] {scheduler_job.py:182} INFO - Started process (PID=973) to work on /opt/airflow/dags/dag_with_taskflow_api.py
[2022-06-25 16:51:06,464] {scheduler_job.py:629} INFO - Processing file /opt/airflow/dags/dag_with_taskflow_api.py for tasks to queue
[2022-06-25 16:51:06,465] {logging_mixin.py:104} INFO - [2022-06-25 16:51:06,465] {dagbag.py:448} INFO - Filling up the DagBag from /opt/airflow/dags/dag_with_taskflow_api.py
[2022-06-25 16:51:06,467] {scheduler_job.py:641} WARNING - No viable dags retrieved from /opt/airflow/dags/dag_with_taskflow_api.py
[2022-06-25 16:51:06,468] {scheduler_job.py:190} INFO - Processing /opt/airflow/dags/dag_with_taskflow_api.py took 0.013 seconds
[2022-06-25 16:51:16,662] {scheduler_job.py:182} INFO - Started process (PID=1018) to work on /opt/airflow/dags/dag_with_taskflow_api.py
[2022-06-25 16:51:16,664] {scheduler_job.py:629} INFO - Processing file /opt/airflow/dags/dag_with_taskflow_api.py for tasks to queue
[2022-06-25 16:51:16,666] {logging_mixin.py:104} INFO - [2022-06-25 16:51:16,666] {dagbag.py:448} INFO - Filling up the DagBag from /opt/airflow/dags/dag_with_taskflow_api.py
[2022-06-25 16:51:16,668] {scheduler_job.py:641} WARNING - No viable dags retrieved from /opt/airflow/dags/dag_with_taskflow_api.py
[2022-06-25 16:51:16,670] {scheduler_job.py:190} INFO - Processing /opt/airflow/dags/dag_with_taskflow_api.py took 0.015 seconds
[2022-06-25 16:51:26,872] {scheduler_job.py:182} INFO - Started process (PID=1063) to work on /opt/airflow/dags/dag_with_taskflow_api.py
[2022-06-25 16:51:26,875] {scheduler_job.py:629} INFO - Processing file /opt/airflow/dags/dag_with_taskflow_api.py for tasks to queue
[2022-06-25 16:51:26,877] {logging_mixin.py:104} INFO - [2022-06-25 16:51:26,877] {dagbag.py:448} INFO - Filling up the DagBag from /opt/airflow/dags/dag_with_taskflow_api.py
[2022-06-25 16:51:26,883] {scheduler_job.py:641} WARNING - No viable dags retrieved from /opt/airflow/dags/dag_with_taskflow_api.py
[2022-06-25 16:51:26,884] {scheduler_job.py:190} INFO - Processing /opt/airflow/dags/dag_with_taskflow_api.py took 0.018 seconds
[2022-06-25 16:51:37,063] {scheduler_job.py:182} INFO - Started process (PID=1108) to work on /opt/airflow/dags/dag_with_taskflow_api.py
[2022-06-25 16:51:37,066] {scheduler_job.py:629} INFO - Processing file /opt/airflow/dags/dag_with_taskflow_api.py for tasks to queue
[2022-06-25 16:51:37,068] {logging_mixin.py:104} INFO - [2022-06-25 16:51:37,068] {dagbag.py:448} INFO - Filling up the DagBag from /opt/airflow/dags/dag_with_taskflow_api.py
[2022-06-25 16:51:37,070] {scheduler_job.py:641} WARNING - No viable dags retrieved from /opt/airflow/dags/dag_with_taskflow_api.py
[2022-06-25 16:51:37,072] {scheduler_job.py:190} INFO - Processing /opt/airflow/dags/dag_with_taskflow_api.py took 0.013 seconds
[2022-06-25 16:51:47,249] {scheduler_job.py:182} INFO - Started process (PID=1152) to work on /opt/airflow/dags/dag_with_taskflow_api.py
[2022-06-25 16:51:47,254] {scheduler_job.py:629} INFO - Processing file /opt/airflow/dags/dag_with_taskflow_api.py for tasks to queue
[2022-06-25 16:51:47,256] {logging_mixin.py:104} INFO - [2022-06-25 16:51:47,256] {dagbag.py:448} INFO - Filling up the DagBag from /opt/airflow/dags/dag_with_taskflow_api.py
[2022-06-25 16:51:47,259] {scheduler_job.py:641} WARNING - No viable dags retrieved from /opt/airflow/dags/dag_with_taskflow_api.py
[2022-06-25 16:51:47,262] {scheduler_job.py:190} INFO - Processing /opt/airflow/dags/dag_with_taskflow_api.py took 0.024 seconds
[2022-06-25 16:51:57,569] {scheduler_job.py:182} INFO - Started process (PID=1198) to work on /opt/airflow/dags/dag_with_taskflow_api.py
[2022-06-25 16:51:57,571] {scheduler_job.py:629} INFO - Processing file /opt/airflow/dags/dag_with_taskflow_api.py for tasks to queue
[2022-06-25 16:51:57,574] {logging_mixin.py:104} INFO - [2022-06-25 16:51:57,573] {dagbag.py:448} INFO - Filling up the DagBag from /opt/airflow/dags/dag_with_taskflow_api.py
[2022-06-25 16:51:57,576] {scheduler_job.py:641} WARNING - No viable dags retrieved from /opt/airflow/dags/dag_with_taskflow_api.py
[2022-06-25 16:51:57,578] {scheduler_job.py:190} INFO - Processing /opt/airflow/dags/dag_with_taskflow_api.py took 0.016 seconds
[2022-06-25 16:52:07,762] {scheduler_job.py:182} INFO - Started process (PID=1243) to work on /opt/airflow/dags/dag_with_taskflow_api.py
[2022-06-25 16:52:07,763] {scheduler_job.py:629} INFO - Processing file /opt/airflow/dags/dag_with_taskflow_api.py for tasks to queue
[2022-06-25 16:52:07,764] {logging_mixin.py:104} INFO - [2022-06-25 16:52:07,764] {dagbag.py:448} INFO - Filling up the DagBag from /opt/airflow/dags/dag_with_taskflow_api.py
[2022-06-25 16:52:07,766] {scheduler_job.py:641} WARNING - No viable dags retrieved from /opt/airflow/dags/dag_with_taskflow_api.py
[2022-06-25 16:52:07,767] {scheduler_job.py:190} INFO - Processing /opt/airflow/dags/dag_with_taskflow_api.py took 0.009 seconds
[2022-06-25 16:52:17,997] {scheduler_job.py:182} INFO - Started process (PID=1287) to work on /opt/airflow/dags/dag_with_taskflow_api.py
[2022-06-25 16:52:18,000] {scheduler_job.py:629} INFO - Processing file /opt/airflow/dags/dag_with_taskflow_api.py for tasks to queue
[2022-06-25 16:52:18,004] {logging_mixin.py:104} INFO - [2022-06-25 16:52:18,004] {dagbag.py:448} INFO - Filling up the DagBag from /opt/airflow/dags/dag_with_taskflow_api.py
[2022-06-25 16:52:18,007] {scheduler_job.py:641} WARNING - No viable dags retrieved from /opt/airflow/dags/dag_with_taskflow_api.py
[2022-06-25 16:52:18,009] {scheduler_job.py:190} INFO - Processing /opt/airflow/dags/dag_with_taskflow_api.py took 0.017 seconds
[2022-06-25 16:52:28,250] {scheduler_job.py:182} INFO - Started process (PID=1333) to work on /opt/airflow/dags/dag_with_taskflow_api.py
[2022-06-25 16:52:28,262] {scheduler_job.py:629} INFO - Processing file /opt/airflow/dags/dag_with_taskflow_api.py for tasks to queue
[2022-06-25 16:52:28,264] {logging_mixin.py:104} INFO - [2022-06-25 16:52:28,263] {dagbag.py:448} INFO - Filling up the DagBag from /opt/airflow/dags/dag_with_taskflow_api.py
[2022-06-25 16:52:28,266] {scheduler_job.py:641} WARNING - No viable dags retrieved from /opt/airflow/dags/dag_with_taskflow_api.py
[2022-06-25 16:52:28,267] {scheduler_job.py:190} INFO - Processing /opt/airflow/dags/dag_with_taskflow_api.py took 0.025 seconds
[2022-06-25 16:52:38,493] {scheduler_job.py:182} INFO - Started process (PID=1378) to work on /opt/airflow/dags/dag_with_taskflow_api.py
[2022-06-25 16:52:38,496] {scheduler_job.py:629} INFO - Processing file /opt/airflow/dags/dag_with_taskflow_api.py for tasks to queue
[2022-06-25 16:52:38,497] {logging_mixin.py:104} INFO - [2022-06-25 16:52:38,497] {dagbag.py:448} INFO - Filling up the DagBag from /opt/airflow/dags/dag_with_taskflow_api.py
[2022-06-25 16:52:38,500] {scheduler_job.py:641} WARNING - No viable dags retrieved from /opt/airflow/dags/dag_with_taskflow_api.py
[2022-06-25 16:52:38,501] {scheduler_job.py:190} INFO - Processing /opt/airflow/dags/dag_with_taskflow_api.py took 0.013 seconds
[2022-06-25 16:52:48,785] {scheduler_job.py:182} INFO - Started process (PID=1424) to work on /opt/airflow/dags/dag_with_taskflow_api.py
[2022-06-25 16:52:48,788] {scheduler_job.py:629} INFO - Processing file /opt/airflow/dags/dag_with_taskflow_api.py for tasks to queue
[2022-06-25 16:52:48,790] {logging_mixin.py:104} INFO - [2022-06-25 16:52:48,790] {dagbag.py:448} INFO - Filling up the DagBag from /opt/airflow/dags/dag_with_taskflow_api.py
[2022-06-25 16:52:48,794] {scheduler_job.py:641} WARNING - No viable dags retrieved from /opt/airflow/dags/dag_with_taskflow_api.py
[2022-06-25 16:52:48,795] {scheduler_job.py:190} INFO - Processing /opt/airflow/dags/dag_with_taskflow_api.py took 0.025 seconds
[2022-06-25 16:52:59,027] {scheduler_job.py:182} INFO - Started process (PID=1468) to work on /opt/airflow/dags/dag_with_taskflow_api.py
[2022-06-25 16:52:59,031] {scheduler_job.py:629} INFO - Processing file /opt/airflow/dags/dag_with_taskflow_api.py for tasks to queue
[2022-06-25 16:52:59,034] {logging_mixin.py:104} INFO - [2022-06-25 16:52:59,034] {dagbag.py:448} INFO - Filling up the DagBag from /opt/airflow/dags/dag_with_taskflow_api.py
[2022-06-25 16:52:59,045] {scheduler_job.py:641} WARNING - No viable dags retrieved from /opt/airflow/dags/dag_with_taskflow_api.py
[2022-06-25 16:52:59,048] {scheduler_job.py:190} INFO - Processing /opt/airflow/dags/dag_with_taskflow_api.py took 0.058 seconds
