[2022-06-25 16:48:06,449] {scheduler_job.py:182} INFO - Started process (PID=177) to work on /opt/airflow/dags/dag_with_catchup_and_backfill.py
[2022-06-25 16:48:06,453] {scheduler_job.py:629} INFO - Processing file /opt/airflow/dags/dag_with_catchup_and_backfill.py for tasks to queue
[2022-06-25 16:48:06,458] {logging_mixin.py:104} INFO - [2022-06-25 16:48:06,457] {dagbag.py:448} INFO - Filling up the DagBag from /opt/airflow/dags/dag_with_catchup_and_backfill.py
[2022-06-25 16:48:06,501] {scheduler_job.py:639} INFO - DAG(s) dict_keys(['dag_with_catchup_backfill_v02']) retrieved from /opt/airflow/dags/dag_with_catchup_and_backfill.py
[2022-06-25 16:48:06,594] {logging_mixin.py:104} INFO - [2022-06-25 16:48:06,594] {dag.py:1818} INFO - Sync 1 DAGs
[2022-06-25 16:48:06,619] {logging_mixin.py:104} INFO - [2022-06-25 16:48:06,619] {dag.py:1837} INFO - Creating ORM DAG for dag_with_catchup_backfill_v02
[2022-06-25 16:48:06,656] {logging_mixin.py:104} INFO - [2022-06-25 16:48:06,656] {dag.py:2273} INFO - Setting next_dagrun for dag_with_catchup_backfill_v02 to 2022-06-24 00:00:00+00:00
[2022-06-25 16:48:06,696] {scheduler_job.py:190} INFO - Processing /opt/airflow/dags/dag_with_catchup_and_backfill.py took 0.251 seconds
[2022-06-25 16:48:17,010] {scheduler_job.py:182} INFO - Started process (PID=222) to work on /opt/airflow/dags/dag_with_catchup_and_backfill.py
[2022-06-25 16:48:17,013] {scheduler_job.py:629} INFO - Processing file /opt/airflow/dags/dag_with_catchup_and_backfill.py for tasks to queue
[2022-06-25 16:48:17,016] {logging_mixin.py:104} INFO - [2022-06-25 16:48:17,015] {dagbag.py:448} INFO - Filling up the DagBag from /opt/airflow/dags/dag_with_catchup_and_backfill.py
[2022-06-25 16:48:17,046] {scheduler_job.py:639} INFO - DAG(s) dict_keys(['dag_with_catchup_backfill_v02']) retrieved from /opt/airflow/dags/dag_with_catchup_and_backfill.py
[2022-06-25 16:48:17,071] {logging_mixin.py:104} INFO - [2022-06-25 16:48:17,071] {dag.py:1818} INFO - Sync 1 DAGs
[2022-06-25 16:48:17,150] {logging_mixin.py:104} INFO - [2022-06-25 16:48:17,150] {dag.py:2273} INFO - Setting next_dagrun for dag_with_catchup_backfill_v02 to 2022-06-24 00:00:00+00:00
[2022-06-25 16:48:17,170] {scheduler_job.py:190} INFO - Processing /opt/airflow/dags/dag_with_catchup_and_backfill.py took 0.174 seconds
[2022-06-25 16:48:27,870] {scheduler_job.py:182} INFO - Started process (PID=259) to work on /opt/airflow/dags/dag_with_catchup_and_backfill.py
[2022-06-25 16:48:27,872] {scheduler_job.py:629} INFO - Processing file /opt/airflow/dags/dag_with_catchup_and_backfill.py for tasks to queue
[2022-06-25 16:48:27,879] {logging_mixin.py:104} INFO - [2022-06-25 16:48:27,878] {dagbag.py:448} INFO - Filling up the DagBag from /opt/airflow/dags/dag_with_catchup_and_backfill.py
[2022-06-25 16:48:27,918] {scheduler_job.py:639} INFO - DAG(s) dict_keys(['dag_with_catchup_backfill_v02']) retrieved from /opt/airflow/dags/dag_with_catchup_and_backfill.py
[2022-06-25 16:48:27,986] {logging_mixin.py:104} INFO - [2022-06-25 16:48:27,986] {dag.py:1818} INFO - Sync 1 DAGs
[2022-06-25 16:48:28,074] {logging_mixin.py:104} INFO - [2022-06-25 16:48:28,074] {dag.py:2273} INFO - Setting next_dagrun for dag_with_catchup_backfill_v02 to 2022-06-24 00:00:00+00:00
[2022-06-25 16:48:28,090] {scheduler_job.py:190} INFO - Processing /opt/airflow/dags/dag_with_catchup_and_backfill.py took 0.227 seconds
[2022-06-25 16:48:38,197] {scheduler_job.py:182} INFO - Started process (PID=304) to work on /opt/airflow/dags/dag_with_catchup_and_backfill.py
[2022-06-25 16:48:38,198] {scheduler_job.py:629} INFO - Processing file /opt/airflow/dags/dag_with_catchup_and_backfill.py for tasks to queue
[2022-06-25 16:48:38,199] {logging_mixin.py:104} INFO - [2022-06-25 16:48:38,199] {dagbag.py:448} INFO - Filling up the DagBag from /opt/airflow/dags/dag_with_catchup_and_backfill.py
[2022-06-25 16:48:38,215] {scheduler_job.py:639} INFO - DAG(s) dict_keys(['dag_with_catchup_backfill_v02']) retrieved from /opt/airflow/dags/dag_with_catchup_and_backfill.py
[2022-06-25 16:48:38,237] {logging_mixin.py:104} INFO - [2022-06-25 16:48:38,237] {dag.py:1818} INFO - Sync 1 DAGs
[2022-06-25 16:48:38,263] {logging_mixin.py:104} INFO - [2022-06-25 16:48:38,263] {dag.py:2273} INFO - Setting next_dagrun for dag_with_catchup_backfill_v02 to 2022-06-24 00:00:00+00:00
[2022-06-25 16:48:38,271] {scheduler_job.py:190} INFO - Processing /opt/airflow/dags/dag_with_catchup_and_backfill.py took 0.078 seconds
[2022-06-25 16:48:49,054] {scheduler_job.py:182} INFO - Started process (PID=349) to work on /opt/airflow/dags/dag_with_catchup_and_backfill.py
[2022-06-25 16:48:49,056] {scheduler_job.py:629} INFO - Processing file /opt/airflow/dags/dag_with_catchup_and_backfill.py for tasks to queue
[2022-06-25 16:48:49,058] {logging_mixin.py:104} INFO - [2022-06-25 16:48:49,058] {dagbag.py:448} INFO - Filling up the DagBag from /opt/airflow/dags/dag_with_catchup_and_backfill.py
[2022-06-25 16:48:49,081] {scheduler_job.py:639} INFO - DAG(s) dict_keys(['dag_with_catchup_backfill_v02']) retrieved from /opt/airflow/dags/dag_with_catchup_and_backfill.py
[2022-06-25 16:48:49,105] {logging_mixin.py:104} INFO - [2022-06-25 16:48:49,105] {dag.py:1818} INFO - Sync 1 DAGs
[2022-06-25 16:48:49,140] {logging_mixin.py:104} INFO - [2022-06-25 16:48:49,140] {dag.py:2273} INFO - Setting next_dagrun for dag_with_catchup_backfill_v02 to 2022-06-24 00:00:00+00:00
[2022-06-25 16:48:49,152] {scheduler_job.py:190} INFO - Processing /opt/airflow/dags/dag_with_catchup_and_backfill.py took 0.102 seconds
[2022-06-25 16:48:59,624] {scheduler_job.py:182} INFO - Started process (PID=394) to work on /opt/airflow/dags/dag_with_catchup_and_backfill.py
[2022-06-25 16:48:59,625] {scheduler_job.py:629} INFO - Processing file /opt/airflow/dags/dag_with_catchup_and_backfill.py for tasks to queue
[2022-06-25 16:48:59,627] {logging_mixin.py:104} INFO - [2022-06-25 16:48:59,627] {dagbag.py:448} INFO - Filling up the DagBag from /opt/airflow/dags/dag_with_catchup_and_backfill.py
[2022-06-25 16:48:59,646] {scheduler_job.py:639} INFO - DAG(s) dict_keys(['dag_with_catchup_backfill_v02']) retrieved from /opt/airflow/dags/dag_with_catchup_and_backfill.py
[2022-06-25 16:48:59,672] {logging_mixin.py:104} INFO - [2022-06-25 16:48:59,672] {dag.py:1818} INFO - Sync 1 DAGs
[2022-06-25 16:48:59,698] {logging_mixin.py:104} INFO - [2022-06-25 16:48:59,698] {dag.py:2273} INFO - Setting next_dagrun for dag_with_catchup_backfill_v02 to 2022-06-24 00:00:00+00:00
[2022-06-25 16:48:59,706] {scheduler_job.py:190} INFO - Processing /opt/airflow/dags/dag_with_catchup_and_backfill.py took 0.086 seconds
[2022-06-25 16:49:10,181] {scheduler_job.py:182} INFO - Started process (PID=439) to work on /opt/airflow/dags/dag_with_catchup_and_backfill.py
[2022-06-25 16:49:10,183] {scheduler_job.py:629} INFO - Processing file /opt/airflow/dags/dag_with_catchup_and_backfill.py for tasks to queue
[2022-06-25 16:49:10,184] {logging_mixin.py:104} INFO - [2022-06-25 16:49:10,184] {dagbag.py:448} INFO - Filling up the DagBag from /opt/airflow/dags/dag_with_catchup_and_backfill.py
[2022-06-25 16:49:10,203] {scheduler_job.py:639} INFO - DAG(s) dict_keys(['dag_with_catchup_backfill_v02']) retrieved from /opt/airflow/dags/dag_with_catchup_and_backfill.py
[2022-06-25 16:49:10,225] {logging_mixin.py:104} INFO - [2022-06-25 16:49:10,225] {dag.py:1818} INFO - Sync 1 DAGs
[2022-06-25 16:49:10,263] {logging_mixin.py:104} INFO - [2022-06-25 16:49:10,263] {dag.py:2273} INFO - Setting next_dagrun for dag_with_catchup_backfill_v02 to 2022-06-24 00:00:00+00:00
[2022-06-25 16:49:10,273] {scheduler_job.py:190} INFO - Processing /opt/airflow/dags/dag_with_catchup_and_backfill.py took 0.097 seconds
[2022-06-25 16:49:20,696] {scheduler_job.py:182} INFO - Started process (PID=484) to work on /opt/airflow/dags/dag_with_catchup_and_backfill.py
[2022-06-25 16:49:20,699] {scheduler_job.py:629} INFO - Processing file /opt/airflow/dags/dag_with_catchup_and_backfill.py for tasks to queue
[2022-06-25 16:49:20,701] {logging_mixin.py:104} INFO - [2022-06-25 16:49:20,701] {dagbag.py:448} INFO - Filling up the DagBag from /opt/airflow/dags/dag_with_catchup_and_backfill.py
[2022-06-25 16:49:20,721] {scheduler_job.py:639} INFO - DAG(s) dict_keys(['dag_with_catchup_backfill_v02']) retrieved from /opt/airflow/dags/dag_with_catchup_and_backfill.py
[2022-06-25 16:49:20,747] {logging_mixin.py:104} INFO - [2022-06-25 16:49:20,746] {dag.py:1818} INFO - Sync 1 DAGs
[2022-06-25 16:49:20,779] {logging_mixin.py:104} INFO - [2022-06-25 16:49:20,779] {dag.py:2273} INFO - Setting next_dagrun for dag_with_catchup_backfill_v02 to 2022-06-24 00:00:00+00:00
[2022-06-25 16:49:20,790] {scheduler_job.py:190} INFO - Processing /opt/airflow/dags/dag_with_catchup_and_backfill.py took 0.098 seconds
[2022-06-25 16:49:31,422] {scheduler_job.py:182} INFO - Started process (PID=529) to work on /opt/airflow/dags/dag_with_catchup_and_backfill.py
[2022-06-25 16:49:31,424] {scheduler_job.py:629} INFO - Processing file /opt/airflow/dags/dag_with_catchup_and_backfill.py for tasks to queue
[2022-06-25 16:49:31,426] {logging_mixin.py:104} INFO - [2022-06-25 16:49:31,425] {dagbag.py:448} INFO - Filling up the DagBag from /opt/airflow/dags/dag_with_catchup_and_backfill.py
[2022-06-25 16:49:31,456] {scheduler_job.py:639} INFO - DAG(s) dict_keys(['dag_with_catchup_backfill_v02']) retrieved from /opt/airflow/dags/dag_with_catchup_and_backfill.py
[2022-06-25 16:49:31,492] {logging_mixin.py:104} INFO - [2022-06-25 16:49:31,492] {dag.py:1818} INFO - Sync 1 DAGs
[2022-06-25 16:49:31,541] {logging_mixin.py:104} INFO - [2022-06-25 16:49:31,541] {dag.py:2273} INFO - Setting next_dagrun for dag_with_catchup_backfill_v02 to 2022-06-24 00:00:00+00:00
[2022-06-25 16:49:31,551] {scheduler_job.py:190} INFO - Processing /opt/airflow/dags/dag_with_catchup_and_backfill.py took 0.138 seconds
[2022-06-25 16:49:41,825] {scheduler_job.py:182} INFO - Started process (PID=593) to work on /opt/airflow/dags/dag_with_catchup_and_backfill.py
[2022-06-25 16:49:41,831] {scheduler_job.py:629} INFO - Processing file /opt/airflow/dags/dag_with_catchup_and_backfill.py for tasks to queue
[2022-06-25 16:49:41,836] {logging_mixin.py:104} INFO - [2022-06-25 16:49:41,835] {dagbag.py:448} INFO - Filling up the DagBag from /opt/airflow/dags/dag_with_catchup_and_backfill.py
[2022-06-25 16:49:41,941] {scheduler_job.py:639} INFO - DAG(s) dict_keys(['dag_with_catchup_backfill_v02']) retrieved from /opt/airflow/dags/dag_with_catchup_and_backfill.py
[2022-06-25 16:49:41,999] {logging_mixin.py:104} INFO - [2022-06-25 16:49:41,999] {dag.py:1818} INFO - Sync 1 DAGs
[2022-06-25 16:49:42,125] {logging_mixin.py:104} INFO - [2022-06-25 16:49:42,125] {dag.py:2273} INFO - Setting next_dagrun for dag_with_catchup_backfill_v02 to 2022-06-24 00:00:00+00:00
[2022-06-25 16:49:42,182] {scheduler_job.py:190} INFO - Processing /opt/airflow/dags/dag_with_catchup_and_backfill.py took 0.367 seconds
[2022-06-25 16:49:52,451] {scheduler_job.py:182} INFO - Started process (PID=650) to work on /opt/airflow/dags/dag_with_catchup_and_backfill.py
[2022-06-25 16:49:52,456] {scheduler_job.py:629} INFO - Processing file /opt/airflow/dags/dag_with_catchup_and_backfill.py for tasks to queue
[2022-06-25 16:49:52,457] {logging_mixin.py:104} INFO - [2022-06-25 16:49:52,457] {dagbag.py:448} INFO - Filling up the DagBag from /opt/airflow/dags/dag_with_catchup_and_backfill.py
[2022-06-25 16:49:52,485] {scheduler_job.py:639} INFO - DAG(s) dict_keys(['dag_with_catchup_backfill_v02']) retrieved from /opt/airflow/dags/dag_with_catchup_and_backfill.py
[2022-06-25 16:49:52,516] {logging_mixin.py:104} INFO - [2022-06-25 16:49:52,516] {dag.py:1818} INFO - Sync 1 DAGs
[2022-06-25 16:49:52,545] {logging_mixin.py:104} INFO - [2022-06-25 16:49:52,545] {dag.py:2273} INFO - Setting next_dagrun for dag_with_catchup_backfill_v02 to 2022-06-24 00:00:00+00:00
[2022-06-25 16:49:52,560] {scheduler_job.py:190} INFO - Processing /opt/airflow/dags/dag_with_catchup_and_backfill.py took 0.114 seconds
[2022-06-25 16:50:02,896] {scheduler_job.py:182} INFO - Started process (PID=688) to work on /opt/airflow/dags/dag_with_catchup_and_backfill.py
[2022-06-25 16:50:02,900] {scheduler_job.py:629} INFO - Processing file /opt/airflow/dags/dag_with_catchup_and_backfill.py for tasks to queue
[2022-06-25 16:50:02,906] {logging_mixin.py:104} INFO - [2022-06-25 16:50:02,905] {dagbag.py:448} INFO - Filling up the DagBag from /opt/airflow/dags/dag_with_catchup_and_backfill.py
[2022-06-25 16:50:02,924] {scheduler_job.py:639} INFO - DAG(s) dict_keys(['dag_with_catchup_backfill_v02']) retrieved from /opt/airflow/dags/dag_with_catchup_and_backfill.py
[2022-06-25 16:50:02,945] {logging_mixin.py:104} INFO - [2022-06-25 16:50:02,945] {dag.py:1818} INFO - Sync 1 DAGs
[2022-06-25 16:50:02,977] {logging_mixin.py:104} INFO - [2022-06-25 16:50:02,976] {dag.py:2273} INFO - Setting next_dagrun for dag_with_catchup_backfill_v02 to 2022-06-24 00:00:00+00:00
[2022-06-25 16:50:02,988] {scheduler_job.py:190} INFO - Processing /opt/airflow/dags/dag_with_catchup_and_backfill.py took 0.101 seconds
[2022-06-25 16:50:13,559] {scheduler_job.py:182} INFO - Started process (PID=732) to work on /opt/airflow/dags/dag_with_catchup_and_backfill.py
[2022-06-25 16:50:13,566] {scheduler_job.py:629} INFO - Processing file /opt/airflow/dags/dag_with_catchup_and_backfill.py for tasks to queue
[2022-06-25 16:50:13,571] {logging_mixin.py:104} INFO - [2022-06-25 16:50:13,570] {dagbag.py:448} INFO - Filling up the DagBag from /opt/airflow/dags/dag_with_catchup_and_backfill.py
[2022-06-25 16:50:13,620] {scheduler_job.py:639} INFO - DAG(s) dict_keys(['dag_with_catchup_backfill_v02']) retrieved from /opt/airflow/dags/dag_with_catchup_and_backfill.py
[2022-06-25 16:50:13,727] {logging_mixin.py:104} INFO - [2022-06-25 16:50:13,727] {dag.py:1818} INFO - Sync 1 DAGs
[2022-06-25 16:50:13,779] {logging_mixin.py:104} INFO - [2022-06-25 16:50:13,779] {dag.py:2273} INFO - Setting next_dagrun for dag_with_catchup_backfill_v02 to 2022-06-24 00:00:00+00:00
[2022-06-25 16:50:13,788] {scheduler_job.py:190} INFO - Processing /opt/airflow/dags/dag_with_catchup_and_backfill.py took 0.236 seconds
[2022-06-25 16:50:24,235] {scheduler_job.py:182} INFO - Started process (PID=779) to work on /opt/airflow/dags/dag_with_catchup_and_backfill.py
[2022-06-25 16:50:24,237] {scheduler_job.py:629} INFO - Processing file /opt/airflow/dags/dag_with_catchup_and_backfill.py for tasks to queue
[2022-06-25 16:50:24,239] {logging_mixin.py:104} INFO - [2022-06-25 16:50:24,238] {dagbag.py:448} INFO - Filling up the DagBag from /opt/airflow/dags/dag_with_catchup_and_backfill.py
[2022-06-25 16:50:24,254] {scheduler_job.py:639} INFO - DAG(s) dict_keys(['dag_with_catchup_backfill_v02']) retrieved from /opt/airflow/dags/dag_with_catchup_and_backfill.py
[2022-06-25 16:50:24,281] {logging_mixin.py:104} INFO - [2022-06-25 16:50:24,281] {dag.py:1818} INFO - Sync 1 DAGs
[2022-06-25 16:50:24,316] {logging_mixin.py:104} INFO - [2022-06-25 16:50:24,316] {dag.py:2273} INFO - Setting next_dagrun for dag_with_catchup_backfill_v02 to 2022-06-24 00:00:00+00:00
[2022-06-25 16:50:24,325] {scheduler_job.py:190} INFO - Processing /opt/airflow/dags/dag_with_catchup_and_backfill.py took 0.094 seconds
[2022-06-25 16:50:34,764] {scheduler_job.py:182} INFO - Started process (PID=823) to work on /opt/airflow/dags/dag_with_catchup_and_backfill.py
[2022-06-25 16:50:34,767] {scheduler_job.py:629} INFO - Processing file /opt/airflow/dags/dag_with_catchup_and_backfill.py for tasks to queue
[2022-06-25 16:50:34,768] {logging_mixin.py:104} INFO - [2022-06-25 16:50:34,768] {dagbag.py:448} INFO - Filling up the DagBag from /opt/airflow/dags/dag_with_catchup_and_backfill.py
[2022-06-25 16:50:34,771] {scheduler_job.py:641} WARNING - No viable dags retrieved from /opt/airflow/dags/dag_with_catchup_and_backfill.py
[2022-06-25 16:50:34,773] {scheduler_job.py:190} INFO - Processing /opt/airflow/dags/dag_with_catchup_and_backfill.py took 0.013 seconds
[2022-06-25 16:50:44,953] {scheduler_job.py:182} INFO - Started process (PID=868) to work on /opt/airflow/dags/dag_with_catchup_and_backfill.py
[2022-06-25 16:50:44,964] {scheduler_job.py:629} INFO - Processing file /opt/airflow/dags/dag_with_catchup_and_backfill.py for tasks to queue
[2022-06-25 16:50:44,969] {logging_mixin.py:104} INFO - [2022-06-25 16:50:44,965] {dagbag.py:448} INFO - Filling up the DagBag from /opt/airflow/dags/dag_with_catchup_and_backfill.py
[2022-06-25 16:50:44,977] {scheduler_job.py:641} WARNING - No viable dags retrieved from /opt/airflow/dags/dag_with_catchup_and_backfill.py
[2022-06-25 16:50:44,986] {scheduler_job.py:190} INFO - Processing /opt/airflow/dags/dag_with_catchup_and_backfill.py took 0.044 seconds
[2022-06-25 16:50:55,212] {scheduler_job.py:182} INFO - Started process (PID=914) to work on /opt/airflow/dags/dag_with_catchup_and_backfill.py
[2022-06-25 16:50:55,215] {scheduler_job.py:629} INFO - Processing file /opt/airflow/dags/dag_with_catchup_and_backfill.py for tasks to queue
[2022-06-25 16:50:55,217] {logging_mixin.py:104} INFO - [2022-06-25 16:50:55,217] {dagbag.py:448} INFO - Filling up the DagBag from /opt/airflow/dags/dag_with_catchup_and_backfill.py
[2022-06-25 16:50:55,220] {scheduler_job.py:641} WARNING - No viable dags retrieved from /opt/airflow/dags/dag_with_catchup_and_backfill.py
[2022-06-25 16:50:55,221] {scheduler_job.py:190} INFO - Processing /opt/airflow/dags/dag_with_catchup_and_backfill.py took 0.018 seconds
[2022-06-25 16:51:05,402] {scheduler_job.py:182} INFO - Started process (PID=958) to work on /opt/airflow/dags/dag_with_catchup_and_backfill.py
[2022-06-25 16:51:05,405] {scheduler_job.py:629} INFO - Processing file /opt/airflow/dags/dag_with_catchup_and_backfill.py for tasks to queue
[2022-06-25 16:51:05,407] {logging_mixin.py:104} INFO - [2022-06-25 16:51:05,407] {dagbag.py:448} INFO - Filling up the DagBag from /opt/airflow/dags/dag_with_catchup_and_backfill.py
[2022-06-25 16:51:05,409] {scheduler_job.py:641} WARNING - No viable dags retrieved from /opt/airflow/dags/dag_with_catchup_and_backfill.py
[2022-06-25 16:51:05,410] {scheduler_job.py:190} INFO - Processing /opt/airflow/dags/dag_with_catchup_and_backfill.py took 0.014 seconds
[2022-06-25 16:51:15,591] {scheduler_job.py:182} INFO - Started process (PID=1003) to work on /opt/airflow/dags/dag_with_catchup_and_backfill.py
[2022-06-25 16:51:15,593] {scheduler_job.py:629} INFO - Processing file /opt/airflow/dags/dag_with_catchup_and_backfill.py for tasks to queue
[2022-06-25 16:51:15,595] {logging_mixin.py:104} INFO - [2022-06-25 16:51:15,595] {dagbag.py:448} INFO - Filling up the DagBag from /opt/airflow/dags/dag_with_catchup_and_backfill.py
[2022-06-25 16:51:15,598] {scheduler_job.py:641} WARNING - No viable dags retrieved from /opt/airflow/dags/dag_with_catchup_and_backfill.py
[2022-06-25 16:51:15,599] {scheduler_job.py:190} INFO - Processing /opt/airflow/dags/dag_with_catchup_and_backfill.py took 0.013 seconds
[2022-06-25 16:51:25,774] {scheduler_job.py:182} INFO - Started process (PID=1049) to work on /opt/airflow/dags/dag_with_catchup_and_backfill.py
[2022-06-25 16:51:25,785] {scheduler_job.py:629} INFO - Processing file /opt/airflow/dags/dag_with_catchup_and_backfill.py for tasks to queue
[2022-06-25 16:51:25,787] {logging_mixin.py:104} INFO - [2022-06-25 16:51:25,787] {dagbag.py:448} INFO - Filling up the DagBag from /opt/airflow/dags/dag_with_catchup_and_backfill.py
[2022-06-25 16:51:25,792] {scheduler_job.py:641} WARNING - No viable dags retrieved from /opt/airflow/dags/dag_with_catchup_and_backfill.py
[2022-06-25 16:51:25,793] {scheduler_job.py:190} INFO - Processing /opt/airflow/dags/dag_with_catchup_and_backfill.py took 0.023 seconds
[2022-06-25 16:51:36,013] {scheduler_job.py:182} INFO - Started process (PID=1093) to work on /opt/airflow/dags/dag_with_catchup_and_backfill.py
[2022-06-25 16:51:36,015] {scheduler_job.py:629} INFO - Processing file /opt/airflow/dags/dag_with_catchup_and_backfill.py for tasks to queue
[2022-06-25 16:51:36,016] {logging_mixin.py:104} INFO - [2022-06-25 16:51:36,016] {dagbag.py:448} INFO - Filling up the DagBag from /opt/airflow/dags/dag_with_catchup_and_backfill.py
[2022-06-25 16:51:36,017] {scheduler_job.py:641} WARNING - No viable dags retrieved from /opt/airflow/dags/dag_with_catchup_and_backfill.py
[2022-06-25 16:51:36,018] {scheduler_job.py:190} INFO - Processing /opt/airflow/dags/dag_with_catchup_and_backfill.py took 0.009 seconds
[2022-06-25 16:51:46,182] {scheduler_job.py:182} INFO - Started process (PID=1138) to work on /opt/airflow/dags/dag_with_catchup_and_backfill.py
[2022-06-25 16:51:46,185] {scheduler_job.py:629} INFO - Processing file /opt/airflow/dags/dag_with_catchup_and_backfill.py for tasks to queue
[2022-06-25 16:51:46,187] {logging_mixin.py:104} INFO - [2022-06-25 16:51:46,187] {dagbag.py:448} INFO - Filling up the DagBag from /opt/airflow/dags/dag_with_catchup_and_backfill.py
[2022-06-25 16:51:46,189] {scheduler_job.py:641} WARNING - No viable dags retrieved from /opt/airflow/dags/dag_with_catchup_and_backfill.py
[2022-06-25 16:51:46,191] {scheduler_job.py:190} INFO - Processing /opt/airflow/dags/dag_with_catchup_and_backfill.py took 0.012 seconds
[2022-06-25 16:51:56,519] {scheduler_job.py:182} INFO - Started process (PID=1183) to work on /opt/airflow/dags/dag_with_catchup_and_backfill.py
[2022-06-25 16:51:56,522] {scheduler_job.py:629} INFO - Processing file /opt/airflow/dags/dag_with_catchup_and_backfill.py for tasks to queue
[2022-06-25 16:51:56,524] {logging_mixin.py:104} INFO - [2022-06-25 16:51:56,523] {dagbag.py:448} INFO - Filling up the DagBag from /opt/airflow/dags/dag_with_catchup_and_backfill.py
[2022-06-25 16:51:56,525] {scheduler_job.py:641} WARNING - No viable dags retrieved from /opt/airflow/dags/dag_with_catchup_and_backfill.py
[2022-06-25 16:51:56,526] {scheduler_job.py:190} INFO - Processing /opt/airflow/dags/dag_with_catchup_and_backfill.py took 0.014 seconds
[2022-06-25 16:52:06,716] {scheduler_job.py:182} INFO - Started process (PID=1228) to work on /opt/airflow/dags/dag_with_catchup_and_backfill.py
[2022-06-25 16:52:06,718] {scheduler_job.py:629} INFO - Processing file /opt/airflow/dags/dag_with_catchup_and_backfill.py for tasks to queue
[2022-06-25 16:52:06,720] {logging_mixin.py:104} INFO - [2022-06-25 16:52:06,719] {dagbag.py:448} INFO - Filling up the DagBag from /opt/airflow/dags/dag_with_catchup_and_backfill.py
[2022-06-25 16:52:06,722] {scheduler_job.py:641} WARNING - No viable dags retrieved from /opt/airflow/dags/dag_with_catchup_and_backfill.py
[2022-06-25 16:52:06,722] {scheduler_job.py:190} INFO - Processing /opt/airflow/dags/dag_with_catchup_and_backfill.py took 0.011 seconds
[2022-06-25 16:52:16,936] {scheduler_job.py:182} INFO - Started process (PID=1273) to work on /opt/airflow/dags/dag_with_catchup_and_backfill.py
[2022-06-25 16:52:16,938] {scheduler_job.py:629} INFO - Processing file /opt/airflow/dags/dag_with_catchup_and_backfill.py for tasks to queue
[2022-06-25 16:52:16,939] {logging_mixin.py:104} INFO - [2022-06-25 16:52:16,939] {dagbag.py:448} INFO - Filling up the DagBag from /opt/airflow/dags/dag_with_catchup_and_backfill.py
[2022-06-25 16:52:16,941] {scheduler_job.py:641} WARNING - No viable dags retrieved from /opt/airflow/dags/dag_with_catchup_and_backfill.py
[2022-06-25 16:52:16,941] {scheduler_job.py:190} INFO - Processing /opt/airflow/dags/dag_with_catchup_and_backfill.py took 0.009 seconds
[2022-06-25 16:52:27,142] {scheduler_job.py:182} INFO - Started process (PID=1318) to work on /opt/airflow/dags/dag_with_catchup_and_backfill.py
[2022-06-25 16:52:27,144] {scheduler_job.py:629} INFO - Processing file /opt/airflow/dags/dag_with_catchup_and_backfill.py for tasks to queue
[2022-06-25 16:52:27,146] {logging_mixin.py:104} INFO - [2022-06-25 16:52:27,146] {dagbag.py:448} INFO - Filling up the DagBag from /opt/airflow/dags/dag_with_catchup_and_backfill.py
[2022-06-25 16:52:27,149] {scheduler_job.py:641} WARNING - No viable dags retrieved from /opt/airflow/dags/dag_with_catchup_and_backfill.py
[2022-06-25 16:52:27,150] {scheduler_job.py:190} INFO - Processing /opt/airflow/dags/dag_with_catchup_and_backfill.py took 0.018 seconds
[2022-06-25 16:52:37,430] {scheduler_job.py:182} INFO - Started process (PID=1363) to work on /opt/airflow/dags/dag_with_catchup_and_backfill.py
[2022-06-25 16:52:37,434] {scheduler_job.py:629} INFO - Processing file /opt/airflow/dags/dag_with_catchup_and_backfill.py for tasks to queue
[2022-06-25 16:52:37,437] {logging_mixin.py:104} INFO - [2022-06-25 16:52:37,437] {dagbag.py:448} INFO - Filling up the DagBag from /opt/airflow/dags/dag_with_catchup_and_backfill.py
[2022-06-25 16:52:37,441] {scheduler_job.py:641} WARNING - No viable dags retrieved from /opt/airflow/dags/dag_with_catchup_and_backfill.py
[2022-06-25 16:52:37,443] {scheduler_job.py:190} INFO - Processing /opt/airflow/dags/dag_with_catchup_and_backfill.py took 0.031 seconds
[2022-06-25 16:52:47,682] {scheduler_job.py:182} INFO - Started process (PID=1409) to work on /opt/airflow/dags/dag_with_catchup_and_backfill.py
[2022-06-25 16:52:47,688] {scheduler_job.py:629} INFO - Processing file /opt/airflow/dags/dag_with_catchup_and_backfill.py for tasks to queue
[2022-06-25 16:52:47,703] {logging_mixin.py:104} INFO - [2022-06-25 16:52:47,701] {dagbag.py:448} INFO - Filling up the DagBag from /opt/airflow/dags/dag_with_catchup_and_backfill.py
[2022-06-25 16:52:47,707] {scheduler_job.py:641} WARNING - No viable dags retrieved from /opt/airflow/dags/dag_with_catchup_and_backfill.py
[2022-06-25 16:52:47,710] {scheduler_job.py:190} INFO - Processing /opt/airflow/dags/dag_with_catchup_and_backfill.py took 0.049 seconds
[2022-06-25 16:52:57,926] {scheduler_job.py:182} INFO - Started process (PID=1452) to work on /opt/airflow/dags/dag_with_catchup_and_backfill.py
[2022-06-25 16:52:57,931] {scheduler_job.py:629} INFO - Processing file /opt/airflow/dags/dag_with_catchup_and_backfill.py for tasks to queue
[2022-06-25 16:52:57,932] {logging_mixin.py:104} INFO - [2022-06-25 16:52:57,932] {dagbag.py:448} INFO - Filling up the DagBag from /opt/airflow/dags/dag_with_catchup_and_backfill.py
[2022-06-25 16:52:57,935] {scheduler_job.py:641} WARNING - No viable dags retrieved from /opt/airflow/dags/dag_with_catchup_and_backfill.py
[2022-06-25 16:52:57,937] {scheduler_job.py:190} INFO - Processing /opt/airflow/dags/dag_with_catchup_and_backfill.py took 0.017 seconds
