[2022-06-25 21:14:36,965] {taskinstance.py:851} INFO - Dependencies all met for <TaskInstance: SDG_Enrique_V0.readCSV_convertColumns 2022-06-25T21:14:21.803427+00:00 [queued]>
[2022-06-25 21:14:36,982] {taskinstance.py:851} INFO - Dependencies all met for <TaskInstance: SDG_Enrique_V0.readCSV_convertColumns 2022-06-25T21:14:21.803427+00:00 [queued]>
[2022-06-25 21:14:36,983] {taskinstance.py:1042} INFO - 
--------------------------------------------------------------------------------
[2022-06-25 21:14:36,984] {taskinstance.py:1043} INFO - Starting attempt 1 of 1
[2022-06-25 21:14:36,984] {taskinstance.py:1044} INFO - 
--------------------------------------------------------------------------------
[2022-06-25 21:14:36,994] {taskinstance.py:1063} INFO - Executing <Task(PythonOperator): readCSV_convertColumns> on 2022-06-25T21:14:21.803427+00:00
[2022-06-25 21:14:36,999] {standard_task_runner.py:52} INFO - Started process 5169 to run task
[2022-06-25 21:14:37,003] {standard_task_runner.py:76} INFO - Running: ['airflow', 'tasks', 'run', 'SDG_Enrique_V0', 'readCSV_convertColumns', '2022-06-25T21:14:21.803427+00:00', '--job-id', '157', '--pool', 'default_pool', '--raw', '--subdir', 'DAGS_FOLDER/company_forecasting.py', '--cfg-path', '/tmp/tmp_35x1zuq', '--error-file', '/tmp/tmp8m1wa0ds']
[2022-06-25 21:14:37,006] {standard_task_runner.py:77} INFO - Job 157: Subtask readCSV_convertColumns
[2022-06-25 21:14:37,050] {logging_mixin.py:104} INFO - Running <TaskInstance: SDG_Enrique_V0.readCSV_convertColumns 2022-06-25T21:14:21.803427+00:00 [running]> on host 5e8dc4b25004
[2022-06-25 21:14:37,089] {taskinstance.py:1257} INFO - Exporting the following env vars:
AIRFLOW_CTX_DAG_EMAIL=enrique-liebana@outlook.com
AIRFLOW_CTX_DAG_OWNER=Enrique
AIRFLOW_CTX_DAG_ID=SDG_Enrique_V0
AIRFLOW_CTX_TASK_ID=readCSV_convertColumns
AIRFLOW_CTX_EXECUTION_DATE=2022-06-25T21:14:21.803427+00:00
AIRFLOW_CTX_DAG_RUN_ID=manual__2022-06-25T21:14:21.803427+00:00
[2022-06-25 21:14:39,224] {logging_mixin.py:104} WARNING - /home/airflow/.local/lib/python3.6/site-packages/airflow/models/taskinstance.py:1315 DtypeWarning: Columns (46,56,59) have mixed types.Specify dtype option on import or set low_memory=False.
[2022-06-25 21:14:39,511] {logging_mixin.py:104} INFO -   rev_mean mou_mean totmrc_mean  ... creditcd eqpdays customer_id
0  23,9975   219,25        22,5  ...        Y   361.0     1000001
1  57,4925   482,75      37,425  ...        Y   240.0     1000002
2    16,99    10,25       16,99  ...        Y  1504.0     1000003
3       38      7,5          38  ...        Y  1812.0     1000004
4    55,23    570,5       71,98  ...        Y   434.0     1000005

[5 rows x 100 columns]
[2022-06-25 21:14:39,514] {logging_mixin.py:104} INFO - rev_mean        object
mou_mean        object
totmrc_mean     object
da_mean         object
ovrmou_mean     object
                ...   
kid11_15        object
kid16_17        object
creditcd        object
eqpdays        float64
customer_id      int64
Length: 100, dtype: object
[2022-06-25 21:14:39,514] {logging_mixin.py:104} INFO - **************** FLOAT COLUmNS *********************
[2022-06-25 21:14:45,037] {logging_mixin.py:104} INFO - **************** OBJECT COLUmNS *********************
[2022-06-25 21:14:45,578] {logging_mixin.py:104} INFO - ************+***********RESULTS*****************************
[2022-06-25 21:14:45,596] {logging_mixin.py:104} INFO - FLOAT64 (100000, 68)
[2022-06-25 21:14:45,600] {logging_mixin.py:104} INFO - INT64 (100000, 11)
[2022-06-25 21:14:45,603] {logging_mixin.py:104} INFO - STRING (100000, 21)
[2022-06-25 21:14:54,543] {base.py:74} INFO - Using connection to: id: postgres_conection. Host: host.docker.internal, Port: 5432, Schema: data_company, Login: airflow, Password: XXXXXXXX, extra: None
[2022-06-25 21:14:56,750] {python.py:118} INFO - Done. Returned value was: None
[2022-06-25 21:14:56,762] {taskinstance.py:1166} INFO - Marking task as SUCCESS. dag_id=SDG_Enrique_V0, task_id=readCSV_convertColumns, execution_date=20220625T211421, start_date=20220625T211436, end_date=20220625T211456
[2022-06-25 21:14:56,793] {taskinstance.py:1220} INFO - 1 downstream tasks scheduled from follow-on schedule check
[2022-06-25 21:14:56,863] {local_task_job.py:146} INFO - Task exited with return code 0
