[2022-06-27 14:32:24,333] {taskinstance.py:851} INFO - Dependencies all met for <TaskInstance: trigger_dag.gridSearchLR 2022-06-27T14:32:22.484299+00:00 [queued]>
[2022-06-27 14:32:24,343] {taskinstance.py:851} INFO - Dependencies all met for <TaskInstance: trigger_dag.gridSearchLR 2022-06-27T14:32:22.484299+00:00 [queued]>
[2022-06-27 14:32:24,344] {taskinstance.py:1042} INFO - 
--------------------------------------------------------------------------------
[2022-06-27 14:32:24,345] {taskinstance.py:1043} INFO - Starting attempt 1 of 1
[2022-06-27 14:32:24,345] {taskinstance.py:1044} INFO - 
--------------------------------------------------------------------------------
[2022-06-27 14:32:24,359] {taskinstance.py:1063} INFO - Executing <Task(PythonOperator): gridSearchLR> on 2022-06-27T14:32:22.484299+00:00
[2022-06-27 14:32:24,365] {standard_task_runner.py:52} INFO - Started process 577 to run task
[2022-06-27 14:32:24,374] {standard_task_runner.py:76} INFO - Running: ['airflow', 'tasks', 'run', 'trigger_dag', 'gridSearchLR', '2022-06-27T14:32:22.484299+00:00', '--job-id', '1179', '--pool', 'default_pool', '--raw', '--subdir', 'DAGS_FOLDER/trigger_dag.py', '--cfg-path', '/tmp/tmpxxudnqcp', '--error-file', '/tmp/tmpi8v9cdff']
[2022-06-27 14:32:24,382] {standard_task_runner.py:77} INFO - Job 1179: Subtask gridSearchLR
[2022-06-27 14:32:24,452] {logging_mixin.py:104} INFO - Running <TaskInstance: trigger_dag.gridSearchLR 2022-06-27T14:32:22.484299+00:00 [running]> on host d45254a3a0e0
[2022-06-27 14:32:24,499] {taskinstance.py:1257} INFO - Exporting the following env vars:
AIRFLOW_CTX_DAG_OWNER=airflow
AIRFLOW_CTX_DAG_ID=trigger_dag
AIRFLOW_CTX_TASK_ID=gridSearchLR
AIRFLOW_CTX_EXECUTION_DATE=2022-06-27T14:32:22.484299+00:00
AIRFLOW_CTX_DAG_RUN_ID=manual__2022-06-27T14:32:22.484299+00:00
[2022-06-27 14:32:24,501] {logging_mixin.py:104} INFO - ./mlruns/
[2022-06-27 14:32:24,529] {logging_mixin.py:104} INFO - Name: A2A2
[2022-06-27 14:32:24,530] {logging_mixin.py:104} INFO - Experiment_id: 2
[2022-06-27 14:32:24,531] {logging_mixin.py:104} INFO - Artifact Location: ./mlruns/2
[2022-06-27 14:32:24,532] {logging_mixin.py:104} INFO - Tags: {}
[2022-06-27 14:32:24,533] {logging_mixin.py:104} INFO - Lifecycle_stage: active
[2022-06-27 14:32:24,533] {logging_mixin.py:104} INFO - ./mlruns/
[2022-06-27 14:32:28,101] {logging_mixin.py:104} WARNING - 2022/06/27 14:32:28 WARNING mlflow.tracking.context.git_context: Failed to import Git (the Git executable is probably not on your PATH), so Git SHA is not available. Error: Failed to initialize: Bad git executable.
The git executable must be specified in one of the following ways:
    - be included in your $PATH
    - be set via $GIT_PYTHON_GIT_EXECUTABLE
    - explicitly set via git.refresh()

All git commands will error until this is rectified.

This initial warning can be silenced or aggravated in the future by setting the
$GIT_PYTHON_REFRESH environment variable. Use one of the following values:
    - quiet|q|silence|s|none|n|0: for no warning or exception
    - warn|w|warning|1: for a printed warning
    - error|e|raise|r|2: for a raised exception

Example:
    export GIT_PYTHON_REFRESH=quiet
[2022-06-27 14:32:28,102] {logging_mixin.py:104} WARNING - 
[2022-06-27 14:32:28,208] {logging_mixin.py:104} INFO - newton-cg 0.0001
[2022-06-27 14:32:31,883] {python.py:118} INFO - Done. Returned value was: None
[2022-06-27 14:32:31,899] {taskinstance.py:1166} INFO - Marking task as SUCCESS. dag_id=trigger_dag, task_id=gridSearchLR, execution_date=20220627T143222, start_date=20220627T143224, end_date=20220627T143231
[2022-06-27 14:32:31,922] {taskinstance.py:1220} INFO - 0 downstream tasks scheduled from follow-on schedule check
[2022-06-27 14:32:31,998] {local_task_job.py:146} INFO - Task exited with return code 0
