[2022-06-26 17:54:13,659] {taskinstance.py:851} INFO - Dependencies all met for <TaskInstance: SDG_Enrique_V0.readCSV_convertColumns 2022-06-26T17:53:56.593268+00:00 [queued]>
[2022-06-26 17:54:13,674] {taskinstance.py:851} INFO - Dependencies all met for <TaskInstance: SDG_Enrique_V0.readCSV_convertColumns 2022-06-26T17:53:56.593268+00:00 [queued]>
[2022-06-26 17:54:13,674] {taskinstance.py:1042} INFO - 
--------------------------------------------------------------------------------
[2022-06-26 17:54:13,675] {taskinstance.py:1043} INFO - Starting attempt 1 of 1
[2022-06-26 17:54:13,675] {taskinstance.py:1044} INFO - 
--------------------------------------------------------------------------------
[2022-06-26 17:54:13,683] {taskinstance.py:1063} INFO - Executing <Task(PythonOperator): readCSV_convertColumns> on 2022-06-26T17:53:56.593268+00:00
[2022-06-26 17:54:13,690] {standard_task_runner.py:52} INFO - Started process 28516 to run task
[2022-06-26 17:54:13,694] {standard_task_runner.py:76} INFO - Running: ['airflow', 'tasks', 'run', 'SDG_Enrique_V0', 'readCSV_convertColumns', '2022-06-26T17:53:56.593268+00:00', '--job-id', '223', '--pool', 'default_pool', '--raw', '--subdir', 'DAGS_FOLDER/company_forecasting.py', '--cfg-path', '/tmp/tmpfy9r3ji8', '--error-file', '/tmp/tmphk356bte']
[2022-06-26 17:54:13,697] {standard_task_runner.py:77} INFO - Job 223: Subtask readCSV_convertColumns
[2022-06-26 17:54:13,742] {logging_mixin.py:104} INFO - Running <TaskInstance: SDG_Enrique_V0.readCSV_convertColumns 2022-06-26T17:53:56.593268+00:00 [running]> on host 5e8dc4b25004
[2022-06-26 17:54:13,785] {taskinstance.py:1257} INFO - Exporting the following env vars:
AIRFLOW_CTX_DAG_EMAIL=enrique-liebana@outlook.com
AIRFLOW_CTX_DAG_OWNER=Enrique
AIRFLOW_CTX_DAG_ID=SDG_Enrique_V0
AIRFLOW_CTX_TASK_ID=readCSV_convertColumns
AIRFLOW_CTX_EXECUTION_DATE=2022-06-26T17:53:56.593268+00:00
AIRFLOW_CTX_DAG_RUN_ID=manual__2022-06-26T17:53:56.593268+00:00
[2022-06-26 17:54:16,333] {logging_mixin.py:104} WARNING - /home/airflow/.local/lib/python3.6/site-packages/airflow/models/taskinstance.py:1315 DtypeWarning: Columns (56,59) have mixed types.Specify dtype option on import or set low_memory=False.
[2022-06-26 17:54:16,622] {logging_mixin.py:104} INFO -   rev_mean mou_mean totmrc_mean  ... creditcd eqpdays customer_id
0  60,5475    82,75          25  ...        Y    89.0     1000933
1   73,475   625,75          50  ...        Y    52.0     1000934
2  92,4725    611,5       34,99  ...        Y   715.0     1000935
3  81,5575      174       94,99  ...        Y   564.0     1000936
4  47,9075   155,75       40,07  ...        Y    82.0     1000937

[5 rows x 100 columns]
[2022-06-26 17:54:16,625] {logging_mixin.py:104} INFO - rev_mean        object
mou_mean        object
totmrc_mean     object
da_mean         object
ovrmou_mean     object
                ...   
kid11_15        object
kid16_17        object
creditcd        object
eqpdays        float64
customer_id      int64
Length: 100, dtype: object
[2022-06-26 17:54:16,625] {logging_mixin.py:104} INFO - **************** FLOAT COLUmNS *********************
[2022-06-26 17:54:22,754] {logging_mixin.py:104} INFO -    rev_mean  mou_mean  totmrc_mean  da_mean  ...  avgrev  avgmou  avgqty   hnd_price
0   60.5475     82.75        25.00   0.2475  ...   29.51   30.56   17.58  149.989990
1   73.4750    625.75        50.00   1.2375  ...   66.79  522.91  290.42  129.989990
2   92.4725    611.50        34.99   9.9000  ...   70.71  436.31  161.49    9.989998
3   81.5575    174.00        94.99   2.9700  ...   82.38  420.79  212.38   79.989990
4   47.9075    155.75        40.07   0.0000  ...   43.39  133.96   76.22  199.989990

[5 rows x 56 columns]
[2022-06-26 17:54:22,759] {logging_mixin.py:104} INFO - **************** OBJECT COLUmNS *********************
[2022-06-26 17:54:23,182] {logging_mixin.py:104} INFO - ************+***********RESULTS*****************************
[2022-06-26 17:54:23,177] {logging_mixin.py:104} INFO - FLOAT64 (100000, 69)
[2022-06-26 17:54:23,181] {logging_mixin.py:104} INFO - INT64 (100000, 10)
[2022-06-26 17:54:23,184] {logging_mixin.py:104} INFO - STRING (100000, 21)
[2022-06-26 17:54:23,283] {logging_mixin.py:104} INFO -    rev_mean  mou_mean  totmrc_mean  ...  creditcd  eqpdays  customer_id
0   60.5475     82.75        25.00  ...         Y     89.0      1000933
1   73.4750    625.75        50.00  ...         Y     52.0      1000934
2   92.4725    611.50        34.99  ...         Y    715.0      1000935
3   81.5575    174.00        94.99  ...         Y    564.0      1000936
4   47.9075    155.75        40.07  ...         Y     82.0      1000937

[5 rows x 100 columns]
[2022-06-26 17:54:38,017] {base.py:74} INFO - Using connection to: id: postgres_conection. Host: host.docker.internal, Port: 5432, Schema: data_company, Login: airflow, Password: XXXXXXXX, extra: None
[2022-06-26 17:54:43,373] {python.py:118} INFO - Done. Returned value was: None
[2022-06-26 17:54:43,392] {taskinstance.py:1166} INFO - Marking task as SUCCESS. dag_id=SDG_Enrique_V0, task_id=readCSV_convertColumns, execution_date=20220626T175356, start_date=20220626T175413, end_date=20220626T175443
[2022-06-26 17:54:43,436] {taskinstance.py:1220} INFO - 1 downstream tasks scheduled from follow-on schedule check
[2022-06-26 17:54:43,515] {local_task_job.py:146} INFO - Task exited with return code 0
