[2022-06-27 10:53:18,986] {taskinstance.py:851} INFO - Dependencies all met for <TaskInstance: trigger_dag.gridSearchLR 2022-06-27T10:53:17.184506+00:00 [queued]>
[2022-06-27 10:53:18,995] {taskinstance.py:851} INFO - Dependencies all met for <TaskInstance: trigger_dag.gridSearchLR 2022-06-27T10:53:17.184506+00:00 [queued]>
[2022-06-27 10:53:18,995] {taskinstance.py:1042} INFO - 
--------------------------------------------------------------------------------
[2022-06-27 10:53:18,996] {taskinstance.py:1043} INFO - Starting attempt 1 of 1
[2022-06-27 10:53:18,996] {taskinstance.py:1044} INFO - 
--------------------------------------------------------------------------------
[2022-06-27 10:53:19,008] {taskinstance.py:1063} INFO - Executing <Task(PythonOperator): gridSearchLR> on 2022-06-27T10:53:17.184506+00:00
[2022-06-27 10:53:19,014] {standard_task_runner.py:52} INFO - Started process 577 to run task
[2022-06-27 10:53:19,018] {standard_task_runner.py:76} INFO - Running: ['airflow', 'tasks', 'run', 'trigger_dag', 'gridSearchLR', '2022-06-27T10:53:17.184506+00:00', '--job-id', '590', '--pool', 'default_pool', '--raw', '--subdir', 'DAGS_FOLDER/trigger_dag.py', '--cfg-path', '/tmp/tmp2li2tg1p', '--error-file', '/tmp/tmpqk0ki6a7']
[2022-06-27 10:53:19,021] {standard_task_runner.py:77} INFO - Job 590: Subtask gridSearchLR
[2022-06-27 10:53:19,065] {logging_mixin.py:104} INFO - Running <TaskInstance: trigger_dag.gridSearchLR 2022-06-27T10:53:17.184506+00:00 [running]> on host 61d9f46d7859
[2022-06-27 10:53:19,104] {taskinstance.py:1257} INFO - Exporting the following env vars:
AIRFLOW_CTX_DAG_OWNER=airflow
AIRFLOW_CTX_DAG_ID=trigger_dag
AIRFLOW_CTX_TASK_ID=gridSearchLR
AIRFLOW_CTX_EXECUTION_DATE=2022-06-27T10:53:17.184506+00:00
AIRFLOW_CTX_DAG_RUN_ID=manual__2022-06-27T10:53:17.184506+00:00
[2022-06-27 10:53:22,662] {logging_mixin.py:104} WARNING - 2022/06/27 10:53:22 WARNING mlflow.tracking.context.git_context: Failed to import Git (the Git executable is probably not on your PATH), so Git SHA is not available. Error: Failed to initialize: Bad git executable.
The git executable must be specified in one of the following ways:
    - be included in your $PATH
    - be set via $GIT_PYTHON_GIT_EXECUTABLE
    - explicitly set via git.refresh()

All git commands will error until this is rectified.

This initial warning can be silenced or aggravated in the future by setting the
$GIT_PYTHON_REFRESH environment variable. Use one of the following values:
    - quiet|q|silence|s|none|n|0: for no warning or exception
    - warn|w|warning|1: for a printed warning
    - error|e|raise|r|2: for a raised exception

Example:
    export GIT_PYTHON_REFRESH=quiet
[2022-06-27 10:53:22,663] {logging_mixin.py:104} WARNING - 
[2022-06-27 10:53:22,783] {logging_mixin.py:104} INFO - newton-cg 0.0001
[2022-06-27 10:53:26,992] {logging_mixin.py:104} INFO - newton-cg 0.001
[2022-06-27 10:53:30,815] {logging_mixin.py:104} INFO - newton-cg 0.01
[2022-06-27 10:53:35,287] {logging_mixin.py:104} INFO - newton-cg 0.1
[2022-06-27 10:53:40,606] {logging_mixin.py:104} INFO - newton-cg 1
[2022-06-27 10:53:47,997] {logging_mixin.py:104} INFO - newton-cg 10
[2022-06-27 10:53:53,187] {logging_mixin.py:104} INFO - newton-cg 100
[2022-06-27 10:53:58,366] {logging_mixin.py:104} INFO - newton-cg 1000
[2022-06-27 10:54:03,561] {logging_mixin.py:104} INFO - newton-cg 10000
[2022-06-27 10:54:08,921] {logging_mixin.py:104} INFO - lbfgs 0.0001
[2022-06-27 10:54:12,212] {logging_mixin.py:104} INFO - lbfgs 0.001
[2022-06-27 10:54:16,070] {logging_mixin.py:104} INFO - lbfgs 0.01
[2022-06-27 10:54:19,605] {logging_mixin.py:104} INFO - lbfgs 0.1
[2022-06-27 10:54:23,091] {logging_mixin.py:104} INFO - lbfgs 1
[2022-06-27 10:54:26,824] {logging_mixin.py:104} INFO - lbfgs 10
[2022-06-27 10:54:30,345] {logging_mixin.py:104} INFO - lbfgs 100
[2022-06-27 10:54:33,533] {logging_mixin.py:104} INFO - lbfgs 1000
[2022-06-27 10:54:37,614] {logging_mixin.py:104} INFO - lbfgs 10000
[2022-06-27 10:54:40,960] {logging_mixin.py:104} INFO - liblinear 0.0001
[2022-06-27 10:54:44,614] {logging_mixin.py:104} INFO - liblinear 0.001
[2022-06-27 10:54:49,242] {logging_mixin.py:104} INFO - liblinear 0.01
[2022-06-27 10:54:54,116] {logging_mixin.py:104} INFO - liblinear 0.1
[2022-06-27 10:54:58,836] {logging_mixin.py:104} INFO - liblinear 1
[2022-06-27 10:55:03,655] {logging_mixin.py:104} INFO - liblinear 10
[2022-06-27 10:55:09,235] {logging_mixin.py:104} INFO - liblinear 100
[2022-06-27 10:55:16,686] {logging_mixin.py:104} INFO - liblinear 1000
[2022-06-27 10:55:23,456] {logging_mixin.py:104} INFO - liblinear 10000
[2022-06-27 10:55:30,106] {logging_mixin.py:104} INFO - sag 0.0001
[2022-06-27 10:55:34,508] {logging_mixin.py:104} INFO - sag 0.001
[2022-06-27 10:55:44,822] {logging_mixin.py:104} INFO - sag 0.01
[2022-06-27 10:56:06,299] {logging_mixin.py:104} INFO - sag 0.1
[2022-06-27 10:56:29,308] {logging_mixin.py:104} INFO - sag 1
[2022-06-27 10:56:54,093] {logging_mixin.py:104} INFO - sag 10
[2022-06-27 10:57:18,625] {logging_mixin.py:104} INFO - sag 100
[2022-06-27 10:57:43,650] {logging_mixin.py:104} INFO - sag 1000
[2022-06-27 10:58:07,680] {logging_mixin.py:104} INFO - sag 10000
[2022-06-27 10:58:32,095] {logging_mixin.py:104} INFO - saga 0.0001
[2022-06-27 10:58:38,091] {logging_mixin.py:104} INFO - saga 0.001
[2022-06-27 10:58:54,851] {logging_mixin.py:104} INFO - saga 0.01
[2022-06-27 10:59:31,239] {logging_mixin.py:104} INFO - saga 0.1
[2022-06-27 11:00:13,372] {logging_mixin.py:104} INFO - saga 1
[2022-06-27 11:00:56,640] {logging_mixin.py:104} INFO - saga 10
[2022-06-27 11:01:39,968] {logging_mixin.py:104} INFO - saga 100
[2022-06-27 11:02:23,118] {logging_mixin.py:104} INFO - saga 1000
[2022-06-27 11:03:03,772] {logging_mixin.py:104} INFO - saga 10000
[2022-06-27 11:03:46,446] {python.py:118} INFO - Done. Returned value was: None
[2022-06-27 11:03:46,459] {taskinstance.py:1166} INFO - Marking task as SUCCESS. dag_id=trigger_dag, task_id=gridSearchLR, execution_date=20220627T105317, start_date=20220627T105318, end_date=20220627T110346
[2022-06-27 11:03:46,483] {taskinstance.py:1220} INFO - 0 downstream tasks scheduled from follow-on schedule check
[2022-06-27 11:03:46,679] {local_task_job.py:146} INFO - Task exited with return code 0
