[2022-06-27 11:19:59,708] {taskinstance.py:851} INFO - Dependencies all met for <TaskInstance: trigger_dag.gridSearchLR 2022-06-27T11:19:57.826853+00:00 [queued]>
[2022-06-27 11:19:59,722] {taskinstance.py:851} INFO - Dependencies all met for <TaskInstance: trigger_dag.gridSearchLR 2022-06-27T11:19:57.826853+00:00 [queued]>
[2022-06-27 11:19:59,723] {taskinstance.py:1042} INFO - 
--------------------------------------------------------------------------------
[2022-06-27 11:19:59,723] {taskinstance.py:1043} INFO - Starting attempt 1 of 1
[2022-06-27 11:19:59,724] {taskinstance.py:1044} INFO - 
--------------------------------------------------------------------------------
[2022-06-27 11:19:59,734] {taskinstance.py:1063} INFO - Executing <Task(PythonOperator): gridSearchLR> on 2022-06-27T11:19:57.826853+00:00
[2022-06-27 11:19:59,744] {standard_task_runner.py:76} INFO - Running: ['airflow', 'tasks', 'run', 'trigger_dag', 'gridSearchLR', '2022-06-27T11:19:57.826853+00:00', '--job-id', '630', '--pool', 'default_pool', '--raw', '--subdir', 'DAGS_FOLDER/trigger_dag.py', '--cfg-path', '/tmp/tmp7ueup5av', '--error-file', '/tmp/tmp7_dlvruw']
[2022-06-27 11:19:59,740] {standard_task_runner.py:52} INFO - Started process 336 to run task
[2022-06-27 11:19:59,747] {standard_task_runner.py:77} INFO - Job 630: Subtask gridSearchLR
[2022-06-27 11:19:59,791] {logging_mixin.py:104} INFO - Running <TaskInstance: trigger_dag.gridSearchLR 2022-06-27T11:19:57.826853+00:00 [running]> on host 61d9f46d7859
[2022-06-27 11:19:59,828] {taskinstance.py:1257} INFO - Exporting the following env vars:
AIRFLOW_CTX_DAG_OWNER=airflow
AIRFLOW_CTX_DAG_ID=trigger_dag
AIRFLOW_CTX_TASK_ID=gridSearchLR
AIRFLOW_CTX_EXECUTION_DATE=2022-06-27T11:19:57.826853+00:00
AIRFLOW_CTX_DAG_RUN_ID=manual__2022-06-27T11:19:57.826853+00:00
[2022-06-27 11:19:59,830] {logging_mixin.py:104} INFO - ./mlruns
[2022-06-27 11:19:59,856] {logging_mixin.py:104} INFO - Name: eaa
[2022-06-27 11:19:59,857] {logging_mixin.py:104} INFO - Experiment_id: 2
[2022-06-27 11:19:59,857] {logging_mixin.py:104} INFO - Artifact Location: ./mlruns/2
[2022-06-27 11:19:59,858] {logging_mixin.py:104} INFO - Tags: {}
[2022-06-27 11:19:59,859] {logging_mixin.py:104} INFO - Lifecycle_stage: active
[2022-06-27 11:19:59,859] {logging_mixin.py:104} INFO - ./mlruns
[2022-06-27 11:20:04,008] {logging_mixin.py:104} WARNING - 2022/06/27 11:20:04 WARNING mlflow.tracking.context.git_context: Failed to import Git (the Git executable is probably not on your PATH), so Git SHA is not available. Error: Failed to initialize: Bad git executable.
The git executable must be specified in one of the following ways:
    - be included in your $PATH
    - be set via $GIT_PYTHON_GIT_EXECUTABLE
    - explicitly set via git.refresh()

All git commands will error until this is rectified.

This initial warning can be silenced or aggravated in the future by setting the
$GIT_PYTHON_REFRESH environment variable. Use one of the following values:
    - quiet|q|silence|s|none|n|0: for no warning or exception
    - warn|w|warning|1: for a printed warning
    - error|e|raise|r|2: for a raised exception

Example:
    export GIT_PYTHON_REFRESH=quiet
[2022-06-27 11:20:04,009] {logging_mixin.py:104} WARNING - 
[2022-06-27 11:20:04,138] {logging_mixin.py:104} INFO - newton-cg 0.0001
[2022-06-27 11:20:08,211] {python.py:118} INFO - Done. Returned value was: None
[2022-06-27 11:20:08,225] {taskinstance.py:1166} INFO - Marking task as SUCCESS. dag_id=trigger_dag, task_id=gridSearchLR, execution_date=20220627T111957, start_date=20220627T111959, end_date=20220627T112008
[2022-06-27 11:20:08,246] {taskinstance.py:1220} INFO - 0 downstream tasks scheduled from follow-on schedule check
[2022-06-27 11:20:08,307] {local_task_job.py:146} INFO - Task exited with return code 0
