[2022-06-26 20:18:40,176] {taskinstance.py:851} INFO - Dependencies all met for <TaskInstance: trigger_dag.gridSearchLR 2022-06-26T20:18:38.370454+00:00 [queued]>
[2022-06-26 20:18:40,194] {taskinstance.py:851} INFO - Dependencies all met for <TaskInstance: trigger_dag.gridSearchLR 2022-06-26T20:18:38.370454+00:00 [queued]>
[2022-06-26 20:18:40,195] {taskinstance.py:1042} INFO - 
--------------------------------------------------------------------------------
[2022-06-26 20:18:40,196] {taskinstance.py:1043} INFO - Starting attempt 1 of 1
[2022-06-26 20:18:40,196] {taskinstance.py:1044} INFO - 
--------------------------------------------------------------------------------
[2022-06-26 20:18:40,206] {taskinstance.py:1063} INFO - Executing <Task(PythonOperator): gridSearchLR> on 2022-06-26T20:18:38.370454+00:00
[2022-06-26 20:18:40,214] {standard_task_runner.py:52} INFO - Started process 5152 to run task
[2022-06-26 20:18:40,219] {standard_task_runner.py:76} INFO - Running: ['airflow', 'tasks', 'run', 'trigger_dag', 'gridSearchLR', '2022-06-26T20:18:38.370454+00:00', '--job-id', '304', '--pool', 'default_pool', '--raw', '--subdir', 'DAGS_FOLDER/trigger_dag.py', '--cfg-path', '/tmp/tmpe9ki6ogh', '--error-file', '/tmp/tmp_y8fbmwr']
[2022-06-26 20:18:40,222] {standard_task_runner.py:77} INFO - Job 304: Subtask gridSearchLR
[2022-06-26 20:18:40,273] {logging_mixin.py:104} INFO - Running <TaskInstance: trigger_dag.gridSearchLR 2022-06-26T20:18:38.370454+00:00 [running]> on host 6fc8504e86cf
[2022-06-26 20:18:40,323] {taskinstance.py:1257} INFO - Exporting the following env vars:
AIRFLOW_CTX_DAG_OWNER=airflow
AIRFLOW_CTX_DAG_ID=trigger_dag
AIRFLOW_CTX_TASK_ID=gridSearchLR
AIRFLOW_CTX_EXECUTION_DATE=2022-06-26T20:18:38.370454+00:00
AIRFLOW_CTX_DAG_RUN_ID=manual__2022-06-26T20:18:38.370454+00:00
[2022-06-26 20:18:40,358] {logging_mixin.py:104} INFO - Name: mLflow LR
[2022-06-26 20:18:40,359] {logging_mixin.py:104} INFO - Experiment_id: 4
[2022-06-26 20:18:40,360] {logging_mixin.py:104} INFO - Artifact Location: file:///opt/airflow/mlruns/4
[2022-06-26 20:18:40,361] {logging_mixin.py:104} INFO - Tags: {}
[2022-06-26 20:18:40,361] {logging_mixin.py:104} INFO - Lifecycle_stage: active
[2022-06-26 20:18:40,440] {logging_mixin.py:104} WARNING - 2022/06/26 20:18:40 WARNING mlflow.tracking.context.git_context: Failed to import Git (the Git executable is probably not on your PATH), so Git SHA is not available. Error: Failed to initialize: Bad git executable.
The git executable must be specified in one of the following ways:
    - be included in your $PATH
    - be set via $GIT_PYTHON_GIT_EXECUTABLE
    - explicitly set via git.refresh()

All git commands will error until this is rectified.

This initial warning can be silenced or aggravated in the future by setting the
$GIT_PYTHON_REFRESH environment variable. Use one of the following values:
    - quiet|q|silence|s|none|n|0: for no warning or exception
    - warn|w|warning|1: for a printed warning
    - error|e|raise|r|2: for a raised exception

Example:
    export GIT_PYTHON_REFRESH=quiet
[2022-06-26 20:18:40,441] {logging_mixin.py:104} WARNING - 
[2022-06-26 20:18:44,563] {logging_mixin.py:104} INFO - newton-cg 0.0001
[2022-06-26 20:18:48,507] {logging_mixin.py:104} INFO - newton-cg 0.001
[2022-06-26 20:18:52,388] {logging_mixin.py:104} INFO - newton-cg 0.01
[2022-06-26 20:18:57,045] {logging_mixin.py:104} INFO - newton-cg 0.1
[2022-06-26 20:19:02,137] {logging_mixin.py:104} INFO - newton-cg 1
[2022-06-26 20:19:08,345] {logging_mixin.py:104} INFO - newton-cg 10
[2022-06-26 20:19:15,198] {logging_mixin.py:104} INFO - newton-cg 100
[2022-06-26 20:19:21,437] {logging_mixin.py:104} INFO - newton-cg 1000
[2022-06-26 20:19:27,375] {logging_mixin.py:104} INFO - newton-cg 10000
[2022-06-26 20:19:33,435] {logging_mixin.py:104} INFO - lbfgs 0.0001
[2022-06-26 20:19:36,867] {logging_mixin.py:104} INFO - lbfgs 0.001
[2022-06-26 20:19:40,203] {logging_mixin.py:104} INFO - lbfgs 0.01
[2022-06-26 20:19:43,547] {logging_mixin.py:104} INFO - lbfgs 0.1
[2022-06-26 20:19:46,869] {logging_mixin.py:104} INFO - lbfgs 1
[2022-06-26 20:19:50,395] {logging_mixin.py:104} INFO - lbfgs 10
[2022-06-26 20:19:53,607] {logging_mixin.py:104} INFO - lbfgs 100
[2022-06-26 20:19:57,010] {logging_mixin.py:104} INFO - lbfgs 1000
[2022-06-26 20:20:00,233] {logging_mixin.py:104} INFO - lbfgs 10000
[2022-06-26 20:20:03,530] {logging_mixin.py:104} INFO - liblinear 0.0001
[2022-06-26 20:20:07,386] {logging_mixin.py:104} INFO - liblinear 0.001
[2022-06-26 20:20:11,354] {logging_mixin.py:104} INFO - liblinear 0.01
[2022-06-26 20:20:16,006] {local_task_job.py:188} WARNING - State of this instance has been externally set to None. Terminating instance.
[2022-06-26 20:20:16,010] {process_utils.py:100} INFO - Sending Signals.SIGTERM to GPID 5152
[2022-06-26 20:20:16,012] {taskinstance.py:1239} ERROR - Received SIGTERM. Terminating subprocesses.
[2022-06-26 20:20:16,014] {logging_mixin.py:104} WARNING - 2022/06/26 20:20:16 WARNING mlflow.utils.environment: Encountered an unexpected error while inferring pip requirements (model URI: /tmp/tmpfo1q1o3s/model/model.pkl, flavor: sklearn), fall back to return ['scikit-learn==0.24.2', 'cloudpickle==1.4.1']. Set logging level to DEBUG to see the full traceback.
[2022-06-26 20:20:16,024] {logging_mixin.py:104} INFO - liblinear 0.1
[2022-06-26 20:20:20,408] {process_utils.py:66} INFO - Process psutil.Process(pid=5505, status='terminated', started='20:20:14') (5505) terminated with exit code None
[2022-06-26 20:20:22,050] {logging_mixin.py:104} INFO - liblinear 1
[2022-06-26 20:20:28,508] {logging_mixin.py:104} INFO - liblinear 10
[2022-06-26 20:20:35,846] {logging_mixin.py:104} INFO - liblinear 100
[2022-06-26 20:20:43,357] {logging_mixin.py:104} INFO - liblinear 1000
[2022-06-26 20:20:51,491] {logging_mixin.py:104} INFO - liblinear 10000
[2022-06-26 20:20:58,566] {logging_mixin.py:104} INFO - sag 0.0001
[2022-06-26 20:21:02,561] {logging_mixin.py:104} INFO - sag 0.001
[2022-06-26 20:21:12,185] {logging_mixin.py:104} INFO - sag 0.01
[2022-06-26 20:21:15,979] {process_utils.py:113} WARNING - process psutil.Process(pid=5152, name='airflow task ru', status='running', started='20:18:39') did not respond to SIGTERM. Trying SIGKILL
[2022-06-26 20:21:16,074] {process_utils.py:66} INFO - Process psutil.Process(pid=5152, name='airflow task ru', status='terminated', exitcode=<Negsignal.SIGKILL: -9>, started='20:18:39') (5152) terminated with exit code Negsignal.SIGKILL
