[2022-06-25 21:57:11,360] {taskinstance.py:851} INFO - Dependencies all met for <TaskInstance: SDG_Enrique_V0.preprocessing_data 2022-06-25T21:56:29.290972+00:00 [queued]>
[2022-06-25 21:57:11,376] {taskinstance.py:851} INFO - Dependencies all met for <TaskInstance: SDG_Enrique_V0.preprocessing_data 2022-06-25T21:56:29.290972+00:00 [queued]>
[2022-06-25 21:57:11,377] {taskinstance.py:1042} INFO - 
--------------------------------------------------------------------------------
[2022-06-25 21:57:11,377] {taskinstance.py:1043} INFO - Starting attempt 1 of 1
[2022-06-25 21:57:11,378] {taskinstance.py:1044} INFO - 
--------------------------------------------------------------------------------
[2022-06-25 21:57:11,387] {taskinstance.py:1063} INFO - Executing <Task(PythonOperator): preprocessing_data> on 2022-06-25T21:56:29.290972+00:00
[2022-06-25 21:57:11,392] {standard_task_runner.py:52} INFO - Started process 7120 to run task
[2022-06-25 21:57:11,397] {standard_task_runner.py:76} INFO - Running: ['airflow', 'tasks', 'run', 'SDG_Enrique_V0', 'preprocessing_data', '2022-06-25T21:56:29.290972+00:00', '--job-id', '183', '--pool', 'default_pool', '--raw', '--subdir', 'DAGS_FOLDER/company_forecasting.py', '--cfg-path', '/tmp/tmpy1er_x6i', '--error-file', '/tmp/tmpboz4ewt0']
[2022-06-25 21:57:11,399] {standard_task_runner.py:77} INFO - Job 183: Subtask preprocessing_data
[2022-06-25 21:57:11,445] {logging_mixin.py:104} INFO - Running <TaskInstance: SDG_Enrique_V0.preprocessing_data 2022-06-25T21:56:29.290972+00:00 [running]> on host 5e8dc4b25004
[2022-06-25 21:57:11,489] {taskinstance.py:1257} INFO - Exporting the following env vars:
AIRFLOW_CTX_DAG_EMAIL=enrique-liebana@outlook.com
AIRFLOW_CTX_DAG_OWNER=Enrique
AIRFLOW_CTX_DAG_ID=SDG_Enrique_V0
AIRFLOW_CTX_TASK_ID=preprocessing_data
AIRFLOW_CTX_EXECUTION_DATE=2022-06-25T21:56:29.290972+00:00
AIRFLOW_CTX_DAG_RUN_ID=manual__2022-06-25T21:56:29.290972+00:00
[2022-06-25 21:57:18,633] {logging_mixin.py:104} INFO - **************** OBJECT COLUmNS *********************
[2022-06-25 21:57:19,116] {logging_mixin.py:104} INFO - Index(['Unnamed: 0', 'rev_mean', 'mou_mean', 'totmrc_mean', 'da_mean',
       'ovrmou_mean', 'ovrrev_mean', 'vceovr_mean', 'datovr_mean', 'roam_mean',
       ...
       'forgntvl', 'ethnic', 'kid0_2', 'kid3_5', 'kid6_10', 'kid11_15',
       'kid16_17', 'creditcd', 'eqpdays', 'customer_id'],
      dtype='object', length=101)
[2022-06-25 21:57:19,356] {logging_mixin.py:104} INFO - (98227, 92)
[2022-06-25 21:57:19,707] {logging_mixin.py:104} INFO - <bound method NDFrame.describe of        new_cell  crclscod  asl_flag  ...  kid11_15  kid16_17  creditcd
0             1         0         0  ...         0         0         1
1             0        21         0  ...         0         0         1
2             2         7         0  ...         0         0         1
3             2         4         0  ...         0         0         1
4             2         0         0  ...         0         0         1
...         ...       ...       ...  ...       ...       ...       ...
99995         1         4         0  ...         0         0         1
99996         1         4         0  ...         0         1         1
99997         1        17         0  ...         0         0         1
99998         1        21         0  ...         0         0         0
99999         1         4         0  ...         0         0         0

[98227 rows x 14 columns]>
[2022-06-25 21:57:21,386] {logging_mixin.py:104} INFO - ['rev_mean', 'mou_mean', 'totmrc_mean', 'da_mean', 'ovrmou_mean', 'datovr_mean', 'roam_mean', 'change_mou', 'change_rev', 'drop_vce_mean', 'drop_dat_mean', 'blck_vce_mean', 'blck_dat_mean', 'unan_vce_mean', 'unan_dat_mean', 'plcd_vce_mean', 'plcd_dat_mean', 'recv_vce_mean', 'recv_sms_mean', 'custcare_mean', 'ccrndmou_mean', 'threeway_mean', 'mou_cvce_mean', 'mou_cdat_mean', 'mou_rvce_mean', 'owylis_vce_mean', 'mouowylisv_mean', 'iwylis_vce_mean', 'mouiwylisv_mean', 'mou_peav_mean', 'mou_pead_mean', 'opk_vce_mean', 'mou_opkv_mean', 'drop_blk_mean', 'callfwdv_mean', 'callwait_mean', 'churn', 'months', 'uniqsubs', 'actvsubs', 'new_cell', 'crclscod', 'asl_flag', 'totcalls', 'totrev', 'avgrev', 'avgmou', 'avgqty', 'area', 'dualband', 'refurb_new', 'hnd_price', 'phones', 'models', 'truck', 'rv', 'marital', 'forgntvl', 'ethnic', 'kid0_2', 'kid3_5', 'kid6_10', 'kid11_15', 'kid16_17', 'creditcd', 'eqpdays']
[2022-06-25 21:57:21,388] {logging_mixin.py:104} INFO - ['ovrrev_mean', 'vceovr_mean', 'comp_vce_mean', 'comp_dat_mean', 'cc_mou_mean', 'inonemin_mean', 'peak_vce_mean', 'peak_dat_mean', 'opk_dat_mean', 'mou_opkd_mean', 'attempt_mean', 'complete_mean', 'totmou', 'adjrev', 'adjmou', 'adjqty', 'avg3mou', 'avg3qty', 'avg3rev', 'avg6mou', 'avg6qty', 'avg6rev']
[2022-06-25 21:57:21,403] {logging_mixin.py:104} INFO - Index(['rev_mean', 'mou_mean', 'totmrc_mean', 'da_mean', 'ovrmou_mean',
       'datovr_mean', 'roam_mean', 'change_mou', 'change_rev', 'drop_vce_mean',
       'drop_dat_mean', 'blck_vce_mean', 'blck_dat_mean', 'unan_vce_mean',
       'unan_dat_mean', 'plcd_vce_mean', 'plcd_dat_mean', 'recv_vce_mean',
       'recv_sms_mean', 'custcare_mean', 'ccrndmou_mean', 'threeway_mean',
       'mou_cvce_mean', 'mou_cdat_mean', 'mou_rvce_mean', 'owylis_vce_mean',
       'mouowylisv_mean', 'iwylis_vce_mean', 'mouiwylisv_mean',
       'mou_peav_mean', 'mou_pead_mean', 'opk_vce_mean', 'mou_opkv_mean',
       'drop_blk_mean', 'callfwdv_mean', 'callwait_mean', 'churn', 'months',
       'uniqsubs', 'actvsubs', 'new_cell', 'crclscod', 'asl_flag', 'totcalls',
       'totrev', 'avgrev', 'avgmou', 'avgqty', 'area', 'dualband',
       'refurb_new', 'hnd_price', 'phones', 'models', 'truck', 'rv', 'marital',
       'forgntvl', 'ethnic', 'kid0_2', 'kid3_5', 'kid6_10', 'kid11_15',
       'kid16_17', 'creditcd', 'eqpdays'],
      dtype='object')
[2022-06-25 21:57:21,433] {logging_mixin.py:104} INFO - (96534, 66)
[2022-06-25 21:57:30,015] {python.py:118} INFO - Done. Returned value was: None
[2022-06-25 21:57:30,025] {taskinstance.py:1166} INFO - Marking task as SUCCESS. dag_id=SDG_Enrique_V0, task_id=preprocessing_data, execution_date=20220625T215629, start_date=20220625T215711, end_date=20220625T215730
[2022-06-25 21:57:30,048] {taskinstance.py:1220} INFO - 0 downstream tasks scheduled from follow-on schedule check
[2022-06-25 21:57:30,091] {local_task_job.py:146} INFO - Task exited with return code 0
