[2022-06-25 21:50:17,223] {taskinstance.py:851} INFO - Dependencies all met for <TaskInstance: SDG_Enrique_V0.postgreSQL_getTable 2022-06-25T21:50:15.125595+00:00 [queued]>
[2022-06-25 21:50:17,238] {taskinstance.py:851} INFO - Dependencies all met for <TaskInstance: SDG_Enrique_V0.postgreSQL_getTable 2022-06-25T21:50:15.125595+00:00 [queued]>
[2022-06-25 21:50:17,239] {taskinstance.py:1042} INFO - 
--------------------------------------------------------------------------------
[2022-06-25 21:50:17,240] {taskinstance.py:1043} INFO - Starting attempt 1 of 1
[2022-06-25 21:50:17,240] {taskinstance.py:1044} INFO - 
--------------------------------------------------------------------------------
[2022-06-25 21:50:17,247] {taskinstance.py:1063} INFO - Executing <Task(PythonOperator): postgreSQL_getTable> on 2022-06-25T21:50:15.125595+00:00
[2022-06-25 21:50:17,253] {standard_task_runner.py:52} INFO - Started process 6804 to run task
[2022-06-25 21:50:17,258] {standard_task_runner.py:76} INFO - Running: ['airflow', 'tasks', 'run', 'SDG_Enrique_V0', 'postgreSQL_getTable', '2022-06-25T21:50:15.125595+00:00', '--job-id', '179', '--pool', 'default_pool', '--raw', '--subdir', 'DAGS_FOLDER/company_forecasting.py', '--cfg-path', '/tmp/tmphhn9yzmf', '--error-file', '/tmp/tmp23kds8b6']
[2022-06-25 21:50:17,260] {standard_task_runner.py:77} INFO - Job 179: Subtask postgreSQL_getTable
[2022-06-25 21:50:17,305] {logging_mixin.py:104} INFO - Running <TaskInstance: SDG_Enrique_V0.postgreSQL_getTable 2022-06-25T21:50:15.125595+00:00 [running]> on host 5e8dc4b25004
[2022-06-25 21:50:17,342] {taskinstance.py:1257} INFO - Exporting the following env vars:
AIRFLOW_CTX_DAG_EMAIL=enrique-liebana@outlook.com
AIRFLOW_CTX_DAG_OWNER=Enrique
AIRFLOW_CTX_DAG_ID=SDG_Enrique_V0
AIRFLOW_CTX_TASK_ID=postgreSQL_getTable
AIRFLOW_CTX_EXECUTION_DATE=2022-06-25T21:50:15.125595+00:00
AIRFLOW_CTX_DAG_RUN_ID=manual__2022-06-25T21:50:15.125595+00:00
[2022-06-25 21:50:17,352] {base.py:74} INFO - Using connection to: id: postgres_conection. Host: host.docker.internal, Port: 5432, Schema: data_company, Login: airflow, Password: XXXXXXXX, extra: None
[2022-06-25 21:50:27,200] {company_forecasting.py:82} INFO - Backup Company data in : /raw_data/company.csv
[2022-06-25 21:50:27,201] {python.py:118} INFO - Done. Returned value was: None
[2022-06-25 21:50:27,212] {taskinstance.py:1166} INFO - Marking task as SUCCESS. dag_id=SDG_Enrique_V0, task_id=postgreSQL_getTable, execution_date=20220625T215015, start_date=20220625T215017, end_date=20220625T215027
[2022-06-25 21:50:27,241] {taskinstance.py:1220} INFO - 1 downstream tasks scheduled from follow-on schedule check
[2022-06-25 21:50:27,302] {local_task_job.py:146} INFO - Task exited with return code 0
