[2022-06-25 20:14:09,147] {taskinstance.py:851} INFO - Dependencies all met for <TaskInstance: SDG_Enrique_V0.postgreSQL_getTable 2022-06-25T20:14:07.380314+00:00 [queued]>
[2022-06-25 20:14:09,169] {taskinstance.py:851} INFO - Dependencies all met for <TaskInstance: SDG_Enrique_V0.postgreSQL_getTable 2022-06-25T20:14:07.380314+00:00 [queued]>
[2022-06-25 20:14:09,170] {taskinstance.py:1042} INFO - 
--------------------------------------------------------------------------------
[2022-06-25 20:14:09,171] {taskinstance.py:1043} INFO - Starting attempt 1 of 1
[2022-06-25 20:14:09,172] {taskinstance.py:1044} INFO - 
--------------------------------------------------------------------------------
[2022-06-25 20:14:09,185] {taskinstance.py:1063} INFO - Executing <Task(PythonOperator): postgreSQL_getTable> on 2022-06-25T20:14:07.380314+00:00
[2022-06-25 20:14:09,191] {standard_task_runner.py:52} INFO - Started process 2460 to run task
[2022-06-25 20:14:09,203] {standard_task_runner.py:76} INFO - Running: ['airflow', 'tasks', 'run', 'SDG_Enrique_V0', 'postgreSQL_getTable', '2022-06-25T20:14:07.380314+00:00', '--job-id', '125', '--pool', 'default_pool', '--raw', '--subdir', 'DAGS_FOLDER/company_forecasting.py', '--cfg-path', '/tmp/tmpln13uq2o', '--error-file', '/tmp/tmpxrw1ks78']
[2022-06-25 20:14:09,210] {standard_task_runner.py:77} INFO - Job 125: Subtask postgreSQL_getTable
[2022-06-25 20:14:09,259] {logging_mixin.py:104} INFO - Running <TaskInstance: SDG_Enrique_V0.postgreSQL_getTable 2022-06-25T20:14:07.380314+00:00 [running]> on host 5e8dc4b25004
[2022-06-25 20:14:09,302] {taskinstance.py:1257} INFO - Exporting the following env vars:
AIRFLOW_CTX_DAG_EMAIL=enrique-liebana@outlook.com
AIRFLOW_CTX_DAG_OWNER=Enrique
AIRFLOW_CTX_DAG_ID=SDG_Enrique_V0
AIRFLOW_CTX_TASK_ID=postgreSQL_getTable
AIRFLOW_CTX_EXECUTION_DATE=2022-06-25T20:14:07.380314+00:00
AIRFLOW_CTX_DAG_RUN_ID=manual__2022-06-25T20:14:07.380314+00:00
[2022-06-25 20:14:09,315] {base.py:74} INFO - Using connection to: id: postgres_conection. Host: host.docker.internal, Port: 5432, Schema: data_company, Login: airflow, Password: XXXXXXXX, extra: None
[2022-06-25 20:14:23,303] {company_forecasting.py:80} INFO - Backup Company data in : /raw_data/company.csv
[2022-06-25 20:14:23,304] {python.py:118} INFO - Done. Returned value was: None
[2022-06-25 20:14:23,322] {taskinstance.py:1166} INFO - Marking task as SUCCESS. dag_id=SDG_Enrique_V0, task_id=postgreSQL_getTable, execution_date=20220625T201407, start_date=20220625T201409, end_date=20220625T201423
[2022-06-25 20:14:23,365] {taskinstance.py:1220} INFO - 0 downstream tasks scheduled from follow-on schedule check
[2022-06-25 20:14:23,444] {local_task_job.py:146} INFO - Task exited with return code 0
