[2022-06-25 21:14:23,789] {taskinstance.py:851} INFO - Dependencies all met for <TaskInstance: SDG_Enrique_V0.postgreSQL_getTable 2022-06-25T21:14:21.803427+00:00 [queued]>
[2022-06-25 21:14:23,804] {taskinstance.py:851} INFO - Dependencies all met for <TaskInstance: SDG_Enrique_V0.postgreSQL_getTable 2022-06-25T21:14:21.803427+00:00 [queued]>
[2022-06-25 21:14:23,805] {taskinstance.py:1042} INFO - 
--------------------------------------------------------------------------------
[2022-06-25 21:14:23,805] {taskinstance.py:1043} INFO - Starting attempt 1 of 1
[2022-06-25 21:14:23,806] {taskinstance.py:1044} INFO - 
--------------------------------------------------------------------------------
[2022-06-25 21:14:23,813] {taskinstance.py:1063} INFO - Executing <Task(PythonOperator): postgreSQL_getTable> on 2022-06-25T21:14:21.803427+00:00
[2022-06-25 21:14:23,819] {standard_task_runner.py:52} INFO - Started process 5156 to run task
[2022-06-25 21:14:23,824] {standard_task_runner.py:76} INFO - Running: ['airflow', 'tasks', 'run', 'SDG_Enrique_V0', 'postgreSQL_getTable', '2022-06-25T21:14:21.803427+00:00', '--job-id', '156', '--pool', 'default_pool', '--raw', '--subdir', 'DAGS_FOLDER/company_forecasting.py', '--cfg-path', '/tmp/tmpp49f21h4', '--error-file', '/tmp/tmpvdv0_y0r']
[2022-06-25 21:14:23,826] {standard_task_runner.py:77} INFO - Job 156: Subtask postgreSQL_getTable
[2022-06-25 21:14:23,868] {logging_mixin.py:104} INFO - Running <TaskInstance: SDG_Enrique_V0.postgreSQL_getTable 2022-06-25T21:14:21.803427+00:00 [running]> on host 5e8dc4b25004
[2022-06-25 21:14:23,905] {taskinstance.py:1257} INFO - Exporting the following env vars:
AIRFLOW_CTX_DAG_EMAIL=enrique-liebana@outlook.com
AIRFLOW_CTX_DAG_OWNER=Enrique
AIRFLOW_CTX_DAG_ID=SDG_Enrique_V0
AIRFLOW_CTX_TASK_ID=postgreSQL_getTable
AIRFLOW_CTX_EXECUTION_DATE=2022-06-25T21:14:21.803427+00:00
AIRFLOW_CTX_DAG_RUN_ID=manual__2022-06-25T21:14:21.803427+00:00
[2022-06-25 21:14:23,914] {base.py:74} INFO - Using connection to: id: postgres_conection. Host: host.docker.internal, Port: 5432, Schema: data_company, Login: airflow, Password: XXXXXXXX, extra: None
[2022-06-25 21:14:34,909] {company_forecasting.py:80} INFO - Backup Company data in : /raw_data/company.csv
[2022-06-25 21:14:34,913] {python.py:118} INFO - Done. Returned value was: None
[2022-06-25 21:14:34,927] {taskinstance.py:1166} INFO - Marking task as SUCCESS. dag_id=SDG_Enrique_V0, task_id=postgreSQL_getTable, execution_date=20220625T211421, start_date=20220625T211423, end_date=20220625T211434
[2022-06-25 21:14:34,954] {taskinstance.py:1220} INFO - 1 downstream tasks scheduled from follow-on schedule check
[2022-06-25 21:14:34,999] {local_task_job.py:146} INFO - Task exited with return code 0
