[2022-06-25 18:15:34,705] {taskinstance.py:851} INFO - Dependencies all met for <TaskInstance: SDG_Enrique_V0.readCSV_convertColumns 2022-06-25T18:15:30.629366+00:00 [queued]>
[2022-06-25 18:15:34,720] {taskinstance.py:851} INFO - Dependencies all met for <TaskInstance: SDG_Enrique_V0.readCSV_convertColumns 2022-06-25T18:15:30.629366+00:00 [queued]>
[2022-06-25 18:15:34,721] {taskinstance.py:1042} INFO - 
--------------------------------------------------------------------------------
[2022-06-25 18:15:34,722] {taskinstance.py:1043} INFO - Starting attempt 1 of 1
[2022-06-25 18:15:34,722] {taskinstance.py:1044} INFO - 
--------------------------------------------------------------------------------
[2022-06-25 18:15:34,730] {taskinstance.py:1063} INFO - Executing <Task(PythonOperator): readCSV_convertColumns> on 2022-06-25T18:15:30.629366+00:00
[2022-06-25 18:15:34,735] {standard_task_runner.py:52} INFO - Started process 1301 to run task
[2022-06-25 18:15:34,739] {standard_task_runner.py:76} INFO - Running: ['airflow', 'tasks', 'run', 'SDG_Enrique_V0', 'readCSV_convertColumns', '2022-06-25T18:15:30.629366+00:00', '--job-id', '101', '--pool', 'default_pool', '--raw', '--subdir', 'DAGS_FOLDER/company_forecasting.py', '--cfg-path', '/tmp/tmpfrj_ew36', '--error-file', '/tmp/tmpdl26sgfe']
[2022-06-25 18:15:34,742] {standard_task_runner.py:77} INFO - Job 101: Subtask readCSV_convertColumns
[2022-06-25 18:15:34,783] {logging_mixin.py:104} INFO - Running <TaskInstance: SDG_Enrique_V0.readCSV_convertColumns 2022-06-25T18:15:30.629366+00:00 [running]> on host 9ed5e21ae5e4
[2022-06-25 18:15:34,820] {taskinstance.py:1257} INFO - Exporting the following env vars:
AIRFLOW_CTX_DAG_EMAIL=enrique-liebana@outlook.com
AIRFLOW_CTX_DAG_OWNER=Enrique
AIRFLOW_CTX_DAG_ID=SDG_Enrique_V0
AIRFLOW_CTX_TASK_ID=readCSV_convertColumns
AIRFLOW_CTX_EXECUTION_DATE=2022-06-25T18:15:30.629366+00:00
AIRFLOW_CTX_DAG_RUN_ID=manual__2022-06-25T18:15:30.629366+00:00
[2022-06-25 18:15:34,868] {logging_mixin.py:104} INFO - Empty DataFrame
Columns: [rev_mean, mou_mean, totmrc_mean, da_mean, ovrmou_mean, ovrrev_mean, vceovr_mean, datovr_mean, roam_mean, change_mou, change_rev, drop_vce_mean, drop_dat_mean, blck_vce_mean, blck_dat_mean, unan_vce_mean, unan_dat_mean, plcd_vce_mean, plcd_dat_mean, recv_vce_mean, recv_sms_mean, comp_vce_mean, comp_dat_mean, custcare_mean, ccrndmou_mean, cc_mou_mean, inonemin_mean, threeway_mean, mou_cvce_mean, mou_cdat_mean, mou_rvce_mean, owylis_vce_mean, mouowylisv_mean, iwylis_vce_mean, mouiwylisv_mean, peak_vce_mean, peak_dat_mean, mou_peav_mean, mou_pead_mean, opk_vce_mean, opk_dat_mean, mou_opkv_mean, mou_opkd_mean, drop_blk_mean, attempt_mean, complete_mean, callfwdv_mean, callwait_mean, churn, months, uniqsubs, actvsubs, new_cell, crclscod, asl_flag, totcalls, totmou, totrev, adjrev, adjmou, adjqty, avgrev, avgmou, avgqty, avg3mou, avg3qty, avg3rev, avg6mou, avg6qty, avg6rev, prizm_social_one, area, dualband, refurb_new, hnd_price, phones, models, hnd_webcap, truck, rv, ownrent, lor, dwlltype, marital, adults, infobase, income, numbcars, hhstatin, dwllsize, forgntvl, ethnic, kid0_2, kid3_5, kid6_10, kid11_15, kid16_17, creditcd, eqpdays, customer_id]
Index: []

[0 rows x 100 columns]
[2022-06-25 18:15:34,872] {logging_mixin.py:104} INFO - rev_mean       object
mou_mean       object
totmrc_mean    object
da_mean        object
ovrmou_mean    object
                ...  
kid11_15       object
kid16_17       object
creditcd       object
eqpdays        object
customer_id    object
Length: 100, dtype: object
[2022-06-25 18:15:34,872] {logging_mixin.py:104} INFO - **************** FLOAT COLUMNS *********************
[2022-06-25 18:15:34,873] {taskinstance.py:1455} ERROR - 'rev_Mean'
Traceback (most recent call last):
  File "/home/airflow/.local/lib/python3.6/site-packages/pandas/core/indexes/base.py", line 2898, in get_loc
    return self._engine.get_loc(casted_key)
  File "pandas/_libs/index.pyx", line 70, in pandas._libs.index.IndexEngine.get_loc
  File "pandas/_libs/index.pyx", line 101, in pandas._libs.index.IndexEngine.get_loc
  File "pandas/_libs/hashtable_class_helper.pxi", line 1675, in pandas._libs.hashtable.PyObjectHashTable.get_item
  File "pandas/_libs/hashtable_class_helper.pxi", line 1683, in pandas._libs.hashtable.PyObjectHashTable.get_item
KeyError: 'rev_Mean'

The above exception was the direct cause of the following exception:

Traceback (most recent call last):
  File "/home/airflow/.local/lib/python3.6/site-packages/airflow/models/taskinstance.py", line 1112, in _run_raw_task
    self._prepare_and_execute_task_with_callbacks(context, task)
  File "/home/airflow/.local/lib/python3.6/site-packages/airflow/models/taskinstance.py", line 1285, in _prepare_and_execute_task_with_callbacks
    result = self._execute_task(context, task_copy)
  File "/home/airflow/.local/lib/python3.6/site-packages/airflow/models/taskinstance.py", line 1315, in _execute_task
    result = task_copy.execute(context=context)
  File "/home/airflow/.local/lib/python3.6/site-packages/airflow/operators/python.py", line 117, in execute
    return_value = self.execute_callable()
  File "/home/airflow/.local/lib/python3.6/site-packages/airflow/operators/python.py", line 128, in execute_callable
    return self.python_callable(*self.op_args, **self.op_kwargs)
  File "/opt/airflow/dags/company_forecasting.py", line 66, in read_and_convertColumns
    data_company[a]=data_company[a].str.replace(',','.').astype(float)
  File "/home/airflow/.local/lib/python3.6/site-packages/pandas/core/frame.py", line 2906, in __getitem__
    indexer = self.columns.get_loc(key)
  File "/home/airflow/.local/lib/python3.6/site-packages/pandas/core/indexes/base.py", line 2900, in get_loc
    raise KeyError(key) from err
KeyError: 'rev_Mean'
[2022-06-25 18:15:34,878] {taskinstance.py:1503} INFO - Marking task as FAILED. dag_id=SDG_Enrique_V0, task_id=readCSV_convertColumns, execution_date=20220625T181530, start_date=20220625T181534, end_date=20220625T181534
[2022-06-25 18:15:34,915] {local_task_job.py:146} INFO - Task exited with return code 1
