[2022-07-01 10:28:26,123] {taskinstance.py:851} INFO - Dependencies all met for <TaskInstance: Company_Predict.load_Model 2022-07-01T10:28:24.311779+00:00 [queued]>
[2022-07-01 10:28:26,146] {taskinstance.py:851} INFO - Dependencies all met for <TaskInstance: Company_Predict.load_Model 2022-07-01T10:28:24.311779+00:00 [queued]>
[2022-07-01 10:28:26,147] {taskinstance.py:1042} INFO - 
--------------------------------------------------------------------------------
[2022-07-01 10:28:26,148] {taskinstance.py:1043} INFO - Starting attempt 1 of 1
[2022-07-01 10:28:26,149] {taskinstance.py:1044} INFO - 
--------------------------------------------------------------------------------
[2022-07-01 10:28:26,159] {taskinstance.py:1063} INFO - Executing <Task(PythonOperator): load_Model> on 2022-07-01T10:28:24.311779+00:00
[2022-07-01 10:28:26,170] {standard_task_runner.py:52} INFO - Started process 14269 to run task
[2022-07-01 10:28:26,175] {standard_task_runner.py:76} INFO - Running: ['airflow', 'tasks', 'run', 'Company_Predict', 'load_Model', '2022-07-01T10:28:24.311779+00:00', '--job-id', '1552', '--pool', 'default_pool', '--raw', '--subdir', 'DAGS_FOLDER/company_predict.py', '--cfg-path', '/tmp/tmphjbjjxgx', '--error-file', '/tmp/tmpkvajabba']
[2022-07-01 10:28:26,179] {standard_task_runner.py:77} INFO - Job 1552: Subtask load_Model
[2022-07-01 10:28:26,239] {logging_mixin.py:104} INFO - Running <TaskInstance: Company_Predict.load_Model 2022-07-01T10:28:24.311779+00:00 [running]> on host 14dddcffc0ea
[2022-07-01 10:28:26,303] {taskinstance.py:1257} INFO - Exporting the following env vars:
AIRFLOW_CTX_DAG_EMAIL=enrique-liebana@outlook.com
AIRFLOW_CTX_DAG_OWNER=Enrique Liebana Peña
AIRFLOW_CTX_DAG_ID=Company_Predict
AIRFLOW_CTX_TASK_ID=load_Model
AIRFLOW_CTX_EXECUTION_DATE=2022-07-01T10:28:24.311779+00:00
AIRFLOW_CTX_DAG_RUN_ID=manual__2022-07-01T10:28:24.311779+00:00
[2022-07-01 10:28:32,759] {logging_mixin.py:104} INFO - [10:28:32] WARNING: ../src/learner.cc:1115: Starting in XGBoost 1.3.0, the default evaluation metric used with the objective 'binary:logistic' was changed from 'error' to 'logloss'. Explicitly set eval_metric if you'd like to restore the old behavior.
[2022-07-01 10:28:59,200] {logging_mixin.py:104} INFO - XGBOOST        | ROC-AUC score = 0.689 | Accuracy = 0.634
[2022-07-01 10:28:59,237] {logging_mixin.py:104} INFO - 0.63435
[2022-07-01 10:28:59,242] {python.py:118} INFO - Done. Returned value was: None
[2022-07-01 10:28:59,257] {taskinstance.py:1166} INFO - Marking task as SUCCESS. dag_id=Company_Predict, task_id=load_Model, execution_date=20220701T102824, start_date=20220701T102826, end_date=20220701T102859
[2022-07-01 10:28:59,281] {taskinstance.py:1220} INFO - 0 downstream tasks scheduled from follow-on schedule check
[2022-07-01 10:28:59,362] {local_task_job.py:146} INFO - Task exited with return code 0
