[2022-06-29 21:09:59,292] {taskinstance.py:851} INFO - Dependencies all met for <TaskInstance: Company_Predict.trigger_target 2022-06-29T21:09:56.460341+00:00 [queued]>
[2022-06-29 21:09:59,309] {taskinstance.py:851} INFO - Dependencies all met for <TaskInstance: Company_Predict.trigger_target 2022-06-29T21:09:56.460341+00:00 [queued]>
[2022-06-29 21:09:59,310] {taskinstance.py:1042} INFO - 
--------------------------------------------------------------------------------
[2022-06-29 21:09:59,311] {taskinstance.py:1043} INFO - Starting attempt 1 of 1
[2022-06-29 21:09:59,312] {taskinstance.py:1044} INFO - 
--------------------------------------------------------------------------------
[2022-06-29 21:09:59,321] {taskinstance.py:1063} INFO - Executing <Task(TriggerDagRunOperator): trigger_target> on 2022-06-29T21:09:56.460341+00:00
[2022-06-29 21:09:59,328] {standard_task_runner.py:52} INFO - Started process 568 to run task
[2022-06-29 21:09:59,334] {standard_task_runner.py:76} INFO - Running: ['airflow', 'tasks', 'run', 'Company_Predict', 'trigger_target', '2022-06-29T21:09:56.460341+00:00', '--job-id', '1405', '--pool', 'default_pool', '--raw', '--subdir', 'DAGS_FOLDER/company_predict.py', '--cfg-path', '/tmp/tmpztqlf22g', '--error-file', '/tmp/tmp7l_3jh4p']
[2022-06-29 21:09:59,338] {standard_task_runner.py:77} INFO - Job 1405: Subtask trigger_target
[2022-06-29 21:09:59,391] {logging_mixin.py:104} INFO - Running <TaskInstance: Company_Predict.trigger_target 2022-06-29T21:09:56.460341+00:00 [running]> on host b7cac64f9a9a
[2022-06-29 21:09:59,463] {taskinstance.py:1257} INFO - Exporting the following env vars:
AIRFLOW_CTX_DAG_EMAIL=enrique-liebana@outlook.com
AIRFLOW_CTX_DAG_OWNER=Enrique Liebana Peña
AIRFLOW_CTX_DAG_ID=Company_Predict
AIRFLOW_CTX_TASK_ID=trigger_target
AIRFLOW_CTX_EXECUTION_DATE=2022-06-29T21:09:56.460341+00:00
AIRFLOW_CTX_DAG_RUN_ID=manual__2022-06-29T21:09:56.460341+00:00
[2022-06-29 21:09:59,546] {trigger_dagrun.py:140} INFO - Clearing SDG_Enrique_V0 on 2022-06-29T00:00:00+00:00
[2022-06-29 21:09:59,681] {trigger_dagrun.py:165} INFO - Waiting for SDG_Enrique_V0 on 2022-06-29 00:00:00+00:00 to become allowed state ['success'] ...
[2022-06-29 21:10:59,695] {trigger_dagrun.py:165} INFO - Waiting for SDG_Enrique_V0 on 2022-06-29 00:00:00+00:00 to become allowed state ['success'] ...
[2022-06-29 21:11:59,725] {trigger_dagrun.py:165} INFO - Waiting for SDG_Enrique_V0 on 2022-06-29 00:00:00+00:00 to become allowed state ['success'] ...
[2022-06-29 21:12:59,709] {trigger_dagrun.py:174} INFO - SDG_Enrique_V0 finished with allowed state success
[2022-06-29 21:12:59,758] {taskinstance.py:1166} INFO - Marking task as SUCCESS. dag_id=Company_Predict, task_id=trigger_target, execution_date=20220629T210956, start_date=20220629T210959, end_date=20220629T211259
[2022-06-29 21:12:59,833] {taskinstance.py:1220} INFO - 1 downstream tasks scheduled from follow-on schedule check
[2022-06-29 21:12:59,859] {local_task_job.py:146} INFO - Task exited with return code 0
