[2022-06-29 22:06:38,918] {taskinstance.py:851} INFO - Dependencies all met for <TaskInstance: SDG_Enrique_V0.postgreSQL_getTable 2022-06-29T22:06:35.090709+00:00 [queued]>
[2022-06-29 22:06:38,954] {taskinstance.py:851} INFO - Dependencies all met for <TaskInstance: SDG_Enrique_V0.postgreSQL_getTable 2022-06-29T22:06:35.090709+00:00 [queued]>
[2022-06-29 22:06:38,955] {taskinstance.py:1042} INFO - 
--------------------------------------------------------------------------------
[2022-06-29 22:06:38,957] {taskinstance.py:1043} INFO - Starting attempt 1 of 1
[2022-06-29 22:06:38,958] {taskinstance.py:1044} INFO - 
--------------------------------------------------------------------------------
[2022-06-29 22:06:38,979] {taskinstance.py:1063} INFO - Executing <Task(PythonOperator): postgreSQL_getTable> on 2022-06-29T22:06:35.090709+00:00
[2022-06-29 22:06:38,989] {standard_task_runner.py:52} INFO - Started process 237 to run task
[2022-06-29 22:06:39,003] {standard_task_runner.py:76} INFO - Running: ['airflow', 'tasks', 'run', 'SDG_Enrique_V0', 'postgreSQL_getTable', '2022-06-29T22:06:35.090709+00:00', '--job-id', '1514', '--pool', 'default_pool', '--raw', '--subdir', 'DAGS_FOLDER/company_forecasting.py', '--cfg-path', '/tmp/tmpjvvcxkmf', '--error-file', '/tmp/tmp30a6mpzw']
[2022-06-29 22:06:39,010] {standard_task_runner.py:77} INFO - Job 1514: Subtask postgreSQL_getTable
[2022-06-29 22:06:39,094] {logging_mixin.py:104} INFO - Running <TaskInstance: SDG_Enrique_V0.postgreSQL_getTable 2022-06-29T22:06:35.090709+00:00 [running]> on host 059caebd5ba5
[2022-06-29 22:06:39,246] {taskinstance.py:1257} INFO - Exporting the following env vars:
AIRFLOW_CTX_DAG_EMAIL=enrique-liebana@outlook.com
AIRFLOW_CTX_DAG_OWNER=Enrique Liebana Peña
AIRFLOW_CTX_DAG_ID=SDG_Enrique_V0
AIRFLOW_CTX_TASK_ID=postgreSQL_getTable
AIRFLOW_CTX_EXECUTION_DATE=2022-06-29T22:06:35.090709+00:00
AIRFLOW_CTX_DAG_RUN_ID=manual__2022-06-29T22:06:35.090709+00:00
[2022-06-29 22:06:39,348] {base.py:74} INFO - Using connection to: id: postgres_conection. Host: host.docker.internal, Port: 5432, Schema: data_company, Login: airflow, Password: XXXXXXXX, extra: None
[2022-06-29 22:07:07,641] {company_forecasting.py:55} INFO - Backup Company data in : /raw_data/company.csv
[2022-06-29 22:07:07,644] {python.py:118} INFO - Done. Returned value was: None
[2022-06-29 22:07:07,664] {taskinstance.py:1166} INFO - Marking task as SUCCESS. dag_id=SDG_Enrique_V0, task_id=postgreSQL_getTable, execution_date=20220629T220635, start_date=20220629T220638, end_date=20220629T220707
[2022-06-29 22:07:07,715] {taskinstance.py:1220} INFO - 1 downstream tasks scheduled from follow-on schedule check
[2022-06-29 22:07:07,780] {local_task_job.py:146} INFO - Task exited with return code 0
