[2022-06-29 21:46:47,606] {taskinstance.py:851} INFO - Dependencies all met for <TaskInstance: SDG_Enrique_V0.readCSV_convertColumns 2022-06-29T21:46:28.658958+00:00 [queued]>
[2022-06-29 21:46:47,622] {taskinstance.py:851} INFO - Dependencies all met for <TaskInstance: SDG_Enrique_V0.readCSV_convertColumns 2022-06-29T21:46:28.658958+00:00 [queued]>
[2022-06-29 21:46:47,623] {taskinstance.py:1042} INFO - 
--------------------------------------------------------------------------------
[2022-06-29 21:46:47,623] {taskinstance.py:1043} INFO - Starting attempt 1 of 1
[2022-06-29 21:46:47,624] {taskinstance.py:1044} INFO - 
--------------------------------------------------------------------------------
[2022-06-29 21:46:47,634] {taskinstance.py:1063} INFO - Executing <Task(PythonOperator): readCSV_convertColumns> on 2022-06-29T21:46:28.658958+00:00
[2022-06-29 21:46:47,641] {standard_task_runner.py:52} INFO - Started process 2771 to run task
[2022-06-29 21:46:47,646] {standard_task_runner.py:76} INFO - Running: ['airflow', 'tasks', 'run', 'SDG_Enrique_V0', 'readCSV_convertColumns', '2022-06-29T21:46:28.658958+00:00', '--job-id', '1457', '--pool', 'default_pool', '--raw', '--subdir', 'DAGS_FOLDER/company_forecasting.py', '--cfg-path', '/tmp/tmpow_inr27', '--error-file', '/tmp/tmphlautc2z']
[2022-06-29 21:46:47,648] {standard_task_runner.py:77} INFO - Job 1457: Subtask readCSV_convertColumns
[2022-06-29 21:46:47,700] {logging_mixin.py:104} INFO - Running <TaskInstance: SDG_Enrique_V0.readCSV_convertColumns 2022-06-29T21:46:28.658958+00:00 [running]> on host 3cf820b1df4c
[2022-06-29 21:46:47,746] {taskinstance.py:1257} INFO - Exporting the following env vars:
AIRFLOW_CTX_DAG_EMAIL=enrique-liebana@outlook.com
AIRFLOW_CTX_DAG_OWNER=Enrique Liebana Peña
AIRFLOW_CTX_DAG_ID=SDG_Enrique_V0
AIRFLOW_CTX_TASK_ID=readCSV_convertColumns
AIRFLOW_CTX_EXECUTION_DATE=2022-06-29T21:46:28.658958+00:00
AIRFLOW_CTX_DAG_RUN_ID=manual__2022-06-29T21:46:28.658958+00:00
[2022-06-29 21:46:47,751] {taskinstance.py:1455} ERROR - [Errno 2] No such file or directory: 'raw_data/company.csv'
Traceback (most recent call last):
  File "/home/airflow/.local/lib/python3.6/site-packages/airflow/models/taskinstance.py", line 1112, in _run_raw_task
    self._prepare_and_execute_task_with_callbacks(context, task)
  File "/home/airflow/.local/lib/python3.6/site-packages/airflow/models/taskinstance.py", line 1285, in _prepare_and_execute_task_with_callbacks
    result = self._execute_task(context, task_copy)
  File "/home/airflow/.local/lib/python3.6/site-packages/airflow/models/taskinstance.py", line 1315, in _execute_task
    result = task_copy.execute(context=context)
  File "/home/airflow/.local/lib/python3.6/site-packages/airflow/operators/python.py", line 117, in execute
    return_value = self.execute_callable()
  File "/home/airflow/.local/lib/python3.6/site-packages/airflow/operators/python.py", line 128, in execute_callable
    return self.python_callable(*self.op_args, **self.op_kwargs)
  File "/opt/airflow/dags/company_forecasting.py", line 59, in read_and_convertColumns
    data_company = pd.read_csv('raw_data/company.csv',delimiter=',',header=0)
  File "/home/airflow/.local/lib/python3.6/site-packages/pandas/io/parsers.py", line 688, in read_csv
    return _read(filepath_or_buffer, kwds)
  File "/home/airflow/.local/lib/python3.6/site-packages/pandas/io/parsers.py", line 454, in _read
    parser = TextFileReader(fp_or_buf, **kwds)
  File "/home/airflow/.local/lib/python3.6/site-packages/pandas/io/parsers.py", line 948, in __init__
    self._make_engine(self.engine)
  File "/home/airflow/.local/lib/python3.6/site-packages/pandas/io/parsers.py", line 1180, in _make_engine
    self._engine = CParserWrapper(self.f, **self.options)
  File "/home/airflow/.local/lib/python3.6/site-packages/pandas/io/parsers.py", line 2010, in __init__
    self._reader = parsers.TextReader(src, **kwds)
  File "pandas/_libs/parsers.pyx", line 382, in pandas._libs.parsers.TextReader.__cinit__
  File "pandas/_libs/parsers.pyx", line 674, in pandas._libs.parsers.TextReader._setup_parser_source
FileNotFoundError: [Errno 2] No such file or directory: 'raw_data/company.csv'
[2022-06-29 21:46:47,756] {taskinstance.py:1503} INFO - Marking task as FAILED. dag_id=SDG_Enrique_V0, task_id=readCSV_convertColumns, execution_date=20220629T214628, start_date=20220629T214647, end_date=20220629T214647
[2022-06-29 21:46:47,822] {local_task_job.py:146} INFO - Task exited with return code 1
