[2022-06-26 15:20:48,463] {scheduler_job.py:182} INFO - Started process (PID=19101) to work on /opt/airflow/dags/target.py
[2022-06-26 15:20:48,474] {scheduler_job.py:629} INFO - Processing file /opt/airflow/dags/target.py for tasks to queue
[2022-06-26 15:20:48,492] {logging_mixin.py:104} INFO - [2022-06-26 15:20:48,492] {dagbag.py:448} INFO - Filling up the DagBag from /opt/airflow/dags/target.py
[2022-06-26 15:20:48,623] {scheduler_job.py:639} INFO - DAG(s) dict_keys(['target_dag']) retrieved from /opt/airflow/dags/target.py
[2022-06-26 15:20:48,809] {logging_mixin.py:104} INFO - [2022-06-26 15:20:48,809] {dag.py:1818} INFO - Sync 1 DAGs
[2022-06-26 15:20:48,841] {logging_mixin.py:104} INFO - [2022-06-26 15:20:48,841] {dag.py:1837} INFO - Creating ORM DAG for target_dag
[2022-06-26 15:20:48,910] {logging_mixin.py:104} INFO - [2022-06-26 15:20:48,910] {dag.py:2273} INFO - Setting next_dagrun for target_dag to 2022-06-25 00:00:00+00:00
[2022-06-26 15:20:49,010] {scheduler_job.py:190} INFO - Processing /opt/airflow/dags/target.py took 0.562 seconds
[2022-06-26 15:20:59,216] {scheduler_job.py:182} INFO - Started process (PID=19117) to work on /opt/airflow/dags/target.py
[2022-06-26 15:20:59,219] {scheduler_job.py:629} INFO - Processing file /opt/airflow/dags/target.py for tasks to queue
[2022-06-26 15:20:59,222] {logging_mixin.py:104} INFO - [2022-06-26 15:20:59,221] {dagbag.py:448} INFO - Filling up the DagBag from /opt/airflow/dags/target.py
[2022-06-26 15:20:59,254] {scheduler_job.py:639} INFO - DAG(s) dict_keys(['target_dag']) retrieved from /opt/airflow/dags/target.py
[2022-06-26 15:20:59,281] {logging_mixin.py:104} INFO - [2022-06-26 15:20:59,281] {dag.py:1818} INFO - Sync 1 DAGs
[2022-06-26 15:20:59,360] {logging_mixin.py:104} INFO - [2022-06-26 15:20:59,360] {dag.py:2273} INFO - Setting next_dagrun for target_dag to 2022-06-25 00:00:00+00:00
[2022-06-26 15:20:59,430] {scheduler_job.py:190} INFO - Processing /opt/airflow/dags/target.py took 0.220 seconds
[2022-06-26 15:21:10,080] {scheduler_job.py:182} INFO - Started process (PID=19129) to work on /opt/airflow/dags/target.py
[2022-06-26 15:21:10,092] {scheduler_job.py:629} INFO - Processing file /opt/airflow/dags/target.py for tasks to queue
[2022-06-26 15:21:10,108] {logging_mixin.py:104} INFO - [2022-06-26 15:21:10,108] {dagbag.py:448} INFO - Filling up the DagBag from /opt/airflow/dags/target.py
[2022-06-26 15:21:10,198] {scheduler_job.py:639} INFO - DAG(s) dict_keys(['target_dag']) retrieved from /opt/airflow/dags/target.py
[2022-06-26 15:21:10,342] {logging_mixin.py:104} INFO - [2022-06-26 15:21:10,342] {dag.py:1818} INFO - Sync 1 DAGs
[2022-06-26 15:21:10,467] {logging_mixin.py:104} INFO - [2022-06-26 15:21:10,467] {dag.py:2273} INFO - Setting next_dagrun for target_dag to 2022-06-25 00:00:00+00:00
[2022-06-26 15:21:10,536] {scheduler_job.py:190} INFO - Processing /opt/airflow/dags/target.py took 0.463 seconds
[2022-06-26 15:21:20,743] {scheduler_job.py:182} INFO - Started process (PID=19147) to work on /opt/airflow/dags/target.py
[2022-06-26 15:21:20,752] {scheduler_job.py:629} INFO - Processing file /opt/airflow/dags/target.py for tasks to queue
[2022-06-26 15:21:20,755] {logging_mixin.py:104} INFO - [2022-06-26 15:21:20,755] {dagbag.py:448} INFO - Filling up the DagBag from /opt/airflow/dags/target.py
[2022-06-26 15:21:20,796] {scheduler_job.py:639} INFO - DAG(s) dict_keys(['target_dag']) retrieved from /opt/airflow/dags/target.py
[2022-06-26 15:21:20,889] {logging_mixin.py:104} INFO - [2022-06-26 15:21:20,889] {dag.py:1818} INFO - Sync 1 DAGs
[2022-06-26 15:21:20,981] {logging_mixin.py:104} INFO - [2022-06-26 15:21:20,981] {dag.py:2273} INFO - Setting next_dagrun for target_dag to 2022-06-25 00:00:00+00:00
[2022-06-26 15:21:21,053] {scheduler_job.py:190} INFO - Processing /opt/airflow/dags/target.py took 0.318 seconds
[2022-06-26 15:21:31,300] {scheduler_job.py:182} INFO - Started process (PID=19163) to work on /opt/airflow/dags/target.py
[2022-06-26 15:21:31,303] {scheduler_job.py:629} INFO - Processing file /opt/airflow/dags/target.py for tasks to queue
[2022-06-26 15:21:31,310] {logging_mixin.py:104} INFO - [2022-06-26 15:21:31,310] {dagbag.py:448} INFO - Filling up the DagBag from /opt/airflow/dags/target.py
[2022-06-26 15:21:31,394] {scheduler_job.py:639} INFO - DAG(s) dict_keys(['target_dag']) retrieved from /opt/airflow/dags/target.py
[2022-06-26 15:21:31,495] {logging_mixin.py:104} INFO - [2022-06-26 15:21:31,494] {dag.py:1818} INFO - Sync 1 DAGs
[2022-06-26 15:21:31,613] {logging_mixin.py:104} INFO - [2022-06-26 15:21:31,613] {dag.py:2273} INFO - Setting next_dagrun for target_dag to 2022-06-25 00:00:00+00:00
[2022-06-26 15:21:31,807] {scheduler_job.py:190} INFO - Processing /opt/airflow/dags/target.py took 0.515 seconds
[2022-06-26 15:21:41,963] {scheduler_job.py:182} INFO - Started process (PID=19175) to work on /opt/airflow/dags/target.py
[2022-06-26 15:21:41,968] {scheduler_job.py:629} INFO - Processing file /opt/airflow/dags/target.py for tasks to queue
[2022-06-26 15:21:41,971] {logging_mixin.py:104} INFO - [2022-06-26 15:21:41,971] {dagbag.py:448} INFO - Filling up the DagBag from /opt/airflow/dags/target.py
[2022-06-26 15:21:42,018] {scheduler_job.py:639} INFO - DAG(s) dict_keys(['target_dag']) retrieved from /opt/airflow/dags/target.py
[2022-06-26 15:21:42,088] {logging_mixin.py:104} INFO - [2022-06-26 15:21:42,087] {dag.py:1818} INFO - Sync 1 DAGs
[2022-06-26 15:21:42,159] {logging_mixin.py:104} INFO - [2022-06-26 15:21:42,159] {dag.py:2273} INFO - Setting next_dagrun for target_dag to 2022-06-25 00:00:00+00:00
[2022-06-26 15:21:42,179] {scheduler_job.py:190} INFO - Processing /opt/airflow/dags/target.py took 0.226 seconds
[2022-06-26 15:21:53,029] {scheduler_job.py:182} INFO - Started process (PID=19193) to work on /opt/airflow/dags/target.py
[2022-06-26 15:21:53,034] {scheduler_job.py:629} INFO - Processing file /opt/airflow/dags/target.py for tasks to queue
[2022-06-26 15:21:53,037] {logging_mixin.py:104} INFO - [2022-06-26 15:21:53,037] {dagbag.py:448} INFO - Filling up the DagBag from /opt/airflow/dags/target.py
[2022-06-26 15:21:53,079] {scheduler_job.py:639} INFO - DAG(s) dict_keys(['target_dag']) retrieved from /opt/airflow/dags/target.py
[2022-06-26 15:21:53,198] {logging_mixin.py:104} INFO - [2022-06-26 15:21:53,198] {dag.py:1818} INFO - Sync 1 DAGs
[2022-06-26 15:21:53,328] {logging_mixin.py:104} INFO - [2022-06-26 15:21:53,328] {dag.py:2273} INFO - Setting next_dagrun for target_dag to 2022-06-25 00:00:00+00:00
[2022-06-26 15:21:53,391] {scheduler_job.py:190} INFO - Processing /opt/airflow/dags/target.py took 0.371 seconds
[2022-06-26 15:22:03,708] {scheduler_job.py:182} INFO - Started process (PID=19211) to work on /opt/airflow/dags/target.py
[2022-06-26 15:22:03,713] {scheduler_job.py:629} INFO - Processing file /opt/airflow/dags/target.py for tasks to queue
[2022-06-26 15:22:03,715] {logging_mixin.py:104} INFO - [2022-06-26 15:22:03,715] {dagbag.py:448} INFO - Filling up the DagBag from /opt/airflow/dags/target.py
[2022-06-26 15:22:03,771] {scheduler_job.py:639} INFO - DAG(s) dict_keys(['target_dag']) retrieved from /opt/airflow/dags/target.py
[2022-06-26 15:22:03,834] {logging_mixin.py:104} INFO - [2022-06-26 15:22:03,834] {dag.py:1818} INFO - Sync 1 DAGs
[2022-06-26 15:22:03,906] {logging_mixin.py:104} INFO - [2022-06-26 15:22:03,906] {dag.py:2273} INFO - Setting next_dagrun for target_dag to 2022-06-25 00:00:00+00:00
[2022-06-26 15:22:03,963] {scheduler_job.py:190} INFO - Processing /opt/airflow/dags/target.py took 0.262 seconds
[2022-06-26 15:22:14,129] {scheduler_job.py:182} INFO - Started process (PID=19224) to work on /opt/airflow/dags/target.py
[2022-06-26 15:22:14,135] {scheduler_job.py:629} INFO - Processing file /opt/airflow/dags/target.py for tasks to queue
[2022-06-26 15:22:14,141] {logging_mixin.py:104} INFO - [2022-06-26 15:22:14,140] {dagbag.py:448} INFO - Filling up the DagBag from /opt/airflow/dags/target.py
[2022-06-26 15:22:14,266] {scheduler_job.py:639} INFO - DAG(s) dict_keys(['target_dag']) retrieved from /opt/airflow/dags/target.py
[2022-06-26 15:22:14,386] {logging_mixin.py:104} INFO - [2022-06-26 15:22:14,386] {dag.py:1818} INFO - Sync 1 DAGs
[2022-06-26 15:22:14,591] {logging_mixin.py:104} INFO - [2022-06-26 15:22:14,590] {dag.py:2273} INFO - Setting next_dagrun for target_dag to 2022-06-25 00:00:00+00:00
[2022-06-26 15:22:14,705] {scheduler_job.py:190} INFO - Processing /opt/airflow/dags/target.py took 0.593 seconds
[2022-06-26 15:22:25,528] {scheduler_job.py:182} INFO - Started process (PID=19239) to work on /opt/airflow/dags/target.py
[2022-06-26 15:22:25,537] {scheduler_job.py:629} INFO - Processing file /opt/airflow/dags/target.py for tasks to queue
[2022-06-26 15:22:25,539] {logging_mixin.py:104} INFO - [2022-06-26 15:22:25,539] {dagbag.py:448} INFO - Filling up the DagBag from /opt/airflow/dags/target.py
[2022-06-26 15:22:25,591] {scheduler_job.py:639} INFO - DAG(s) dict_keys(['target_dag']) retrieved from /opt/airflow/dags/target.py
[2022-06-26 15:22:25,653] {logging_mixin.py:104} INFO - [2022-06-26 15:22:25,653] {dag.py:1818} INFO - Sync 1 DAGs
[2022-06-26 15:22:25,764] {logging_mixin.py:104} INFO - [2022-06-26 15:22:25,764] {dag.py:2273} INFO - Setting next_dagrun for target_dag to 2022-06-25 00:00:00+00:00
[2022-06-26 15:22:25,829] {scheduler_job.py:190} INFO - Processing /opt/airflow/dags/target.py took 0.311 seconds
[2022-06-26 15:22:36,446] {scheduler_job.py:182} INFO - Started process (PID=19257) to work on /opt/airflow/dags/target.py
[2022-06-26 15:22:36,452] {scheduler_job.py:629} INFO - Processing file /opt/airflow/dags/target.py for tasks to queue
[2022-06-26 15:22:36,455] {logging_mixin.py:104} INFO - [2022-06-26 15:22:36,454] {dagbag.py:448} INFO - Filling up the DagBag from /opt/airflow/dags/target.py
[2022-06-26 15:22:36,482] {scheduler_job.py:639} INFO - DAG(s) dict_keys(['target_dag']) retrieved from /opt/airflow/dags/target.py
[2022-06-26 15:22:36,527] {logging_mixin.py:104} INFO - [2022-06-26 15:22:36,527] {dag.py:1818} INFO - Sync 1 DAGs
[2022-06-26 15:22:36,592] {logging_mixin.py:104} INFO - [2022-06-26 15:22:36,592] {dag.py:2273} INFO - Setting next_dagrun for target_dag to 2022-06-25 00:00:00+00:00
[2022-06-26 15:22:36,638] {scheduler_job.py:190} INFO - Processing /opt/airflow/dags/target.py took 0.198 seconds
[2022-06-26 15:22:46,794] {scheduler_job.py:182} INFO - Started process (PID=19273) to work on /opt/airflow/dags/target.py
[2022-06-26 15:22:46,802] {scheduler_job.py:629} INFO - Processing file /opt/airflow/dags/target.py for tasks to queue
[2022-06-26 15:22:46,805] {logging_mixin.py:104} INFO - [2022-06-26 15:22:46,804] {dagbag.py:448} INFO - Filling up the DagBag from /opt/airflow/dags/target.py
[2022-06-26 15:22:46,845] {scheduler_job.py:639} INFO - DAG(s) dict_keys(['target_dag']) retrieved from /opt/airflow/dags/target.py
[2022-06-26 15:22:46,903] {logging_mixin.py:104} INFO - [2022-06-26 15:22:46,902] {dag.py:1818} INFO - Sync 1 DAGs
[2022-06-26 15:22:46,955] {logging_mixin.py:104} INFO - [2022-06-26 15:22:46,955] {dag.py:2273} INFO - Setting next_dagrun for target_dag to 2022-06-25 00:00:00+00:00
[2022-06-26 15:22:46,982] {scheduler_job.py:190} INFO - Processing /opt/airflow/dags/target.py took 0.198 seconds
[2022-06-26 15:22:57,376] {scheduler_job.py:182} INFO - Started process (PID=19285) to work on /opt/airflow/dags/target.py
[2022-06-26 15:22:57,380] {scheduler_job.py:629} INFO - Processing file /opt/airflow/dags/target.py for tasks to queue
[2022-06-26 15:22:57,382] {logging_mixin.py:104} INFO - [2022-06-26 15:22:57,382] {dagbag.py:448} INFO - Filling up the DagBag from /opt/airflow/dags/target.py
[2022-06-26 15:22:57,415] {scheduler_job.py:639} INFO - DAG(s) dict_keys(['target_dag']) retrieved from /opt/airflow/dags/target.py
[2022-06-26 15:22:57,458] {logging_mixin.py:104} INFO - [2022-06-26 15:22:57,458] {dag.py:1818} INFO - Sync 1 DAGs
[2022-06-26 15:22:57,569] {logging_mixin.py:104} INFO - [2022-06-26 15:22:57,569] {dag.py:2273} INFO - Setting next_dagrun for target_dag to 2022-06-25 00:00:00+00:00
[2022-06-26 15:22:57,627] {scheduler_job.py:190} INFO - Processing /opt/airflow/dags/target.py took 0.258 seconds
[2022-06-26 15:23:08,608] {scheduler_job.py:182} INFO - Started process (PID=19303) to work on /opt/airflow/dags/target.py
[2022-06-26 15:23:08,612] {scheduler_job.py:629} INFO - Processing file /opt/airflow/dags/target.py for tasks to queue
[2022-06-26 15:23:08,616] {logging_mixin.py:104} INFO - [2022-06-26 15:23:08,615] {dagbag.py:448} INFO - Filling up the DagBag from /opt/airflow/dags/target.py
[2022-06-26 15:23:08,649] {scheduler_job.py:639} INFO - DAG(s) dict_keys(['target_dag']) retrieved from /opt/airflow/dags/target.py
[2022-06-26 15:23:08,716] {logging_mixin.py:104} INFO - [2022-06-26 15:23:08,716] {dag.py:1818} INFO - Sync 1 DAGs
[2022-06-26 15:23:08,780] {logging_mixin.py:104} INFO - [2022-06-26 15:23:08,780] {dag.py:2273} INFO - Setting next_dagrun for target_dag to 2022-06-25 00:00:00+00:00
[2022-06-26 15:23:08,809] {scheduler_job.py:190} INFO - Processing /opt/airflow/dags/target.py took 0.211 seconds
[2022-06-26 15:23:18,994] {scheduler_job.py:182} INFO - Started process (PID=19319) to work on /opt/airflow/dags/target.py
[2022-06-26 15:23:19,002] {scheduler_job.py:629} INFO - Processing file /opt/airflow/dags/target.py for tasks to queue
[2022-06-26 15:23:19,004] {logging_mixin.py:104} INFO - [2022-06-26 15:23:19,004] {dagbag.py:448} INFO - Filling up the DagBag from /opt/airflow/dags/target.py
[2022-06-26 15:23:19,044] {scheduler_job.py:639} INFO - DAG(s) dict_keys(['target_dag']) retrieved from /opt/airflow/dags/target.py
[2022-06-26 15:23:19,095] {logging_mixin.py:104} INFO - [2022-06-26 15:23:19,095] {dag.py:1818} INFO - Sync 1 DAGs
[2022-06-26 15:23:19,140] {logging_mixin.py:104} INFO - [2022-06-26 15:23:19,140] {dag.py:2273} INFO - Setting next_dagrun for target_dag to 2022-06-25 00:00:00+00:00
[2022-06-26 15:23:19,159] {scheduler_job.py:190} INFO - Processing /opt/airflow/dags/target.py took 0.171 seconds
[2022-06-26 15:23:29,583] {scheduler_job.py:182} INFO - Started process (PID=19331) to work on /opt/airflow/dags/target.py
[2022-06-26 15:23:29,591] {scheduler_job.py:629} INFO - Processing file /opt/airflow/dags/target.py for tasks to queue
[2022-06-26 15:23:29,595] {logging_mixin.py:104} INFO - [2022-06-26 15:23:29,594] {dagbag.py:448} INFO - Filling up the DagBag from /opt/airflow/dags/target.py
[2022-06-26 15:23:29,657] {scheduler_job.py:639} INFO - DAG(s) dict_keys(['target_dag']) retrieved from /opt/airflow/dags/target.py
[2022-06-26 15:23:29,776] {logging_mixin.py:104} INFO - [2022-06-26 15:23:29,776] {dag.py:1818} INFO - Sync 1 DAGs
[2022-06-26 15:23:29,887] {logging_mixin.py:104} INFO - [2022-06-26 15:23:29,887] {dag.py:2273} INFO - Setting next_dagrun for target_dag to 2022-06-25 00:00:00+00:00
[2022-06-26 15:23:30,023] {scheduler_job.py:190} INFO - Processing /opt/airflow/dags/target.py took 0.448 seconds
[2022-06-26 15:23:40,778] {scheduler_job.py:182} INFO - Started process (PID=19349) to work on /opt/airflow/dags/target.py
[2022-06-26 15:23:40,783] {scheduler_job.py:629} INFO - Processing file /opt/airflow/dags/target.py for tasks to queue
[2022-06-26 15:23:40,786] {logging_mixin.py:104} INFO - [2022-06-26 15:23:40,785] {dagbag.py:448} INFO - Filling up the DagBag from /opt/airflow/dags/target.py
[2022-06-26 15:23:40,819] {scheduler_job.py:639} INFO - DAG(s) dict_keys(['target_dag']) retrieved from /opt/airflow/dags/target.py
[2022-06-26 15:23:40,861] {logging_mixin.py:104} INFO - [2022-06-26 15:23:40,861] {dag.py:1818} INFO - Sync 1 DAGs
[2022-06-26 15:23:40,969] {logging_mixin.py:104} INFO - [2022-06-26 15:23:40,969] {dag.py:2273} INFO - Setting next_dagrun for target_dag to 2022-06-25 00:00:00+00:00
[2022-06-26 15:23:41,057] {scheduler_job.py:190} INFO - Processing /opt/airflow/dags/target.py took 0.286 seconds
[2022-06-26 15:23:51,271] {scheduler_job.py:182} INFO - Started process (PID=19367) to work on /opt/airflow/dags/target.py
[2022-06-26 15:23:51,277] {scheduler_job.py:629} INFO - Processing file /opt/airflow/dags/target.py for tasks to queue
[2022-06-26 15:23:51,281] {logging_mixin.py:104} INFO - [2022-06-26 15:23:51,280] {dagbag.py:448} INFO - Filling up the DagBag from /opt/airflow/dags/target.py
[2022-06-26 15:23:51,339] {scheduler_job.py:639} INFO - DAG(s) dict_keys(['target_dag']) retrieved from /opt/airflow/dags/target.py
[2022-06-26 15:23:51,411] {logging_mixin.py:104} INFO - [2022-06-26 15:23:51,411] {dag.py:1818} INFO - Sync 1 DAGs
[2022-06-26 15:23:51,593] {logging_mixin.py:104} INFO - [2022-06-26 15:23:51,592] {dag.py:2273} INFO - Setting next_dagrun for target_dag to 2022-06-25 00:00:00+00:00
[2022-06-26 15:23:51,664] {scheduler_job.py:190} INFO - Processing /opt/airflow/dags/target.py took 0.402 seconds
[2022-06-26 15:24:01,843] {scheduler_job.py:182} INFO - Started process (PID=19383) to work on /opt/airflow/dags/target.py
[2022-06-26 15:24:01,870] {scheduler_job.py:629} INFO - Processing file /opt/airflow/dags/target.py for tasks to queue
[2022-06-26 15:24:01,881] {logging_mixin.py:104} INFO - [2022-06-26 15:24:01,881] {dagbag.py:448} INFO - Filling up the DagBag from /opt/airflow/dags/target.py
[2022-06-26 15:24:02,000] {scheduler_job.py:639} INFO - DAG(s) dict_keys(['target_dag']) retrieved from /opt/airflow/dags/target.py
[2022-06-26 15:24:02,051] {logging_mixin.py:104} INFO - [2022-06-26 15:24:02,051] {dag.py:1818} INFO - Sync 1 DAGs
[2022-06-26 15:24:02,213] {logging_mixin.py:104} INFO - [2022-06-26 15:24:02,212] {dag.py:2273} INFO - Setting next_dagrun for target_dag to 2022-06-25 00:00:00+00:00
[2022-06-26 15:24:02,351] {scheduler_job.py:190} INFO - Processing /opt/airflow/dags/target.py took 0.513 seconds
[2022-06-26 15:24:12,533] {scheduler_job.py:182} INFO - Started process (PID=19395) to work on /opt/airflow/dags/target.py
[2022-06-26 15:24:12,551] {scheduler_job.py:629} INFO - Processing file /opt/airflow/dags/target.py for tasks to queue
[2022-06-26 15:24:12,564] {logging_mixin.py:104} INFO - [2022-06-26 15:24:12,563] {dagbag.py:448} INFO - Filling up the DagBag from /opt/airflow/dags/target.py
[2022-06-26 15:24:12,676] {scheduler_job.py:639} INFO - DAG(s) dict_keys(['target_dag']) retrieved from /opt/airflow/dags/target.py
[2022-06-26 15:24:12,902] {logging_mixin.py:104} INFO - [2022-06-26 15:24:12,901] {dag.py:1818} INFO - Sync 1 DAGs
[2022-06-26 15:24:12,989] {logging_mixin.py:104} INFO - [2022-06-26 15:24:12,988] {dag.py:2273} INFO - Setting next_dagrun for target_dag to 2022-06-25 00:00:00+00:00
[2022-06-26 15:24:13,055] {scheduler_job.py:190} INFO - Processing /opt/airflow/dags/target.py took 0.530 seconds
[2022-06-26 15:24:23,690] {scheduler_job.py:182} INFO - Started process (PID=19413) to work on /opt/airflow/dags/target.py
[2022-06-26 15:24:23,694] {scheduler_job.py:629} INFO - Processing file /opt/airflow/dags/target.py for tasks to queue
[2022-06-26 15:24:23,697] {logging_mixin.py:104} INFO - [2022-06-26 15:24:23,697] {dagbag.py:448} INFO - Filling up the DagBag from /opt/airflow/dags/target.py
[2022-06-26 15:24:23,731] {scheduler_job.py:639} INFO - DAG(s) dict_keys(['target_dag']) retrieved from /opt/airflow/dags/target.py
[2022-06-26 15:24:23,788] {logging_mixin.py:104} INFO - [2022-06-26 15:24:23,788] {dag.py:1818} INFO - Sync 1 DAGs
[2022-06-26 15:24:23,855] {logging_mixin.py:104} INFO - [2022-06-26 15:24:23,855] {dag.py:2273} INFO - Setting next_dagrun for target_dag to 2022-06-25 00:00:00+00:00
[2022-06-26 15:24:23,937] {scheduler_job.py:190} INFO - Processing /opt/airflow/dags/target.py took 0.253 seconds
[2022-06-26 15:24:34,247] {scheduler_job.py:182} INFO - Started process (PID=19429) to work on /opt/airflow/dags/target.py
[2022-06-26 15:24:34,276] {scheduler_job.py:629} INFO - Processing file /opt/airflow/dags/target.py for tasks to queue
[2022-06-26 15:24:34,296] {logging_mixin.py:104} INFO - [2022-06-26 15:24:34,296] {dagbag.py:448} INFO - Filling up the DagBag from /opt/airflow/dags/target.py
[2022-06-26 15:24:34,384] {scheduler_job.py:639} INFO - DAG(s) dict_keys(['target_dag']) retrieved from /opt/airflow/dags/target.py
[2022-06-26 15:24:34,505] {logging_mixin.py:104} INFO - [2022-06-26 15:24:34,505] {dag.py:1818} INFO - Sync 1 DAGs
[2022-06-26 15:24:34,633] {logging_mixin.py:104} INFO - [2022-06-26 15:24:34,633] {dag.py:2273} INFO - Setting next_dagrun for target_dag to 2022-06-25 00:00:00+00:00
[2022-06-26 15:24:34,700] {scheduler_job.py:190} INFO - Processing /opt/airflow/dags/target.py took 0.484 seconds
[2022-06-26 15:24:44,876] {scheduler_job.py:182} INFO - Started process (PID=19441) to work on /opt/airflow/dags/target.py
[2022-06-26 15:24:44,880] {scheduler_job.py:629} INFO - Processing file /opt/airflow/dags/target.py for tasks to queue
[2022-06-26 15:24:44,885] {logging_mixin.py:104} INFO - [2022-06-26 15:24:44,884] {dagbag.py:448} INFO - Filling up the DagBag from /opt/airflow/dags/target.py
[2022-06-26 15:24:44,955] {scheduler_job.py:639} INFO - DAG(s) dict_keys(['target_dag']) retrieved from /opt/airflow/dags/target.py
[2022-06-26 15:24:45,089] {logging_mixin.py:104} INFO - [2022-06-26 15:24:45,088] {dag.py:1818} INFO - Sync 1 DAGs
[2022-06-26 15:24:45,329] {logging_mixin.py:104} INFO - [2022-06-26 15:24:45,327] {dag.py:2273} INFO - Setting next_dagrun for target_dag to 2022-06-25 00:00:00+00:00
[2022-06-26 15:24:45,390] {scheduler_job.py:190} INFO - Processing /opt/airflow/dags/target.py took 0.523 seconds
[2022-06-26 15:24:55,611] {scheduler_job.py:182} INFO - Started process (PID=19459) to work on /opt/airflow/dags/target.py
[2022-06-26 15:24:55,615] {scheduler_job.py:629} INFO - Processing file /opt/airflow/dags/target.py for tasks to queue
[2022-06-26 15:24:55,618] {logging_mixin.py:104} INFO - [2022-06-26 15:24:55,617] {dagbag.py:448} INFO - Filling up the DagBag from /opt/airflow/dags/target.py
[2022-06-26 15:24:55,661] {scheduler_job.py:639} INFO - DAG(s) dict_keys(['target_dag']) retrieved from /opt/airflow/dags/target.py
[2022-06-26 15:24:55,817] {logging_mixin.py:104} INFO - [2022-06-26 15:24:55,817] {dag.py:1818} INFO - Sync 1 DAGs
[2022-06-26 15:24:55,913] {logging_mixin.py:104} INFO - [2022-06-26 15:24:55,913] {dag.py:2273} INFO - Setting next_dagrun for target_dag to 2022-06-25 00:00:00+00:00
[2022-06-26 15:24:55,989] {scheduler_job.py:190} INFO - Processing /opt/airflow/dags/target.py took 0.387 seconds
[2022-06-26 15:25:06,226] {scheduler_job.py:182} INFO - Started process (PID=19472) to work on /opt/airflow/dags/target.py
[2022-06-26 15:25:06,230] {scheduler_job.py:629} INFO - Processing file /opt/airflow/dags/target.py for tasks to queue
[2022-06-26 15:25:06,240] {logging_mixin.py:104} INFO - [2022-06-26 15:25:06,239] {dagbag.py:448} INFO - Filling up the DagBag from /opt/airflow/dags/target.py
[2022-06-26 15:25:06,281] {scheduler_job.py:639} INFO - DAG(s) dict_keys(['target_dag']) retrieved from /opt/airflow/dags/target.py
[2022-06-26 15:25:06,397] {logging_mixin.py:104} INFO - [2022-06-26 15:25:06,397] {dag.py:1818} INFO - Sync 1 DAGs
[2022-06-26 15:25:06,506] {logging_mixin.py:104} INFO - [2022-06-26 15:25:06,506] {dag.py:2273} INFO - Setting next_dagrun for target_dag to 2022-06-25 00:00:00+00:00
[2022-06-26 15:25:06,582] {scheduler_job.py:190} INFO - Processing /opt/airflow/dags/target.py took 0.362 seconds
[2022-06-26 15:25:16,770] {scheduler_job.py:182} INFO - Started process (PID=19487) to work on /opt/airflow/dags/target.py
[2022-06-26 15:25:16,792] {scheduler_job.py:629} INFO - Processing file /opt/airflow/dags/target.py for tasks to queue
[2022-06-26 15:25:16,805] {logging_mixin.py:104} INFO - [2022-06-26 15:25:16,804] {dagbag.py:448} INFO - Filling up the DagBag from /opt/airflow/dags/target.py
[2022-06-26 15:25:16,892] {scheduler_job.py:639} INFO - DAG(s) dict_keys(['target_dag']) retrieved from /opt/airflow/dags/target.py
[2022-06-26 15:25:16,980] {logging_mixin.py:104} INFO - [2022-06-26 15:25:16,980] {dag.py:1818} INFO - Sync 1 DAGs
[2022-06-26 15:25:17,039] {logging_mixin.py:104} INFO - [2022-06-26 15:25:17,039] {dag.py:2273} INFO - Setting next_dagrun for target_dag to 2022-06-25 00:00:00+00:00
[2022-06-26 15:25:17,058] {scheduler_job.py:190} INFO - Processing /opt/airflow/dags/target.py took 0.296 seconds
[2022-06-26 15:25:27,945] {scheduler_job.py:182} INFO - Started process (PID=19503) to work on /opt/airflow/dags/target.py
[2022-06-26 15:25:27,960] {scheduler_job.py:629} INFO - Processing file /opt/airflow/dags/target.py for tasks to queue
[2022-06-26 15:25:27,963] {logging_mixin.py:104} INFO - [2022-06-26 15:25:27,963] {dagbag.py:448} INFO - Filling up the DagBag from /opt/airflow/dags/target.py
[2022-06-26 15:25:28,012] {scheduler_job.py:639} INFO - DAG(s) dict_keys(['target_dag']) retrieved from /opt/airflow/dags/target.py
[2022-06-26 15:25:28,072] {logging_mixin.py:104} INFO - [2022-06-26 15:25:28,072] {dag.py:1818} INFO - Sync 1 DAGs
[2022-06-26 15:25:28,161] {logging_mixin.py:104} INFO - [2022-06-26 15:25:28,161] {dag.py:2273} INFO - Setting next_dagrun for target_dag to 2022-06-25 00:00:00+00:00
[2022-06-26 15:25:28,231] {scheduler_job.py:190} INFO - Processing /opt/airflow/dags/target.py took 0.295 seconds
[2022-06-26 15:25:38,571] {scheduler_job.py:182} INFO - Started process (PID=19515) to work on /opt/airflow/dags/target.py
[2022-06-26 15:25:38,577] {scheduler_job.py:629} INFO - Processing file /opt/airflow/dags/target.py for tasks to queue
[2022-06-26 15:25:38,580] {logging_mixin.py:104} INFO - [2022-06-26 15:25:38,580] {dagbag.py:448} INFO - Filling up the DagBag from /opt/airflow/dags/target.py
[2022-06-26 15:25:38,625] {scheduler_job.py:639} INFO - DAG(s) dict_keys(['target_dag']) retrieved from /opt/airflow/dags/target.py
[2022-06-26 15:25:38,797] {logging_mixin.py:104} INFO - [2022-06-26 15:25:38,797] {dag.py:1818} INFO - Sync 1 DAGs
[2022-06-26 15:25:38,898] {logging_mixin.py:104} INFO - [2022-06-26 15:25:38,897] {dag.py:2273} INFO - Setting next_dagrun for target_dag to 2022-06-25 00:00:00+00:00
[2022-06-26 15:25:38,967] {scheduler_job.py:190} INFO - Processing /opt/airflow/dags/target.py took 0.402 seconds
[2022-06-26 15:25:49,997] {scheduler_job.py:182} INFO - Started process (PID=19533) to work on /opt/airflow/dags/target.py
[2022-06-26 15:25:50,001] {scheduler_job.py:629} INFO - Processing file /opt/airflow/dags/target.py for tasks to queue
[2022-06-26 15:25:50,003] {logging_mixin.py:104} INFO - [2022-06-26 15:25:50,003] {dagbag.py:448} INFO - Filling up the DagBag from /opt/airflow/dags/target.py
[2022-06-26 15:25:50,035] {scheduler_job.py:639} INFO - DAG(s) dict_keys(['target_dag']) retrieved from /opt/airflow/dags/target.py
[2022-06-26 15:25:50,094] {logging_mixin.py:104} INFO - [2022-06-26 15:25:50,094] {dag.py:1818} INFO - Sync 1 DAGs
[2022-06-26 15:25:50,190] {logging_mixin.py:104} INFO - [2022-06-26 15:25:50,186] {dag.py:2273} INFO - Setting next_dagrun for target_dag to 2022-06-25 00:00:00+00:00
[2022-06-26 15:25:50,207] {scheduler_job.py:190} INFO - Processing /opt/airflow/dags/target.py took 0.216 seconds
[2022-06-26 15:26:00,400] {scheduler_job.py:182} INFO - Started process (PID=19551) to work on /opt/airflow/dags/target.py
[2022-06-26 15:26:00,406] {scheduler_job.py:629} INFO - Processing file /opt/airflow/dags/target.py for tasks to queue
[2022-06-26 15:26:00,410] {logging_mixin.py:104} INFO - [2022-06-26 15:26:00,409] {dagbag.py:448} INFO - Filling up the DagBag from /opt/airflow/dags/target.py
[2022-06-26 15:26:00,458] {scheduler_job.py:639} INFO - DAG(s) dict_keys(['target_dag']) retrieved from /opt/airflow/dags/target.py
[2022-06-26 15:26:00,533] {logging_mixin.py:104} INFO - [2022-06-26 15:26:00,532] {dag.py:1818} INFO - Sync 1 DAGs
[2022-06-26 15:26:00,659] {logging_mixin.py:104} INFO - [2022-06-26 15:26:00,658] {dag.py:2273} INFO - Setting next_dagrun for target_dag to 2022-06-25 00:00:00+00:00
[2022-06-26 15:26:00,702] {scheduler_job.py:190} INFO - Processing /opt/airflow/dags/target.py took 0.312 seconds
[2022-06-26 15:26:10,918] {scheduler_job.py:182} INFO - Started process (PID=19567) to work on /opt/airflow/dags/target.py
[2022-06-26 15:26:10,930] {scheduler_job.py:629} INFO - Processing file /opt/airflow/dags/target.py for tasks to queue
[2022-06-26 15:26:10,937] {logging_mixin.py:104} INFO - [2022-06-26 15:26:10,936] {dagbag.py:448} INFO - Filling up the DagBag from /opt/airflow/dags/target.py
[2022-06-26 15:26:11,202] {scheduler_job.py:639} INFO - DAG(s) dict_keys(['target_dag']) retrieved from /opt/airflow/dags/target.py
[2022-06-26 15:26:11,398] {logging_mixin.py:104} INFO - [2022-06-26 15:26:11,398] {dag.py:1818} INFO - Sync 1 DAGs
[2022-06-26 15:26:11,585] {logging_mixin.py:104} INFO - [2022-06-26 15:26:11,584] {dag.py:2273} INFO - Setting next_dagrun for target_dag to 2022-06-25 00:00:00+00:00
[2022-06-26 15:26:11,766] {scheduler_job.py:190} INFO - Processing /opt/airflow/dags/target.py took 0.856 seconds
[2022-06-26 15:26:22,734] {scheduler_job.py:182} INFO - Started process (PID=19579) to work on /opt/airflow/dags/target.py
[2022-06-26 15:26:22,738] {scheduler_job.py:629} INFO - Processing file /opt/airflow/dags/target.py for tasks to queue
[2022-06-26 15:26:22,741] {logging_mixin.py:104} INFO - [2022-06-26 15:26:22,741] {dagbag.py:448} INFO - Filling up the DagBag from /opt/airflow/dags/target.py
[2022-06-26 15:26:22,779] {scheduler_job.py:639} INFO - DAG(s) dict_keys(['target_dag']) retrieved from /opt/airflow/dags/target.py
[2022-06-26 15:26:22,820] {logging_mixin.py:104} INFO - [2022-06-26 15:26:22,820] {dag.py:1818} INFO - Sync 1 DAGs
[2022-06-26 15:26:22,902] {logging_mixin.py:104} INFO - [2022-06-26 15:26:22,902] {dag.py:2273} INFO - Setting next_dagrun for target_dag to 2022-06-25 00:00:00+00:00
[2022-06-26 15:26:22,966] {scheduler_job.py:190} INFO - Processing /opt/airflow/dags/target.py took 0.238 seconds
[2022-06-26 15:26:33,117] {scheduler_job.py:182} INFO - Started process (PID=19597) to work on /opt/airflow/dags/target.py
[2022-06-26 15:26:33,121] {scheduler_job.py:629} INFO - Processing file /opt/airflow/dags/target.py for tasks to queue
[2022-06-26 15:26:33,125] {logging_mixin.py:104} INFO - [2022-06-26 15:26:33,125] {dagbag.py:448} INFO - Filling up the DagBag from /opt/airflow/dags/target.py
[2022-06-26 15:26:33,173] {scheduler_job.py:639} INFO - DAG(s) dict_keys(['target_dag']) retrieved from /opt/airflow/dags/target.py
[2022-06-26 15:26:33,302] {logging_mixin.py:104} INFO - [2022-06-26 15:26:33,301] {dag.py:1818} INFO - Sync 1 DAGs
[2022-06-26 15:26:33,497] {logging_mixin.py:104} INFO - [2022-06-26 15:26:33,495] {dag.py:2273} INFO - Setting next_dagrun for target_dag to 2022-06-25 00:00:00+00:00
[2022-06-26 15:26:33,564] {scheduler_job.py:190} INFO - Processing /opt/airflow/dags/target.py took 0.454 seconds
[2022-06-26 15:26:44,188] {scheduler_job.py:182} INFO - Started process (PID=19613) to work on /opt/airflow/dags/target.py
[2022-06-26 15:26:44,197] {scheduler_job.py:629} INFO - Processing file /opt/airflow/dags/target.py for tasks to queue
[2022-06-26 15:26:44,200] {logging_mixin.py:104} INFO - [2022-06-26 15:26:44,200] {dagbag.py:448} INFO - Filling up the DagBag from /opt/airflow/dags/target.py
[2022-06-26 15:26:44,313] {scheduler_job.py:639} INFO - DAG(s) dict_keys(['target_dag']) retrieved from /opt/airflow/dags/target.py
[2022-06-26 15:26:44,584] {logging_mixin.py:104} INFO - [2022-06-26 15:26:44,584] {dag.py:1818} INFO - Sync 1 DAGs
[2022-06-26 15:26:44,862] {logging_mixin.py:104} INFO - [2022-06-26 15:26:44,861] {dag.py:2273} INFO - Setting next_dagrun for target_dag to 2022-06-25 00:00:00+00:00
[2022-06-26 15:26:44,906] {scheduler_job.py:190} INFO - Processing /opt/airflow/dags/target.py took 0.727 seconds
[2022-06-26 15:26:55,763] {scheduler_job.py:182} INFO - Started process (PID=19625) to work on /opt/airflow/dags/target.py
[2022-06-26 15:26:55,769] {scheduler_job.py:629} INFO - Processing file /opt/airflow/dags/target.py for tasks to queue
[2022-06-26 15:26:55,772] {logging_mixin.py:104} INFO - [2022-06-26 15:26:55,772] {dagbag.py:448} INFO - Filling up the DagBag from /opt/airflow/dags/target.py
[2022-06-26 15:26:55,812] {scheduler_job.py:639} INFO - DAG(s) dict_keys(['target_dag']) retrieved from /opt/airflow/dags/target.py
[2022-06-26 15:26:55,862] {logging_mixin.py:104} INFO - [2022-06-26 15:26:55,862] {dag.py:1818} INFO - Sync 1 DAGs
[2022-06-26 15:26:55,963] {logging_mixin.py:104} INFO - [2022-06-26 15:26:55,963] {dag.py:2273} INFO - Setting next_dagrun for target_dag to 2022-06-25 00:00:00+00:00
[2022-06-26 15:26:56,039] {scheduler_job.py:190} INFO - Processing /opt/airflow/dags/target.py took 0.285 seconds
[2022-06-26 15:27:06,323] {scheduler_job.py:182} INFO - Started process (PID=19641) to work on /opt/airflow/dags/target.py
[2022-06-26 15:27:06,337] {scheduler_job.py:629} INFO - Processing file /opt/airflow/dags/target.py for tasks to queue
[2022-06-26 15:27:06,342] {logging_mixin.py:104} INFO - [2022-06-26 15:27:06,342] {dagbag.py:448} INFO - Filling up the DagBag from /opt/airflow/dags/target.py
[2022-06-26 15:27:06,423] {scheduler_job.py:639} INFO - DAG(s) dict_keys(['target_dag']) retrieved from /opt/airflow/dags/target.py
[2022-06-26 15:27:06,558] {logging_mixin.py:104} INFO - [2022-06-26 15:27:06,558] {dag.py:1818} INFO - Sync 1 DAGs
[2022-06-26 15:27:06,642] {logging_mixin.py:104} INFO - [2022-06-26 15:27:06,642] {dag.py:2273} INFO - Setting next_dagrun for target_dag to 2022-06-25 00:00:00+00:00
[2022-06-26 15:27:06,698] {scheduler_job.py:190} INFO - Processing /opt/airflow/dags/target.py took 0.385 seconds
[2022-06-26 15:27:16,831] {scheduler_job.py:182} INFO - Started process (PID=19653) to work on /opt/airflow/dags/target.py
[2022-06-26 15:27:16,839] {scheduler_job.py:629} INFO - Processing file /opt/airflow/dags/target.py for tasks to queue
[2022-06-26 15:27:16,844] {logging_mixin.py:104} INFO - [2022-06-26 15:27:16,844] {dagbag.py:448} INFO - Filling up the DagBag from /opt/airflow/dags/target.py
[2022-06-26 15:27:16,889] {scheduler_job.py:639} INFO - DAG(s) dict_keys(['target_dag']) retrieved from /opt/airflow/dags/target.py
[2022-06-26 15:27:16,962] {logging_mixin.py:104} INFO - [2022-06-26 15:27:16,962] {dag.py:1818} INFO - Sync 1 DAGs
[2022-06-26 15:27:17,023] {logging_mixin.py:104} INFO - [2022-06-26 15:27:17,022] {dag.py:2273} INFO - Setting next_dagrun for target_dag to 2022-06-25 00:00:00+00:00
[2022-06-26 15:27:17,040] {scheduler_job.py:190} INFO - Processing /opt/airflow/dags/target.py took 0.217 seconds
[2022-06-26 15:27:27,794] {scheduler_job.py:182} INFO - Started process (PID=19671) to work on /opt/airflow/dags/target.py
[2022-06-26 15:27:27,798] {scheduler_job.py:629} INFO - Processing file /opt/airflow/dags/target.py for tasks to queue
[2022-06-26 15:27:27,800] {logging_mixin.py:104} INFO - [2022-06-26 15:27:27,800] {dagbag.py:448} INFO - Filling up the DagBag from /opt/airflow/dags/target.py
[2022-06-26 15:27:27,838] {scheduler_job.py:639} INFO - DAG(s) dict_keys(['target_dag']) retrieved from /opt/airflow/dags/target.py
[2022-06-26 15:27:27,921] {logging_mixin.py:104} INFO - [2022-06-26 15:27:27,920] {dag.py:1818} INFO - Sync 1 DAGs
[2022-06-26 15:27:28,034] {logging_mixin.py:104} INFO - [2022-06-26 15:27:28,034] {dag.py:2273} INFO - Setting next_dagrun for target_dag to 2022-06-25 00:00:00+00:00
[2022-06-26 15:27:28,105] {scheduler_job.py:190} INFO - Processing /opt/airflow/dags/target.py took 0.318 seconds
[2022-06-26 15:27:39,039] {scheduler_job.py:182} INFO - Started process (PID=19688) to work on /opt/airflow/dags/target.py
[2022-06-26 15:27:39,054] {scheduler_job.py:629} INFO - Processing file /opt/airflow/dags/target.py for tasks to queue
[2022-06-26 15:27:39,062] {logging_mixin.py:104} INFO - [2022-06-26 15:27:39,062] {dagbag.py:448} INFO - Filling up the DagBag from /opt/airflow/dags/target.py
[2022-06-26 15:27:39,148] {scheduler_job.py:639} INFO - DAG(s) dict_keys(['target_dag']) retrieved from /opt/airflow/dags/target.py
[2022-06-26 15:27:39,217] {logging_mixin.py:104} INFO - [2022-06-26 15:27:39,216] {dag.py:1818} INFO - Sync 1 DAGs
[2022-06-26 15:27:39,334] {logging_mixin.py:104} INFO - [2022-06-26 15:27:39,334] {dag.py:2273} INFO - Setting next_dagrun for target_dag to 2022-06-25 00:00:00+00:00
[2022-06-26 15:27:39,376] {scheduler_job.py:190} INFO - Processing /opt/airflow/dags/target.py took 0.346 seconds
[2022-06-26 15:27:50,178] {scheduler_job.py:182} INFO - Started process (PID=19702) to work on /opt/airflow/dags/target.py
[2022-06-26 15:27:50,192] {scheduler_job.py:629} INFO - Processing file /opt/airflow/dags/target.py for tasks to queue
[2022-06-26 15:27:50,204] {logging_mixin.py:104} INFO - [2022-06-26 15:27:50,204] {dagbag.py:448} INFO - Filling up the DagBag from /opt/airflow/dags/target.py
[2022-06-26 15:27:50,351] {scheduler_job.py:639} INFO - DAG(s) dict_keys(['target_dag']) retrieved from /opt/airflow/dags/target.py
[2022-06-26 15:27:50,459] {logging_mixin.py:104} INFO - [2022-06-26 15:27:50,459] {dag.py:1818} INFO - Sync 1 DAGs
[2022-06-26 15:27:50,525] {logging_mixin.py:104} INFO - [2022-06-26 15:27:50,524] {dag.py:2273} INFO - Setting next_dagrun for target_dag to 2022-06-25 00:00:00+00:00
[2022-06-26 15:27:50,545] {scheduler_job.py:190} INFO - Processing /opt/airflow/dags/target.py took 0.374 seconds
[2022-06-26 15:28:01,284] {scheduler_job.py:182} INFO - Started process (PID=19717) to work on /opt/airflow/dags/target.py
[2022-06-26 15:28:01,290] {scheduler_job.py:629} INFO - Processing file /opt/airflow/dags/target.py for tasks to queue
[2022-06-26 15:28:01,293] {logging_mixin.py:104} INFO - [2022-06-26 15:28:01,292] {dagbag.py:448} INFO - Filling up the DagBag from /opt/airflow/dags/target.py
[2022-06-26 15:28:01,326] {scheduler_job.py:639} INFO - DAG(s) dict_keys(['target_dag']) retrieved from /opt/airflow/dags/target.py
[2022-06-26 15:28:01,391] {logging_mixin.py:104} INFO - [2022-06-26 15:28:01,391] {dag.py:1818} INFO - Sync 1 DAGs
[2022-06-26 15:28:01,457] {logging_mixin.py:104} INFO - [2022-06-26 15:28:01,457] {dag.py:2273} INFO - Setting next_dagrun for target_dag to 2022-06-25 00:00:00+00:00
[2022-06-26 15:28:01,520] {scheduler_job.py:190} INFO - Processing /opt/airflow/dags/target.py took 0.245 seconds
[2022-06-26 15:28:11,801] {scheduler_job.py:182} INFO - Started process (PID=19735) to work on /opt/airflow/dags/target.py
[2022-06-26 15:28:11,807] {scheduler_job.py:629} INFO - Processing file /opt/airflow/dags/target.py for tasks to queue
[2022-06-26 15:28:11,813] {logging_mixin.py:104} INFO - [2022-06-26 15:28:11,812] {dagbag.py:448} INFO - Filling up the DagBag from /opt/airflow/dags/target.py
[2022-06-26 15:28:11,865] {scheduler_job.py:639} INFO - DAG(s) dict_keys(['target_dag']) retrieved from /opt/airflow/dags/target.py
[2022-06-26 15:28:12,163] {logging_mixin.py:104} INFO - [2022-06-26 15:28:12,163] {dag.py:1818} INFO - Sync 1 DAGs
[2022-06-26 15:28:12,232] {logging_mixin.py:104} INFO - [2022-06-26 15:28:12,232] {dag.py:2273} INFO - Setting next_dagrun for target_dag to 2022-06-25 00:00:00+00:00
[2022-06-26 15:28:12,379] {scheduler_job.py:190} INFO - Processing /opt/airflow/dags/target.py took 0.586 seconds
[2022-06-26 15:28:22,614] {scheduler_job.py:182} INFO - Started process (PID=19751) to work on /opt/airflow/dags/target.py
[2022-06-26 15:28:22,623] {scheduler_job.py:629} INFO - Processing file /opt/airflow/dags/target.py for tasks to queue
[2022-06-26 15:28:22,625] {logging_mixin.py:104} INFO - [2022-06-26 15:28:22,625] {dagbag.py:448} INFO - Filling up the DagBag from /opt/airflow/dags/target.py
[2022-06-26 15:28:22,658] {scheduler_job.py:639} INFO - DAG(s) dict_keys(['target_dag']) retrieved from /opt/airflow/dags/target.py
[2022-06-26 15:28:22,701] {logging_mixin.py:104} INFO - [2022-06-26 15:28:22,701] {dag.py:1818} INFO - Sync 1 DAGs
[2022-06-26 15:28:22,756] {logging_mixin.py:104} INFO - [2022-06-26 15:28:22,756] {dag.py:2273} INFO - Setting next_dagrun for target_dag to 2022-06-25 00:00:00+00:00
[2022-06-26 15:28:22,867] {scheduler_job.py:190} INFO - Processing /opt/airflow/dags/target.py took 0.261 seconds
[2022-06-26 15:28:33,604] {scheduler_job.py:182} INFO - Started process (PID=19763) to work on /opt/airflow/dags/target.py
[2022-06-26 15:28:33,636] {scheduler_job.py:629} INFO - Processing file /opt/airflow/dags/target.py for tasks to queue
[2022-06-26 15:28:33,641] {logging_mixin.py:104} INFO - [2022-06-26 15:28:33,640] {dagbag.py:448} INFO - Filling up the DagBag from /opt/airflow/dags/target.py
[2022-06-26 15:28:33,763] {scheduler_job.py:639} INFO - DAG(s) dict_keys(['target_dag']) retrieved from /opt/airflow/dags/target.py
[2022-06-26 15:28:33,857] {logging_mixin.py:104} INFO - [2022-06-26 15:28:33,856] {dag.py:1818} INFO - Sync 1 DAGs
[2022-06-26 15:28:34,024] {logging_mixin.py:104} INFO - [2022-06-26 15:28:34,023] {dag.py:2273} INFO - Setting next_dagrun for target_dag to 2022-06-25 00:00:00+00:00
[2022-06-26 15:28:34,249] {scheduler_job.py:190} INFO - Processing /opt/airflow/dags/target.py took 0.659 seconds
[2022-06-26 15:28:44,554] {scheduler_job.py:182} INFO - Started process (PID=19784) to work on /opt/airflow/dags/target.py
[2022-06-26 15:28:44,581] {scheduler_job.py:629} INFO - Processing file /opt/airflow/dags/target.py for tasks to queue
[2022-06-26 15:28:44,586] {logging_mixin.py:104} INFO - [2022-06-26 15:28:44,586] {dagbag.py:448} INFO - Filling up the DagBag from /opt/airflow/dags/target.py
[2022-06-26 15:28:44,662] {scheduler_job.py:639} INFO - DAG(s) dict_keys(['target_dag']) retrieved from /opt/airflow/dags/target.py
[2022-06-26 15:28:44,759] {logging_mixin.py:104} INFO - [2022-06-26 15:28:44,759] {dag.py:1818} INFO - Sync 1 DAGs
[2022-06-26 15:28:44,900] {logging_mixin.py:104} INFO - [2022-06-26 15:28:44,900] {dag.py:2273} INFO - Setting next_dagrun for target_dag to 2022-06-25 00:00:00+00:00
[2022-06-26 15:28:45,010] {scheduler_job.py:190} INFO - Processing /opt/airflow/dags/target.py took 0.468 seconds
[2022-06-26 15:28:55,397] {scheduler_job.py:182} INFO - Started process (PID=19797) to work on /opt/airflow/dags/target.py
[2022-06-26 15:28:55,404] {scheduler_job.py:629} INFO - Processing file /opt/airflow/dags/target.py for tasks to queue
[2022-06-26 15:28:55,411] {logging_mixin.py:104} INFO - [2022-06-26 15:28:55,410] {dagbag.py:448} INFO - Filling up the DagBag from /opt/airflow/dags/target.py
[2022-06-26 15:28:55,579] {scheduler_job.py:639} INFO - DAG(s) dict_keys(['target_dag']) retrieved from /opt/airflow/dags/target.py
[2022-06-26 15:28:56,015] {logging_mixin.py:104} INFO - [2022-06-26 15:28:56,014] {dag.py:1818} INFO - Sync 1 DAGs
[2022-06-26 15:28:56,164] {logging_mixin.py:104} INFO - [2022-06-26 15:28:56,164] {dag.py:2273} INFO - Setting next_dagrun for target_dag to 2022-06-25 00:00:00+00:00
[2022-06-26 15:28:56,245] {scheduler_job.py:190} INFO - Processing /opt/airflow/dags/target.py took 0.911 seconds
[2022-06-26 15:29:07,011] {scheduler_job.py:182} INFO - Started process (PID=19809) to work on /opt/airflow/dags/target.py
[2022-06-26 15:29:07,016] {scheduler_job.py:629} INFO - Processing file /opt/airflow/dags/target.py for tasks to queue
[2022-06-26 15:29:07,018] {logging_mixin.py:104} INFO - [2022-06-26 15:29:07,018] {dagbag.py:448} INFO - Filling up the DagBag from /opt/airflow/dags/target.py
[2022-06-26 15:29:07,083] {scheduler_job.py:639} INFO - DAG(s) dict_keys(['target_dag']) retrieved from /opt/airflow/dags/target.py
[2022-06-26 15:29:07,186] {logging_mixin.py:104} INFO - [2022-06-26 15:29:07,185] {dag.py:1818} INFO - Sync 1 DAGs
[2022-06-26 15:29:07,304] {logging_mixin.py:104} INFO - [2022-06-26 15:29:07,304] {dag.py:2273} INFO - Setting next_dagrun for target_dag to 2022-06-25 00:00:00+00:00
[2022-06-26 15:29:07,336] {scheduler_job.py:190} INFO - Processing /opt/airflow/dags/target.py took 0.334 seconds
[2022-06-26 15:29:17,795] {scheduler_job.py:182} INFO - Started process (PID=19827) to work on /opt/airflow/dags/target.py
[2022-06-26 15:29:17,798] {scheduler_job.py:629} INFO - Processing file /opt/airflow/dags/target.py for tasks to queue
[2022-06-26 15:29:17,801] {logging_mixin.py:104} INFO - [2022-06-26 15:29:17,800] {dagbag.py:448} INFO - Filling up the DagBag from /opt/airflow/dags/target.py
[2022-06-26 15:29:17,836] {scheduler_job.py:639} INFO - DAG(s) dict_keys(['target_dag']) retrieved from /opt/airflow/dags/target.py
[2022-06-26 15:29:17,920] {logging_mixin.py:104} INFO - [2022-06-26 15:29:17,919] {dag.py:1818} INFO - Sync 1 DAGs
[2022-06-26 15:29:18,015] {logging_mixin.py:104} INFO - [2022-06-26 15:29:18,015] {dag.py:2273} INFO - Setting next_dagrun for target_dag to 2022-06-25 00:00:00+00:00
[2022-06-26 15:29:18,134] {scheduler_job.py:190} INFO - Processing /opt/airflow/dags/target.py took 0.335 seconds
[2022-06-26 15:29:29,242] {scheduler_job.py:182} INFO - Started process (PID=19843) to work on /opt/airflow/dags/target.py
[2022-06-26 15:29:29,265] {scheduler_job.py:629} INFO - Processing file /opt/airflow/dags/target.py for tasks to queue
[2022-06-26 15:29:29,292] {logging_mixin.py:104} INFO - [2022-06-26 15:29:29,291] {dagbag.py:448} INFO - Filling up the DagBag from /opt/airflow/dags/target.py
[2022-06-26 15:29:29,499] {scheduler_job.py:639} INFO - DAG(s) dict_keys(['target_dag']) retrieved from /opt/airflow/dags/target.py
[2022-06-26 15:29:29,700] {logging_mixin.py:104} INFO - [2022-06-26 15:29:29,700] {dag.py:1818} INFO - Sync 1 DAGs
[2022-06-26 15:29:29,826] {logging_mixin.py:104} INFO - [2022-06-26 15:29:29,826] {dag.py:2273} INFO - Setting next_dagrun for target_dag to 2022-06-25 00:00:00+00:00
[2022-06-26 15:29:29,914] {scheduler_job.py:190} INFO - Processing /opt/airflow/dags/target.py took 0.682 seconds
[2022-06-26 15:29:40,219] {scheduler_job.py:182} INFO - Started process (PID=19855) to work on /opt/airflow/dags/target.py
[2022-06-26 15:29:40,222] {scheduler_job.py:629} INFO - Processing file /opt/airflow/dags/target.py for tasks to queue
[2022-06-26 15:29:40,225] {logging_mixin.py:104} INFO - [2022-06-26 15:29:40,224] {dagbag.py:448} INFO - Filling up the DagBag from /opt/airflow/dags/target.py
[2022-06-26 15:29:40,258] {scheduler_job.py:639} INFO - DAG(s) dict_keys(['target_dag']) retrieved from /opt/airflow/dags/target.py
[2022-06-26 15:29:40,305] {logging_mixin.py:104} INFO - [2022-06-26 15:29:40,305] {dag.py:1818} INFO - Sync 1 DAGs
[2022-06-26 15:29:40,378] {logging_mixin.py:104} INFO - [2022-06-26 15:29:40,378] {dag.py:2273} INFO - Setting next_dagrun for target_dag to 2022-06-25 00:00:00+00:00
[2022-06-26 15:29:40,397] {scheduler_job.py:190} INFO - Processing /opt/airflow/dags/target.py took 0.186 seconds
[2022-06-26 15:29:50,661] {scheduler_job.py:182} INFO - Started process (PID=19873) to work on /opt/airflow/dags/target.py
[2022-06-26 15:29:50,730] {scheduler_job.py:629} INFO - Processing file /opt/airflow/dags/target.py for tasks to queue
[2022-06-26 15:29:50,738] {logging_mixin.py:104} INFO - [2022-06-26 15:29:50,737] {dagbag.py:448} INFO - Filling up the DagBag from /opt/airflow/dags/target.py
[2022-06-26 15:29:50,868] {scheduler_job.py:639} INFO - DAG(s) dict_keys(['target_dag']) retrieved from /opt/airflow/dags/target.py
[2022-06-26 15:29:51,225] {logging_mixin.py:104} INFO - [2022-06-26 15:29:51,224] {dag.py:1818} INFO - Sync 1 DAGs
[2022-06-26 15:29:51,439] {logging_mixin.py:104} INFO - [2022-06-26 15:29:51,439] {dag.py:2273} INFO - Setting next_dagrun for target_dag to 2022-06-25 00:00:00+00:00
[2022-06-26 15:29:51,478] {scheduler_job.py:190} INFO - Processing /opt/airflow/dags/target.py took 0.854 seconds
[2022-06-26 15:30:01,892] {scheduler_job.py:182} INFO - Started process (PID=19889) to work on /opt/airflow/dags/target.py
[2022-06-26 15:30:01,906] {scheduler_job.py:629} INFO - Processing file /opt/airflow/dags/target.py for tasks to queue
[2022-06-26 15:30:01,918] {logging_mixin.py:104} INFO - [2022-06-26 15:30:01,918] {dagbag.py:448} INFO - Filling up the DagBag from /opt/airflow/dags/target.py
[2022-06-26 15:30:02,087] {scheduler_job.py:639} INFO - DAG(s) dict_keys(['target_dag']) retrieved from /opt/airflow/dags/target.py
[2022-06-26 15:30:02,206] {logging_mixin.py:104} INFO - [2022-06-26 15:30:02,206] {dag.py:1818} INFO - Sync 1 DAGs
[2022-06-26 15:30:02,342] {logging_mixin.py:104} INFO - [2022-06-26 15:30:02,342] {dag.py:2273} INFO - Setting next_dagrun for target_dag to 2022-06-25 00:00:00+00:00
[2022-06-26 15:30:02,450] {scheduler_job.py:190} INFO - Processing /opt/airflow/dags/target.py took 0.615 seconds
[2022-06-26 15:30:13,166] {scheduler_job.py:182} INFO - Started process (PID=19901) to work on /opt/airflow/dags/target.py
[2022-06-26 15:30:13,171] {scheduler_job.py:629} INFO - Processing file /opt/airflow/dags/target.py for tasks to queue
[2022-06-26 15:30:13,179] {logging_mixin.py:104} INFO - [2022-06-26 15:30:13,179] {dagbag.py:448} INFO - Filling up the DagBag from /opt/airflow/dags/target.py
[2022-06-26 15:30:13,235] {scheduler_job.py:639} INFO - DAG(s) dict_keys(['target_dag']) retrieved from /opt/airflow/dags/target.py
[2022-06-26 15:30:13,344] {logging_mixin.py:104} INFO - [2022-06-26 15:30:13,344] {dag.py:1818} INFO - Sync 1 DAGs
[2022-06-26 15:30:13,565] {logging_mixin.py:104} INFO - [2022-06-26 15:30:13,565] {dag.py:2273} INFO - Setting next_dagrun for target_dag to 2022-06-25 00:00:00+00:00
[2022-06-26 15:30:13,634] {scheduler_job.py:190} INFO - Processing /opt/airflow/dags/target.py took 0.477 seconds
[2022-06-26 15:30:24,367] {scheduler_job.py:182} INFO - Started process (PID=19919) to work on /opt/airflow/dags/target.py
[2022-06-26 15:30:24,379] {scheduler_job.py:629} INFO - Processing file /opt/airflow/dags/target.py for tasks to queue
[2022-06-26 15:30:24,383] {logging_mixin.py:104} INFO - [2022-06-26 15:30:24,383] {dagbag.py:448} INFO - Filling up the DagBag from /opt/airflow/dags/target.py
[2022-06-26 15:30:24,434] {scheduler_job.py:639} INFO - DAG(s) dict_keys(['target_dag']) retrieved from /opt/airflow/dags/target.py
[2022-06-26 15:30:24,520] {logging_mixin.py:104} INFO - [2022-06-26 15:30:24,520] {dag.py:1818} INFO - Sync 1 DAGs
[2022-06-26 15:30:24,627] {logging_mixin.py:104} INFO - [2022-06-26 15:30:24,627] {dag.py:2273} INFO - Setting next_dagrun for target_dag to 2022-06-25 00:00:00+00:00
[2022-06-26 15:30:24,807] {scheduler_job.py:190} INFO - Processing /opt/airflow/dags/target.py took 0.446 seconds
[2022-06-26 15:30:35,580] {scheduler_job.py:182} INFO - Started process (PID=19940) to work on /opt/airflow/dags/target.py
[2022-06-26 15:30:35,584] {scheduler_job.py:629} INFO - Processing file /opt/airflow/dags/target.py for tasks to queue
[2022-06-26 15:30:35,586] {logging_mixin.py:104} INFO - [2022-06-26 15:30:35,586] {dagbag.py:448} INFO - Filling up the DagBag from /opt/airflow/dags/target.py
[2022-06-26 15:30:35,654] {scheduler_job.py:639} INFO - DAG(s) dict_keys(['target_dag']) retrieved from /opt/airflow/dags/target.py
[2022-06-26 15:30:35,792] {logging_mixin.py:104} INFO - [2022-06-26 15:30:35,792] {dag.py:1818} INFO - Sync 1 DAGs
[2022-06-26 15:30:35,865] {logging_mixin.py:104} INFO - [2022-06-26 15:30:35,864] {dag.py:2273} INFO - Setting next_dagrun for target_dag to 2022-06-25 00:00:00+00:00
[2022-06-26 15:30:35,897] {scheduler_job.py:190} INFO - Processing /opt/airflow/dags/target.py took 0.324 seconds
[2022-06-26 15:30:46,359] {scheduler_job.py:182} INFO - Started process (PID=19950) to work on /opt/airflow/dags/target.py
[2022-06-26 15:30:46,374] {scheduler_job.py:629} INFO - Processing file /opt/airflow/dags/target.py for tasks to queue
[2022-06-26 15:30:46,378] {logging_mixin.py:104} INFO - [2022-06-26 15:30:46,378] {dagbag.py:448} INFO - Filling up the DagBag from /opt/airflow/dags/target.py
[2022-06-26 15:30:46,597] {scheduler_job.py:639} INFO - DAG(s) dict_keys(['target_dag']) retrieved from /opt/airflow/dags/target.py
[2022-06-26 15:30:46,732] {logging_mixin.py:104} INFO - [2022-06-26 15:30:46,732] {dag.py:1818} INFO - Sync 1 DAGs
[2022-06-26 15:30:46,915] {logging_mixin.py:104} INFO - [2022-06-26 15:30:46,915] {dag.py:2273} INFO - Setting next_dagrun for target_dag to 2022-06-25 00:00:00+00:00
[2022-06-26 15:30:46,958] {scheduler_job.py:190} INFO - Processing /opt/airflow/dags/target.py took 0.609 seconds
[2022-06-26 15:30:57,279] {scheduler_job.py:182} INFO - Started process (PID=19968) to work on /opt/airflow/dags/target.py
[2022-06-26 15:30:57,316] {scheduler_job.py:629} INFO - Processing file /opt/airflow/dags/target.py for tasks to queue
[2022-06-26 15:30:57,337] {logging_mixin.py:104} INFO - [2022-06-26 15:30:57,337] {dagbag.py:448} INFO - Filling up the DagBag from /opt/airflow/dags/target.py
[2022-06-26 15:30:57,823] {scheduler_job.py:639} INFO - DAG(s) dict_keys(['target_dag']) retrieved from /opt/airflow/dags/target.py
[2022-06-26 15:30:58,309] {logging_mixin.py:104} INFO - [2022-06-26 15:30:58,309] {dag.py:1818} INFO - Sync 1 DAGs
[2022-06-26 15:30:58,621] {logging_mixin.py:104} INFO - [2022-06-26 15:30:58,620] {dag.py:2273} INFO - Setting next_dagrun for target_dag to 2022-06-25 00:00:00+00:00
[2022-06-26 15:30:58,667] {scheduler_job.py:190} INFO - Processing /opt/airflow/dags/target.py took 1.414 seconds
[2022-06-26 15:31:08,789] {scheduler_job.py:182} INFO - Started process (PID=19980) to work on /opt/airflow/dags/target.py
[2022-06-26 15:31:08,797] {scheduler_job.py:629} INFO - Processing file /opt/airflow/dags/target.py for tasks to queue
[2022-06-26 15:31:08,801] {logging_mixin.py:104} INFO - [2022-06-26 15:31:08,800] {dagbag.py:448} INFO - Filling up the DagBag from /opt/airflow/dags/target.py
[2022-06-26 15:31:08,871] {scheduler_job.py:639} INFO - DAG(s) dict_keys(['target_dag']) retrieved from /opt/airflow/dags/target.py
[2022-06-26 15:31:08,934] {logging_mixin.py:104} INFO - [2022-06-26 15:31:08,934] {dag.py:1818} INFO - Sync 1 DAGs
[2022-06-26 15:31:09,059] {logging_mixin.py:104} INFO - [2022-06-26 15:31:09,058] {dag.py:2273} INFO - Setting next_dagrun for target_dag to 2022-06-25 00:00:00+00:00
[2022-06-26 15:31:09,166] {scheduler_job.py:190} INFO - Processing /opt/airflow/dags/target.py took 0.388 seconds
[2022-06-26 15:31:19,378] {scheduler_job.py:182} INFO - Started process (PID=19998) to work on /opt/airflow/dags/target.py
[2022-06-26 15:31:19,389] {scheduler_job.py:629} INFO - Processing file /opt/airflow/dags/target.py for tasks to queue
[2022-06-26 15:31:19,395] {logging_mixin.py:104} INFO - [2022-06-26 15:31:19,395] {dagbag.py:448} INFO - Filling up the DagBag from /opt/airflow/dags/target.py
[2022-06-26 15:31:19,438] {scheduler_job.py:639} INFO - DAG(s) dict_keys(['target_dag']) retrieved from /opt/airflow/dags/target.py
[2022-06-26 15:31:19,501] {logging_mixin.py:104} INFO - [2022-06-26 15:31:19,500] {dag.py:1818} INFO - Sync 1 DAGs
[2022-06-26 15:31:19,643] {logging_mixin.py:104} INFO - [2022-06-26 15:31:19,642] {dag.py:2273} INFO - Setting next_dagrun for target_dag to 2022-06-25 00:00:00+00:00
[2022-06-26 15:31:19,706] {scheduler_job.py:190} INFO - Processing /opt/airflow/dags/target.py took 0.335 seconds
[2022-06-26 15:31:30,157] {scheduler_job.py:182} INFO - Started process (PID=20014) to work on /opt/airflow/dags/target.py
[2022-06-26 15:31:30,164] {scheduler_job.py:629} INFO - Processing file /opt/airflow/dags/target.py for tasks to queue
[2022-06-26 15:31:30,173] {logging_mixin.py:104} INFO - [2022-06-26 15:31:30,173] {dagbag.py:448} INFO - Filling up the DagBag from /opt/airflow/dags/target.py
[2022-06-26 15:31:30,302] {scheduler_job.py:639} INFO - DAG(s) dict_keys(['target_dag']) retrieved from /opt/airflow/dags/target.py
[2022-06-26 15:31:30,548] {logging_mixin.py:104} INFO - [2022-06-26 15:31:30,547] {dag.py:1818} INFO - Sync 1 DAGs
[2022-06-26 15:31:30,635] {logging_mixin.py:104} INFO - [2022-06-26 15:31:30,635] {dag.py:2273} INFO - Setting next_dagrun for target_dag to 2022-06-25 00:00:00+00:00
[2022-06-26 15:31:30,661] {scheduler_job.py:190} INFO - Processing /opt/airflow/dags/target.py took 0.510 seconds
[2022-06-26 15:31:41,212] {scheduler_job.py:182} INFO - Started process (PID=20029) to work on /opt/airflow/dags/target.py
[2022-06-26 15:31:41,221] {scheduler_job.py:629} INFO - Processing file /opt/airflow/dags/target.py for tasks to queue
[2022-06-26 15:31:41,225] {logging_mixin.py:104} INFO - [2022-06-26 15:31:41,224] {dagbag.py:448} INFO - Filling up the DagBag from /opt/airflow/dags/target.py
[2022-06-26 15:31:41,340] {scheduler_job.py:639} INFO - DAG(s) dict_keys(['target_dag']) retrieved from /opt/airflow/dags/target.py
[2022-06-26 15:31:41,672] {logging_mixin.py:104} INFO - [2022-06-26 15:31:41,672] {dag.py:1818} INFO - Sync 1 DAGs
[2022-06-26 15:31:41,998] {logging_mixin.py:104} INFO - [2022-06-26 15:31:41,998] {dag.py:2273} INFO - Setting next_dagrun for target_dag to 2022-06-25 00:00:00+00:00
[2022-06-26 15:31:42,154] {scheduler_job.py:190} INFO - Processing /opt/airflow/dags/target.py took 0.949 seconds
[2022-06-26 15:31:52,374] {scheduler_job.py:182} INFO - Started process (PID=20044) to work on /opt/airflow/dags/target.py
[2022-06-26 15:31:52,377] {scheduler_job.py:629} INFO - Processing file /opt/airflow/dags/target.py for tasks to queue
[2022-06-26 15:31:52,380] {logging_mixin.py:104} INFO - [2022-06-26 15:31:52,380] {dagbag.py:448} INFO - Filling up the DagBag from /opt/airflow/dags/target.py
[2022-06-26 15:31:52,414] {scheduler_job.py:639} INFO - DAG(s) dict_keys(['target_dag']) retrieved from /opt/airflow/dags/target.py
[2022-06-26 15:31:52,474] {logging_mixin.py:104} INFO - [2022-06-26 15:31:52,473] {dag.py:1818} INFO - Sync 1 DAGs
[2022-06-26 15:31:52,557] {logging_mixin.py:104} INFO - [2022-06-26 15:31:52,556] {dag.py:2273} INFO - Setting next_dagrun for target_dag to 2022-06-25 00:00:00+00:00
[2022-06-26 15:31:52,610] {scheduler_job.py:190} INFO - Processing /opt/airflow/dags/target.py took 0.245 seconds
[2022-06-26 15:32:02,767] {scheduler_job.py:182} INFO - Started process (PID=20060) to work on /opt/airflow/dags/target.py
[2022-06-26 15:32:02,770] {scheduler_job.py:629} INFO - Processing file /opt/airflow/dags/target.py for tasks to queue
[2022-06-26 15:32:02,778] {logging_mixin.py:104} INFO - [2022-06-26 15:32:02,777] {dagbag.py:448} INFO - Filling up the DagBag from /opt/airflow/dags/target.py
[2022-06-26 15:32:02,844] {scheduler_job.py:639} INFO - DAG(s) dict_keys(['target_dag']) retrieved from /opt/airflow/dags/target.py
[2022-06-26 15:32:02,914] {logging_mixin.py:104} INFO - [2022-06-26 15:32:02,914] {dag.py:1818} INFO - Sync 1 DAGs
[2022-06-26 15:32:02,992] {logging_mixin.py:104} INFO - [2022-06-26 15:32:02,992] {dag.py:2273} INFO - Setting next_dagrun for target_dag to 2022-06-25 00:00:00+00:00
[2022-06-26 15:32:03,075] {scheduler_job.py:190} INFO - Processing /opt/airflow/dags/target.py took 0.316 seconds
[2022-06-26 15:32:13,354] {scheduler_job.py:182} INFO - Started process (PID=20072) to work on /opt/airflow/dags/target.py
[2022-06-26 15:32:13,359] {scheduler_job.py:629} INFO - Processing file /opt/airflow/dags/target.py for tasks to queue
[2022-06-26 15:32:13,362] {logging_mixin.py:104} INFO - [2022-06-26 15:32:13,362] {dagbag.py:448} INFO - Filling up the DagBag from /opt/airflow/dags/target.py
[2022-06-26 15:32:13,406] {scheduler_job.py:639} INFO - DAG(s) dict_keys(['target_dag']) retrieved from /opt/airflow/dags/target.py
[2022-06-26 15:32:13,467] {logging_mixin.py:104} INFO - [2022-06-26 15:32:13,466] {dag.py:1818} INFO - Sync 1 DAGs
[2022-06-26 15:32:13,770] {logging_mixin.py:104} INFO - [2022-06-26 15:32:13,768] {dag.py:2273} INFO - Setting next_dagrun for target_dag to 2022-06-25 00:00:00+00:00
[2022-06-26 15:32:13,948] {scheduler_job.py:190} INFO - Processing /opt/airflow/dags/target.py took 0.608 seconds
[2022-06-26 15:32:24,713] {scheduler_job.py:182} INFO - Started process (PID=20090) to work on /opt/airflow/dags/target.py
[2022-06-26 15:32:24,719] {scheduler_job.py:629} INFO - Processing file /opt/airflow/dags/target.py for tasks to queue
[2022-06-26 15:32:24,734] {logging_mixin.py:104} INFO - [2022-06-26 15:32:24,733] {dagbag.py:448} INFO - Filling up the DagBag from /opt/airflow/dags/target.py
[2022-06-26 15:32:24,808] {scheduler_job.py:639} INFO - DAG(s) dict_keys(['target_dag']) retrieved from /opt/airflow/dags/target.py
[2022-06-26 15:32:24,950] {logging_mixin.py:104} INFO - [2022-06-26 15:32:24,950] {dag.py:1818} INFO - Sync 1 DAGs
[2022-06-26 15:32:25,046] {logging_mixin.py:104} INFO - [2022-06-26 15:32:25,045] {dag.py:2273} INFO - Setting next_dagrun for target_dag to 2022-06-25 00:00:00+00:00
[2022-06-26 15:32:25,208] {scheduler_job.py:190} INFO - Processing /opt/airflow/dags/target.py took 0.508 seconds
[2022-06-26 15:32:35,515] {scheduler_job.py:182} INFO - Started process (PID=20106) to work on /opt/airflow/dags/target.py
[2022-06-26 15:32:35,518] {scheduler_job.py:629} INFO - Processing file /opt/airflow/dags/target.py for tasks to queue
[2022-06-26 15:32:35,523] {logging_mixin.py:104} INFO - [2022-06-26 15:32:35,523] {dagbag.py:448} INFO - Filling up the DagBag from /opt/airflow/dags/target.py
[2022-06-26 15:32:35,580] {scheduler_job.py:639} INFO - DAG(s) dict_keys(['target_dag']) retrieved from /opt/airflow/dags/target.py
[2022-06-26 15:32:35,690] {logging_mixin.py:104} INFO - [2022-06-26 15:32:35,689] {dag.py:1818} INFO - Sync 1 DAGs
[2022-06-26 15:32:35,808] {logging_mixin.py:104} INFO - [2022-06-26 15:32:35,808] {dag.py:2273} INFO - Setting next_dagrun for target_dag to 2022-06-25 00:00:00+00:00
[2022-06-26 15:32:35,888] {scheduler_job.py:190} INFO - Processing /opt/airflow/dags/target.py took 0.380 seconds
[2022-06-26 15:32:46,018] {scheduler_job.py:182} INFO - Started process (PID=20116) to work on /opt/airflow/dags/target.py
[2022-06-26 15:32:46,025] {scheduler_job.py:629} INFO - Processing file /opt/airflow/dags/target.py for tasks to queue
[2022-06-26 15:32:46,029] {logging_mixin.py:104} INFO - [2022-06-26 15:32:46,028] {dagbag.py:448} INFO - Filling up the DagBag from /opt/airflow/dags/target.py
[2022-06-26 15:32:46,150] {scheduler_job.py:639} INFO - DAG(s) dict_keys(['target_dag']) retrieved from /opt/airflow/dags/target.py
[2022-06-26 15:32:46,537] {logging_mixin.py:104} INFO - [2022-06-26 15:32:46,535] {dag.py:1818} INFO - Sync 1 DAGs
[2022-06-26 15:32:46,889] {logging_mixin.py:104} INFO - [2022-06-26 15:32:46,887] {dag.py:2273} INFO - Setting next_dagrun for target_dag to 2022-06-25 00:00:00+00:00
[2022-06-26 15:32:46,937] {scheduler_job.py:190} INFO - Processing /opt/airflow/dags/target.py took 0.927 seconds
[2022-06-26 15:32:57,316] {scheduler_job.py:182} INFO - Started process (PID=20129) to work on /opt/airflow/dags/target.py
[2022-06-26 15:32:57,324] {scheduler_job.py:629} INFO - Processing file /opt/airflow/dags/target.py for tasks to queue
[2022-06-26 15:32:57,327] {logging_mixin.py:104} INFO - [2022-06-26 15:32:57,326] {dagbag.py:448} INFO - Filling up the DagBag from /opt/airflow/dags/target.py
[2022-06-26 15:32:57,375] {scheduler_job.py:639} INFO - DAG(s) dict_keys(['target_dag']) retrieved from /opt/airflow/dags/target.py
[2022-06-26 15:32:57,455] {logging_mixin.py:104} INFO - [2022-06-26 15:32:57,455] {dag.py:1818} INFO - Sync 1 DAGs
[2022-06-26 15:32:57,573] {logging_mixin.py:104} INFO - [2022-06-26 15:32:57,572] {dag.py:2273} INFO - Setting next_dagrun for target_dag to 2022-06-25 00:00:00+00:00
[2022-06-26 15:32:57,663] {scheduler_job.py:190} INFO - Processing /opt/airflow/dags/target.py took 0.354 seconds
[2022-06-26 15:33:07,839] {scheduler_job.py:182} INFO - Started process (PID=20141) to work on /opt/airflow/dags/target.py
[2022-06-26 15:33:07,848] {scheduler_job.py:629} INFO - Processing file /opt/airflow/dags/target.py for tasks to queue
[2022-06-26 15:33:07,851] {logging_mixin.py:104} INFO - [2022-06-26 15:33:07,851] {dagbag.py:448} INFO - Filling up the DagBag from /opt/airflow/dags/target.py
[2022-06-26 15:33:07,878] {scheduler_job.py:639} INFO - DAG(s) dict_keys(['target_dag']) retrieved from /opt/airflow/dags/target.py
[2022-06-26 15:33:07,948] {logging_mixin.py:104} INFO - [2022-06-26 15:33:07,948] {dag.py:1818} INFO - Sync 1 DAGs
[2022-06-26 15:33:08,010] {logging_mixin.py:104} INFO - [2022-06-26 15:33:08,010] {dag.py:2273} INFO - Setting next_dagrun for target_dag to 2022-06-25 00:00:00+00:00
[2022-06-26 15:33:08,141] {scheduler_job.py:190} INFO - Processing /opt/airflow/dags/target.py took 0.332 seconds
[2022-06-26 15:33:18,264] {scheduler_job.py:182} INFO - Started process (PID=20159) to work on /opt/airflow/dags/target.py
[2022-06-26 15:33:18,268] {scheduler_job.py:629} INFO - Processing file /opt/airflow/dags/target.py for tasks to queue
[2022-06-26 15:33:18,272] {logging_mixin.py:104} INFO - [2022-06-26 15:33:18,271] {dagbag.py:448} INFO - Filling up the DagBag from /opt/airflow/dags/target.py
[2022-06-26 15:33:18,312] {scheduler_job.py:639} INFO - DAG(s) dict_keys(['target_dag']) retrieved from /opt/airflow/dags/target.py
[2022-06-26 15:33:18,377] {logging_mixin.py:104} INFO - [2022-06-26 15:33:18,376] {dag.py:1818} INFO - Sync 1 DAGs
[2022-06-26 15:33:18,452] {logging_mixin.py:104} INFO - [2022-06-26 15:33:18,452] {dag.py:2273} INFO - Setting next_dagrun for target_dag to 2022-06-25 00:00:00+00:00
[2022-06-26 15:33:18,473] {scheduler_job.py:190} INFO - Processing /opt/airflow/dags/target.py took 0.217 seconds
[2022-06-26 15:33:28,786] {scheduler_job.py:182} INFO - Started process (PID=20172) to work on /opt/airflow/dags/target.py
[2022-06-26 15:33:28,793] {scheduler_job.py:629} INFO - Processing file /opt/airflow/dags/target.py for tasks to queue
[2022-06-26 15:33:28,811] {logging_mixin.py:104} INFO - [2022-06-26 15:33:28,811] {dagbag.py:448} INFO - Filling up the DagBag from /opt/airflow/dags/target.py
[2022-06-26 15:33:29,161] {scheduler_job.py:639} INFO - DAG(s) dict_keys(['target_dag']) retrieved from /opt/airflow/dags/target.py
[2022-06-26 15:33:29,398] {logging_mixin.py:104} INFO - [2022-06-26 15:33:29,397] {dag.py:1818} INFO - Sync 1 DAGs
[2022-06-26 15:33:29,597] {logging_mixin.py:104} INFO - [2022-06-26 15:33:29,595] {dag.py:2273} INFO - Setting next_dagrun for target_dag to 2022-06-25 00:00:00+00:00
[2022-06-26 15:33:29,842] {scheduler_job.py:190} INFO - Processing /opt/airflow/dags/target.py took 1.067 seconds
[2022-06-26 15:33:39,924] {scheduler_job.py:182} INFO - Started process (PID=20187) to work on /opt/airflow/dags/target.py
[2022-06-26 15:33:39,928] {scheduler_job.py:629} INFO - Processing file /opt/airflow/dags/target.py for tasks to queue
[2022-06-26 15:33:39,932] {logging_mixin.py:104} INFO - [2022-06-26 15:33:39,931] {dagbag.py:448} INFO - Filling up the DagBag from /opt/airflow/dags/target.py
[2022-06-26 15:33:39,969] {scheduler_job.py:639} INFO - DAG(s) dict_keys(['target_dag']) retrieved from /opt/airflow/dags/target.py
[2022-06-26 15:33:40,016] {logging_mixin.py:104} INFO - [2022-06-26 15:33:40,016] {dag.py:1818} INFO - Sync 1 DAGs
[2022-06-26 15:33:40,108] {logging_mixin.py:104} INFO - [2022-06-26 15:33:40,108] {dag.py:2273} INFO - Setting next_dagrun for target_dag to 2022-06-25 00:00:00+00:00
[2022-06-26 15:33:40,193] {scheduler_job.py:190} INFO - Processing /opt/airflow/dags/target.py took 0.278 seconds
[2022-06-26 15:33:50,909] {scheduler_job.py:182} INFO - Started process (PID=20205) to work on /opt/airflow/dags/target.py
[2022-06-26 15:33:50,913] {scheduler_job.py:629} INFO - Processing file /opt/airflow/dags/target.py for tasks to queue
[2022-06-26 15:33:50,919] {logging_mixin.py:104} INFO - [2022-06-26 15:33:50,919] {dagbag.py:448} INFO - Filling up the DagBag from /opt/airflow/dags/target.py
[2022-06-26 15:33:50,981] {scheduler_job.py:639} INFO - DAG(s) dict_keys(['target_dag']) retrieved from /opt/airflow/dags/target.py
[2022-06-26 15:33:51,171] {logging_mixin.py:104} INFO - [2022-06-26 15:33:51,170] {dag.py:1818} INFO - Sync 1 DAGs
[2022-06-26 15:33:51,229] {logging_mixin.py:104} INFO - [2022-06-26 15:33:51,228] {dag.py:2273} INFO - Setting next_dagrun for target_dag to 2022-06-25 00:00:00+00:00
[2022-06-26 15:33:51,283] {scheduler_job.py:190} INFO - Processing /opt/airflow/dags/target.py took 0.383 seconds
[2022-06-26 15:34:02,248] {scheduler_job.py:182} INFO - Started process (PID=20221) to work on /opt/airflow/dags/target.py
[2022-06-26 15:34:02,327] {scheduler_job.py:629} INFO - Processing file /opt/airflow/dags/target.py for tasks to queue
[2022-06-26 15:34:02,387] {logging_mixin.py:104} INFO - [2022-06-26 15:34:02,386] {dagbag.py:448} INFO - Filling up the DagBag from /opt/airflow/dags/target.py
[2022-06-26 15:34:02,726] {scheduler_job.py:639} INFO - DAG(s) dict_keys(['target_dag']) retrieved from /opt/airflow/dags/target.py
[2022-06-26 15:34:03,017] {logging_mixin.py:104} INFO - [2022-06-26 15:34:03,017] {dag.py:1818} INFO - Sync 1 DAGs
[2022-06-26 15:34:03,168] {logging_mixin.py:104} INFO - [2022-06-26 15:34:03,168] {dag.py:2273} INFO - Setting next_dagrun for target_dag to 2022-06-25 00:00:00+00:00
[2022-06-26 15:34:03,239] {scheduler_job.py:190} INFO - Processing /opt/airflow/dags/target.py took 1.096 seconds
[2022-06-26 15:34:14,005] {scheduler_job.py:182} INFO - Started process (PID=20233) to work on /opt/airflow/dags/target.py
[2022-06-26 15:34:14,009] {scheduler_job.py:629} INFO - Processing file /opt/airflow/dags/target.py for tasks to queue
[2022-06-26 15:34:14,012] {logging_mixin.py:104} INFO - [2022-06-26 15:34:14,012] {dagbag.py:448} INFO - Filling up the DagBag from /opt/airflow/dags/target.py
[2022-06-26 15:34:14,084] {scheduler_job.py:639} INFO - DAG(s) dict_keys(['target_dag']) retrieved from /opt/airflow/dags/target.py
[2022-06-26 15:34:14,155] {logging_mixin.py:104} INFO - [2022-06-26 15:34:14,154] {dag.py:1818} INFO - Sync 1 DAGs
[2022-06-26 15:34:14,256] {logging_mixin.py:104} INFO - [2022-06-26 15:34:14,256] {dag.py:2273} INFO - Setting next_dagrun for target_dag to 2022-06-25 00:00:00+00:00
[2022-06-26 15:34:14,363] {scheduler_job.py:190} INFO - Processing /opt/airflow/dags/target.py took 0.365 seconds
[2022-06-26 15:34:24,784] {scheduler_job.py:182} INFO - Started process (PID=20251) to work on /opt/airflow/dags/target.py
[2022-06-26 15:34:24,789] {scheduler_job.py:629} INFO - Processing file /opt/airflow/dags/target.py for tasks to queue
[2022-06-26 15:34:24,793] {logging_mixin.py:104} INFO - [2022-06-26 15:34:24,793] {dagbag.py:448} INFO - Filling up the DagBag from /opt/airflow/dags/target.py
[2022-06-26 15:34:24,850] {scheduler_job.py:639} INFO - DAG(s) dict_keys(['target_dag']) retrieved from /opt/airflow/dags/target.py
[2022-06-26 15:34:25,018] {logging_mixin.py:104} INFO - [2022-06-26 15:34:25,017] {dag.py:1818} INFO - Sync 1 DAGs
[2022-06-26 15:34:25,105] {logging_mixin.py:104} INFO - [2022-06-26 15:34:25,105] {dag.py:2273} INFO - Setting next_dagrun for target_dag to 2022-06-25 00:00:00+00:00
[2022-06-26 15:34:25,144] {scheduler_job.py:190} INFO - Processing /opt/airflow/dags/target.py took 0.367 seconds
[2022-06-26 15:34:39,212] {scheduler_job.py:182} INFO - Started process (PID=20267) to work on /opt/airflow/dags/target.py
[2022-06-26 15:34:39,239] {scheduler_job.py:629} INFO - Processing file /opt/airflow/dags/target.py for tasks to queue
[2022-06-26 15:34:39,242] {logging_mixin.py:104} INFO - [2022-06-26 15:34:39,242] {dagbag.py:448} INFO - Filling up the DagBag from /opt/airflow/dags/target.py
[2022-06-26 15:34:39,333] {scheduler_job.py:639} INFO - DAG(s) dict_keys(['target_dag']) retrieved from /opt/airflow/dags/target.py
[2022-06-26 15:34:39,525] {logging_mixin.py:104} INFO - [2022-06-26 15:34:39,524] {dag.py:1818} INFO - Sync 1 DAGs
[2022-06-26 15:34:39,815] {logging_mixin.py:104} INFO - [2022-06-26 15:34:39,765] {dag.py:2273} INFO - Setting next_dagrun for target_dag to 2022-06-25 00:00:00+00:00
[2022-06-26 15:34:39,917] {scheduler_job.py:190} INFO - Processing /opt/airflow/dags/target.py took 0.712 seconds
[2022-06-26 15:34:54,273] {scheduler_job.py:182} INFO - Started process (PID=20288) to work on /opt/airflow/dags/target.py
[2022-06-26 15:34:54,283] {scheduler_job.py:629} INFO - Processing file /opt/airflow/dags/target.py for tasks to queue
[2022-06-26 15:34:54,295] {logging_mixin.py:104} INFO - [2022-06-26 15:34:54,295] {dagbag.py:448} INFO - Filling up the DagBag from /opt/airflow/dags/target.py
[2022-06-26 15:34:54,360] {scheduler_job.py:639} INFO - DAG(s) dict_keys(['target_dag']) retrieved from /opt/airflow/dags/target.py
[2022-06-26 15:34:54,467] {logging_mixin.py:104} INFO - [2022-06-26 15:34:54,466] {dag.py:1818} INFO - Sync 1 DAGs
[2022-06-26 15:34:54,594] {logging_mixin.py:104} INFO - [2022-06-26 15:34:54,594] {dag.py:2273} INFO - Setting next_dagrun for target_dag to 2022-06-25 00:00:00+00:00
[2022-06-26 15:34:54,690] {scheduler_job.py:190} INFO - Processing /opt/airflow/dags/target.py took 0.438 seconds
[2022-06-26 15:35:09,869] {scheduler_job.py:182} INFO - Started process (PID=20309) to work on /opt/airflow/dags/target.py
[2022-06-26 15:35:09,881] {scheduler_job.py:629} INFO - Processing file /opt/airflow/dags/target.py for tasks to queue
[2022-06-26 15:35:09,903] {logging_mixin.py:104} INFO - [2022-06-26 15:35:09,903] {dagbag.py:448} INFO - Filling up the DagBag from /opt/airflow/dags/target.py
[2022-06-26 15:35:10,060] {scheduler_job.py:639} INFO - DAG(s) dict_keys(['target_dag']) retrieved from /opt/airflow/dags/target.py
[2022-06-26 15:35:10,219] {logging_mixin.py:104} INFO - [2022-06-26 15:35:10,219] {dag.py:1818} INFO - Sync 1 DAGs
[2022-06-26 15:35:10,363] {logging_mixin.py:104} INFO - [2022-06-26 15:35:10,348] {dag.py:2273} INFO - Setting next_dagrun for target_dag to 2022-06-25 00:00:00+00:00
[2022-06-26 15:35:10,416] {scheduler_job.py:190} INFO - Processing /opt/airflow/dags/target.py took 0.562 seconds
[2022-06-26 15:35:20,558] {scheduler_job.py:182} INFO - Started process (PID=20316) to work on /opt/airflow/dags/target.py
[2022-06-26 15:35:20,564] {scheduler_job.py:629} INFO - Processing file /opt/airflow/dags/target.py for tasks to queue
[2022-06-26 15:35:20,569] {logging_mixin.py:104} INFO - [2022-06-26 15:35:20,569] {dagbag.py:448} INFO - Filling up the DagBag from /opt/airflow/dags/target.py
[2022-06-26 15:35:20,605] {scheduler_job.py:639} INFO - DAG(s) dict_keys(['target_dag']) retrieved from /opt/airflow/dags/target.py
[2022-06-26 15:35:20,653] {logging_mixin.py:104} INFO - [2022-06-26 15:35:20,653] {dag.py:1818} INFO - Sync 1 DAGs
[2022-06-26 15:35:20,708] {logging_mixin.py:104} INFO - [2022-06-26 15:35:20,708] {dag.py:2273} INFO - Setting next_dagrun for target_dag to 2022-06-25 00:00:00+00:00
[2022-06-26 15:35:20,789] {scheduler_job.py:190} INFO - Processing /opt/airflow/dags/target.py took 0.237 seconds
[2022-06-26 15:35:30,983] {scheduler_job.py:182} INFO - Started process (PID=20337) to work on /opt/airflow/dags/target.py
[2022-06-26 15:35:30,989] {scheduler_job.py:629} INFO - Processing file /opt/airflow/dags/target.py for tasks to queue
[2022-06-26 15:35:31,009] {logging_mixin.py:104} INFO - [2022-06-26 15:35:31,008] {dagbag.py:448} INFO - Filling up the DagBag from /opt/airflow/dags/target.py
[2022-06-26 15:35:31,124] {scheduler_job.py:639} INFO - DAG(s) dict_keys(['target_dag']) retrieved from /opt/airflow/dags/target.py
[2022-06-26 15:35:31,255] {logging_mixin.py:104} INFO - [2022-06-26 15:35:31,211] {dag.py:1818} INFO - Sync 1 DAGs
[2022-06-26 15:35:31,343] {logging_mixin.py:104} INFO - [2022-06-26 15:35:31,342] {dag.py:2273} INFO - Setting next_dagrun for target_dag to 2022-06-25 00:00:00+00:00
[2022-06-26 15:35:31,364] {scheduler_job.py:190} INFO - Processing /opt/airflow/dags/target.py took 0.391 seconds
[2022-06-26 15:35:41,695] {scheduler_job.py:182} INFO - Started process (PID=20358) to work on /opt/airflow/dags/target.py
[2022-06-26 15:35:41,721] {scheduler_job.py:629} INFO - Processing file /opt/airflow/dags/target.py for tasks to queue
[2022-06-26 15:35:41,724] {logging_mixin.py:104} INFO - [2022-06-26 15:35:41,723] {dagbag.py:448} INFO - Filling up the DagBag from /opt/airflow/dags/target.py
[2022-06-26 15:35:41,754] {scheduler_job.py:639} INFO - DAG(s) dict_keys(['target_dag']) retrieved from /opt/airflow/dags/target.py
[2022-06-26 15:35:41,800] {logging_mixin.py:104} INFO - [2022-06-26 15:35:41,800] {dag.py:1818} INFO - Sync 1 DAGs
[2022-06-26 15:35:41,846] {logging_mixin.py:104} INFO - [2022-06-26 15:35:41,846] {dag.py:2273} INFO - Setting next_dagrun for target_dag to 2022-06-25 00:00:00+00:00
[2022-06-26 15:35:41,920] {scheduler_job.py:190} INFO - Processing /opt/airflow/dags/target.py took 0.233 seconds
[2022-06-26 15:35:56,603] {scheduler_job.py:182} INFO - Started process (PID=20377) to work on /opt/airflow/dags/target.py
[2022-06-26 15:35:56,611] {scheduler_job.py:629} INFO - Processing file /opt/airflow/dags/target.py for tasks to queue
[2022-06-26 15:35:56,620] {logging_mixin.py:104} INFO - [2022-06-26 15:35:56,620] {dagbag.py:448} INFO - Filling up the DagBag from /opt/airflow/dags/target.py
[2022-06-26 15:35:56,684] {scheduler_job.py:639} INFO - DAG(s) dict_keys(['target_dag']) retrieved from /opt/airflow/dags/target.py
[2022-06-26 15:35:56,818] {logging_mixin.py:104} INFO - [2022-06-26 15:35:56,818] {dag.py:1818} INFO - Sync 1 DAGs
[2022-06-26 15:35:57,009] {logging_mixin.py:104} INFO - [2022-06-26 15:35:57,008] {dag.py:2273} INFO - Setting next_dagrun for target_dag to 2022-06-25 00:00:00+00:00
[2022-06-26 15:35:57,038] {scheduler_job.py:190} INFO - Processing /opt/airflow/dags/target.py took 0.441 seconds
[2022-06-26 15:36:08,369] {scheduler_job.py:182} INFO - Started process (PID=20387) to work on /opt/airflow/dags/target.py
[2022-06-26 15:36:08,385] {scheduler_job.py:629} INFO - Processing file /opt/airflow/dags/target.py for tasks to queue
[2022-06-26 15:36:08,392] {logging_mixin.py:104} INFO - [2022-06-26 15:36:08,391] {dagbag.py:448} INFO - Filling up the DagBag from /opt/airflow/dags/target.py
[2022-06-26 15:36:08,537] {scheduler_job.py:639} INFO - DAG(s) dict_keys(['target_dag']) retrieved from /opt/airflow/dags/target.py
[2022-06-26 15:36:08,803] {logging_mixin.py:104} INFO - [2022-06-26 15:36:08,802] {dag.py:1818} INFO - Sync 1 DAGs
[2022-06-26 15:36:08,931] {logging_mixin.py:104} INFO - [2022-06-26 15:36:08,931] {dag.py:2273} INFO - Setting next_dagrun for target_dag to 2022-06-25 00:00:00+00:00
[2022-06-26 15:36:09,000] {scheduler_job.py:190} INFO - Processing /opt/airflow/dags/target.py took 0.660 seconds
[2022-06-26 15:36:19,314] {scheduler_job.py:182} INFO - Started process (PID=20405) to work on /opt/airflow/dags/target.py
[2022-06-26 15:36:19,327] {scheduler_job.py:629} INFO - Processing file /opt/airflow/dags/target.py for tasks to queue
[2022-06-26 15:36:19,334] {logging_mixin.py:104} INFO - [2022-06-26 15:36:19,333] {dagbag.py:448} INFO - Filling up the DagBag from /opt/airflow/dags/target.py
[2022-06-26 15:36:19,437] {scheduler_job.py:639} INFO - DAG(s) dict_keys(['target_dag']) retrieved from /opt/airflow/dags/target.py
[2022-06-26 15:36:19,528] {logging_mixin.py:104} INFO - [2022-06-26 15:36:19,528] {dag.py:1818} INFO - Sync 1 DAGs
[2022-06-26 15:36:19,702] {logging_mixin.py:104} INFO - [2022-06-26 15:36:19,702] {dag.py:2273} INFO - Setting next_dagrun for target_dag to 2022-06-25 00:00:00+00:00
[2022-06-26 15:36:19,723] {scheduler_job.py:190} INFO - Processing /opt/airflow/dags/target.py took 0.423 seconds
[2022-06-26 15:36:29,964] {scheduler_job.py:182} INFO - Started process (PID=20426) to work on /opt/airflow/dags/target.py
[2022-06-26 15:36:29,972] {scheduler_job.py:629} INFO - Processing file /opt/airflow/dags/target.py for tasks to queue
[2022-06-26 15:36:29,999] {logging_mixin.py:104} INFO - [2022-06-26 15:36:29,998] {dagbag.py:448} INFO - Filling up the DagBag from /opt/airflow/dags/target.py
[2022-06-26 15:36:30,052] {scheduler_job.py:639} INFO - DAG(s) dict_keys(['target_dag']) retrieved from /opt/airflow/dags/target.py
[2022-06-26 15:36:30,108] {logging_mixin.py:104} INFO - [2022-06-26 15:36:30,108] {dag.py:1818} INFO - Sync 1 DAGs
[2022-06-26 15:36:30,205] {logging_mixin.py:104} INFO - [2022-06-26 15:36:30,205] {dag.py:2273} INFO - Setting next_dagrun for target_dag to 2022-06-25 00:00:00+00:00
[2022-06-26 15:36:30,258] {scheduler_job.py:190} INFO - Processing /opt/airflow/dags/target.py took 0.302 seconds
[2022-06-26 15:36:43,061] {scheduler_job.py:182} INFO - Started process (PID=20445) to work on /opt/airflow/dags/target.py
[2022-06-26 15:36:43,072] {scheduler_job.py:629} INFO - Processing file /opt/airflow/dags/target.py for tasks to queue
[2022-06-26 15:36:43,091] {logging_mixin.py:104} INFO - [2022-06-26 15:36:43,091] {dagbag.py:448} INFO - Filling up the DagBag from /opt/airflow/dags/target.py
[2022-06-26 15:36:43,206] {scheduler_job.py:639} INFO - DAG(s) dict_keys(['target_dag']) retrieved from /opt/airflow/dags/target.py
[2022-06-26 15:36:43,326] {logging_mixin.py:104} INFO - [2022-06-26 15:36:43,325] {dag.py:1818} INFO - Sync 1 DAGs
[2022-06-26 15:36:43,508] {logging_mixin.py:104} INFO - [2022-06-26 15:36:43,508] {dag.py:2273} INFO - Setting next_dagrun for target_dag to 2022-06-25 00:00:00+00:00
[2022-06-26 15:36:43,630] {scheduler_job.py:190} INFO - Processing /opt/airflow/dags/target.py took 0.577 seconds
[2022-06-26 15:36:54,116] {scheduler_job.py:182} INFO - Started process (PID=20452) to work on /opt/airflow/dags/target.py
[2022-06-26 15:36:54,131] {scheduler_job.py:629} INFO - Processing file /opt/airflow/dags/target.py for tasks to queue
[2022-06-26 15:36:54,190] {logging_mixin.py:104} INFO - [2022-06-26 15:36:54,190] {dagbag.py:448} INFO - Filling up the DagBag from /opt/airflow/dags/target.py
[2022-06-26 15:36:54,441] {scheduler_job.py:639} INFO - DAG(s) dict_keys(['target_dag']) retrieved from /opt/airflow/dags/target.py
[2022-06-26 15:36:54,767] {logging_mixin.py:104} INFO - [2022-06-26 15:36:54,767] {dag.py:1818} INFO - Sync 1 DAGs
[2022-06-26 15:36:54,966] {logging_mixin.py:104} INFO - [2022-06-26 15:36:54,966] {dag.py:2273} INFO - Setting next_dagrun for target_dag to 2022-06-25 00:00:00+00:00
[2022-06-26 15:36:55,108] {scheduler_job.py:190} INFO - Processing /opt/airflow/dags/target.py took 1.019 seconds
[2022-06-26 15:37:05,329] {scheduler_job.py:182} INFO - Started process (PID=20473) to work on /opt/airflow/dags/target.py
[2022-06-26 15:37:05,337] {scheduler_job.py:629} INFO - Processing file /opt/airflow/dags/target.py for tasks to queue
[2022-06-26 15:37:05,340] {logging_mixin.py:104} INFO - [2022-06-26 15:37:05,339] {dagbag.py:448} INFO - Filling up the DagBag from /opt/airflow/dags/target.py
[2022-06-26 15:37:05,389] {scheduler_job.py:639} INFO - DAG(s) dict_keys(['target_dag']) retrieved from /opt/airflow/dags/target.py
[2022-06-26 15:37:05,451] {logging_mixin.py:104} INFO - [2022-06-26 15:37:05,451] {dag.py:1818} INFO - Sync 1 DAGs
[2022-06-26 15:37:05,533] {logging_mixin.py:104} INFO - [2022-06-26 15:37:05,532] {dag.py:2273} INFO - Setting next_dagrun for target_dag to 2022-06-25 00:00:00+00:00
[2022-06-26 15:37:05,589] {scheduler_job.py:190} INFO - Processing /opt/airflow/dags/target.py took 0.269 seconds
[2022-06-26 15:37:18,039] {scheduler_job.py:182} INFO - Started process (PID=20492) to work on /opt/airflow/dags/target.py
[2022-06-26 15:37:18,068] {scheduler_job.py:629} INFO - Processing file /opt/airflow/dags/target.py for tasks to queue
[2022-06-26 15:37:18,095] {logging_mixin.py:104} INFO - [2022-06-26 15:37:18,095] {dagbag.py:448} INFO - Filling up the DagBag from /opt/airflow/dags/target.py
[2022-06-26 15:37:18,224] {scheduler_job.py:639} INFO - DAG(s) dict_keys(['target_dag']) retrieved from /opt/airflow/dags/target.py
[2022-06-26 15:37:18,341] {logging_mixin.py:104} INFO - [2022-06-26 15:37:18,341] {dag.py:1818} INFO - Sync 1 DAGs
[2022-06-26 15:37:18,471] {logging_mixin.py:104} INFO - [2022-06-26 15:37:18,470] {dag.py:2273} INFO - Setting next_dagrun for target_dag to 2022-06-25 00:00:00+00:00
[2022-06-26 15:37:18,528] {scheduler_job.py:190} INFO - Processing /opt/airflow/dags/target.py took 0.524 seconds
[2022-06-26 15:37:29,099] {scheduler_job.py:182} INFO - Started process (PID=20502) to work on /opt/airflow/dags/target.py
[2022-06-26 15:37:29,109] {scheduler_job.py:629} INFO - Processing file /opt/airflow/dags/target.py for tasks to queue
[2022-06-26 15:37:29,114] {logging_mixin.py:104} INFO - [2022-06-26 15:37:29,114] {dagbag.py:448} INFO - Filling up the DagBag from /opt/airflow/dags/target.py
[2022-06-26 15:37:29,249] {scheduler_job.py:639} INFO - DAG(s) dict_keys(['target_dag']) retrieved from /opt/airflow/dags/target.py
[2022-06-26 15:37:29,433] {logging_mixin.py:104} INFO - [2022-06-26 15:37:29,432] {dag.py:1818} INFO - Sync 1 DAGs
[2022-06-26 15:37:29,558] {logging_mixin.py:104} INFO - [2022-06-26 15:37:29,558] {dag.py:2273} INFO - Setting next_dagrun for target_dag to 2022-06-25 00:00:00+00:00
[2022-06-26 15:37:29,594] {scheduler_job.py:190} INFO - Processing /opt/airflow/dags/target.py took 0.506 seconds
[2022-06-26 15:37:39,712] {scheduler_job.py:182} INFO - Started process (PID=20520) to work on /opt/airflow/dags/target.py
[2022-06-26 15:37:39,724] {scheduler_job.py:629} INFO - Processing file /opt/airflow/dags/target.py for tasks to queue
[2022-06-26 15:37:39,731] {logging_mixin.py:104} INFO - [2022-06-26 15:37:39,730] {dagbag.py:448} INFO - Filling up the DagBag from /opt/airflow/dags/target.py
[2022-06-26 15:37:39,819] {scheduler_job.py:639} INFO - DAG(s) dict_keys(['target_dag']) retrieved from /opt/airflow/dags/target.py
[2022-06-26 15:37:39,872] {logging_mixin.py:104} INFO - [2022-06-26 15:37:39,871] {dag.py:1818} INFO - Sync 1 DAGs
[2022-06-26 15:37:40,011] {logging_mixin.py:104} INFO - [2022-06-26 15:37:40,011] {dag.py:2273} INFO - Setting next_dagrun for target_dag to 2022-06-25 00:00:00+00:00
[2022-06-26 15:37:40,077] {scheduler_job.py:190} INFO - Processing /opt/airflow/dags/target.py took 0.372 seconds
[2022-06-26 15:37:50,852] {scheduler_job.py:182} INFO - Started process (PID=20539) to work on /opt/airflow/dags/target.py
[2022-06-26 15:37:50,875] {scheduler_job.py:629} INFO - Processing file /opt/airflow/dags/target.py for tasks to queue
[2022-06-26 15:37:50,893] {logging_mixin.py:104} INFO - [2022-06-26 15:37:50,893] {dagbag.py:448} INFO - Filling up the DagBag from /opt/airflow/dags/target.py
[2022-06-26 15:37:50,956] {scheduler_job.py:639} INFO - DAG(s) dict_keys(['target_dag']) retrieved from /opt/airflow/dags/target.py
[2022-06-26 15:37:51,045] {logging_mixin.py:104} INFO - [2022-06-26 15:37:51,045] {dag.py:1818} INFO - Sync 1 DAGs
[2022-06-26 15:37:51,249] {logging_mixin.py:104} INFO - [2022-06-26 15:37:51,249] {dag.py:2273} INFO - Setting next_dagrun for target_dag to 2022-06-25 00:00:00+00:00
[2022-06-26 15:37:51,279] {scheduler_job.py:190} INFO - Processing /opt/airflow/dags/target.py took 0.434 seconds
[2022-06-26 15:38:01,461] {scheduler_job.py:182} INFO - Started process (PID=20549) to work on /opt/airflow/dags/target.py
[2022-06-26 15:38:01,476] {scheduler_job.py:629} INFO - Processing file /opt/airflow/dags/target.py for tasks to queue
[2022-06-26 15:38:01,482] {logging_mixin.py:104} INFO - [2022-06-26 15:38:01,480] {dagbag.py:448} INFO - Filling up the DagBag from /opt/airflow/dags/target.py
[2022-06-26 15:38:01,491] {scheduler_job.py:641} WARNING - No viable dags retrieved from /opt/airflow/dags/target.py
[2022-06-26 15:38:01,494] {scheduler_job.py:190} INFO - Processing /opt/airflow/dags/target.py took 0.044 seconds
[2022-06-26 15:38:11,699] {scheduler_job.py:182} INFO - Started process (PID=20565) to work on /opt/airflow/dags/target.py
[2022-06-26 15:38:11,726] {scheduler_job.py:629} INFO - Processing file /opt/airflow/dags/target.py for tasks to queue
[2022-06-26 15:38:11,731] {logging_mixin.py:104} INFO - [2022-06-26 15:38:11,731] {dagbag.py:448} INFO - Filling up the DagBag from /opt/airflow/dags/target.py
[2022-06-26 15:38:11,772] {scheduler_job.py:641} WARNING - No viable dags retrieved from /opt/airflow/dags/target.py
[2022-06-26 15:38:11,778] {scheduler_job.py:190} INFO - Processing /opt/airflow/dags/target.py took 0.113 seconds
[2022-06-26 15:38:23,140] {scheduler_job.py:182} INFO - Started process (PID=20580) to work on /opt/airflow/dags/target.py
[2022-06-26 15:38:23,174] {scheduler_job.py:629} INFO - Processing file /opt/airflow/dags/target.py for tasks to queue
[2022-06-26 15:38:23,186] {logging_mixin.py:104} INFO - [2022-06-26 15:38:23,186] {dagbag.py:448} INFO - Filling up the DagBag from /opt/airflow/dags/target.py
[2022-06-26 15:38:23,244] {scheduler_job.py:641} WARNING - No viable dags retrieved from /opt/airflow/dags/target.py
[2022-06-26 15:38:23,260] {scheduler_job.py:190} INFO - Processing /opt/airflow/dags/target.py took 0.143 seconds
[2022-06-26 15:38:33,604] {scheduler_job.py:182} INFO - Started process (PID=20596) to work on /opt/airflow/dags/target.py
[2022-06-26 15:38:33,618] {scheduler_job.py:629} INFO - Processing file /opt/airflow/dags/target.py for tasks to queue
[2022-06-26 15:38:33,626] {logging_mixin.py:104} INFO - [2022-06-26 15:38:33,625] {dagbag.py:448} INFO - Filling up the DagBag from /opt/airflow/dags/target.py
[2022-06-26 15:38:33,633] {scheduler_job.py:641} WARNING - No viable dags retrieved from /opt/airflow/dags/target.py
[2022-06-26 15:38:33,646] {scheduler_job.py:190} INFO - Processing /opt/airflow/dags/target.py took 0.051 seconds
[2022-06-26 15:38:43,821] {scheduler_job.py:182} INFO - Started process (PID=20612) to work on /opt/airflow/dags/target.py
[2022-06-26 15:38:43,826] {scheduler_job.py:629} INFO - Processing file /opt/airflow/dags/target.py for tasks to queue
[2022-06-26 15:38:43,828] {logging_mixin.py:104} INFO - [2022-06-26 15:38:43,828] {dagbag.py:448} INFO - Filling up the DagBag from /opt/airflow/dags/target.py
[2022-06-26 15:38:43,834] {scheduler_job.py:641} WARNING - No viable dags retrieved from /opt/airflow/dags/target.py
[2022-06-26 15:38:43,836] {scheduler_job.py:190} INFO - Processing /opt/airflow/dags/target.py took 0.023 seconds
[2022-06-26 15:38:54,168] {scheduler_job.py:182} INFO - Started process (PID=20625) to work on /opt/airflow/dags/target.py
[2022-06-26 15:38:54,204] {scheduler_job.py:629} INFO - Processing file /opt/airflow/dags/target.py for tasks to queue
[2022-06-26 15:38:54,225] {logging_mixin.py:104} INFO - [2022-06-26 15:38:54,225] {dagbag.py:448} INFO - Filling up the DagBag from /opt/airflow/dags/target.py
[2022-06-26 15:38:54,344] {scheduler_job.py:641} WARNING - No viable dags retrieved from /opt/airflow/dags/target.py
[2022-06-26 15:38:54,361] {scheduler_job.py:190} INFO - Processing /opt/airflow/dags/target.py took 0.215 seconds
[2022-06-26 15:39:04,862] {scheduler_job.py:182} INFO - Started process (PID=20640) to work on /opt/airflow/dags/target.py
[2022-06-26 15:39:04,870] {scheduler_job.py:629} INFO - Processing file /opt/airflow/dags/target.py for tasks to queue
[2022-06-26 15:39:04,877] {logging_mixin.py:104} INFO - [2022-06-26 15:39:04,876] {dagbag.py:448} INFO - Filling up the DagBag from /opt/airflow/dags/target.py
[2022-06-26 15:39:04,984] {scheduler_job.py:641} WARNING - No viable dags retrieved from /opt/airflow/dags/target.py
[2022-06-26 15:39:05,014] {scheduler_job.py:190} INFO - Processing /opt/airflow/dags/target.py took 0.166 seconds
[2022-06-26 15:39:15,500] {scheduler_job.py:182} INFO - Started process (PID=20656) to work on /opt/airflow/dags/target.py
[2022-06-26 15:39:15,515] {scheduler_job.py:629} INFO - Processing file /opt/airflow/dags/target.py for tasks to queue
[2022-06-26 15:39:15,533] {logging_mixin.py:104} INFO - [2022-06-26 15:39:15,532] {dagbag.py:448} INFO - Filling up the DagBag from /opt/airflow/dags/target.py
[2022-06-26 15:39:15,591] {scheduler_job.py:641} WARNING - No viable dags retrieved from /opt/airflow/dags/target.py
[2022-06-26 15:39:15,616] {scheduler_job.py:190} INFO - Processing /opt/airflow/dags/target.py took 0.126 seconds
[2022-06-26 15:39:25,908] {scheduler_job.py:182} INFO - Started process (PID=20666) to work on /opt/airflow/dags/target.py
[2022-06-26 15:39:25,920] {scheduler_job.py:629} INFO - Processing file /opt/airflow/dags/target.py for tasks to queue
[2022-06-26 15:39:25,934] {logging_mixin.py:104} INFO - [2022-06-26 15:39:25,934] {dagbag.py:448} INFO - Filling up the DagBag from /opt/airflow/dags/target.py
[2022-06-26 15:39:25,972] {scheduler_job.py:641} WARNING - No viable dags retrieved from /opt/airflow/dags/target.py
[2022-06-26 15:39:25,987] {scheduler_job.py:190} INFO - Processing /opt/airflow/dags/target.py took 0.085 seconds
[2022-06-26 15:39:36,166] {scheduler_job.py:182} INFO - Started process (PID=20687) to work on /opt/airflow/dags/target.py
[2022-06-26 15:39:36,171] {scheduler_job.py:629} INFO - Processing file /opt/airflow/dags/target.py for tasks to queue
[2022-06-26 15:39:36,173] {logging_mixin.py:104} INFO - [2022-06-26 15:39:36,173] {dagbag.py:448} INFO - Filling up the DagBag from /opt/airflow/dags/target.py
[2022-06-26 15:39:36,177] {scheduler_job.py:641} WARNING - No viable dags retrieved from /opt/airflow/dags/target.py
[2022-06-26 15:39:36,179] {scheduler_job.py:190} INFO - Processing /opt/airflow/dags/target.py took 0.020 seconds
[2022-06-26 15:39:46,421] {scheduler_job.py:182} INFO - Started process (PID=20700) to work on /opt/airflow/dags/target.py
[2022-06-26 15:39:46,441] {scheduler_job.py:629} INFO - Processing file /opt/airflow/dags/target.py for tasks to queue
[2022-06-26 15:39:46,448] {logging_mixin.py:104} INFO - [2022-06-26 15:39:46,447] {dagbag.py:448} INFO - Filling up the DagBag from /opt/airflow/dags/target.py
[2022-06-26 15:39:46,463] {scheduler_job.py:641} WARNING - No viable dags retrieved from /opt/airflow/dags/target.py
[2022-06-26 15:39:46,478] {scheduler_job.py:190} INFO - Processing /opt/airflow/dags/target.py took 0.070 seconds
[2022-06-26 15:39:56,879] {scheduler_job.py:182} INFO - Started process (PID=20716) to work on /opt/airflow/dags/target.py
[2022-06-26 15:39:56,906] {scheduler_job.py:629} INFO - Processing file /opt/airflow/dags/target.py for tasks to queue
[2022-06-26 15:39:56,941] {logging_mixin.py:104} INFO - [2022-06-26 15:39:56,941] {dagbag.py:448} INFO - Filling up the DagBag from /opt/airflow/dags/target.py
[2022-06-26 15:39:56,979] {scheduler_job.py:641} WARNING - No viable dags retrieved from /opt/airflow/dags/target.py
[2022-06-26 15:39:56,991] {scheduler_job.py:190} INFO - Processing /opt/airflow/dags/target.py took 0.141 seconds
[2022-06-26 15:40:07,351] {scheduler_job.py:182} INFO - Started process (PID=20732) to work on /opt/airflow/dags/target.py
[2022-06-26 15:40:07,359] {scheduler_job.py:629} INFO - Processing file /opt/airflow/dags/target.py for tasks to queue
[2022-06-26 15:40:07,362] {logging_mixin.py:104} INFO - [2022-06-26 15:40:07,361] {dagbag.py:448} INFO - Filling up the DagBag from /opt/airflow/dags/target.py
[2022-06-26 15:40:07,366] {scheduler_job.py:641} WARNING - No viable dags retrieved from /opt/airflow/dags/target.py
[2022-06-26 15:40:07,376] {scheduler_job.py:190} INFO - Processing /opt/airflow/dags/target.py took 0.033 seconds
[2022-06-26 15:40:17,640] {scheduler_job.py:182} INFO - Started process (PID=20745) to work on /opt/airflow/dags/target.py
[2022-06-26 15:40:17,642] {scheduler_job.py:629} INFO - Processing file /opt/airflow/dags/target.py for tasks to queue
[2022-06-26 15:40:17,644] {logging_mixin.py:104} INFO - [2022-06-26 15:40:17,644] {dagbag.py:448} INFO - Filling up the DagBag from /opt/airflow/dags/target.py
[2022-06-26 15:40:17,648] {scheduler_job.py:641} WARNING - No viable dags retrieved from /opt/airflow/dags/target.py
[2022-06-26 15:40:17,650] {scheduler_job.py:190} INFO - Processing /opt/airflow/dags/target.py took 0.017 seconds
[2022-06-26 15:40:27,967] {scheduler_job.py:182} INFO - Started process (PID=20760) to work on /opt/airflow/dags/target.py
[2022-06-26 15:40:27,995] {scheduler_job.py:629} INFO - Processing file /opt/airflow/dags/target.py for tasks to queue
[2022-06-26 15:40:28,027] {logging_mixin.py:104} INFO - [2022-06-26 15:40:28,026] {dagbag.py:448} INFO - Filling up the DagBag from /opt/airflow/dags/target.py
[2022-06-26 15:40:28,092] {scheduler_job.py:641} WARNING - No viable dags retrieved from /opt/airflow/dags/target.py
[2022-06-26 15:40:28,123] {scheduler_job.py:190} INFO - Processing /opt/airflow/dags/target.py took 0.182 seconds
[2022-06-26 15:40:38,386] {scheduler_job.py:182} INFO - Started process (PID=20779) to work on /opt/airflow/dags/target.py
[2022-06-26 15:40:38,402] {scheduler_job.py:629} INFO - Processing file /opt/airflow/dags/target.py for tasks to queue
[2022-06-26 15:40:38,417] {logging_mixin.py:104} INFO - [2022-06-26 15:40:38,416] {dagbag.py:448} INFO - Filling up the DagBag from /opt/airflow/dags/target.py
[2022-06-26 15:40:38,424] {scheduler_job.py:641} WARNING - No viable dags retrieved from /opt/airflow/dags/target.py
[2022-06-26 15:40:38,427] {scheduler_job.py:190} INFO - Processing /opt/airflow/dags/target.py took 0.048 seconds
[2022-06-26 15:40:48,625] {scheduler_job.py:182} INFO - Started process (PID=20794) to work on /opt/airflow/dags/target.py
[2022-06-26 15:40:48,649] {scheduler_job.py:629} INFO - Processing file /opt/airflow/dags/target.py for tasks to queue
[2022-06-26 15:40:48,652] {logging_mixin.py:104} INFO - [2022-06-26 15:40:48,651] {dagbag.py:448} INFO - Filling up the DagBag from /opt/airflow/dags/target.py
[2022-06-26 15:40:48,675] {scheduler_job.py:641} WARNING - No viable dags retrieved from /opt/airflow/dags/target.py
[2022-06-26 15:40:48,677] {scheduler_job.py:190} INFO - Processing /opt/airflow/dags/target.py took 0.060 seconds
