[2022-07-01 10:40:37,299] {taskinstance.py:851} INFO - Dependencies all met for <TaskInstance: SDG_Enrique_V0.postgreSQL_getTable 2022-07-01T00:00:00+00:00 [queued]>
[2022-07-01 10:40:37,346] {taskinstance.py:851} INFO - Dependencies all met for <TaskInstance: SDG_Enrique_V0.postgreSQL_getTable 2022-07-01T00:00:00+00:00 [queued]>
[2022-07-01 10:40:37,348] {taskinstance.py:1042} INFO - 
--------------------------------------------------------------------------------
[2022-07-01 10:40:37,351] {taskinstance.py:1043} INFO - Starting attempt 2 of 2
[2022-07-01 10:40:37,353] {taskinstance.py:1044} INFO - 
--------------------------------------------------------------------------------
[2022-07-01 10:40:37,373] {taskinstance.py:1063} INFO - Executing <Task(PythonOperator): postgreSQL_getTable> on 2022-07-01T00:00:00+00:00
[2022-07-01 10:40:37,391] {standard_task_runner.py:76} INFO - Running: ['airflow', 'tasks', 'run', 'SDG_Enrique_V0', 'postgreSQL_getTable', '2022-07-01T00:00:00+00:00', '--job-id', '1579', '--pool', 'default_pool', '--raw', '--subdir', 'DAGS_FOLDER/company_forecasting.py', '--cfg-path', '/tmp/tmpc5htyjh5', '--error-file', '/tmp/tmpzi6x2uaz']
[2022-07-01 10:40:37,383] {standard_task_runner.py:52} INFO - Started process 15376 to run task
[2022-07-01 10:40:37,397] {standard_task_runner.py:77} INFO - Job 1579: Subtask postgreSQL_getTable
[2022-07-01 10:40:37,504] {logging_mixin.py:104} INFO - Running <TaskInstance: SDG_Enrique_V0.postgreSQL_getTable 2022-07-01T00:00:00+00:00 [running]> on host 14dddcffc0ea
[2022-07-01 10:40:37,581] {taskinstance.py:1257} INFO - Exporting the following env vars:
AIRFLOW_CTX_DAG_EMAIL=enrique-liebana@outlook.com
AIRFLOW_CTX_DAG_OWNER=Enrique Liebana Peña
AIRFLOW_CTX_DAG_ID=SDG_Enrique_V0
AIRFLOW_CTX_TASK_ID=postgreSQL_getTable
AIRFLOW_CTX_EXECUTION_DATE=2022-07-01T00:00:00+00:00
AIRFLOW_CTX_DAG_RUN_ID=manual__2022-07-01T00:00:00+00:00
[2022-07-01 10:40:37,612] {base.py:74} INFO - Using connection to: id: postgres_conection. Host: host.docker.internal, Port: 5432, Schema: data_company, Login: airflow, Password: XXXXXXXX, extra: None
[2022-07-01 10:41:11,116] {company_forecasting.py:55} INFO - Backup Company data in : /raw_data/company.csv
[2022-07-01 10:41:11,124] {python.py:118} INFO - Done. Returned value was: None
[2022-07-01 10:41:11,144] {taskinstance.py:1166} INFO - Marking task as SUCCESS. dag_id=SDG_Enrique_V0, task_id=postgreSQL_getTable, execution_date=20220701T000000, start_date=20220701T104037, end_date=20220701T104111
[2022-07-01 10:41:11,194] {taskinstance.py:1220} INFO - 1 downstream tasks scheduled from follow-on schedule check
[2022-07-01 10:41:11,260] {local_task_job.py:146} INFO - Task exited with return code 0
