[2022-06-29 20:59:52,578] {taskinstance.py:851} INFO - Dependencies all met for <TaskInstance: SDG_Enrique_V0.readCSV_convertColumns 2022-06-29T00:00:00+00:00 [queued]>
[2022-06-29 20:59:52,617] {taskinstance.py:851} INFO - Dependencies all met for <TaskInstance: SDG_Enrique_V0.readCSV_convertColumns 2022-06-29T00:00:00+00:00 [queued]>
[2022-06-29 20:59:52,619] {taskinstance.py:1042} INFO - 
--------------------------------------------------------------------------------
[2022-06-29 20:59:52,620] {taskinstance.py:1043} INFO - Starting attempt 1 of 1
[2022-06-29 20:59:52,626] {taskinstance.py:1044} INFO - 
--------------------------------------------------------------------------------
[2022-06-29 20:59:52,660] {taskinstance.py:1063} INFO - Executing <Task(PythonOperator): readCSV_convertColumns> on 2022-06-29T00:00:00+00:00
[2022-06-29 20:59:52,679] {standard_task_runner.py:52} INFO - Started process 350 to run task
[2022-06-29 20:59:52,699] {standard_task_runner.py:76} INFO - Running: ['airflow', 'tasks', 'run', 'SDG_Enrique_V0', 'readCSV_convertColumns', '2022-06-29T00:00:00+00:00', '--job-id', '1390', '--pool', 'default_pool', '--raw', '--subdir', 'DAGS_FOLDER/company_forecasting.py', '--cfg-path', '/tmp/tmpgjjyz9rc', '--error-file', '/tmp/tmpg88zbf0d']
[2022-06-29 20:59:52,703] {standard_task_runner.py:77} INFO - Job 1390: Subtask readCSV_convertColumns
[2022-06-29 20:59:52,850] {logging_mixin.py:104} INFO - Running <TaskInstance: SDG_Enrique_V0.readCSV_convertColumns 2022-06-29T00:00:00+00:00 [running]> on host 1ff8f57a8cbf
[2022-06-29 20:59:52,996] {taskinstance.py:1257} INFO - Exporting the following env vars:
AIRFLOW_CTX_DAG_EMAIL=enrique-liebana@outlook.com
AIRFLOW_CTX_DAG_OWNER=Enrique Liebana Peña
AIRFLOW_CTX_DAG_ID=SDG_Enrique_V0
AIRFLOW_CTX_TASK_ID=readCSV_convertColumns
AIRFLOW_CTX_EXECUTION_DATE=2022-06-29T00:00:00+00:00
AIRFLOW_CTX_DAG_RUN_ID=manual__2022-06-29T00:00:00+00:00
[2022-06-29 20:59:57,196] {logging_mixin.py:104} WARNING - /home/airflow/.local/lib/python3.6/site-packages/airflow/models/taskinstance.py:1315 DtypeWarning: Columns (56,59) have mixed types.Specify dtype option on import or set low_memory=False.
[2022-06-29 20:59:57,655] {logging_mixin.py:104} INFO -    rev_mean mou_mean totmrc_mean  ... creditcd eqpdays customer_id
0  116,2625  2179,25     74,9925  ...        N    -2.0     1010044
1    16,305        8      16,305  ...        N   978.0     1010045
2    54,145    545,5       59,99  ...        Y   932.0     1010046
3    51,605   402,75     67,2925  ...        Y   599.0     1010047
4    53,325   435,75          50  ...        Y   772.0     1010048

[5 rows x 100 columns]
[2022-06-29 20:59:57,658] {logging_mixin.py:104} INFO - rev_mean        object
mou_mean        object
totmrc_mean     object
da_mean         object
ovrmou_mean     object
                ...   
kid11_15        object
kid16_17        object
creditcd        object
eqpdays        float64
customer_id      int64
Length: 100, dtype: object
[2022-06-29 20:59:57,659] {logging_mixin.py:104} INFO - **************** FLOAT COLUmNS *********************
[2022-06-29 21:00:09,044] {logging_mixin.py:104} INFO -    rev_mean  mou_mean  totmrc_mean  da_mean  ...  avgrev   avgmou  avgqty  hnd_price
0  116.2625   2179.25      74.9925   5.4450  ...   89.71  1465.85  688.42  199.98999
1   16.3050      8.00      16.3050   0.0000  ...   18.78     7.19    2.55   29.98999
2   54.1450    545.50      59.9900   1.9800  ...   76.69   634.10  230.03   29.98999
3   51.6050    402.75      67.2925   0.7425  ...   62.85   580.82  188.06   79.98999
4   53.3250    435.75      50.0000   0.0000  ...   53.94   421.66   82.45   29.98999

[5 rows x 56 columns]
[2022-06-29 21:00:09,045] {logging_mixin.py:104} INFO - **************** OBJECT COLUmNS *********************
[2022-06-29 21:00:09,825] {logging_mixin.py:104} INFO - ************+***********RESULTS*****************************
[2022-06-29 21:00:09,838] {logging_mixin.py:104} INFO - FLOAT64 (100000, 69)
[2022-06-29 21:00:09,845] {logging_mixin.py:104} INFO - INT64 (100000, 10)
[2022-06-29 21:00:09,850] {logging_mixin.py:104} INFO - STRING (100000, 21)
[2022-06-29 21:00:10,263] {logging_mixin.py:104} INFO -    rev_mean  mou_mean  totmrc_mean  ...  creditcd  eqpdays  customer_id
0  116.2625   2179.25      74.9925  ...         N     -2.0      1010044
1   16.3050      8.00      16.3050  ...         N    978.0      1010045
2   54.1450    545.50      59.9900  ...         Y    932.0      1010046
3   51.6050    402.75      67.2925  ...         Y    599.0      1010047
4   53.3250    435.75      50.0000  ...         Y    772.0      1010048

[5 rows x 100 columns]
[2022-06-29 21:00:41,150] {base.py:74} INFO - Using connection to: id: postgres_conection. Host: host.docker.internal, Port: 5432, Schema: data_company, Login: airflow, Password: XXXXXXXX, extra: None
[2022-06-29 21:00:47,096] {python.py:118} INFO - Done. Returned value was: None
[2022-06-29 21:00:47,122] {taskinstance.py:1166} INFO - Marking task as SUCCESS. dag_id=SDG_Enrique_V0, task_id=readCSV_convertColumns, execution_date=20220629T000000, start_date=20220629T205952, end_date=20220629T210047
[2022-06-29 21:00:47,164] {taskinstance.py:1220} INFO - 1 downstream tasks scheduled from follow-on schedule check
[2022-06-29 21:00:47,268] {local_task_job.py:146} INFO - Task exited with return code 0
[2022-06-29 21:53:05,695] {taskinstance.py:851} INFO - Dependencies all met for <TaskInstance: SDG_Enrique_V0.readCSV_convertColumns 2022-06-29T00:00:00+00:00 [queued]>
[2022-06-29 21:53:05,712] {taskinstance.py:851} INFO - Dependencies all met for <TaskInstance: SDG_Enrique_V0.readCSV_convertColumns 2022-06-29T00:00:00+00:00 [queued]>
[2022-06-29 21:53:05,712] {taskinstance.py:1042} INFO - 
--------------------------------------------------------------------------------
[2022-06-29 21:53:05,713] {taskinstance.py:1043} INFO - Starting attempt 1 of 1
[2022-06-29 21:53:05,714] {taskinstance.py:1044} INFO - 
--------------------------------------------------------------------------------
[2022-06-29 21:53:05,722] {taskinstance.py:1063} INFO - Executing <Task(PythonOperator): readCSV_convertColumns> on 2022-06-29T00:00:00+00:00
[2022-06-29 21:53:05,727] {standard_task_runner.py:52} INFO - Started process 635 to run task
[2022-06-29 21:53:05,732] {standard_task_runner.py:76} INFO - Running: ['airflow', 'tasks', 'run', 'SDG_Enrique_V0', 'readCSV_convertColumns', '2022-06-29T00:00:00+00:00', '--job-id', '1467', '--pool', 'default_pool', '--raw', '--subdir', 'DAGS_FOLDER/company_forecasting.py', '--cfg-path', '/tmp/tmp0tfk1bnc', '--error-file', '/tmp/tmpebatnw8i']
[2022-06-29 21:53:05,735] {standard_task_runner.py:77} INFO - Job 1467: Subtask readCSV_convertColumns
[2022-06-29 21:53:05,781] {logging_mixin.py:104} INFO - Running <TaskInstance: SDG_Enrique_V0.readCSV_convertColumns 2022-06-29T00:00:00+00:00 [running]> on host daae6b127c15
[2022-06-29 21:53:05,826] {taskinstance.py:1257} INFO - Exporting the following env vars:
AIRFLOW_CTX_DAG_EMAIL=enrique-liebana@outlook.com
AIRFLOW_CTX_DAG_OWNER=Enrique Liebana Peña
AIRFLOW_CTX_DAG_ID=SDG_Enrique_V0
AIRFLOW_CTX_TASK_ID=readCSV_convertColumns
AIRFLOW_CTX_EXECUTION_DATE=2022-06-29T00:00:00+00:00
AIRFLOW_CTX_DAG_RUN_ID=manual__2022-06-29T00:00:00+00:00
[2022-06-29 21:53:07,691] {logging_mixin.py:104} WARNING - /home/airflow/.local/lib/python3.6/site-packages/airflow/models/taskinstance.py:1315 DtypeWarning: Columns (46,56,59) have mixed types.Specify dtype option on import or set low_memory=False.
[2022-06-29 21:53:07,974] {logging_mixin.py:104} INFO -   rev_mean mou_mean totmrc_mean  ... creditcd eqpdays customer_id
0  23,9975   219,25        22,5  ...        Y   361.0     1000001
1  57,4925   482,75      37,425  ...        Y   240.0     1000002
2    16,99    10,25       16,99  ...        Y  1504.0     1000003
3       38      7,5          38  ...        Y  1812.0     1000004
4    55,23    570,5       71,98  ...        Y   434.0     1000005

[5 rows x 100 columns]
[2022-06-29 21:53:07,976] {logging_mixin.py:104} INFO - rev_mean        object
mou_mean        object
totmrc_mean     object
da_mean         object
ovrmou_mean     object
                ...   
kid11_15        object
kid16_17        object
creditcd        object
eqpdays        float64
customer_id      int64
Length: 100, dtype: object
[2022-06-29 21:53:07,977] {logging_mixin.py:104} INFO - **************** FLOAT COLUmNS *********************
[2022-06-29 21:53:14,804] {logging_mixin.py:104} INFO -    rev_mean  mou_mean  totmrc_mean  da_mean  ...  avgrev  avgmou  avgqty  hnd_price
0   23.9975    219.25       22.500   0.2475  ...   29.66   83.37   32.69  149.98999
1   57.4925    482.75       37.425   0.2475  ...   51.53  479.40  265.89        NaN
2   16.9900     10.25       16.990   0.0000  ...   34.54  433.98  140.86   29.98999
3   38.0000      7.50       38.000   0.0000  ...   40.45   63.23   30.81   29.98999
4   55.2300    570.50       71.980   0.0000  ...   38.69  249.38   79.50  149.98999

[5 rows x 56 columns]
[2022-06-29 21:53:14,807] {logging_mixin.py:104} INFO - **************** OBJECT COLUmNS *********************
[2022-06-29 21:53:15,246] {logging_mixin.py:104} INFO - ************+***********RESULTS*****************************
[2022-06-29 21:53:15,261] {logging_mixin.py:104} INFO - FLOAT64 (100000, 69)
[2022-06-29 21:53:15,264] {logging_mixin.py:104} INFO - INT64 (100000, 10)
[2022-06-29 21:53:15,266] {logging_mixin.py:104} INFO - STRING (100000, 21)
[2022-06-29 21:53:15,368] {logging_mixin.py:104} INFO -    rev_mean  mou_mean  totmrc_mean  ...  creditcd  eqpdays  customer_id
0   23.9975    219.25       22.500  ...         Y    361.0      1000001
1   57.4925    482.75       37.425  ...         Y    240.0      1000002
2   16.9900     10.25       16.990  ...         Y   1504.0      1000003
3   38.0000      7.50       38.000  ...         Y   1812.0      1000004
4   55.2300    570.50       71.980  ...         Y    434.0      1000005

[5 rows x 100 columns]
[2022-06-29 21:53:35,873] {base.py:74} INFO - Using connection to: id: postgres_conection. Host: host.docker.internal, Port: 5432, Schema: data_company, Login: airflow, Password: XXXXXXXX, extra: None
[2022-06-29 21:53:39,520] {python.py:118} INFO - Done. Returned value was: None
[2022-06-29 21:53:39,535] {taskinstance.py:1166} INFO - Marking task as SUCCESS. dag_id=SDG_Enrique_V0, task_id=readCSV_convertColumns, execution_date=20220629T000000, start_date=20220629T215305, end_date=20220629T215339
[2022-06-29 21:53:39,568] {taskinstance.py:1220} INFO - 1 downstream tasks scheduled from follow-on schedule check
[2022-06-29 21:53:39,639] {local_task_job.py:146} INFO - Task exited with return code 0
[2022-07-01 10:36:08,431] {taskinstance.py:851} INFO - Dependencies all met for <TaskInstance: SDG_Enrique_V0.readCSV_convertColumns 2022-06-29T00:00:00+00:00 [queued]>
[2022-07-01 10:36:08,468] {taskinstance.py:851} INFO - Dependencies all met for <TaskInstance: SDG_Enrique_V0.readCSV_convertColumns 2022-06-29T00:00:00+00:00 [queued]>
[2022-07-01 10:36:08,469] {taskinstance.py:1042} INFO - 
--------------------------------------------------------------------------------
[2022-07-01 10:36:08,470] {taskinstance.py:1043} INFO - Starting attempt 1 of 1
[2022-07-01 10:36:08,470] {taskinstance.py:1044} INFO - 
--------------------------------------------------------------------------------
[2022-07-01 10:36:08,490] {taskinstance.py:1063} INFO - Executing <Task(PythonOperator): readCSV_convertColumns> on 2022-06-29T00:00:00+00:00
[2022-07-01 10:36:08,507] {standard_task_runner.py:52} INFO - Started process 14985 to run task
[2022-07-01 10:36:08,520] {standard_task_runner.py:76} INFO - Running: ['airflow', 'tasks', 'run', 'SDG_Enrique_V0', 'readCSV_convertColumns', '2022-06-29T00:00:00+00:00', '--job-id', '1564', '--pool', 'default_pool', '--raw', '--subdir', 'DAGS_FOLDER/company_forecasting.py', '--cfg-path', '/tmp/tmpcukyurp6', '--error-file', '/tmp/tmp1nvs72jt']
[2022-07-01 10:36:08,524] {standard_task_runner.py:77} INFO - Job 1564: Subtask readCSV_convertColumns
[2022-07-01 10:36:08,636] {logging_mixin.py:104} INFO - Running <TaskInstance: SDG_Enrique_V0.readCSV_convertColumns 2022-06-29T00:00:00+00:00 [running]> on host 14dddcffc0ea
[2022-07-01 10:36:08,724] {taskinstance.py:1257} INFO - Exporting the following env vars:
AIRFLOW_CTX_DAG_EMAIL=enrique-liebana@outlook.com
AIRFLOW_CTX_DAG_OWNER=Enrique Liebana Peña
AIRFLOW_CTX_DAG_ID=SDG_Enrique_V0
AIRFLOW_CTX_TASK_ID=readCSV_convertColumns
AIRFLOW_CTX_EXECUTION_DATE=2022-06-29T00:00:00+00:00
AIRFLOW_CTX_DAG_RUN_ID=scheduled__2022-06-29T00:00:00+00:00
[2022-07-01 10:36:15,578] {logging_mixin.py:104} WARNING - /home/airflow/.local/lib/python3.6/site-packages/airflow/models/taskinstance.py:1315 DtypeWarning: Columns (56,59) have mixed types.Specify dtype option on import or set low_memory=False.
[2022-07-01 10:36:16,113] {logging_mixin.py:104} INFO -   rev_mean mou_mean  totmrc_mean  ... creditcd eqpdays customer_id
0  50,2375    775,5        69,99  ...        Y   202.0     1091523
1   30,935    33,75      33,7425  ...        Y   248.0     1091524
2        5        0            0  ...        N   128.0     1091525
3    36,32      403  6,666666667  ...        Y   122.0     1091526
4  65,5425    934,5        59,99  ...        N   202.0     1091527

[5 rows x 100 columns]
[2022-07-01 10:36:16,118] {logging_mixin.py:104} INFO - rev_mean        object
mou_mean        object
totmrc_mean     object
da_mean         object
ovrmou_mean     object
                ...   
kid11_15        object
kid16_17        object
creditcd        object
eqpdays        float64
customer_id      int64
Length: 100, dtype: object
[2022-07-01 10:36:16,119] {logging_mixin.py:104} INFO - **************** FLOAT COLUmNS *********************
[2022-07-01 10:36:36,491] {logging_mixin.py:104} INFO -    rev_mean  mou_mean  totmrc_mean  da_mean  ...  avgrev   avgmou  avgqty  hnd_price
0   50.2375    775.50    69.990000   0.2475  ...   50.77   851.00  108.50  149.98999
1   30.9350     33.75    33.742500   0.4950  ...   47.43    65.63   25.00  199.98999
2    5.0000      0.00     0.000000   0.0000  ...   96.59  1433.33  379.83   99.98999
3   36.3200    403.00     6.666667   1.3200  ...   33.62   425.33  134.67   79.98999
4   65.5425    934.50    59.990000   0.0000  ...   63.72  1088.83  169.83  199.98999

[5 rows x 56 columns]
[2022-07-01 10:36:36,496] {logging_mixin.py:104} INFO - **************** OBJECT COLUmNS *********************
[2022-07-01 10:36:37,110] {logging_mixin.py:104} INFO - ************+***********RESULTS*****************************
[2022-07-01 10:36:37,138] {logging_mixin.py:104} INFO - FLOAT64 (100000, 69)
[2022-07-01 10:36:37,143] {logging_mixin.py:104} INFO - INT64 (100000, 10)
[2022-07-01 10:36:37,151] {logging_mixin.py:104} INFO - STRING (100000, 21)
[2022-07-01 10:36:37,291] {logging_mixin.py:104} INFO -    rev_mean  mou_mean  totmrc_mean  ...  creditcd  eqpdays  customer_id
0   50.2375    775.50    69.990000  ...         Y    202.0      1091523
1   30.9350     33.75    33.742500  ...         Y    248.0      1091524
2    5.0000      0.00     0.000000  ...         N    128.0      1091525
3   36.3200    403.00     6.666667  ...         Y    122.0      1091526
4   65.5425    934.50    59.990000  ...         N    202.0      1091527

[5 rows x 100 columns]
[2022-07-01 10:37:16,146] {base.py:74} INFO - Using connection to: id: postgres_conection. Host: host.docker.internal, Port: 5432, Schema: data_company, Login: airflow, Password: XXXXXXXX, extra: None
[2022-07-01 10:37:24,363] {python.py:118} INFO - Done. Returned value was: None
[2022-07-01 10:37:24,405] {taskinstance.py:1166} INFO - Marking task as SUCCESS. dag_id=SDG_Enrique_V0, task_id=readCSV_convertColumns, execution_date=20220629T000000, start_date=20220701T103608, end_date=20220701T103724
[2022-07-01 10:37:24,646] {taskinstance.py:1220} INFO - 1 downstream tasks scheduled from follow-on schedule check
[2022-07-01 10:37:24,767] {local_task_job.py:146} INFO - Task exited with return code 0
