[2022-06-29 21:06:53,090] {taskinstance.py:851} INFO - Dependencies all met for <TaskInstance: SDG_Enrique_V0.readCSV_convertColumns 2022-06-29T00:00:00+00:00 [queued]>
[2022-06-29 21:06:53,108] {taskinstance.py:851} INFO - Dependencies all met for <TaskInstance: SDG_Enrique_V0.readCSV_convertColumns 2022-06-29T00:00:00+00:00 [queued]>
[2022-06-29 21:06:53,109] {taskinstance.py:1042} INFO - 
--------------------------------------------------------------------------------
[2022-06-29 21:06:53,110] {taskinstance.py:1043} INFO - Starting attempt 2 of 2
[2022-06-29 21:06:53,110] {taskinstance.py:1044} INFO - 
--------------------------------------------------------------------------------
[2022-06-29 21:06:53,119] {taskinstance.py:1063} INFO - Executing <Task(PythonOperator): readCSV_convertColumns> on 2022-06-29T00:00:00+00:00
[2022-06-29 21:06:53,127] {standard_task_runner.py:52} INFO - Started process 300 to run task
[2022-06-29 21:06:53,134] {standard_task_runner.py:76} INFO - Running: ['airflow', 'tasks', 'run', 'SDG_Enrique_V0', 'readCSV_convertColumns', '2022-06-29T00:00:00+00:00', '--job-id', '1399', '--pool', 'default_pool', '--raw', '--subdir', 'DAGS_FOLDER/company_forecasting.py', '--cfg-path', '/tmp/tmpez7_80y_', '--error-file', '/tmp/tmpy9r2wd2g']
[2022-06-29 21:06:53,137] {standard_task_runner.py:77} INFO - Job 1399: Subtask readCSV_convertColumns
[2022-06-29 21:06:53,266] {logging_mixin.py:104} INFO - Running <TaskInstance: SDG_Enrique_V0.readCSV_convertColumns 2022-06-29T00:00:00+00:00 [running]> on host b7cac64f9a9a
[2022-06-29 21:06:53,323] {taskinstance.py:1257} INFO - Exporting the following env vars:
AIRFLOW_CTX_DAG_EMAIL=enrique-liebana@outlook.com
AIRFLOW_CTX_DAG_OWNER=Enrique Liebana Peña
AIRFLOW_CTX_DAG_ID=SDG_Enrique_V0
AIRFLOW_CTX_TASK_ID=readCSV_convertColumns
AIRFLOW_CTX_EXECUTION_DATE=2022-06-29T00:00:00+00:00
AIRFLOW_CTX_DAG_RUN_ID=manual__2022-06-29T00:00:00+00:00
[2022-06-29 21:06:59,458] {logging_mixin.py:104} WARNING - /home/airflow/.local/lib/python3.6/site-packages/airflow/models/taskinstance.py:1315 DtypeWarning: Columns (46,56,59) have mixed types.Specify dtype option on import or set low_memory=False.
[2022-06-29 21:07:03,449] {logging_mixin.py:104} INFO -   rev_mean mou_mean totmrc_mean  ... creditcd eqpdays customer_id
0  23,9975   219,25        22,5  ...        Y   361.0     1000001
1  57,4925   482,75      37,425  ...        Y   240.0     1000002
2    16,99    10,25       16,99  ...        Y  1504.0     1000003
3       38      7,5          38  ...        Y  1812.0     1000004
4    55,23    570,5       71,98  ...        Y   434.0     1000005

[5 rows x 100 columns]
[2022-06-29 21:07:03,604] {logging_mixin.py:104} INFO - rev_mean        object
mou_mean        object
totmrc_mean     object
da_mean         object
ovrmou_mean     object
                ...   
kid11_15        object
kid16_17        object
creditcd        object
eqpdays        float64
customer_id      int64
Length: 100, dtype: object
[2022-06-29 21:07:03,606] {logging_mixin.py:104} INFO - **************** FLOAT COLUmNS *********************
[2022-06-29 21:07:08,811] {local_task_job.py:188} WARNING - State of this instance has been externally set to shutdown. Terminating instance.
[2022-06-29 21:07:08,823] {process_utils.py:100} INFO - Sending Signals.SIGTERM to GPID 300
[2022-06-29 21:07:08,825] {taskinstance.py:1239} ERROR - Received SIGTERM. Terminating subprocesses.
[2022-06-29 21:07:08,863] {taskinstance.py:1455} ERROR - Task received SIGTERM signal
Traceback (most recent call last):
  File "/home/airflow/.local/lib/python3.6/site-packages/airflow/models/taskinstance.py", line 1112, in _run_raw_task
    self._prepare_and_execute_task_with_callbacks(context, task)
  File "/home/airflow/.local/lib/python3.6/site-packages/airflow/models/taskinstance.py", line 1285, in _prepare_and_execute_task_with_callbacks
    result = self._execute_task(context, task_copy)
  File "/home/airflow/.local/lib/python3.6/site-packages/airflow/models/taskinstance.py", line 1315, in _execute_task
    result = task_copy.execute(context=context)
  File "/home/airflow/.local/lib/python3.6/site-packages/airflow/operators/python.py", line 117, in execute
    return_value = self.execute_callable()
  File "/home/airflow/.local/lib/python3.6/site-packages/airflow/operators/python.py", line 128, in execute_callable
    return self.python_callable(*self.op_args, **self.op_kwargs)
  File "/opt/airflow/dags/company_forecasting.py", line 65, in read_and_convertColumns
    data_company[a]=data_company[a].astype(str).str.replace(',', '.').astype(float)
  File "/home/airflow/.local/lib/python3.6/site-packages/pandas/core/strings.py", line 2001, in wrapper
    return func(self, *args, **kwargs)
  File "/home/airflow/.local/lib/python3.6/site-packages/pandas/core/strings.py", line 2845, in replace
    self._parent, pat, repl, n=n, case=case, flags=flags, regex=regex
  File "/home/airflow/.local/lib/python3.6/site-packages/pandas/core/strings.py", line 723, in str_replace
    return _na_map(f, arr, dtype=str)
  File "/home/airflow/.local/lib/python3.6/site-packages/pandas/core/strings.py", line 130, in _na_map
    return _map_object(f, arr, na_mask=True, na_value=na_result, dtype=dtype)
  File "/home/airflow/.local/lib/python3.6/site-packages/pandas/core/strings.py", line 215, in _map_object
    result = lib.map_infer_mask(arr, f, mask.view(np.uint8), convert)
  File "pandas/_libs/lib.pyx", line 2363, in pandas._libs.lib.map_infer_mask
  File "/home/airflow/.local/lib/python3.6/site-packages/pandas/core/strings.py", line 713, in <lambda>
    f = lambda x: x.replace(pat, repl, n)
  File "/home/airflow/.local/lib/python3.6/site-packages/airflow/models/taskinstance.py", line 1241, in signal_handler
    raise AirflowException("Task received SIGTERM signal")
airflow.exceptions.AirflowException: Task received SIGTERM signal
[2022-06-29 21:07:08,880] {taskinstance.py:1503} INFO - Marking task as FAILED. dag_id=SDG_Enrique_V0, task_id=readCSV_convertColumns, execution_date=20220629T000000, start_date=20220629T210653, end_date=20220629T210708
[2022-06-29 21:07:09,046] {process_utils.py:66} INFO - Process psutil.Process(pid=300, status='terminated', exitcode=1, started='21:06:52') (300) terminated with exit code 1
[2022-06-29 21:57:40,482] {taskinstance.py:851} INFO - Dependencies all met for <TaskInstance: SDG_Enrique_V0.readCSV_convertColumns 2022-06-29T00:00:00+00:00 [queued]>
[2022-06-29 21:57:40,499] {taskinstance.py:851} INFO - Dependencies all met for <TaskInstance: SDG_Enrique_V0.readCSV_convertColumns 2022-06-29T00:00:00+00:00 [queued]>
[2022-06-29 21:57:40,500] {taskinstance.py:1042} INFO - 
--------------------------------------------------------------------------------
[2022-06-29 21:57:40,500] {taskinstance.py:1043} INFO - Starting attempt 2 of 2
[2022-06-29 21:57:40,501] {taskinstance.py:1044} INFO - 
--------------------------------------------------------------------------------
[2022-06-29 21:57:40,510] {taskinstance.py:1063} INFO - Executing <Task(PythonOperator): readCSV_convertColumns> on 2022-06-29T00:00:00+00:00
[2022-06-29 21:57:40,516] {standard_task_runner.py:52} INFO - Started process 1065 to run task
[2022-06-29 21:57:40,521] {standard_task_runner.py:76} INFO - Running: ['airflow', 'tasks', 'run', 'SDG_Enrique_V0', 'readCSV_convertColumns', '2022-06-29T00:00:00+00:00', '--job-id', '1476', '--pool', 'default_pool', '--raw', '--subdir', 'DAGS_FOLDER/company_forecasting.py', '--cfg-path', '/tmp/tmp3oyg48ld', '--error-file', '/tmp/tmpic35ijg9']
[2022-06-29 21:57:40,523] {standard_task_runner.py:77} INFO - Job 1476: Subtask readCSV_convertColumns
[2022-06-29 21:57:40,573] {logging_mixin.py:104} INFO - Running <TaskInstance: SDG_Enrique_V0.readCSV_convertColumns 2022-06-29T00:00:00+00:00 [running]> on host daae6b127c15
[2022-06-29 21:57:40,615] {taskinstance.py:1257} INFO - Exporting the following env vars:
AIRFLOW_CTX_DAG_EMAIL=enrique-liebana@outlook.com
AIRFLOW_CTX_DAG_OWNER=Enrique Liebana Peña
AIRFLOW_CTX_DAG_ID=SDG_Enrique_V0
AIRFLOW_CTX_TASK_ID=readCSV_convertColumns
AIRFLOW_CTX_EXECUTION_DATE=2022-06-29T00:00:00+00:00
AIRFLOW_CTX_DAG_RUN_ID=manual__2022-06-29T00:00:00+00:00
[2022-06-29 21:57:42,947] {logging_mixin.py:104} WARNING - /home/airflow/.local/lib/python3.6/site-packages/airflow/models/taskinstance.py:1315 DtypeWarning: Columns (46,56,59) have mixed types.Specify dtype option on import or set low_memory=False.
[2022-06-29 21:57:43,323] {logging_mixin.py:104} INFO -   rev_mean mou_mean totmrc_mean  ... creditcd eqpdays customer_id
0  23,9975   219,25        22,5  ...        Y   361.0     1000001
1  57,4925   482,75      37,425  ...        Y   240.0     1000002
2    16,99    10,25       16,99  ...        Y  1504.0     1000003
3       38      7,5          38  ...        Y  1812.0     1000004
4    55,23    570,5       71,98  ...        Y   434.0     1000005

[5 rows x 100 columns]
[2022-06-29 21:57:43,326] {logging_mixin.py:104} INFO - rev_mean        object
mou_mean        object
totmrc_mean     object
da_mean         object
ovrmou_mean     object
                ...   
kid11_15        object
kid16_17        object
creditcd        object
eqpdays        float64
customer_id      int64
Length: 100, dtype: object
[2022-06-29 21:57:43,327] {logging_mixin.py:104} INFO - **************** FLOAT COLUmNS *********************
[2022-06-29 21:57:50,068] {logging_mixin.py:104} INFO -    rev_mean  mou_mean  totmrc_mean  da_mean  ...  avgrev  avgmou  avgqty  hnd_price
0   23.9975    219.25       22.500   0.2475  ...   29.66   83.37   32.69  149.98999
1   57.4925    482.75       37.425   0.2475  ...   51.53  479.40  265.89        NaN
2   16.9900     10.25       16.990   0.0000  ...   34.54  433.98  140.86   29.98999
3   38.0000      7.50       38.000   0.0000  ...   40.45   63.23   30.81   29.98999
4   55.2300    570.50       71.980   0.0000  ...   38.69  249.38   79.50  149.98999

[5 rows x 56 columns]
[2022-06-29 21:57:50,072] {logging_mixin.py:104} INFO - **************** OBJECT COLUmNS *********************
[2022-06-29 21:57:51,220] {logging_mixin.py:104} INFO - ************+***********RESULTS*****************************
[2022-06-29 21:57:51,285] {logging_mixin.py:104} INFO - FLOAT64 (100000, 69)
[2022-06-29 21:57:51,295] {logging_mixin.py:104} INFO - INT64 (100000, 10)
[2022-06-29 21:57:51,304] {logging_mixin.py:104} INFO - STRING (100000, 21)
[2022-06-29 21:57:51,462] {logging_mixin.py:104} INFO -    rev_mean  mou_mean  totmrc_mean  ...  creditcd  eqpdays  customer_id
0   23.9975    219.25       22.500  ...         Y    361.0      1000001
1   57.4925    482.75       37.425  ...         Y    240.0      1000002
2   16.9900     10.25       16.990  ...         Y   1504.0      1000003
3   38.0000      7.50       38.000  ...         Y   1812.0      1000004
4   55.2300    570.50       71.980  ...         Y    434.0      1000005

[5 rows x 100 columns]
[2022-06-29 21:58:22,367] {base.py:74} INFO - Using connection to: id: postgres_conection. Host: host.docker.internal, Port: 5432, Schema: data_company, Login: airflow, Password: XXXXXXXX, extra: None
[2022-06-29 21:58:26,788] {python.py:118} INFO - Done. Returned value was: None
[2022-06-29 21:58:26,840] {taskinstance.py:1166} INFO - Marking task as SUCCESS. dag_id=SDG_Enrique_V0, task_id=readCSV_convertColumns, execution_date=20220629T000000, start_date=20220629T215740, end_date=20220629T215826
[2022-06-29 21:58:26,928] {taskinstance.py:1220} INFO - 1 downstream tasks scheduled from follow-on schedule check
[2022-06-29 21:58:27,051] {local_task_job.py:146} INFO - Task exited with return code 0
