[2022-06-27 10:09:39,875] {taskinstance.py:851} INFO - Dependencies all met for <TaskInstance: trigger_dag.gridSearchLR 2022-06-27T09:37:53.148902+00:00 [queued]>
[2022-06-27 10:09:39,891] {taskinstance.py:851} INFO - Dependencies all met for <TaskInstance: trigger_dag.gridSearchLR 2022-06-27T09:37:53.148902+00:00 [queued]>
[2022-06-27 10:09:39,892] {taskinstance.py:1042} INFO - 
--------------------------------------------------------------------------------
[2022-06-27 10:09:39,893] {taskinstance.py:1043} INFO - Starting attempt 1 of 1
[2022-06-27 10:09:39,895] {taskinstance.py:1044} INFO - 
--------------------------------------------------------------------------------
[2022-06-27 10:09:39,913] {taskinstance.py:1063} INFO - Executing <Task(PythonOperator): gridSearchLR> on 2022-06-27T09:37:53.148902+00:00
[2022-06-27 10:09:39,920] {standard_task_runner.py:52} INFO - Started process 177 to run task
[2022-06-27 10:09:39,932] {standard_task_runner.py:76} INFO - Running: ['airflow', 'tasks', 'run', 'trigger_dag', 'gridSearchLR', '2022-06-27T09:37:53.148902+00:00', '--job-id', '479', '--pool', 'default_pool', '--raw', '--subdir', 'DAGS_FOLDER/trigger_dag.py', '--cfg-path', '/tmp/tmpbud2i6eu', '--error-file', '/tmp/tmpvf3jo8fm']
[2022-06-27 10:09:39,934] {standard_task_runner.py:77} INFO - Job 479: Subtask gridSearchLR
[2022-06-27 10:09:39,989] {logging_mixin.py:104} INFO - Running <TaskInstance: trigger_dag.gridSearchLR 2022-06-27T09:37:53.148902+00:00 [running]> on host 61d9f46d7859
[2022-06-27 10:09:40,056] {taskinstance.py:1257} INFO - Exporting the following env vars:
AIRFLOW_CTX_DAG_OWNER=airflow
AIRFLOW_CTX_DAG_ID=trigger_dag
AIRFLOW_CTX_TASK_ID=gridSearchLR
AIRFLOW_CTX_EXECUTION_DATE=2022-06-27T09:37:53.148902+00:00
AIRFLOW_CTX_DAG_RUN_ID=manual__2022-06-27T09:37:53.148902+00:00
[2022-06-27 10:09:40,157] {logging_mixin.py:104} WARNING - 2022/06/27 10:09:40 WARNING mlflow.tracking.context.git_context: Failed to import Git (the Git executable is probably not on your PATH), so Git SHA is not available. Error: Failed to initialize: Bad git executable.
The git executable must be specified in one of the following ways:
    - be included in your $PATH
    - be set via $GIT_PYTHON_GIT_EXECUTABLE
    - explicitly set via git.refresh()

All git commands will error until this is rectified.

This initial warning can be silenced or aggravated in the future by setting the
$GIT_PYTHON_REFRESH environment variable. Use one of the following values:
    - quiet|q|silence|s|none|n|0: for no warning or exception
    - warn|w|warning|1: for a printed warning
    - error|e|raise|r|2: for a raised exception

Example:
    export GIT_PYTHON_REFRESH=quiet
[2022-06-27 10:09:40,158] {logging_mixin.py:104} WARNING - 
[2022-06-27 10:09:40,171] {logging_mixin.py:104} INFO - Running mlflow_tracking.py
[2022-06-27 10:09:40,212] {connectionpool.py:752} WARNING - Retrying (Retry(total=4, connect=4, read=5, redirect=5, status=5)) after connection broken by 'NewConnectionError('<urllib3.connection.HTTPConnection object at 0x7f19ddfdbfd0>: Failed to establish a new connection: [Errno 111] Connection refused',)': /api/2.0/mlflow/runs/log-parameter
[2022-06-27 10:09:44,217] {connectionpool.py:752} WARNING - Retrying (Retry(total=3, connect=3, read=5, redirect=5, status=5)) after connection broken by 'NewConnectionError('<urllib3.connection.HTTPConnection object at 0x7f19ddfdb470>: Failed to establish a new connection: [Errno 111] Connection refused',)': /api/2.0/mlflow/runs/log-parameter
[2022-06-27 10:09:52,227] {connectionpool.py:752} WARNING - Retrying (Retry(total=2, connect=2, read=5, redirect=5, status=5)) after connection broken by 'NewConnectionError('<urllib3.connection.HTTPConnection object at 0x7f19ddfdbac8>: Failed to establish a new connection: [Errno 111] Connection refused',)': /api/2.0/mlflow/runs/log-parameter
