[2022-06-25 17:43:50,318] {taskinstance.py:851} INFO - Dependencies all met for <TaskInstance: SDG_Enrique_V0.postgreSQL_getTable 2022-06-25T17:43:48.544185+00:00 [queued]>
[2022-06-25 17:43:50,335] {taskinstance.py:851} INFO - Dependencies all met for <TaskInstance: SDG_Enrique_V0.postgreSQL_getTable 2022-06-25T17:43:48.544185+00:00 [queued]>
[2022-06-25 17:43:50,336] {taskinstance.py:1042} INFO - 
--------------------------------------------------------------------------------
[2022-06-25 17:43:50,337] {taskinstance.py:1043} INFO - Starting attempt 1 of 1
[2022-06-25 17:43:50,337] {taskinstance.py:1044} INFO - 
--------------------------------------------------------------------------------
[2022-06-25 17:43:50,345] {taskinstance.py:1063} INFO - Executing <Task(PythonOperator): postgreSQL_getTable> on 2022-06-25T17:43:48.544185+00:00
[2022-06-25 17:43:50,350] {standard_task_runner.py:52} INFO - Started process 1296 to run task
[2022-06-25 17:43:50,354] {standard_task_runner.py:76} INFO - Running: ['airflow', 'tasks', 'run', 'SDG_Enrique_V0', 'postgreSQL_getTable', '2022-06-25T17:43:48.544185+00:00', '--job-id', '23', '--pool', 'default_pool', '--raw', '--subdir', 'DAGS_FOLDER/company_forecasting.py', '--cfg-path', '/tmp/tmpmei4oqbx', '--error-file', '/tmp/tmp_58djs8z']
[2022-06-25 17:43:50,359] {standard_task_runner.py:77} INFO - Job 23: Subtask postgreSQL_getTable
[2022-06-25 17:43:50,398] {logging_mixin.py:104} INFO - Running <TaskInstance: SDG_Enrique_V0.postgreSQL_getTable 2022-06-25T17:43:48.544185+00:00 [running]> on host 7ba8bbebd0a2
[2022-06-25 17:43:50,433] {taskinstance.py:1257} INFO - Exporting the following env vars:
AIRFLOW_CTX_DAG_EMAIL=enrique-liebana@outlook.com
AIRFLOW_CTX_DAG_OWNER=Enrique
AIRFLOW_CTX_DAG_ID=SDG_Enrique_V0
AIRFLOW_CTX_TASK_ID=postgreSQL_getTable
AIRFLOW_CTX_EXECUTION_DATE=2022-06-25T17:43:48.544185+00:00
AIRFLOW_CTX_DAG_RUN_ID=manual__2022-06-25T17:43:48.544185+00:00
[2022-06-25 17:43:50,442] {base.py:74} INFO - Using connection to: id: postgres_conection. Host: host.docker.internal, Port: 5432, Schema: data_company, Login: airflow, Password: XXXXXXXX, extra: None
[2022-06-25 17:43:52,855] {taskinstance.py:1455} ERROR - [Errno 2] No such file or directory: 'raw_data/company.csv'
Traceback (most recent call last):
  File "/home/airflow/.local/lib/python3.6/site-packages/airflow/models/taskinstance.py", line 1112, in _run_raw_task
    self._prepare_and_execute_task_with_callbacks(context, task)
  File "/home/airflow/.local/lib/python3.6/site-packages/airflow/models/taskinstance.py", line 1285, in _prepare_and_execute_task_with_callbacks
    result = self._execute_task(context, task_copy)
  File "/home/airflow/.local/lib/python3.6/site-packages/airflow/models/taskinstance.py", line 1315, in _execute_task
    result = task_copy.execute(context=context)
  File "/home/airflow/.local/lib/python3.6/site-packages/airflow/operators/python.py", line 117, in execute
    return_value = self.execute_callable()
  File "/home/airflow/.local/lib/python3.6/site-packages/airflow/operators/python.py", line 128, in execute_callable
    return self.python_callable(*self.op_args, **self.op_kwargs)
  File "/opt/airflow/dags/company_forecasting.py", line 48, in postgreSQL_getTable
    with open(f"raw_data/company.csv", "w") as f:
FileNotFoundError: [Errno 2] No such file or directory: 'raw_data/company.csv'
[2022-06-25 17:43:52,859] {taskinstance.py:1503} INFO - Marking task as FAILED. dag_id=SDG_Enrique_V0, task_id=postgreSQL_getTable, execution_date=20220625T174348, start_date=20220625T174350, end_date=20220625T174352
[2022-06-25 17:43:52,935] {local_task_job.py:146} INFO - Task exited with return code 1
