[2022-06-27 18:26:21,109] {taskinstance.py:851} INFO - Dependencies all met for <TaskInstance: SDG_Enrique_V0.postgreSQL_getTable 2022-06-27T18:26:19.556645+00:00 [queued]>
[2022-06-27 18:26:21,119] {taskinstance.py:851} INFO - Dependencies all met for <TaskInstance: SDG_Enrique_V0.postgreSQL_getTable 2022-06-27T18:26:19.556645+00:00 [queued]>
[2022-06-27 18:26:21,120] {taskinstance.py:1042} INFO - 
--------------------------------------------------------------------------------
[2022-06-27 18:26:21,122] {taskinstance.py:1043} INFO - Starting attempt 1 of 1
[2022-06-27 18:26:21,123] {taskinstance.py:1044} INFO - 
--------------------------------------------------------------------------------
[2022-06-27 18:26:21,135] {taskinstance.py:1063} INFO - Executing <Task(PythonOperator): postgreSQL_getTable> on 2022-06-27T18:26:19.556645+00:00
[2022-06-27 18:26:21,141] {standard_task_runner.py:52} INFO - Started process 730 to run task
[2022-06-27 18:26:21,144] {standard_task_runner.py:76} INFO - Running: ['airflow', 'tasks', 'run', 'SDG_Enrique_V0', 'postgreSQL_getTable', '2022-06-27T18:26:19.556645+00:00', '--job-id', '1292', '--pool', 'default_pool', '--raw', '--subdir', 'DAGS_FOLDER/company_forecasting.py', '--cfg-path', '/tmp/tmp92l9scxh', '--error-file', '/tmp/tmp05uu53n_']
[2022-06-27 18:26:21,147] {standard_task_runner.py:77} INFO - Job 1292: Subtask postgreSQL_getTable
[2022-06-27 18:26:21,190] {logging_mixin.py:104} INFO - Running <TaskInstance: SDG_Enrique_V0.postgreSQL_getTable 2022-06-27T18:26:19.556645+00:00 [running]> on host 8799fce82f30
[2022-06-27 18:26:21,234] {taskinstance.py:1257} INFO - Exporting the following env vars:
AIRFLOW_CTX_DAG_EMAIL=enrique-liebana@outlook.com
AIRFLOW_CTX_DAG_OWNER=Enrique
AIRFLOW_CTX_DAG_ID=SDG_Enrique_V0
AIRFLOW_CTX_TASK_ID=postgreSQL_getTable
AIRFLOW_CTX_EXECUTION_DATE=2022-06-27T18:26:19.556645+00:00
AIRFLOW_CTX_DAG_RUN_ID=manual__2022-06-27T18:26:19.556645+00:00
[2022-06-27 18:26:21,247] {base.py:74} INFO - Using connection to: id: postgres_conection. Host: host.docker.internal, Port: 5432, Schema: data_company, Login: airflow, Password: XXXXXXXX, extra: None
[2022-06-27 18:26:36,170] {company_forecasting.py:78} INFO - Backup Company data in : /raw_data/company.csv
[2022-06-27 18:26:36,171] {python.py:118} INFO - Done. Returned value was: None
[2022-06-27 18:26:36,183] {taskinstance.py:1166} INFO - Marking task as SUCCESS. dag_id=SDG_Enrique_V0, task_id=postgreSQL_getTable, execution_date=20220627T182619, start_date=20220627T182621, end_date=20220627T182636
[2022-06-27 18:26:36,210] {taskinstance.py:1220} INFO - 1 downstream tasks scheduled from follow-on schedule check
[2022-06-27 18:26:36,252] {local_task_job.py:146} INFO - Task exited with return code 0
