[2022-06-26 19:26:53,334] {taskinstance.py:851} INFO - Dependencies all met for <TaskInstance: trigger_dag.gridSearchLR 2022-06-26T19:26:51.220922+00:00 [queued]>
[2022-06-26 19:26:53,355] {taskinstance.py:851} INFO - Dependencies all met for <TaskInstance: trigger_dag.gridSearchLR 2022-06-26T19:26:51.220922+00:00 [queued]>
[2022-06-26 19:26:53,356] {taskinstance.py:1042} INFO - 
--------------------------------------------------------------------------------
[2022-06-26 19:26:53,356] {taskinstance.py:1043} INFO - Starting attempt 1 of 1
[2022-06-26 19:26:53,357] {taskinstance.py:1044} INFO - 
--------------------------------------------------------------------------------
[2022-06-26 19:26:53,367] {taskinstance.py:1063} INFO - Executing <Task(PythonOperator): gridSearchLR> on 2022-06-26T19:26:51.220922+00:00
[2022-06-26 19:26:53,374] {standard_task_runner.py:52} INFO - Started process 641 to run task
[2022-06-26 19:26:53,382] {standard_task_runner.py:76} INFO - Running: ['airflow', 'tasks', 'run', 'trigger_dag', 'gridSearchLR', '2022-06-26T19:26:51.220922+00:00', '--job-id', '290', '--pool', 'default_pool', '--raw', '--subdir', 'DAGS_FOLDER/trigger_dag.py', '--cfg-path', '/tmp/tmpropovq_7', '--error-file', '/tmp/tmpk_755az3']
[2022-06-26 19:26:53,386] {standard_task_runner.py:77} INFO - Job 290: Subtask gridSearchLR
[2022-06-26 19:26:53,437] {logging_mixin.py:104} INFO - Running <TaskInstance: trigger_dag.gridSearchLR 2022-06-26T19:26:51.220922+00:00 [running]> on host 6fc8504e86cf
[2022-06-26 19:26:53,485] {taskinstance.py:1257} INFO - Exporting the following env vars:
AIRFLOW_CTX_DAG_OWNER=airflow
AIRFLOW_CTX_DAG_ID=trigger_dag
AIRFLOW_CTX_TASK_ID=gridSearchLR
AIRFLOW_CTX_EXECUTION_DATE=2022-06-26T19:26:51.220922+00:00
AIRFLOW_CTX_DAG_RUN_ID=manual__2022-06-26T19:26:51.220922+00:00
[2022-06-26 19:27:02,259] {logging_mixin.py:104} WARNING - 2022/06/26 19:27:02 INFO mlflow.tracking.fluent: Experiment with name 'mLflow Logistic Regression' does not exist. Creating a new experiment.
[2022-06-26 19:27:02,378] {logging_mixin.py:104} WARNING - 2022/06/26 19:27:02 WARNING mlflow.tracking.context.git_context: Failed to import Git (the Git executable is probably not on your PATH), so Git SHA is not available. Error: Failed to initialize: Bad git executable.
The git executable must be specified in one of the following ways:
    - be included in your $PATH
    - be set via $GIT_PYTHON_GIT_EXECUTABLE
    - explicitly set via git.refresh()

All git commands will error until this is rectified.

This initial warning can be silenced or aggravated in the future by setting the
$GIT_PYTHON_REFRESH environment variable. Use one of the following values:
    - quiet|q|silence|s|none|n|0: for no warning or exception
    - warn|w|warning|1: for a printed warning
    - error|e|raise|r|2: for a raised exception

Example:
    export GIT_PYTHON_REFRESH=quiet
[2022-06-26 19:27:02,379] {logging_mixin.py:104} WARNING - 
[2022-06-26 19:27:02,391] {logging_mixin.py:104} INFO - newton-cg none 0.0001
[2022-06-26 19:27:02,395] {taskinstance.py:1455} ERROR - name 'StandarScaler' is not defined
Traceback (most recent call last):
  File "/home/airflow/.local/lib/python3.6/site-packages/airflow/models/taskinstance.py", line 1112, in _run_raw_task
    self._prepare_and_execute_task_with_callbacks(context, task)
  File "/home/airflow/.local/lib/python3.6/site-packages/airflow/models/taskinstance.py", line 1285, in _prepare_and_execute_task_with_callbacks
    result = self._execute_task(context, task_copy)
  File "/home/airflow/.local/lib/python3.6/site-packages/airflow/models/taskinstance.py", line 1315, in _execute_task
    result = task_copy.execute(context=context)
  File "/home/airflow/.local/lib/python3.6/site-packages/airflow/operators/python.py", line 117, in execute
    return_value = self.execute_callable()
  File "/home/airflow/.local/lib/python3.6/site-packages/airflow/operators/python.py", line 128, in execute_callable
    return self.python_callable(*self.op_args, **self.op_kwargs)
  File "/opt/airflow/dags/trigger_dag.py", line 40, in _GridSearchLR
    sc=StandarScaler()
NameError: name 'StandarScaler' is not defined
[2022-06-26 19:27:02,399] {taskinstance.py:1503} INFO - Marking task as FAILED. dag_id=trigger_dag, task_id=gridSearchLR, execution_date=20220626T192651, start_date=20220626T192653, end_date=20220626T192702
[2022-06-26 19:27:02,541] {local_task_job.py:146} INFO - Task exited with return code 1
