[2022-06-29 22:08:23,123] {taskinstance.py:851} INFO - Dependencies all met for <TaskInstance: Company_Predict.trigger_target 2022-06-29T22:08:16.331625+00:00 [queued]>
[2022-06-29 22:08:23,235] {taskinstance.py:851} INFO - Dependencies all met for <TaskInstance: Company_Predict.trigger_target 2022-06-29T22:08:16.331625+00:00 [queued]>
[2022-06-29 22:08:23,240] {taskinstance.py:1042} INFO - 
--------------------------------------------------------------------------------
[2022-06-29 22:08:23,242] {taskinstance.py:1043} INFO - Starting attempt 1 of 1
[2022-06-29 22:08:23,243] {taskinstance.py:1044} INFO - 
--------------------------------------------------------------------------------
[2022-06-29 22:08:23,283] {taskinstance.py:1063} INFO - Executing <Task(TriggerDagRunOperator): trigger_target> on 2022-06-29T22:08:16.331625+00:00
[2022-06-29 22:08:23,307] {standard_task_runner.py:52} INFO - Started process 391 to run task
[2022-06-29 22:08:23,344] {standard_task_runner.py:76} INFO - Running: ['airflow', 'tasks', 'run', 'Company_Predict', 'trigger_target', '2022-06-29T22:08:16.331625+00:00', '--job-id', '1518', '--pool', 'default_pool', '--raw', '--subdir', 'DAGS_FOLDER/company_predict.py', '--cfg-path', '/tmp/tmpacck1qlu', '--error-file', '/tmp/tmpju336he_']
[2022-06-29 22:08:23,364] {standard_task_runner.py:77} INFO - Job 1518: Subtask trigger_target
[2022-06-29 22:08:23,823] {logging_mixin.py:104} INFO - Running <TaskInstance: Company_Predict.trigger_target 2022-06-29T22:08:16.331625+00:00 [running]> on host 059caebd5ba5
[2022-06-29 22:08:24,046] {taskinstance.py:1257} INFO - Exporting the following env vars:
AIRFLOW_CTX_DAG_EMAIL=enrique-liebana@outlook.com
AIRFLOW_CTX_DAG_OWNER=Enrique Liebana Peña
AIRFLOW_CTX_DAG_ID=Company_Predict
AIRFLOW_CTX_TASK_ID=trigger_target
AIRFLOW_CTX_EXECUTION_DATE=2022-06-29T22:08:16.331625+00:00
AIRFLOW_CTX_DAG_RUN_ID=manual__2022-06-29T22:08:16.331625+00:00
[2022-06-29 22:08:24,218] {trigger_dagrun.py:140} INFO - Clearing SDG_Enrique_V0 on 2022-06-29T00:00:00+00:00
[2022-06-29 22:08:24,630] {trigger_dagrun.py:165} INFO - Waiting for SDG_Enrique_V0 on 2022-06-29 00:00:00+00:00 to become allowed state ['success'] ...
[2022-06-29 22:09:24,665] {trigger_dagrun.py:165} INFO - Waiting for SDG_Enrique_V0 on 2022-06-29 00:00:00+00:00 to become allowed state ['success'] ...
[2022-06-29 22:10:24,693] {trigger_dagrun.py:165} INFO - Waiting for SDG_Enrique_V0 on 2022-06-29 00:00:00+00:00 to become allowed state ['success'] ...
[2022-06-29 22:11:24,738] {trigger_dagrun.py:165} INFO - Waiting for SDG_Enrique_V0 on 2022-06-29 00:00:00+00:00 to become allowed state ['success'] ...
[2022-06-29 22:12:24,732] {trigger_dagrun.py:165} INFO - Waiting for SDG_Enrique_V0 on 2022-06-29 00:00:00+00:00 to become allowed state ['success'] ...
[2022-06-29 22:13:24,715] {trigger_dagrun.py:174} INFO - SDG_Enrique_V0 finished with allowed state success
[2022-06-29 22:13:24,727] {taskinstance.py:1166} INFO - Marking task as SUCCESS. dag_id=Company_Predict, task_id=trigger_target, execution_date=20220629T220816, start_date=20220629T220823, end_date=20220629T221324
[2022-06-29 22:13:24,789] {taskinstance.py:1220} INFO - 1 downstream tasks scheduled from follow-on schedule check
[2022-06-29 22:13:24,839] {local_task_job.py:146} INFO - Task exited with return code 0
