[2022-06-27 10:31:29,222] {taskinstance.py:851} INFO - Dependencies all met for <TaskInstance: trigger_dag.gridSearchLR 2022-06-27T10:31:27.723183+00:00 [queued]>
[2022-06-27 10:31:29,231] {taskinstance.py:851} INFO - Dependencies all met for <TaskInstance: trigger_dag.gridSearchLR 2022-06-27T10:31:27.723183+00:00 [queued]>
[2022-06-27 10:31:29,232] {taskinstance.py:1042} INFO - 
--------------------------------------------------------------------------------
[2022-06-27 10:31:29,233] {taskinstance.py:1043} INFO - Starting attempt 1 of 1
[2022-06-27 10:31:29,233] {taskinstance.py:1044} INFO - 
--------------------------------------------------------------------------------
[2022-06-27 10:31:29,244] {taskinstance.py:1063} INFO - Executing <Task(PythonOperator): gridSearchLR> on 2022-06-27T10:31:27.723183+00:00
[2022-06-27 10:31:29,250] {standard_task_runner.py:52} INFO - Started process 1821 to run task
[2022-06-27 10:31:29,254] {standard_task_runner.py:76} INFO - Running: ['airflow', 'tasks', 'run', 'trigger_dag', 'gridSearchLR', '2022-06-27T10:31:27.723183+00:00', '--job-id', '581', '--pool', 'default_pool', '--raw', '--subdir', 'DAGS_FOLDER/trigger_dag.py', '--cfg-path', '/tmp/tmpxdrfs2an', '--error-file', '/tmp/tmpgd476den']
[2022-06-27 10:31:29,258] {standard_task_runner.py:77} INFO - Job 581: Subtask gridSearchLR
[2022-06-27 10:31:29,299] {logging_mixin.py:104} INFO - Running <TaskInstance: trigger_dag.gridSearchLR 2022-06-27T10:31:27.723183+00:00 [running]> on host 61d9f46d7859
[2022-06-27 10:31:29,335] {taskinstance.py:1257} INFO - Exporting the following env vars:
AIRFLOW_CTX_DAG_OWNER=airflow
AIRFLOW_CTX_DAG_ID=trigger_dag
AIRFLOW_CTX_TASK_ID=gridSearchLR
AIRFLOW_CTX_EXECUTION_DATE=2022-06-27T10:31:27.723183+00:00
AIRFLOW_CTX_DAG_RUN_ID=manual__2022-06-27T10:31:27.723183+00:00
[2022-06-27 10:31:29,401] {logging_mixin.py:104} WARNING - 2022/06/27 10:31:29 WARNING mlflow.tracking.context.git_context: Failed to import Git (the Git executable is probably not on your PATH), so Git SHA is not available. Error: Failed to initialize: Bad git executable.
The git executable must be specified in one of the following ways:
    - be included in your $PATH
    - be set via $GIT_PYTHON_GIT_EXECUTABLE
    - explicitly set via git.refresh()

All git commands will error until this is rectified.

This initial warning can be silenced or aggravated in the future by setting the
$GIT_PYTHON_REFRESH environment variable. Use one of the following values:
    - quiet|q|silence|s|none|n|0: for no warning or exception
    - warn|w|warning|1: for a printed warning
    - error|e|raise|r|2: for a raised exception

Example:
    export GIT_PYTHON_REFRESH=quiet
[2022-06-27 10:31:29,402] {logging_mixin.py:104} WARNING - 
[2022-06-27 10:31:29,415] {logging_mixin.py:104} INFO - <RunInfo: artifact_uri='file:///opt/airflow/mlruns/0/6ec828c914724ffaa3e64f1babbac3c7/artifacts', end_time=None, experiment_id='0', lifecycle_stage='active', run_id='6ec828c914724ffaa3e64f1babbac3c7', run_uuid='6ec828c914724ffaa3e64f1babbac3c7', start_time=1656325889406, status='RUNNING', user_id='airflow'>
[2022-06-27 10:31:29,416] {logging_mixin.py:104} INFO - Running mlflow_tracking.py
[2022-06-27 10:31:29,420] {taskinstance.py:1455} ERROR - 'module' object is not callable
Traceback (most recent call last):
  File "/home/airflow/.local/lib/python3.6/site-packages/airflow/models/taskinstance.py", line 1112, in _run_raw_task
    self._prepare_and_execute_task_with_callbacks(context, task)
  File "/home/airflow/.local/lib/python3.6/site-packages/airflow/models/taskinstance.py", line 1285, in _prepare_and_execute_task_with_callbacks
    result = self._execute_task(context, task_copy)
  File "/home/airflow/.local/lib/python3.6/site-packages/airflow/models/taskinstance.py", line 1315, in _execute_task
    result = task_copy.execute(context=context)
  File "/home/airflow/.local/lib/python3.6/site-packages/airflow/operators/python.py", line 117, in execute
    return_value = self.execute_callable()
  File "/home/airflow/.local/lib/python3.6/site-packages/airflow/operators/python.py", line 128, in execute_callable
    return self.python_callable(*self.op_args, **self.op_kwargs)
  File "/opt/airflow/dags/trigger_dag.py", line 29, in prueba
    mlflow.log_metric("foo", random())
TypeError: 'module' object is not callable
[2022-06-27 10:31:29,423] {taskinstance.py:1503} INFO - Marking task as FAILED. dag_id=trigger_dag, task_id=gridSearchLR, execution_date=20220627T103127, start_date=20220627T103129, end_date=20220627T103129
[2022-06-27 10:31:29,471] {local_task_job.py:146} INFO - Task exited with return code 1
