[2022-06-25 21:48:52,835] {taskinstance.py:851} INFO - Dependencies all met for <TaskInstance: SDG_Enrique_V0.postgreSQL_getTable 2022-06-25T21:48:51.089344+00:00 [queued]>
[2022-06-25 21:48:52,853] {taskinstance.py:851} INFO - Dependencies all met for <TaskInstance: SDG_Enrique_V0.postgreSQL_getTable 2022-06-25T21:48:51.089344+00:00 [queued]>
[2022-06-25 21:48:52,853] {taskinstance.py:1042} INFO - 
--------------------------------------------------------------------------------
[2022-06-25 21:48:52,854] {taskinstance.py:1043} INFO - Starting attempt 1 of 1
[2022-06-25 21:48:52,855] {taskinstance.py:1044} INFO - 
--------------------------------------------------------------------------------
[2022-06-25 21:48:52,862] {taskinstance.py:1063} INFO - Executing <Task(PythonOperator): postgreSQL_getTable> on 2022-06-25T21:48:51.089344+00:00
[2022-06-25 21:48:52,869] {standard_task_runner.py:52} INFO - Started process 6738 to run task
[2022-06-25 21:48:52,874] {standard_task_runner.py:76} INFO - Running: ['airflow', 'tasks', 'run', 'SDG_Enrique_V0', 'postgreSQL_getTable', '2022-06-25T21:48:51.089344+00:00', '--job-id', '177', '--pool', 'default_pool', '--raw', '--subdir', 'DAGS_FOLDER/company_forecasting.py', '--cfg-path', '/tmp/tmp0fz2_y73', '--error-file', '/tmp/tmpw608qs2j']
[2022-06-25 21:48:52,876] {standard_task_runner.py:77} INFO - Job 177: Subtask postgreSQL_getTable
[2022-06-25 21:48:52,922] {logging_mixin.py:104} INFO - Running <TaskInstance: SDG_Enrique_V0.postgreSQL_getTable 2022-06-25T21:48:51.089344+00:00 [running]> on host 5e8dc4b25004
[2022-06-25 21:48:52,960] {taskinstance.py:1257} INFO - Exporting the following env vars:
AIRFLOW_CTX_DAG_EMAIL=enrique-liebana@outlook.com
AIRFLOW_CTX_DAG_OWNER=Enrique
AIRFLOW_CTX_DAG_ID=SDG_Enrique_V0
AIRFLOW_CTX_TASK_ID=postgreSQL_getTable
AIRFLOW_CTX_EXECUTION_DATE=2022-06-25T21:48:51.089344+00:00
AIRFLOW_CTX_DAG_RUN_ID=manual__2022-06-25T21:48:51.089344+00:00
[2022-06-25 21:48:52,975] {base.py:74} INFO - Using connection to: id: postgres_conection. Host: host.docker.internal, Port: 5432, Schema: data_company, Login: airflow, Password: XXXXXXXX, extra: None
[2022-06-25 21:49:07,005] {company_forecasting.py:82} INFO - Backup Company data in : /raw_data/company.csv
[2022-06-25 21:49:07,006] {python.py:118} INFO - Done. Returned value was: None
[2022-06-25 21:49:07,021] {taskinstance.py:1166} INFO - Marking task as SUCCESS. dag_id=SDG_Enrique_V0, task_id=postgreSQL_getTable, execution_date=20220625T214851, start_date=20220625T214852, end_date=20220625T214907
[2022-06-25 21:49:07,055] {taskinstance.py:1220} INFO - 1 downstream tasks scheduled from follow-on schedule check
[2022-06-25 21:49:07,104] {local_task_job.py:146} INFO - Task exited with return code 0
