[2022-06-26 19:24:49,480] {taskinstance.py:851} INFO - Dependencies all met for <TaskInstance: trigger_dag.gridSearchLR 2022-06-26T19:24:47.592597+00:00 [queued]>
[2022-06-26 19:24:49,503] {taskinstance.py:851} INFO - Dependencies all met for <TaskInstance: trigger_dag.gridSearchLR 2022-06-26T19:24:47.592597+00:00 [queued]>
[2022-06-26 19:24:49,504] {taskinstance.py:1042} INFO - 
--------------------------------------------------------------------------------
[2022-06-26 19:24:49,505] {taskinstance.py:1043} INFO - Starting attempt 1 of 1
[2022-06-26 19:24:49,505] {taskinstance.py:1044} INFO - 
--------------------------------------------------------------------------------
[2022-06-26 19:24:49,516] {taskinstance.py:1063} INFO - Executing <Task(PythonOperator): gridSearchLR> on 2022-06-26T19:24:47.592597+00:00
[2022-06-26 19:24:49,522] {standard_task_runner.py:52} INFO - Started process 440 to run task
[2022-06-26 19:24:49,534] {standard_task_runner.py:76} INFO - Running: ['airflow', 'tasks', 'run', 'trigger_dag', 'gridSearchLR', '2022-06-26T19:24:47.592597+00:00', '--job-id', '284', '--pool', 'default_pool', '--raw', '--subdir', 'DAGS_FOLDER/trigger_dag.py', '--cfg-path', '/tmp/tmpvt_0892q', '--error-file', '/tmp/tmpoelglunx']
[2022-06-26 19:24:49,542] {standard_task_runner.py:77} INFO - Job 284: Subtask gridSearchLR
[2022-06-26 19:24:49,618] {logging_mixin.py:104} INFO - Running <TaskInstance: trigger_dag.gridSearchLR 2022-06-26T19:24:47.592597+00:00 [running]> on host 6fc8504e86cf
[2022-06-26 19:24:49,666] {taskinstance.py:1257} INFO - Exporting the following env vars:
AIRFLOW_CTX_DAG_OWNER=airflow
AIRFLOW_CTX_DAG_ID=trigger_dag
AIRFLOW_CTX_TASK_ID=gridSearchLR
AIRFLOW_CTX_EXECUTION_DATE=2022-06-26T19:24:47.592597+00:00
AIRFLOW_CTX_DAG_RUN_ID=manual__2022-06-26T19:24:47.592597+00:00
[2022-06-26 19:24:49,679] {python.py:118} INFO - Done. Returned value was: None
[2022-06-26 19:24:49,698] {taskinstance.py:1166} INFO - Marking task as SUCCESS. dag_id=trigger_dag, task_id=gridSearchLR, execution_date=20220626T192447, start_date=20220626T192449, end_date=20220626T192449
[2022-06-26 19:24:49,748] {taskinstance.py:1220} INFO - 0 downstream tasks scheduled from follow-on schedule check
[2022-06-26 19:24:49,791] {local_task_job.py:146} INFO - Task exited with return code 0
