[2022-06-26 20:03:45,886] {taskinstance.py:851} INFO - Dependencies all met for <TaskInstance: trigger_dag.gridSearchLR 2022-06-26T20:03:44.191840+00:00 [queued]>
[2022-06-26 20:03:45,901] {taskinstance.py:851} INFO - Dependencies all met for <TaskInstance: trigger_dag.gridSearchLR 2022-06-26T20:03:44.191840+00:00 [queued]>
[2022-06-26 20:03:45,902] {taskinstance.py:1042} INFO - 
--------------------------------------------------------------------------------
[2022-06-26 20:03:45,902] {taskinstance.py:1043} INFO - Starting attempt 1 of 1
[2022-06-26 20:03:45,903] {taskinstance.py:1044} INFO - 
--------------------------------------------------------------------------------
[2022-06-26 20:03:45,914] {taskinstance.py:1063} INFO - Executing <Task(PythonOperator): gridSearchLR> on 2022-06-26T20:03:44.191840+00:00
[2022-06-26 20:03:45,929] {standard_task_runner.py:76} INFO - Running: ['airflow', 'tasks', 'run', 'trigger_dag', 'gridSearchLR', '2022-06-26T20:03:44.191840+00:00', '--job-id', '298', '--pool', 'default_pool', '--raw', '--subdir', 'DAGS_FOLDER/trigger_dag.py', '--cfg-path', '/tmp/tmp2tjtls80', '--error-file', '/tmp/tmpjqe7va37']
[2022-06-26 20:03:45,925] {standard_task_runner.py:52} INFO - Started process 3784 to run task
[2022-06-26 20:03:45,934] {standard_task_runner.py:77} INFO - Job 298: Subtask gridSearchLR
[2022-06-26 20:03:45,990] {logging_mixin.py:104} INFO - Running <TaskInstance: trigger_dag.gridSearchLR 2022-06-26T20:03:44.191840+00:00 [running]> on host 6fc8504e86cf
[2022-06-26 20:03:46,036] {taskinstance.py:1257} INFO - Exporting the following env vars:
AIRFLOW_CTX_DAG_OWNER=airflow
AIRFLOW_CTX_DAG_ID=trigger_dag
AIRFLOW_CTX_TASK_ID=gridSearchLR
AIRFLOW_CTX_EXECUTION_DATE=2022-06-26T20:03:44.191840+00:00
AIRFLOW_CTX_DAG_RUN_ID=manual__2022-06-26T20:03:44.191840+00:00
[2022-06-26 20:03:46,039] {taskinstance.py:1455} ERROR - name 'logger' is not defined
Traceback (most recent call last):
  File "/home/airflow/.local/lib/python3.6/site-packages/airflow/models/taskinstance.py", line 1112, in _run_raw_task
    self._prepare_and_execute_task_with_callbacks(context, task)
  File "/home/airflow/.local/lib/python3.6/site-packages/airflow/models/taskinstance.py", line 1285, in _prepare_and_execute_task_with_callbacks
    result = self._execute_task(context, task_copy)
  File "/home/airflow/.local/lib/python3.6/site-packages/airflow/models/taskinstance.py", line 1315, in _execute_task
    result = task_copy.execute(context=context)
  File "/home/airflow/.local/lib/python3.6/site-packages/airflow/operators/python.py", line 117, in execute
    return_value = self.execute_callable()
  File "/home/airflow/.local/lib/python3.6/site-packages/airflow/operators/python.py", line 128, in execute_callable
    return self.python_callable(*self.op_args, **self.op_kwargs)
  File "/opt/airflow/dags/trigger_dag.py", line 23, in check_mlflow_setting
    logger.info("KWARGS: {}".format(kwargs))
NameError: name 'logger' is not defined
[2022-06-26 20:03:46,043] {taskinstance.py:1503} INFO - Marking task as FAILED. dag_id=trigger_dag, task_id=gridSearchLR, execution_date=20220626T200344, start_date=20220626T200345, end_date=20220626T200346
[2022-06-26 20:03:46,073] {local_task_job.py:146} INFO - Task exited with return code 1
