[2022-06-29 21:52:38,323] {taskinstance.py:851} INFO - Dependencies all met for <TaskInstance: SDG_Enrique_V0.postgreSQL_getTable 2022-06-29T21:52:36.122661+00:00 [queued]>
[2022-06-29 21:52:38,341] {taskinstance.py:851} INFO - Dependencies all met for <TaskInstance: SDG_Enrique_V0.postgreSQL_getTable 2022-06-29T21:52:36.122661+00:00 [queued]>
[2022-06-29 21:52:38,342] {taskinstance.py:1042} INFO - 
--------------------------------------------------------------------------------
[2022-06-29 21:52:38,343] {taskinstance.py:1043} INFO - Starting attempt 1 of 1
[2022-06-29 21:52:38,344] {taskinstance.py:1044} INFO - 
--------------------------------------------------------------------------------
[2022-06-29 21:52:38,355] {taskinstance.py:1063} INFO - Executing <Task(PythonOperator): postgreSQL_getTable> on 2022-06-29T21:52:36.122661+00:00
[2022-06-29 21:52:38,361] {standard_task_runner.py:52} INFO - Started process 583 to run task
[2022-06-29 21:52:38,366] {standard_task_runner.py:76} INFO - Running: ['airflow', 'tasks', 'run', 'SDG_Enrique_V0', 'postgreSQL_getTable', '2022-06-29T21:52:36.122661+00:00', '--job-id', '1463', '--pool', 'default_pool', '--raw', '--subdir', 'DAGS_FOLDER/company_forecasting.py', '--cfg-path', '/tmp/tmpupf5o7sk', '--error-file', '/tmp/tmpfwlp1s66']
[2022-06-29 21:52:38,368] {standard_task_runner.py:77} INFO - Job 1463: Subtask postgreSQL_getTable
[2022-06-29 21:52:38,418] {logging_mixin.py:104} INFO - Running <TaskInstance: SDG_Enrique_V0.postgreSQL_getTable 2022-06-29T21:52:36.122661+00:00 [running]> on host daae6b127c15
[2022-06-29 21:52:38,463] {taskinstance.py:1257} INFO - Exporting the following env vars:
AIRFLOW_CTX_DAG_EMAIL=enrique-liebana@outlook.com
AIRFLOW_CTX_DAG_OWNER=Enrique Liebana Peña
AIRFLOW_CTX_DAG_ID=SDG_Enrique_V0
AIRFLOW_CTX_TASK_ID=postgreSQL_getTable
AIRFLOW_CTX_EXECUTION_DATE=2022-06-29T21:52:36.122661+00:00
AIRFLOW_CTX_DAG_RUN_ID=manual__2022-06-29T21:52:36.122661+00:00
[2022-06-29 21:52:38,475] {base.py:74} INFO - Using connection to: id: postgres_conection. Host: host.docker.internal, Port: 5432, Schema: data_company, Login: airflow, Password: XXXXXXXX, extra: None
[2022-06-29 21:52:57,236] {company_forecasting.py:55} INFO - Backup Company data in : /raw_data/company.csv
[2022-06-29 21:52:57,240] {python.py:118} INFO - Done. Returned value was: None
[2022-06-29 21:52:57,261] {taskinstance.py:1166} INFO - Marking task as SUCCESS. dag_id=SDG_Enrique_V0, task_id=postgreSQL_getTable, execution_date=20220629T215236, start_date=20220629T215238, end_date=20220629T215257
[2022-06-29 21:52:57,331] {taskinstance.py:1220} INFO - 1 downstream tasks scheduled from follow-on schedule check
[2022-06-29 21:52:57,412] {local_task_job.py:146} INFO - Task exited with return code 0
