[2022-06-27 11:26:07,016] {taskinstance.py:851} INFO - Dependencies all met for <TaskInstance: trigger_dag.gridSearchLR 2022-06-27T11:26:05.373577+00:00 [queued]>
[2022-06-27 11:26:07,026] {taskinstance.py:851} INFO - Dependencies all met for <TaskInstance: trigger_dag.gridSearchLR 2022-06-27T11:26:05.373577+00:00 [queued]>
[2022-06-27 11:26:07,026] {taskinstance.py:1042} INFO - 
--------------------------------------------------------------------------------
[2022-06-27 11:26:07,027] {taskinstance.py:1043} INFO - Starting attempt 1 of 1
[2022-06-27 11:26:07,028] {taskinstance.py:1044} INFO - 
--------------------------------------------------------------------------------
[2022-06-27 11:26:07,040] {taskinstance.py:1063} INFO - Executing <Task(PythonOperator): gridSearchLR> on 2022-06-27T11:26:05.373577+00:00
[2022-06-27 11:26:07,046] {standard_task_runner.py:52} INFO - Started process 299 to run task
[2022-06-27 11:26:07,052] {standard_task_runner.py:76} INFO - Running: ['airflow', 'tasks', 'run', 'trigger_dag', 'gridSearchLR', '2022-06-27T11:26:05.373577+00:00', '--job-id', '695', '--pool', 'default_pool', '--raw', '--subdir', 'DAGS_FOLDER/trigger_dag.py', '--cfg-path', '/tmp/tmp_bageg5g', '--error-file', '/tmp/tmpqu70y_6e']
[2022-06-27 11:26:07,055] {standard_task_runner.py:77} INFO - Job 695: Subtask gridSearchLR
[2022-06-27 11:26:07,098] {logging_mixin.py:104} INFO - Running <TaskInstance: trigger_dag.gridSearchLR 2022-06-27T11:26:05.373577+00:00 [running]> on host 61d9f46d7859
[2022-06-27 11:26:07,137] {taskinstance.py:1257} INFO - Exporting the following env vars:
AIRFLOW_CTX_DAG_OWNER=airflow
AIRFLOW_CTX_DAG_ID=trigger_dag
AIRFLOW_CTX_TASK_ID=gridSearchLR
AIRFLOW_CTX_EXECUTION_DATE=2022-06-27T11:26:05.373577+00:00
AIRFLOW_CTX_DAG_RUN_ID=manual__2022-06-27T11:26:05.373577+00:00
[2022-06-27 11:26:07,139] {logging_mixin.py:104} INFO - postgresql://airflow:airflow@postgres:5432/mlflowdb
[2022-06-27 11:26:07,572] {migration.py:163} INFO - Context impl PostgresqlImpl.
[2022-06-27 11:26:07,573] {migration.py:170} INFO - Will assume transactional DDL.
[2022-06-27 11:26:07,577] {taskinstance.py:1455} ERROR - Detected out-of-date database schema (found version bd07f7e963c5, but expected c48cb773bb87). Take a backup of your database, then run 'mlflow db upgrade <database_uri>' to migrate your database to the latest schema. NOTE: schema migration may result in database downtime - please consult your database's documentation for more detail.
Traceback (most recent call last):
  File "/home/airflow/.local/lib/python3.6/site-packages/airflow/models/taskinstance.py", line 1112, in _run_raw_task
    self._prepare_and_execute_task_with_callbacks(context, task)
  File "/home/airflow/.local/lib/python3.6/site-packages/airflow/models/taskinstance.py", line 1285, in _prepare_and_execute_task_with_callbacks
    result = self._execute_task(context, task_copy)
  File "/home/airflow/.local/lib/python3.6/site-packages/airflow/models/taskinstance.py", line 1315, in _execute_task
    result = task_copy.execute(context=context)
  File "/home/airflow/.local/lib/python3.6/site-packages/airflow/operators/python.py", line 117, in execute
    return_value = self.execute_callable()
  File "/home/airflow/.local/lib/python3.6/site-packages/airflow/operators/python.py", line 128, in execute_callable
    return self.python_callable(*self.op_args, **self.op_kwargs)
  File "/opt/airflow/dags/trigger_dag.py", line 41, in prueba
    client = MlflowClient(tracking_uri=tracking_uri)
  File "/home/airflow/.local/lib/python3.6/site-packages/mlflow/tracking/client.py", line 70, in __init__
    self._tracking_client = TrackingServiceClient(final_tracking_uri)
  File "/home/airflow/.local/lib/python3.6/site-packages/mlflow/tracking/_tracking_service/client.py", line 48, in __init__
    self.store
  File "/home/airflow/.local/lib/python3.6/site-packages/mlflow/tracking/_tracking_service/client.py", line 52, in store
    return utils._get_store(self.tracking_uri)
  File "/home/airflow/.local/lib/python3.6/site-packages/mlflow/tracking/_tracking_service/utils.py", line 155, in _get_store
    return _tracking_store_registry.get_store(store_uri, artifact_uri)
  File "/home/airflow/.local/lib/python3.6/site-packages/mlflow/tracking/_tracking_service/registry.py", line 39, in get_store
    return self._get_store_with_resolved_uri(resolved_store_uri, artifact_uri)
  File "/home/airflow/.local/lib/python3.6/site-packages/mlflow/tracking/_tracking_service/registry.py", line 49, in _get_store_with_resolved_uri
    return builder(store_uri=resolved_store_uri, artifact_uri=artifact_uri)
  File "/home/airflow/.local/lib/python3.6/site-packages/mlflow/tracking/_tracking_service/utils.py", line 117, in _get_sqlalchemy_store
    return SqlAlchemyStore(store_uri, artifact_uri)
  File "/home/airflow/.local/lib/python3.6/site-packages/mlflow/store/tracking/sqlalchemy_store.py", line 140, in __init__
    mlflow.store.db.utils._verify_schema(self.engine)
  File "/home/airflow/.local/lib/python3.6/site-packages/mlflow/store/db/utils.py", line 58, in _verify_schema
    "more detail." % (current_rev, head_revision)
mlflow.exceptions.MlflowException: Detected out-of-date database schema (found version bd07f7e963c5, but expected c48cb773bb87). Take a backup of your database, then run 'mlflow db upgrade <database_uri>' to migrate your database to the latest schema. NOTE: schema migration may result in database downtime - please consult your database's documentation for more detail.
[2022-06-27 11:26:07,600] {taskinstance.py:1503} INFO - Marking task as FAILED. dag_id=trigger_dag, task_id=gridSearchLR, execution_date=20220627T112605, start_date=20220627T112607, end_date=20220627T112607
[2022-06-27 11:26:07,631] {local_task_job.py:146} INFO - Task exited with return code 1
