[2022-06-25 21:22:16,867] {taskinstance.py:851} INFO - Dependencies all met for <TaskInstance: SDG_Enrique_V0.readCSV_convertColumns 2022-06-25T21:22:00.534339+00:00 [queued]>
[2022-06-25 21:22:16,882] {taskinstance.py:851} INFO - Dependencies all met for <TaskInstance: SDG_Enrique_V0.readCSV_convertColumns 2022-06-25T21:22:00.534339+00:00 [queued]>
[2022-06-25 21:22:16,883] {taskinstance.py:1042} INFO - 
--------------------------------------------------------------------------------
[2022-06-25 21:22:16,884] {taskinstance.py:1043} INFO - Starting attempt 1 of 1
[2022-06-25 21:22:16,884] {taskinstance.py:1044} INFO - 
--------------------------------------------------------------------------------
[2022-06-25 21:22:16,892] {taskinstance.py:1063} INFO - Executing <Task(PythonOperator): readCSV_convertColumns> on 2022-06-25T21:22:00.534339+00:00
[2022-06-25 21:22:16,899] {standard_task_runner.py:52} INFO - Started process 5512 to run task
[2022-06-25 21:22:16,902] {standard_task_runner.py:76} INFO - Running: ['airflow', 'tasks', 'run', 'SDG_Enrique_V0', 'readCSV_convertColumns', '2022-06-25T21:22:00.534339+00:00', '--job-id', '160', '--pool', 'default_pool', '--raw', '--subdir', 'DAGS_FOLDER/company_forecasting.py', '--cfg-path', '/tmp/tmp_ohdtox3', '--error-file', '/tmp/tmph8mtjo3q']
[2022-06-25 21:22:16,905] {standard_task_runner.py:77} INFO - Job 160: Subtask readCSV_convertColumns
[2022-06-25 21:22:16,946] {logging_mixin.py:104} INFO - Running <TaskInstance: SDG_Enrique_V0.readCSV_convertColumns 2022-06-25T21:22:00.534339+00:00 [running]> on host 5e8dc4b25004
[2022-06-25 21:22:16,985] {taskinstance.py:1257} INFO - Exporting the following env vars:
AIRFLOW_CTX_DAG_EMAIL=enrique-liebana@outlook.com
AIRFLOW_CTX_DAG_OWNER=Enrique
AIRFLOW_CTX_DAG_ID=SDG_Enrique_V0
AIRFLOW_CTX_TASK_ID=readCSV_convertColumns
AIRFLOW_CTX_EXECUTION_DATE=2022-06-25T21:22:00.534339+00:00
AIRFLOW_CTX_DAG_RUN_ID=manual__2022-06-25T21:22:00.534339+00:00
[2022-06-25 21:22:19,815] {logging_mixin.py:104} WARNING - /home/airflow/.local/lib/python3.6/site-packages/airflow/models/taskinstance.py:1315 DtypeWarning: Columns (46,56,59) have mixed types.Specify dtype option on import or set low_memory=False.
[2022-06-25 21:22:20,099] {logging_mixin.py:104} INFO -   rev_mean mou_mean totmrc_mean  ... creditcd eqpdays customer_id
0  23,9975   219,25        22,5  ...        Y   361.0     1000001
1  57,4925   482,75      37,425  ...        Y   240.0     1000002
2    16,99    10,25       16,99  ...        Y  1504.0     1000003
3       38      7,5          38  ...        Y  1812.0     1000004
4    55,23    570,5       71,98  ...        Y   434.0     1000005

[5 rows x 100 columns]
[2022-06-25 21:22:20,102] {logging_mixin.py:104} INFO - rev_mean        object
mou_mean        object
totmrc_mean     object
da_mean         object
ovrmou_mean     object
                ...   
kid11_15        object
kid16_17        object
creditcd        object
eqpdays        float64
customer_id      int64
Length: 100, dtype: object
[2022-06-25 21:22:20,102] {logging_mixin.py:104} INFO - **************** FLOAT COLUmNS *********************
[2022-06-25 21:22:25,478] {logging_mixin.py:104} INFO - **************** OBJECT COLUmNS *********************
[2022-06-25 21:22:25,929] {logging_mixin.py:104} INFO - ************+***********RESULTS*****************************
[2022-06-25 21:22:25,944] {logging_mixin.py:104} INFO - FLOAT64 (100000, 68)
[2022-06-25 21:22:25,948] {logging_mixin.py:104} INFO - INT64 (100000, 11)
[2022-06-25 21:22:25,950] {logging_mixin.py:104} INFO - STRING (100000, 21)
[2022-06-25 21:22:36,792] {base.py:74} INFO - Using connection to: id: postgres_conection. Host: host.docker.internal, Port: 5432, Schema: data_company, Login: airflow, Password: XXXXXXXX, extra: None
[2022-06-25 21:22:38,962] {python.py:118} INFO - Done. Returned value was: None
[2022-06-25 21:22:38,971] {taskinstance.py:1166} INFO - Marking task as SUCCESS. dag_id=SDG_Enrique_V0, task_id=readCSV_convertColumns, execution_date=20220625T212200, start_date=20220625T212216, end_date=20220625T212238
[2022-06-25 21:22:39,002] {taskinstance.py:1220} INFO - 1 downstream tasks scheduled from follow-on schedule check
[2022-06-25 21:22:39,062] {local_task_job.py:146} INFO - Task exited with return code 0
