[2022-06-25 21:14:58,579] {taskinstance.py:851} INFO - Dependencies all met for <TaskInstance: SDG_Enrique_V0.preprocessing_data 2022-06-25T21:14:21.803427+00:00 [queued]>
[2022-06-25 21:14:58,594] {taskinstance.py:851} INFO - Dependencies all met for <TaskInstance: SDG_Enrique_V0.preprocessing_data 2022-06-25T21:14:21.803427+00:00 [queued]>
[2022-06-25 21:14:58,595] {taskinstance.py:1042} INFO - 
--------------------------------------------------------------------------------
[2022-06-25 21:14:58,596] {taskinstance.py:1043} INFO - Starting attempt 1 of 1
[2022-06-25 21:14:58,596] {taskinstance.py:1044} INFO - 
--------------------------------------------------------------------------------
[2022-06-25 21:14:58,605] {taskinstance.py:1063} INFO - Executing <Task(PythonOperator): preprocessing_data> on 2022-06-25T21:14:21.803427+00:00
[2022-06-25 21:14:58,613] {standard_task_runner.py:52} INFO - Started process 5190 to run task
[2022-06-25 21:14:58,616] {standard_task_runner.py:76} INFO - Running: ['airflow', 'tasks', 'run', 'SDG_Enrique_V0', 'preprocessing_data', '2022-06-25T21:14:21.803427+00:00', '--job-id', '158', '--pool', 'default_pool', '--raw', '--subdir', 'DAGS_FOLDER/company_forecasting.py', '--cfg-path', '/tmp/tmph1wm6xqz', '--error-file', '/tmp/tmppdq_mexh']
[2022-06-25 21:14:58,619] {standard_task_runner.py:77} INFO - Job 158: Subtask preprocessing_data
[2022-06-25 21:14:58,660] {logging_mixin.py:104} INFO - Running <TaskInstance: SDG_Enrique_V0.preprocessing_data 2022-06-25T21:14:21.803427+00:00 [running]> on host 5e8dc4b25004
[2022-06-25 21:14:58,698] {taskinstance.py:1257} INFO - Exporting the following env vars:
AIRFLOW_CTX_DAG_EMAIL=enrique-liebana@outlook.com
AIRFLOW_CTX_DAG_OWNER=Enrique
AIRFLOW_CTX_DAG_ID=SDG_Enrique_V0
AIRFLOW_CTX_TASK_ID=preprocessing_data
AIRFLOW_CTX_EXECUTION_DATE=2022-06-25T21:14:21.803427+00:00
AIRFLOW_CTX_DAG_RUN_ID=manual__2022-06-25T21:14:21.803427+00:00
[2022-06-25 21:15:00,152] {logging_mixin.py:104} INFO -            0  Unnamed: 1  Unnamed: 2  Unnamed: 3  ...  U.5  Y.1   361.0  1000001
0          1         NaN         NaN         NaN  ...    U    Y   240.0  1000002
1          2         NaN         NaN         NaN  ...    U    Y  1504.0  1000003
2          3        38.0         NaN        38.0  ...    U    Y  1812.0  1000004
3          4         NaN         NaN         NaN  ...    U    Y   434.0  1000005
4          5         NaN         NaN        75.0  ...    U    Y   458.0  1000006
...      ...         ...         ...         ...  ...  ...  ...     ...      ...
99994  99995         NaN         NaN         NaN  ...    U    Y    32.0  1099993
99995  99996         NaN      1745.0         NaN  ...    Y    Y   464.0  1099994
99996  99997         NaN         NaN         NaN  ...    U    Y   378.0  1099995
99997  99998         NaN         NaN         NaN  ...    U    N    75.0  1099999
99998  99999         NaN         NaN         NaN  ...    U    N     5.0  1100000

[99999 rows x 101 columns]
[2022-06-25 21:15:00,154] {logging_mixin.py:104} INFO - Index(['0', 'Unnamed: 1', 'Unnamed: 2', 'Unnamed: 3', 'Unnamed: 4', '0.0',
       '0.0.1', '0.0.2', '0.0.3', '0.0.4',
       ...
       '0.0.26', 'N.2', 'U.1', 'U.2', 'U.3', 'U.4', 'U.5', 'Y.1', '361.0',
       '1000001'],
      dtype='object', length=101)
[2022-06-25 21:15:00,156] {taskinstance.py:1455} ERROR - "['Customer_ID'] not found in axis"
Traceback (most recent call last):
  File "/home/airflow/.local/lib/python3.6/site-packages/airflow/models/taskinstance.py", line 1112, in _run_raw_task
    self._prepare_and_execute_task_with_callbacks(context, task)
  File "/home/airflow/.local/lib/python3.6/site-packages/airflow/models/taskinstance.py", line 1285, in _prepare_and_execute_task_with_callbacks
    result = self._execute_task(context, task_copy)
  File "/home/airflow/.local/lib/python3.6/site-packages/airflow/models/taskinstance.py", line 1315, in _execute_task
    result = task_copy.execute(context=context)
  File "/home/airflow/.local/lib/python3.6/site-packages/airflow/operators/python.py", line 117, in execute
    return_value = self.execute_callable()
  File "/home/airflow/.local/lib/python3.6/site-packages/airflow/operators/python.py", line 128, in execute_callable
    return self.python_callable(*self.op_args, **self.op_kwargs)
  File "/opt/airflow/dags/company_forecasting.py", line 227, in preprocessing
    data_company = data_company.drop(['Customer_ID'], axis=1)
  File "/home/airflow/.local/lib/python3.6/site-packages/pandas/core/frame.py", line 4174, in drop
    errors=errors,
  File "/home/airflow/.local/lib/python3.6/site-packages/pandas/core/generic.py", line 3889, in drop
    obj = obj._drop_axis(labels, axis, level=level, errors=errors)
  File "/home/airflow/.local/lib/python3.6/site-packages/pandas/core/generic.py", line 3923, in _drop_axis
    new_axis = axis.drop(labels, errors=errors)
  File "/home/airflow/.local/lib/python3.6/site-packages/pandas/core/indexes/base.py", line 5287, in drop
    raise KeyError(f"{labels[mask]} not found in axis")
KeyError: "['Customer_ID'] not found in axis"
[2022-06-25 21:15:00,163] {taskinstance.py:1503} INFO - Marking task as FAILED. dag_id=SDG_Enrique_V0, task_id=preprocessing_data, execution_date=20220625T211421, start_date=20220625T211458, end_date=20220625T211500
[2022-06-25 21:15:00,233] {local_task_job.py:146} INFO - Task exited with return code 1
