[2022-06-27 14:30:38,936] {taskinstance.py:851} INFO - Dependencies all met for <TaskInstance: trigger_dag.gridSearchLR 2022-06-27T14:30:36.988912+00:00 [queued]>
[2022-06-27 14:30:38,947] {taskinstance.py:851} INFO - Dependencies all met for <TaskInstance: trigger_dag.gridSearchLR 2022-06-27T14:30:36.988912+00:00 [queued]>
[2022-06-27 14:30:38,948] {taskinstance.py:1042} INFO - 
--------------------------------------------------------------------------------
[2022-06-27 14:30:38,949] {taskinstance.py:1043} INFO - Starting attempt 1 of 1
[2022-06-27 14:30:38,949] {taskinstance.py:1044} INFO - 
--------------------------------------------------------------------------------
[2022-06-27 14:30:38,963] {taskinstance.py:1063} INFO - Executing <Task(PythonOperator): gridSearchLR> on 2022-06-27T14:30:36.988912+00:00
[2022-06-27 14:30:38,969] {standard_task_runner.py:52} INFO - Started process 403 to run task
[2022-06-27 14:30:38,975] {standard_task_runner.py:76} INFO - Running: ['airflow', 'tasks', 'run', 'trigger_dag', 'gridSearchLR', '2022-06-27T14:30:36.988912+00:00', '--job-id', '1177', '--pool', 'default_pool', '--raw', '--subdir', 'DAGS_FOLDER/trigger_dag.py', '--cfg-path', '/tmp/tmpcleeu46z', '--error-file', '/tmp/tmphidf4uwb']
[2022-06-27 14:30:38,980] {standard_task_runner.py:77} INFO - Job 1177: Subtask gridSearchLR
[2022-06-27 14:30:39,027] {logging_mixin.py:104} INFO - Running <TaskInstance: trigger_dag.gridSearchLR 2022-06-27T14:30:36.988912+00:00 [running]> on host d45254a3a0e0
[2022-06-27 14:30:39,076] {taskinstance.py:1257} INFO - Exporting the following env vars:
AIRFLOW_CTX_DAG_OWNER=airflow
AIRFLOW_CTX_DAG_ID=trigger_dag
AIRFLOW_CTX_TASK_ID=gridSearchLR
AIRFLOW_CTX_EXECUTION_DATE=2022-06-27T14:30:36.988912+00:00
AIRFLOW_CTX_DAG_RUN_ID=manual__2022-06-27T14:30:36.988912+00:00
[2022-06-27 14:30:39,079] {logging_mixin.py:104} INFO - ./mlruns
[2022-06-27 14:30:39,143] {logging_mixin.py:104} INFO - Name: A2A
[2022-06-27 14:30:39,144] {logging_mixin.py:104} INFO - Experiment_id: 1
[2022-06-27 14:30:39,147] {logging_mixin.py:104} INFO - Artifact Location: ./mlruns/1
[2022-06-27 14:30:39,163] {logging_mixin.py:104} INFO - Tags: {}
[2022-06-27 14:30:39,182] {logging_mixin.py:104} INFO - Lifecycle_stage: active
[2022-06-27 14:30:39,188] {logging_mixin.py:104} INFO - ./mlruns
[2022-06-27 14:30:43,384] {logging_mixin.py:104} WARNING - 2022/06/27 14:30:43 WARNING mlflow.tracking.context.git_context: Failed to import Git (the Git executable is probably not on your PATH), so Git SHA is not available. Error: Failed to initialize: Bad git executable.
The git executable must be specified in one of the following ways:
    - be included in your $PATH
    - be set via $GIT_PYTHON_GIT_EXECUTABLE
    - explicitly set via git.refresh()

All git commands will error until this is rectified.

This initial warning can be silenced or aggravated in the future by setting the
$GIT_PYTHON_REFRESH environment variable. Use one of the following values:
    - quiet|q|silence|s|none|n|0: for no warning or exception
    - warn|w|warning|1: for a printed warning
    - error|e|raise|r|2: for a raised exception

Example:
    export GIT_PYTHON_REFRESH=quiet
[2022-06-27 14:30:43,385] {logging_mixin.py:104} WARNING - 
[2022-06-27 14:30:43,515] {logging_mixin.py:104} INFO - newton-cg 0.0001
[2022-06-27 14:30:48,098] {python.py:118} INFO - Done. Returned value was: None
[2022-06-27 14:30:48,111] {taskinstance.py:1166} INFO - Marking task as SUCCESS. dag_id=trigger_dag, task_id=gridSearchLR, execution_date=20220627T143036, start_date=20220627T143038, end_date=20220627T143048
[2022-06-27 14:30:48,136] {taskinstance.py:1220} INFO - 0 downstream tasks scheduled from follow-on schedule check
[2022-06-27 14:30:48,183] {local_task_job.py:146} INFO - Task exited with return code 0
