[2022-06-26 19:27:27,656] {taskinstance.py:851} INFO - Dependencies all met for <TaskInstance: trigger_dag.trigger_target 2022-06-26T19:27:24.599151+00:00 [queued]>
[2022-06-26 19:27:27,684] {taskinstance.py:851} INFO - Dependencies all met for <TaskInstance: trigger_dag.trigger_target 2022-06-26T19:27:24.599151+00:00 [queued]>
[2022-06-26 19:27:27,685] {taskinstance.py:1042} INFO - 
--------------------------------------------------------------------------------
[2022-06-26 19:27:27,686] {taskinstance.py:1043} INFO - Starting attempt 1 of 1
[2022-06-26 19:27:27,687] {taskinstance.py:1044} INFO - 
--------------------------------------------------------------------------------
[2022-06-26 19:27:27,710] {taskinstance.py:1063} INFO - Executing <Task(TriggerDagRunOperator): trigger_target> on 2022-06-26T19:27:24.599151+00:00
[2022-06-26 19:27:27,719] {standard_task_runner.py:52} INFO - Started process 717 to run task
[2022-06-26 19:27:27,737] {standard_task_runner.py:76} INFO - Running: ['airflow', 'tasks', 'run', 'trigger_dag', 'trigger_target', '2022-06-26T19:27:24.599151+00:00', '--job-id', '296', '--pool', 'default_pool', '--raw', '--subdir', 'DAGS_FOLDER/trigger_dag.py', '--cfg-path', '/tmp/tmp4kij0s_a', '--error-file', '/tmp/tmp9_oh78oa']
[2022-06-26 19:27:27,743] {standard_task_runner.py:77} INFO - Job 296: Subtask trigger_target
[2022-06-26 19:27:27,850] {logging_mixin.py:104} INFO - Running <TaskInstance: trigger_dag.trigger_target 2022-06-26T19:27:24.599151+00:00 [running]> on host 6fc8504e86cf
[2022-06-26 19:27:27,929] {taskinstance.py:1257} INFO - Exporting the following env vars:
AIRFLOW_CTX_DAG_OWNER=airflow
AIRFLOW_CTX_DAG_ID=trigger_dag
AIRFLOW_CTX_TASK_ID=trigger_target
AIRFLOW_CTX_EXECUTION_DATE=2022-06-26T19:27:24.599151+00:00
AIRFLOW_CTX_DAG_RUN_ID=manual__2022-06-26T19:27:24.599151+00:00
[2022-06-26 19:27:28,018] {trigger_dagrun.py:140} INFO - Clearing SDG_Enrique_V0 on 2022-06-26T00:00:00+00:00
[2022-06-26 19:27:28,265] {trigger_dagrun.py:165} INFO - Waiting for SDG_Enrique_V0 on 2022-06-26 00:00:00+00:00 to become allowed state ['success'] ...
[2022-06-26 19:28:28,309] {taskinstance.py:1455} ERROR - SDG_Enrique_V0 failed with failed states failed
Traceback (most recent call last):
  File "/home/airflow/.local/lib/python3.6/site-packages/airflow/models/taskinstance.py", line 1112, in _run_raw_task
    self._prepare_and_execute_task_with_callbacks(context, task)
  File "/home/airflow/.local/lib/python3.6/site-packages/airflow/models/taskinstance.py", line 1285, in _prepare_and_execute_task_with_callbacks
    result = self._execute_task(context, task_copy)
  File "/home/airflow/.local/lib/python3.6/site-packages/airflow/models/taskinstance.py", line 1315, in _execute_task
    result = task_copy.execute(context=context)
  File "/home/airflow/.local/lib/python3.6/site-packages/airflow/operators/trigger_dagrun.py", line 172, in execute
    raise AirflowException(f"{self.trigger_dag_id} failed with failed states {state}")
airflow.exceptions.AirflowException: SDG_Enrique_V0 failed with failed states failed
[2022-06-26 19:28:28,312] {taskinstance.py:1503} INFO - Marking task as FAILED. dag_id=trigger_dag, task_id=trigger_target, execution_date=20220626T192724, start_date=20220626T192727, end_date=20220626T192828
[2022-06-26 19:28:28,371] {local_task_job.py:146} INFO - Task exited with return code 1
