[2022-06-29 20:37:22,046] {taskinstance.py:851} INFO - Dependencies all met for <TaskInstance: SDG_Enrique_V0.Feature_Selection 2022-06-29T20:37:19.029326+00:00 [queued]>
[2022-06-29 20:37:22,078] {taskinstance.py:851} INFO - Dependencies all met for <TaskInstance: SDG_Enrique_V0.Feature_Selection 2022-06-29T20:37:19.029326+00:00 [queued]>
[2022-06-29 20:37:22,080] {taskinstance.py:1042} INFO - 
--------------------------------------------------------------------------------
[2022-06-29 20:37:22,087] {taskinstance.py:1043} INFO - Starting attempt 1 of 1
[2022-06-29 20:37:22,088] {taskinstance.py:1044} INFO - 
--------------------------------------------------------------------------------
[2022-06-29 20:37:22,118] {taskinstance.py:1063} INFO - Executing <Task(PythonOperator): Feature_Selection> on 2022-06-29T20:37:19.029326+00:00
[2022-06-29 20:37:22,128] {standard_task_runner.py:52} INFO - Started process 201 to run task
[2022-06-29 20:37:22,150] {standard_task_runner.py:76} INFO - Running: ['airflow', 'tasks', 'run', 'SDG_Enrique_V0', 'Feature_Selection', '2022-06-29T20:37:19.029326+00:00', '--job-id', '1314', '--pool', 'default_pool', '--raw', '--subdir', 'DAGS_FOLDER/company_forecasting.py', '--cfg-path', '/tmp/tmpixvmay_0', '--error-file', '/tmp/tmp36npnbnm']
[2022-06-29 20:37:22,153] {standard_task_runner.py:77} INFO - Job 1314: Subtask Feature_Selection
[2022-06-29 20:37:22,304] {logging_mixin.py:104} INFO - Running <TaskInstance: SDG_Enrique_V0.Feature_Selection 2022-06-29T20:37:19.029326+00:00 [running]> on host 1ff8f57a8cbf
[2022-06-29 20:37:22,622] {taskinstance.py:1257} INFO - Exporting the following env vars:
AIRFLOW_CTX_DAG_EMAIL=enrique-liebana@outlook.com
AIRFLOW_CTX_DAG_OWNER=Enrique
AIRFLOW_CTX_DAG_ID=SDG_Enrique_V0
AIRFLOW_CTX_TASK_ID=Feature_Selection
AIRFLOW_CTX_EXECUTION_DATE=2022-06-29T20:37:19.029326+00:00
AIRFLOW_CTX_DAG_RUN_ID=manual__2022-06-29T20:37:19.029326+00:00
[2022-06-29 20:37:32,185] {taskinstance.py:1455} ERROR - [Errno 2] No such file or directory: 'models/dTree_FeatureSelection.sav'
Traceback (most recent call last):
  File "/home/airflow/.local/lib/python3.6/site-packages/airflow/models/taskinstance.py", line 1112, in _run_raw_task
    self._prepare_and_execute_task_with_callbacks(context, task)
  File "/home/airflow/.local/lib/python3.6/site-packages/airflow/models/taskinstance.py", line 1285, in _prepare_and_execute_task_with_callbacks
    result = self._execute_task(context, task_copy)
  File "/home/airflow/.local/lib/python3.6/site-packages/airflow/models/taskinstance.py", line 1315, in _execute_task
    result = task_copy.execute(context=context)
  File "/home/airflow/.local/lib/python3.6/site-packages/airflow/operators/python.py", line 117, in execute
    return_value = self.execute_callable()
  File "/home/airflow/.local/lib/python3.6/site-packages/airflow/operators/python.py", line 128, in execute_callable
    return self.python_callable(*self.op_args, **self.op_kwargs)
  File "/opt/airflow/dags/company_forecasting.py", line 323, in _feature_Selection
    feature_model = pickle.load(open('models/dTree_FeatureSelection.sav', 'rb'))
FileNotFoundError: [Errno 2] No such file or directory: 'models/dTree_FeatureSelection.sav'
[2022-06-29 20:37:32,194] {taskinstance.py:1503} INFO - Marking task as FAILED. dag_id=SDG_Enrique_V0, task_id=Feature_Selection, execution_date=20220629T203719, start_date=20220629T203722, end_date=20220629T203732
[2022-06-29 20:37:32,285] {local_task_job.py:146} INFO - Task exited with return code 1
