[2022-06-29 20:53:21,676] {taskinstance.py:851} INFO - Dependencies all met for <TaskInstance: Company_Predict.trigger_target 2022-01-08T00:00:00+00:00 [None]>
[2022-06-29 20:53:21,770] {taskinstance.py:851} INFO - Dependencies all met for <TaskInstance: Company_Predict.trigger_target 2022-01-08T00:00:00+00:00 [None]>
[2022-06-29 20:53:21,771] {taskinstance.py:1042} INFO - 
--------------------------------------------------------------------------------
[2022-06-29 20:53:21,772] {taskinstance.py:1043} INFO - Starting attempt 1 of 2
[2022-06-29 20:53:21,774] {taskinstance.py:1044} INFO - 
--------------------------------------------------------------------------------
[2022-06-29 20:53:21,804] {taskinstance.py:1063} INFO - Executing <Task(TriggerDagRunOperator): trigger_target> on 2022-01-08T00:00:00+00:00
[2022-06-29 20:53:21,831] {standard_task_runner.py:52} INFO - Started process 1251 to run task
[2022-06-29 20:53:21,851] {standard_task_runner.py:76} INFO - Running: ['airflow', 'tasks', 'run', 'Company_Predict', 'trigger_target', '2022-01-08T00:00:00+00:00', '--job-id', '1334', '--pool', 'default_pool', '--raw', '--subdir', 'DAGS_FOLDER/company_predict.py', '--cfg-path', '/tmp/tmpx318ujh8', '--error-file', '/tmp/tmpcw4qgp1b']
[2022-06-29 20:53:21,860] {standard_task_runner.py:77} INFO - Job 1334: Subtask trigger_target
[2022-06-29 20:53:22,159] {logging_mixin.py:104} INFO - Running <TaskInstance: Company_Predict.trigger_target 2022-01-08T00:00:00+00:00 [running]> on host 1ff8f57a8cbf
[2022-06-29 20:53:22,364] {taskinstance.py:1257} INFO - Exporting the following env vars:
AIRFLOW_CTX_DAG_EMAIL=enrique-liebana@outlook.com
AIRFLOW_CTX_DAG_OWNER=Enrique Liebana Peña
AIRFLOW_CTX_DAG_ID=Company_Predict
AIRFLOW_CTX_TASK_ID=trigger_target
AIRFLOW_CTX_EXECUTION_DATE=2022-01-08T00:00:00+00:00
[2022-06-29 20:53:22,668] {taskinstance.py:1455} ERROR - Dag id SDG_Enrique_V0 not found in DagModel
Traceback (most recent call last):
  File "/home/airflow/.local/lib/python3.6/site-packages/airflow/models/taskinstance.py", line 1112, in _run_raw_task
    self._prepare_and_execute_task_with_callbacks(context, task)
  File "/home/airflow/.local/lib/python3.6/site-packages/airflow/models/taskinstance.py", line 1285, in _prepare_and_execute_task_with_callbacks
    result = self._execute_task(context, task_copy)
  File "/home/airflow/.local/lib/python3.6/site-packages/airflow/models/taskinstance.py", line 1315, in _execute_task
    result = task_copy.execute(context=context)
  File "/home/airflow/.local/lib/python3.6/site-packages/airflow/operators/trigger_dagrun.py", line 135, in execute
    replace_microseconds=False,
  File "/home/airflow/.local/lib/python3.6/site-packages/airflow/api/common/experimental/trigger_dag.py", line 114, in trigger_dag
    raise DagNotFound(f"Dag id {dag_id} not found in DagModel")
airflow.exceptions.DagNotFound: Dag id SDG_Enrique_V0 not found in DagModel
[2022-06-29 20:53:22,672] {taskinstance.py:1503} INFO - Marking task as UP_FOR_RETRY. dag_id=Company_Predict, task_id=trigger_target, execution_date=20220108T000000, start_date=20220629T205321, end_date=20220629T205322
[2022-06-29 20:53:22,841] {local_task_job.py:146} INFO - Task exited with return code 1
[2022-06-29 20:56:26,441] {taskinstance.py:851} INFO - Dependencies all met for <TaskInstance: Company_Predict.trigger_target 2022-01-08T00:00:00+00:00 [queued]>
[2022-06-29 20:56:26,509] {taskinstance.py:851} INFO - Dependencies all met for <TaskInstance: Company_Predict.trigger_target 2022-01-08T00:00:00+00:00 [queued]>
[2022-06-29 20:56:26,515] {taskinstance.py:1042} INFO - 
--------------------------------------------------------------------------------
[2022-06-29 20:56:26,531] {taskinstance.py:1043} INFO - Starting attempt 1 of 1
[2022-06-29 20:56:26,540] {taskinstance.py:1044} INFO - 
--------------------------------------------------------------------------------
[2022-06-29 20:56:26,693] {taskinstance.py:1063} INFO - Executing <Task(TriggerDagRunOperator): trigger_target> on 2022-01-08T00:00:00+00:00
[2022-06-29 20:56:26,756] {standard_task_runner.py:76} INFO - Running: ['airflow', 'tasks', 'run', 'Company_Predict', 'trigger_target', '2022-01-08T00:00:00+00:00', '--job-id', '1370', '--pool', 'default_pool', '--raw', '--subdir', 'DAGS_FOLDER/company_predict.py', '--cfg-path', '/tmp/tmpnltvej2w', '--error-file', '/tmp/tmpgy8tzugv']
[2022-06-29 20:56:26,747] {standard_task_runner.py:52} INFO - Started process 1629 to run task
[2022-06-29 20:56:26,779] {standard_task_runner.py:77} INFO - Job 1370: Subtask trigger_target
[2022-06-29 20:56:27,030] {logging_mixin.py:104} INFO - Running <TaskInstance: Company_Predict.trigger_target 2022-01-08T00:00:00+00:00 [running]> on host 1ff8f57a8cbf
[2022-06-29 20:56:27,363] {taskinstance.py:1257} INFO - Exporting the following env vars:
AIRFLOW_CTX_DAG_EMAIL=enrique-liebana@outlook.com
AIRFLOW_CTX_DAG_OWNER=Enrique Liebana Peña
AIRFLOW_CTX_DAG_ID=Company_Predict
AIRFLOW_CTX_TASK_ID=trigger_target
AIRFLOW_CTX_EXECUTION_DATE=2022-01-08T00:00:00+00:00
AIRFLOW_CTX_DAG_RUN_ID=scheduled__2022-01-08T00:00:00+00:00
[2022-06-29 20:56:27,677] {trigger_dagrun.py:165} INFO - Waiting for SDG_Enrique_V0 on 2022-01-08T00:00:00+00:00 to become allowed state ['success'] ...
[2022-06-29 20:57:27,991] {taskinstance.py:1455} ERROR - No row was found for one()
Traceback (most recent call last):
  File "/home/airflow/.local/lib/python3.6/site-packages/airflow/models/taskinstance.py", line 1112, in _run_raw_task
    self._prepare_and_execute_task_with_callbacks(context, task)
  File "/home/airflow/.local/lib/python3.6/site-packages/airflow/models/taskinstance.py", line 1285, in _prepare_and_execute_task_with_callbacks
    result = self._execute_task(context, task_copy)
  File "/home/airflow/.local/lib/python3.6/site-packages/airflow/models/taskinstance.py", line 1315, in _execute_task
    result = task_copy.execute(context=context)
  File "/home/airflow/.local/lib/python3.6/site-packages/airflow/operators/trigger_dagrun.py", line 169, in execute
    dag_run.refresh_from_db()
  File "/home/airflow/.local/lib/python3.6/site-packages/airflow/utils/session.py", line 65, in wrapper
    return func(*args, session=session, **kwargs)
  File "/home/airflow/.local/lib/python3.6/site-packages/airflow/models/dagrun.py", line 178, in refresh_from_db
    DR.run_id == self.run_id,
  File "/home/airflow/.local/lib/python3.6/site-packages/sqlalchemy/orm/query.py", line 3500, in one
    raise orm_exc.NoResultFound("No row was found for one()")
sqlalchemy.orm.exc.NoResultFound: No row was found for one()
[2022-06-29 20:57:28,095] {taskinstance.py:1503} INFO - Marking task as FAILED. dag_id=Company_Predict, task_id=trigger_target, execution_date=20220108T000000, start_date=20220629T205626, end_date=20220629T205728
[2022-06-29 20:57:29,854] {local_task_job.py:146} INFO - Task exited with return code 1
