[2022-07-01 10:30:20,694] {taskinstance.py:851} INFO - Dependencies all met for <TaskInstance: Company_Predict.load_Model 2022-07-01T10:30:18.616857+00:00 [queued]>
[2022-07-01 10:30:20,710] {taskinstance.py:851} INFO - Dependencies all met for <TaskInstance: Company_Predict.load_Model 2022-07-01T10:30:18.616857+00:00 [queued]>
[2022-07-01 10:30:20,711] {taskinstance.py:1042} INFO - 
--------------------------------------------------------------------------------
[2022-07-01 10:30:20,712] {taskinstance.py:1043} INFO - Starting attempt 1 of 1
[2022-07-01 10:30:20,712] {taskinstance.py:1044} INFO - 
--------------------------------------------------------------------------------
[2022-07-01 10:30:20,721] {taskinstance.py:1063} INFO - Executing <Task(PythonOperator): load_Model> on 2022-07-01T10:30:18.616857+00:00
[2022-07-01 10:30:20,728] {standard_task_runner.py:52} INFO - Started process 14445 to run task
[2022-07-01 10:30:20,732] {standard_task_runner.py:76} INFO - Running: ['airflow', 'tasks', 'run', 'Company_Predict', 'load_Model', '2022-07-01T10:30:18.616857+00:00', '--job-id', '1554', '--pool', 'default_pool', '--raw', '--subdir', 'DAGS_FOLDER/company_predict.py', '--cfg-path', '/tmp/tmpfq9fi49e', '--error-file', '/tmp/tmpsupftkdu']
[2022-07-01 10:30:20,734] {standard_task_runner.py:77} INFO - Job 1554: Subtask load_Model
[2022-07-01 10:30:20,775] {logging_mixin.py:104} INFO - Running <TaskInstance: Company_Predict.load_Model 2022-07-01T10:30:18.616857+00:00 [running]> on host 14dddcffc0ea
[2022-07-01 10:30:20,812] {taskinstance.py:1257} INFO - Exporting the following env vars:
AIRFLOW_CTX_DAG_EMAIL=enrique-liebana@outlook.com
AIRFLOW_CTX_DAG_OWNER=Enrique Liebana Peña
AIRFLOW_CTX_DAG_ID=Company_Predict
AIRFLOW_CTX_TASK_ID=load_Model
AIRFLOW_CTX_EXECUTION_DATE=2022-07-01T10:30:18.616857+00:00
AIRFLOW_CTX_DAG_RUN_ID=manual__2022-07-01T10:30:18.616857+00:00
[2022-07-01 10:30:27,199] {logging_mixin.py:104} INFO - [10:30:27] WARNING: ../src/learner.cc:1115: Starting in XGBoost 1.3.0, the default evaluation metric used with the objective 'binary:logistic' was changed from 'error' to 'logloss'. Explicitly set eval_metric if you'd like to restore the old behavior.
[2022-07-01 10:30:44,390] {logging_mixin.py:104} INFO - XGBOOST        | ROC-AUC score = 0.689 | Accuracy = 0.634
[2022-07-01 10:30:44,423] {logging_mixin.py:104} INFO - 0.63435
[2022-07-01 10:30:44,445] {python.py:118} INFO - Done. Returned value was: None
[2022-07-01 10:30:44,456] {taskinstance.py:1166} INFO - Marking task as SUCCESS. dag_id=Company_Predict, task_id=load_Model, execution_date=20220701T103018, start_date=20220701T103020, end_date=20220701T103044
[2022-07-01 10:30:44,480] {taskinstance.py:1220} INFO - 0 downstream tasks scheduled from follow-on schedule check
[2022-07-01 10:30:44,538] {local_task_job.py:146} INFO - Task exited with return code 0
