[2022-06-25 17:48:02,928] {taskinstance.py:851} INFO - Dependencies all met for <TaskInstance: SDG_Enrique_V0.postgreSQL_getTable 2022-06-25T17:48:01.175627+00:00 [queued]>
[2022-06-25 17:48:02,944] {taskinstance.py:851} INFO - Dependencies all met for <TaskInstance: SDG_Enrique_V0.postgreSQL_getTable 2022-06-25T17:48:01.175627+00:00 [queued]>
[2022-06-25 17:48:02,945] {taskinstance.py:1042} INFO - 
--------------------------------------------------------------------------------
[2022-06-25 17:48:02,946] {taskinstance.py:1043} INFO - Starting attempt 1 of 1
[2022-06-25 17:48:02,947] {taskinstance.py:1044} INFO - 
--------------------------------------------------------------------------------
[2022-06-25 17:48:02,954] {taskinstance.py:1063} INFO - Executing <Task(PythonOperator): postgreSQL_getTable> on 2022-06-25T17:48:01.175627+00:00
[2022-06-25 17:48:02,959] {standard_task_runner.py:52} INFO - Started process 185 to run task
[2022-06-25 17:48:02,964] {standard_task_runner.py:76} INFO - Running: ['airflow', 'tasks', 'run', 'SDG_Enrique_V0', 'postgreSQL_getTable', '2022-06-25T17:48:01.175627+00:00', '--job-id', '58', '--pool', 'default_pool', '--raw', '--subdir', 'DAGS_FOLDER/company_forecasting.py', '--cfg-path', '/tmp/tmpk810ztp_', '--error-file', '/tmp/tmpuiped3pm']
[2022-06-25 17:48:02,967] {standard_task_runner.py:77} INFO - Job 58: Subtask postgreSQL_getTable
[2022-06-25 17:48:03,010] {logging_mixin.py:104} INFO - Running <TaskInstance: SDG_Enrique_V0.postgreSQL_getTable 2022-06-25T17:48:01.175627+00:00 [running]> on host 9ed5e21ae5e4
[2022-06-25 17:48:03,049] {taskinstance.py:1257} INFO - Exporting the following env vars:
AIRFLOW_CTX_DAG_EMAIL=enrique-liebana@outlook.com
AIRFLOW_CTX_DAG_OWNER=Enrique
AIRFLOW_CTX_DAG_ID=SDG_Enrique_V0
AIRFLOW_CTX_TASK_ID=postgreSQL_getTable
AIRFLOW_CTX_EXECUTION_DATE=2022-06-25T17:48:01.175627+00:00
AIRFLOW_CTX_DAG_RUN_ID=manual__2022-06-25T17:48:01.175627+00:00
[2022-06-25 17:48:03,060] {base.py:74} INFO - Using connection to: id: postgres_conection. Host: host.docker.internal, Port: 5432, Schema: data_company, Login: airflow, Password: XXXXXXXX, extra: None
[2022-06-25 17:48:06,089] {taskinstance.py:1455} ERROR - [Errno 2] No such file or directory: '/Users/administrador/Desktop/airflow-docker-main/raw_data/company.csv'
Traceback (most recent call last):
  File "/home/airflow/.local/lib/python3.6/site-packages/airflow/models/taskinstance.py", line 1112, in _run_raw_task
    self._prepare_and_execute_task_with_callbacks(context, task)
  File "/home/airflow/.local/lib/python3.6/site-packages/airflow/models/taskinstance.py", line 1285, in _prepare_and_execute_task_with_callbacks
    result = self._execute_task(context, task_copy)
  File "/home/airflow/.local/lib/python3.6/site-packages/airflow/models/taskinstance.py", line 1315, in _execute_task
    result = task_copy.execute(context=context)
  File "/home/airflow/.local/lib/python3.6/site-packages/airflow/operators/python.py", line 117, in execute
    return_value = self.execute_callable()
  File "/home/airflow/.local/lib/python3.6/site-packages/airflow/operators/python.py", line 128, in execute_callable
    return self.python_callable(*self.op_args, **self.op_kwargs)
  File "/opt/airflow/dags/company_forecasting.py", line 49, in postgreSQL_getTable
    with open(f"/Users/administrador/Desktop/airflow-docker-main/raw_data/company.csv", "w") as f:
FileNotFoundError: [Errno 2] No such file or directory: '/Users/administrador/Desktop/airflow-docker-main/raw_data/company.csv'
[2022-06-25 17:48:06,093] {taskinstance.py:1503} INFO - Marking task as FAILED. dag_id=SDG_Enrique_V0, task_id=postgreSQL_getTable, execution_date=20220625T174801, start_date=20220625T174802, end_date=20220625T174806
[2022-06-25 17:48:06,151] {local_task_job.py:146} INFO - Task exited with return code 1
