[2022-06-29 21:06:56,483] {taskinstance.py:851} INFO - Dependencies all met for <TaskInstance: SDG_Enrique_V0.postgreSQL_getTable 2022-06-29T21:06:53.673556+00:00 [queued]>
[2022-06-29 21:06:56,525] {taskinstance.py:851} INFO - Dependencies all met for <TaskInstance: SDG_Enrique_V0.postgreSQL_getTable 2022-06-29T21:06:53.673556+00:00 [queued]>
[2022-06-29 21:06:56,527] {taskinstance.py:1042} INFO - 
--------------------------------------------------------------------------------
[2022-06-29 21:06:56,528] {taskinstance.py:1043} INFO - Starting attempt 1 of 1
[2022-06-29 21:06:56,529] {taskinstance.py:1044} INFO - 
--------------------------------------------------------------------------------
[2022-06-29 21:06:56,553] {taskinstance.py:1063} INFO - Executing <Task(PythonOperator): postgreSQL_getTable> on 2022-06-29T21:06:53.673556+00:00
[2022-06-29 21:06:56,560] {standard_task_runner.py:52} INFO - Started process 305 to run task
[2022-06-29 21:06:56,568] {standard_task_runner.py:76} INFO - Running: ['airflow', 'tasks', 'run', 'SDG_Enrique_V0', 'postgreSQL_getTable', '2022-06-29T21:06:53.673556+00:00', '--job-id', '1400', '--pool', 'default_pool', '--raw', '--subdir', 'DAGS_FOLDER/company_forecasting.py', '--cfg-path', '/tmp/tmpmj86a7xj', '--error-file', '/tmp/tmpe4gh074h']
[2022-06-29 21:06:56,576] {standard_task_runner.py:77} INFO - Job 1400: Subtask postgreSQL_getTable
[2022-06-29 21:06:56,686] {logging_mixin.py:104} INFO - Running <TaskInstance: SDG_Enrique_V0.postgreSQL_getTable 2022-06-29T21:06:53.673556+00:00 [running]> on host b7cac64f9a9a
[2022-06-29 21:06:56,762] {taskinstance.py:1257} INFO - Exporting the following env vars:
AIRFLOW_CTX_DAG_EMAIL=enrique-liebana@outlook.com
AIRFLOW_CTX_DAG_OWNER=Enrique Liebana Peña
AIRFLOW_CTX_DAG_ID=SDG_Enrique_V0
AIRFLOW_CTX_TASK_ID=postgreSQL_getTable
AIRFLOW_CTX_EXECUTION_DATE=2022-06-29T21:06:53.673556+00:00
AIRFLOW_CTX_DAG_RUN_ID=manual__2022-06-29T21:06:53.673556+00:00
[2022-06-29 21:06:56,794] {base.py:74} INFO - Using connection to: id: postgres_conection. Host: host.docker.internal, Port: 5432, Schema: data_company, Login: airflow, Password: XXXXXXXX, extra: None
[2022-06-29 21:07:31,825] {company_forecasting.py:55} INFO - Backup Company data in : /raw_data/company.csv
[2022-06-29 21:07:31,839] {python.py:118} INFO - Done. Returned value was: None
[2022-06-29 21:07:31,883] {taskinstance.py:1166} INFO - Marking task as SUCCESS. dag_id=SDG_Enrique_V0, task_id=postgreSQL_getTable, execution_date=20220629T210653, start_date=20220629T210656, end_date=20220629T210731
[2022-06-29 21:07:31,986] {taskinstance.py:1220} INFO - 1 downstream tasks scheduled from follow-on schedule check
[2022-06-29 21:07:32,104] {local_task_job.py:146} INFO - Task exited with return code 0
