[2022-06-26 18:10:53,756] {taskinstance.py:851} INFO - Dependencies all met for <TaskInstance: SDG_Enrique_V0.postgreSQL_getTable 2022-06-26T00:00:00+00:00 [queued]>
[2022-06-26 18:10:53,770] {taskinstance.py:851} INFO - Dependencies all met for <TaskInstance: SDG_Enrique_V0.postgreSQL_getTable 2022-06-26T00:00:00+00:00 [queued]>
[2022-06-26 18:10:53,771] {taskinstance.py:1042} INFO - 
--------------------------------------------------------------------------------
[2022-06-26 18:10:53,772] {taskinstance.py:1043} INFO - Starting attempt 3 of 3
[2022-06-26 18:10:53,772] {taskinstance.py:1044} INFO - 
--------------------------------------------------------------------------------
[2022-06-26 18:10:53,780] {taskinstance.py:1063} INFO - Executing <Task(PythonOperator): postgreSQL_getTable> on 2022-06-26T00:00:00+00:00
[2022-06-26 18:10:53,786] {standard_task_runner.py:52} INFO - Started process 29825 to run task
[2022-06-26 18:10:53,792] {standard_task_runner.py:76} INFO - Running: ['airflow', 'tasks', 'run', 'SDG_Enrique_V0', 'postgreSQL_getTable', '2022-06-26T00:00:00+00:00', '--job-id', '231', '--pool', 'default_pool', '--raw', '--subdir', 'DAGS_FOLDER/company_forecasting.py', '--cfg-path', '/tmp/tmp3m1udilh', '--error-file', '/tmp/tmppp4b2hdq']
[2022-06-26 18:10:53,795] {standard_task_runner.py:77} INFO - Job 231: Subtask postgreSQL_getTable
[2022-06-26 18:10:53,838] {logging_mixin.py:104} INFO - Running <TaskInstance: SDG_Enrique_V0.postgreSQL_getTable 2022-06-26T00:00:00+00:00 [running]> on host 5e8dc4b25004
[2022-06-26 18:10:53,875] {taskinstance.py:1257} INFO - Exporting the following env vars:
AIRFLOW_CTX_DAG_EMAIL=enrique-liebana@outlook.com
AIRFLOW_CTX_DAG_OWNER=Enrique
AIRFLOW_CTX_DAG_ID=SDG_Enrique_V0
AIRFLOW_CTX_TASK_ID=postgreSQL_getTable
AIRFLOW_CTX_EXECUTION_DATE=2022-06-26T00:00:00+00:00
AIRFLOW_CTX_DAG_RUN_ID=manual__2022-06-26T00:00:00+00:00
[2022-06-26 18:10:53,886] {base.py:74} INFO - Using connection to: id: postgres_conection. Host: host.docker.internal, Port: 5432, Schema: data_company, Login: airflow, Password: XXXXXXXX, extra: None
[2022-06-26 18:11:04,539] {company_forecasting.py:78} INFO - Backup Company data in : /raw_data/company.csv
[2022-06-26 18:11:04,541] {python.py:118} INFO - Done. Returned value was: None
[2022-06-26 18:11:04,553] {taskinstance.py:1166} INFO - Marking task as SUCCESS. dag_id=SDG_Enrique_V0, task_id=postgreSQL_getTable, execution_date=20220626T000000, start_date=20220626T181053, end_date=20220626T181104
[2022-06-26 18:11:04,578] {taskinstance.py:1220} INFO - 1 downstream tasks scheduled from follow-on schedule check
[2022-06-26 18:11:04,623] {local_task_job.py:146} INFO - Task exited with return code 0
[2022-06-26 19:27:31,483] {taskinstance.py:851} INFO - Dependencies all met for <TaskInstance: SDG_Enrique_V0.postgreSQL_getTable 2022-06-26T00:00:00+00:00 [queued]>
[2022-06-26 19:27:31,508] {taskinstance.py:851} INFO - Dependencies all met for <TaskInstance: SDG_Enrique_V0.postgreSQL_getTable 2022-06-26T00:00:00+00:00 [queued]>
[2022-06-26 19:27:31,510] {taskinstance.py:1042} INFO - 
--------------------------------------------------------------------------------
[2022-06-26 19:27:31,511] {taskinstance.py:1043} INFO - Starting attempt 3 of 3
[2022-06-26 19:27:31,511] {taskinstance.py:1044} INFO - 
--------------------------------------------------------------------------------
[2022-06-26 19:27:31,528] {taskinstance.py:1063} INFO - Executing <Task(PythonOperator): postgreSQL_getTable> on 2022-06-26T00:00:00+00:00
[2022-06-26 19:27:31,537] {standard_task_runner.py:52} INFO - Started process 722 to run task
[2022-06-26 19:27:31,550] {standard_task_runner.py:76} INFO - Running: ['airflow', 'tasks', 'run', 'SDG_Enrique_V0', 'postgreSQL_getTable', '2022-06-26T00:00:00+00:00', '--job-id', '297', '--pool', 'default_pool', '--raw', '--subdir', 'DAGS_FOLDER/company_forecasting.py', '--cfg-path', '/tmp/tmpmtbn3tuj', '--error-file', '/tmp/tmp7e9zvg4u']
[2022-06-26 19:27:31,553] {standard_task_runner.py:77} INFO - Job 297: Subtask postgreSQL_getTable
[2022-06-26 19:27:31,608] {logging_mixin.py:104} INFO - Running <TaskInstance: SDG_Enrique_V0.postgreSQL_getTable 2022-06-26T00:00:00+00:00 [running]> on host 6fc8504e86cf
[2022-06-26 19:27:31,670] {taskinstance.py:1257} INFO - Exporting the following env vars:
AIRFLOW_CTX_DAG_EMAIL=enrique-liebana@outlook.com
AIRFLOW_CTX_DAG_OWNER=Enrique
AIRFLOW_CTX_DAG_ID=SDG_Enrique_V0
AIRFLOW_CTX_TASK_ID=postgreSQL_getTable
AIRFLOW_CTX_EXECUTION_DATE=2022-06-26T00:00:00+00:00
AIRFLOW_CTX_DAG_RUN_ID=manual__2022-06-26T00:00:00+00:00
[2022-06-26 19:27:31,689] {base.py:74} INFO - Using connection to: id: postgres_conection. Host: host.docker.internal, Port: 5432, Schema: data_company, Login: airflow, Password: XXXXXXXX, extra: None
[2022-06-26 19:27:46,067] {company_forecasting.py:78} INFO - Backup Company data in : /raw_data/company.csv
[2022-06-26 19:27:46,070] {python.py:118} INFO - Done. Returned value was: None
[2022-06-26 19:27:46,080] {taskinstance.py:1166} INFO - Marking task as SUCCESS. dag_id=SDG_Enrique_V0, task_id=postgreSQL_getTable, execution_date=20220626T000000, start_date=20220626T192731, end_date=20220626T192746
[2022-06-26 19:27:46,104] {taskinstance.py:1220} INFO - 0 downstream tasks scheduled from follow-on schedule check
[2022-06-26 19:27:46,146] {local_task_job.py:146} INFO - Task exited with return code 0
