[2022-06-25 18:14:48,778] {taskinstance.py:851} INFO - Dependencies all met for <TaskInstance: SDG_Enrique_V0.postgreSQL_getTable 2022-06-25T18:14:47.298615+00:00 [queued]>
[2022-06-25 18:14:48,793] {taskinstance.py:851} INFO - Dependencies all met for <TaskInstance: SDG_Enrique_V0.postgreSQL_getTable 2022-06-25T18:14:47.298615+00:00 [queued]>
[2022-06-25 18:14:48,794] {taskinstance.py:1042} INFO - 
--------------------------------------------------------------------------------
[2022-06-25 18:14:48,794] {taskinstance.py:1043} INFO - Starting attempt 1 of 1
[2022-06-25 18:14:48,795] {taskinstance.py:1044} INFO - 
--------------------------------------------------------------------------------
[2022-06-25 18:14:48,803] {taskinstance.py:1063} INFO - Executing <Task(PythonOperator): postgreSQL_getTable> on 2022-06-25T18:14:47.298615+00:00
[2022-06-25 18:14:48,808] {standard_task_runner.py:52} INFO - Started process 1259 to run task
[2022-06-25 18:14:48,812] {standard_task_runner.py:76} INFO - Running: ['airflow', 'tasks', 'run', 'SDG_Enrique_V0', 'postgreSQL_getTable', '2022-06-25T18:14:47.298615+00:00', '--job-id', '99', '--pool', 'default_pool', '--raw', '--subdir', 'DAGS_FOLDER/company_forecasting.py', '--cfg-path', '/tmp/tmps6usee0l', '--error-file', '/tmp/tmp1vptzbzb']
[2022-06-25 18:14:48,815] {standard_task_runner.py:77} INFO - Job 99: Subtask postgreSQL_getTable
[2022-06-25 18:14:48,858] {logging_mixin.py:104} INFO - Running <TaskInstance: SDG_Enrique_V0.postgreSQL_getTable 2022-06-25T18:14:47.298615+00:00 [running]> on host 9ed5e21ae5e4
[2022-06-25 18:14:48,893] {taskinstance.py:1257} INFO - Exporting the following env vars:
AIRFLOW_CTX_DAG_EMAIL=enrique-liebana@outlook.com
AIRFLOW_CTX_DAG_OWNER=Enrique
AIRFLOW_CTX_DAG_ID=SDG_Enrique_V0
AIRFLOW_CTX_TASK_ID=postgreSQL_getTable
AIRFLOW_CTX_EXECUTION_DATE=2022-06-25T18:14:47.298615+00:00
AIRFLOW_CTX_DAG_RUN_ID=manual__2022-06-25T18:14:47.298615+00:00
[2022-06-25 18:14:48,903] {base.py:74} INFO - Using connection to: id: postgres_conection. Host: host.docker.internal, Port: 5432, Schema: data_company, Login: airflow, Password: XXXXXXXX, extra: None
[2022-06-25 18:14:48,924] {taskinstance.py:1455} ERROR - relation "company" does not exist
LINE 1: select * from company
                      ^
Traceback (most recent call last):
  File "/home/airflow/.local/lib/python3.6/site-packages/airflow/models/taskinstance.py", line 1112, in _run_raw_task
    self._prepare_and_execute_task_with_callbacks(context, task)
  File "/home/airflow/.local/lib/python3.6/site-packages/airflow/models/taskinstance.py", line 1285, in _prepare_and_execute_task_with_callbacks
    result = self._execute_task(context, task_copy)
  File "/home/airflow/.local/lib/python3.6/site-packages/airflow/models/taskinstance.py", line 1315, in _execute_task
    result = task_copy.execute(context=context)
  File "/home/airflow/.local/lib/python3.6/site-packages/airflow/operators/python.py", line 117, in execute
    return_value = self.execute_callable()
  File "/home/airflow/.local/lib/python3.6/site-packages/airflow/operators/python.py", line 128, in execute_callable
    return self.python_callable(*self.op_args, **self.op_kwargs)
  File "/opt/airflow/dags/company_forecasting.py", line 48, in postgreSQL_getTable
    cursor.execute("select * from company")
psycopg2.errors.UndefinedTable: relation "company" does not exist
LINE 1: select * from company
                      ^

[2022-06-25 18:14:48,928] {taskinstance.py:1503} INFO - Marking task as FAILED. dag_id=SDG_Enrique_V0, task_id=postgreSQL_getTable, execution_date=20220625T181447, start_date=20220625T181448, end_date=20220625T181448
[2022-06-25 18:14:48,991] {local_task_job.py:146} INFO - Task exited with return code 1
