[2022-06-29 20:37:21,937] {taskinstance.py:851} INFO - Dependencies all met for <TaskInstance: SDG_Enrique_V0.postgreSQL_getTable 2022-06-29T20:37:19.029326+00:00 [queued]>
[2022-06-29 20:37:21,962] {taskinstance.py:851} INFO - Dependencies all met for <TaskInstance: SDG_Enrique_V0.postgreSQL_getTable 2022-06-29T20:37:19.029326+00:00 [queued]>
[2022-06-29 20:37:21,962] {taskinstance.py:1042} INFO - 
--------------------------------------------------------------------------------
[2022-06-29 20:37:21,963] {taskinstance.py:1043} INFO - Starting attempt 1 of 1
[2022-06-29 20:37:21,965] {taskinstance.py:1044} INFO - 
--------------------------------------------------------------------------------
[2022-06-29 20:37:21,988] {taskinstance.py:1063} INFO - Executing <Task(PythonOperator): postgreSQL_getTable> on 2022-06-29T20:37:19.029326+00:00
[2022-06-29 20:37:21,999] {standard_task_runner.py:52} INFO - Started process 200 to run task
[2022-06-29 20:37:22,018] {standard_task_runner.py:76} INFO - Running: ['airflow', 'tasks', 'run', 'SDG_Enrique_V0', 'postgreSQL_getTable', '2022-06-29T20:37:19.029326+00:00', '--job-id', '1313', '--pool', 'default_pool', '--raw', '--subdir', 'DAGS_FOLDER/company_forecasting.py', '--cfg-path', '/tmp/tmpaepfwvny', '--error-file', '/tmp/tmpa1r6eaxm']
[2022-06-29 20:37:22,024] {standard_task_runner.py:77} INFO - Job 1313: Subtask postgreSQL_getTable
[2022-06-29 20:37:22,148] {logging_mixin.py:104} INFO - Running <TaskInstance: SDG_Enrique_V0.postgreSQL_getTable 2022-06-29T20:37:19.029326+00:00 [running]> on host 1ff8f57a8cbf
[2022-06-29 20:37:22,216] {taskinstance.py:1257} INFO - Exporting the following env vars:
AIRFLOW_CTX_DAG_EMAIL=enrique-liebana@outlook.com
AIRFLOW_CTX_DAG_OWNER=Enrique
AIRFLOW_CTX_DAG_ID=SDG_Enrique_V0
AIRFLOW_CTX_TASK_ID=postgreSQL_getTable
AIRFLOW_CTX_EXECUTION_DATE=2022-06-29T20:37:19.029326+00:00
AIRFLOW_CTX_DAG_RUN_ID=manual__2022-06-29T20:37:19.029326+00:00
[2022-06-29 20:37:22,236] {base.py:74} INFO - Using connection to: id: postgres_conection. Host: host.docker.internal, Port: 5432, Schema: data_company, Login: airflow, Password: XXXXXXXX, extra: None
[2022-06-29 20:37:48,866] {company_forecasting.py:55} INFO - Backup Company data in : /raw_data/company.csv
[2022-06-29 20:37:48,868] {python.py:118} INFO - Done. Returned value was: None
[2022-06-29 20:37:48,890] {taskinstance.py:1166} INFO - Marking task as SUCCESS. dag_id=SDG_Enrique_V0, task_id=postgreSQL_getTable, execution_date=20220629T203719, start_date=20220629T203721, end_date=20220629T203748
[2022-06-29 20:37:48,929] {taskinstance.py:1220} INFO - 0 downstream tasks scheduled from follow-on schedule check
[2022-06-29 20:37:49,012] {local_task_job.py:146} INFO - Task exited with return code 0
