[2022-06-29 20:38:33,097] {taskinstance.py:851} INFO - Dependencies all met for <TaskInstance: SDG_Enrique_V0.Feature_Selection 2022-06-29T20:38:29.728852+00:00 [queued]>
[2022-06-29 20:38:33,135] {taskinstance.py:851} INFO - Dependencies all met for <TaskInstance: SDG_Enrique_V0.Feature_Selection 2022-06-29T20:38:29.728852+00:00 [queued]>
[2022-06-29 20:38:33,136] {taskinstance.py:1042} INFO - 
--------------------------------------------------------------------------------
[2022-06-29 20:38:33,137] {taskinstance.py:1043} INFO - Starting attempt 1 of 1
[2022-06-29 20:38:33,138] {taskinstance.py:1044} INFO - 
--------------------------------------------------------------------------------
[2022-06-29 20:38:33,174] {taskinstance.py:1063} INFO - Executing <Task(PythonOperator): Feature_Selection> on 2022-06-29T20:38:29.728852+00:00
[2022-06-29 20:38:33,196] {standard_task_runner.py:52} INFO - Started process 264 to run task
[2022-06-29 20:38:33,223] {standard_task_runner.py:76} INFO - Running: ['airflow', 'tasks', 'run', 'SDG_Enrique_V0', 'Feature_Selection', '2022-06-29T20:38:29.728852+00:00', '--job-id', '1318', '--pool', 'default_pool', '--raw', '--subdir', 'DAGS_FOLDER/company_forecasting.py', '--cfg-path', '/tmp/tmpu61drjxk', '--error-file', '/tmp/tmp8v6lil2f']
[2022-06-29 20:38:33,236] {standard_task_runner.py:77} INFO - Job 1318: Subtask Feature_Selection
[2022-06-29 20:38:33,435] {logging_mixin.py:104} INFO - Running <TaskInstance: SDG_Enrique_V0.Feature_Selection 2022-06-29T20:38:29.728852+00:00 [running]> on host 1ff8f57a8cbf
[2022-06-29 20:38:33,668] {taskinstance.py:1257} INFO - Exporting the following env vars:
AIRFLOW_CTX_DAG_EMAIL=enrique-liebana@outlook.com
AIRFLOW_CTX_DAG_OWNER=Enrique
AIRFLOW_CTX_DAG_ID=SDG_Enrique_V0
AIRFLOW_CTX_TASK_ID=Feature_Selection
AIRFLOW_CTX_EXECUTION_DATE=2022-06-29T20:38:29.728852+00:00
AIRFLOW_CTX_DAG_RUN_ID=manual__2022-06-29T20:38:29.728852+00:00
[2022-06-29 20:38:41,619] {logging_mixin.py:104} INFO - (43463, 92)
[2022-06-29 20:38:41,635] {python.py:118} INFO - Done. Returned value was: None
[2022-06-29 20:38:41,657] {taskinstance.py:1166} INFO - Marking task as SUCCESS. dag_id=SDG_Enrique_V0, task_id=Feature_Selection, execution_date=20220629T203829, start_date=20220629T203833, end_date=20220629T203841
[2022-06-29 20:38:41,715] {taskinstance.py:1220} INFO - 0 downstream tasks scheduled from follow-on schedule check
[2022-06-29 20:38:41,769] {local_task_job.py:146} INFO - Task exited with return code 0
