[2022-06-26 19:24:49,605] {taskinstance.py:851} INFO - Dependencies all met for <TaskInstance: trigger_dag.trigger_target 2022-06-26T19:24:47.592597+00:00 [queued]>
[2022-06-26 19:24:49,623] {taskinstance.py:851} INFO - Dependencies all met for <TaskInstance: trigger_dag.trigger_target 2022-06-26T19:24:47.592597+00:00 [queued]>
[2022-06-26 19:24:49,624] {taskinstance.py:1042} INFO - 
--------------------------------------------------------------------------------
[2022-06-26 19:24:49,625] {taskinstance.py:1043} INFO - Starting attempt 1 of 1
[2022-06-26 19:24:49,631] {taskinstance.py:1044} INFO - 
--------------------------------------------------------------------------------
[2022-06-26 19:24:49,642] {taskinstance.py:1063} INFO - Executing <Task(TriggerDagRunOperator): trigger_target> on 2022-06-26T19:24:47.592597+00:00
[2022-06-26 19:24:49,649] {standard_task_runner.py:52} INFO - Started process 441 to run task
[2022-06-26 19:24:49,664] {standard_task_runner.py:76} INFO - Running: ['airflow', 'tasks', 'run', 'trigger_dag', 'trigger_target', '2022-06-26T19:24:47.592597+00:00', '--job-id', '285', '--pool', 'default_pool', '--raw', '--subdir', 'DAGS_FOLDER/trigger_dag.py', '--cfg-path', '/tmp/tmpqz6pcedc', '--error-file', '/tmp/tmp8kekttgk']
[2022-06-26 19:24:49,666] {standard_task_runner.py:77} INFO - Job 285: Subtask trigger_target
[2022-06-26 19:24:49,744] {logging_mixin.py:104} INFO - Running <TaskInstance: trigger_dag.trigger_target 2022-06-26T19:24:47.592597+00:00 [running]> on host 6fc8504e86cf
[2022-06-26 19:24:49,798] {taskinstance.py:1257} INFO - Exporting the following env vars:
AIRFLOW_CTX_DAG_OWNER=airflow
AIRFLOW_CTX_DAG_ID=trigger_dag
AIRFLOW_CTX_TASK_ID=trigger_target
AIRFLOW_CTX_EXECUTION_DATE=2022-06-26T19:24:47.592597+00:00
AIRFLOW_CTX_DAG_RUN_ID=manual__2022-06-26T19:24:47.592597+00:00
[2022-06-26 19:24:49,866] {trigger_dagrun.py:165} INFO - Waiting for SDG_Enrique_V0 on 2022-06-26T00:00:00+00:00 to become allowed state ['success'] ...
[2022-06-26 19:25:49,890] {trigger_dagrun.py:165} INFO - Waiting for SDG_Enrique_V0 on 2022-06-26T00:00:00+00:00 to become allowed state ['success'] ...
[2022-06-26 19:26:49,918] {trigger_dagrun.py:174} INFO - SDG_Enrique_V0 finished with allowed state success
[2022-06-26 19:26:49,932] {taskinstance.py:1166} INFO - Marking task as SUCCESS. dag_id=trigger_dag, task_id=trigger_target, execution_date=20220626T192447, start_date=20220626T192449, end_date=20220626T192649
[2022-06-26 19:26:49,957] {taskinstance.py:1220} INFO - 0 downstream tasks scheduled from follow-on schedule check
[2022-06-26 19:26:50,008] {local_task_job.py:146} INFO - Task exited with return code 0
