[2022-06-26 17:53:24,442] {taskinstance.py:851} INFO - Dependencies all met for <TaskInstance: trigger_dag.trigger_target 2022-06-25T00:00:00+00:00 [queued]>
[2022-06-26 17:53:24,462] {taskinstance.py:851} INFO - Dependencies all met for <TaskInstance: trigger_dag.trigger_target 2022-06-25T00:00:00+00:00 [queued]>
[2022-06-26 17:53:24,463] {taskinstance.py:1042} INFO - 
--------------------------------------------------------------------------------
[2022-06-26 17:53:24,464] {taskinstance.py:1043} INFO - Starting attempt 1 of 1
[2022-06-26 17:53:24,465] {taskinstance.py:1044} INFO - 
--------------------------------------------------------------------------------
[2022-06-26 17:53:24,473] {taskinstance.py:1063} INFO - Executing <Task(TriggerDagRunOperator): trigger_target> on 2022-06-25T00:00:00+00:00
[2022-06-26 17:53:24,480] {standard_task_runner.py:52} INFO - Started process 28419 to run task
[2022-06-26 17:53:24,485] {standard_task_runner.py:76} INFO - Running: ['airflow', 'tasks', 'run', 'trigger_dag', 'trigger_target', '2022-06-25T00:00:00+00:00', '--job-id', '217', '--pool', 'default_pool', '--raw', '--subdir', 'DAGS_FOLDER/trigger_dag.py', '--cfg-path', '/tmp/tmpkclq_iaa', '--error-file', '/tmp/tmpb0n45uqv']
[2022-06-26 17:53:24,488] {standard_task_runner.py:77} INFO - Job 217: Subtask trigger_target
[2022-06-26 17:53:24,538] {logging_mixin.py:104} INFO - Running <TaskInstance: trigger_dag.trigger_target 2022-06-25T00:00:00+00:00 [running]> on host 5e8dc4b25004
[2022-06-26 17:53:24,581] {taskinstance.py:1257} INFO - Exporting the following env vars:
AIRFLOW_CTX_DAG_OWNER=airflow
AIRFLOW_CTX_DAG_ID=trigger_dag
AIRFLOW_CTX_TASK_ID=trigger_target
AIRFLOW_CTX_EXECUTION_DATE=2022-06-25T00:00:00+00:00
AIRFLOW_CTX_DAG_RUN_ID=scheduled__2022-06-25T00:00:00+00:00
[2022-06-26 17:53:24,625] {trigger_dagrun.py:165} INFO - Waiting for SDG_Enrique_V0 on 2022-06-25T00:00:00+00:00 to become allowed state ['success'] ...
[2022-06-26 17:54:24,624] {taskinstance.py:1455} ERROR - SDG_Enrique_V0 failed with failed states failed
Traceback (most recent call last):
  File "/home/airflow/.local/lib/python3.6/site-packages/airflow/models/taskinstance.py", line 1112, in _run_raw_task
    self._prepare_and_execute_task_with_callbacks(context, task)
  File "/home/airflow/.local/lib/python3.6/site-packages/airflow/models/taskinstance.py", line 1285, in _prepare_and_execute_task_with_callbacks
    result = self._execute_task(context, task_copy)
  File "/home/airflow/.local/lib/python3.6/site-packages/airflow/models/taskinstance.py", line 1315, in _execute_task
    result = task_copy.execute(context=context)
  File "/home/airflow/.local/lib/python3.6/site-packages/airflow/operators/trigger_dagrun.py", line 172, in execute
    raise AirflowException(f"{self.trigger_dag_id} failed with failed states {state}")
airflow.exceptions.AirflowException: SDG_Enrique_V0 failed with failed states failed
[2022-06-26 17:54:24,627] {taskinstance.py:1503} INFO - Marking task as FAILED. dag_id=trigger_dag, task_id=trigger_target, execution_date=20220625T000000, start_date=20220626T175324, end_date=20220626T175424
[2022-06-26 17:54:24,698] {local_task_job.py:146} INFO - Task exited with return code 1
[2022-06-26 19:13:59,789] {taskinstance.py:851} INFO - Dependencies all met for <TaskInstance: trigger_dag.trigger_target 2022-06-25T00:00:00+00:00 [queued]>
[2022-06-26 19:13:59,804] {taskinstance.py:851} INFO - Dependencies all met for <TaskInstance: trigger_dag.trigger_target 2022-06-25T00:00:00+00:00 [queued]>
[2022-06-26 19:13:59,805] {taskinstance.py:1042} INFO - 
--------------------------------------------------------------------------------
[2022-06-26 19:13:59,806] {taskinstance.py:1043} INFO - Starting attempt 1 of 1
[2022-06-26 19:13:59,806] {taskinstance.py:1044} INFO - 
--------------------------------------------------------------------------------
[2022-06-26 19:13:59,820] {taskinstance.py:1063} INFO - Executing <Task(TriggerDagRunOperator): trigger_target> on 2022-06-25T00:00:00+00:00
[2022-06-26 19:13:59,828] {standard_task_runner.py:52} INFO - Started process 247 to run task
[2022-06-26 19:13:59,831] {standard_task_runner.py:76} INFO - Running: ['airflow', 'tasks', 'run', 'trigger_dag', 'trigger_target', '2022-06-25T00:00:00+00:00', '--job-id', '238', '--pool', 'default_pool', '--raw', '--subdir', 'DAGS_FOLDER/trigger_dag.py', '--cfg-path', '/tmp/tmp2enpi428', '--error-file', '/tmp/tmp415gghbt']
[2022-06-26 19:13:59,835] {standard_task_runner.py:77} INFO - Job 238: Subtask trigger_target
[2022-06-26 19:13:59,883] {logging_mixin.py:104} INFO - Running <TaskInstance: trigger_dag.trigger_target 2022-06-25T00:00:00+00:00 [running]> on host 6fc8504e86cf
[2022-06-26 19:13:59,928] {taskinstance.py:1257} INFO - Exporting the following env vars:
AIRFLOW_CTX_DAG_OWNER=airflow
AIRFLOW_CTX_DAG_ID=trigger_dag
AIRFLOW_CTX_TASK_ID=trigger_target
AIRFLOW_CTX_EXECUTION_DATE=2022-06-25T00:00:00+00:00
AIRFLOW_CTX_DAG_RUN_ID=scheduled__2022-06-25T00:00:00+00:00
[2022-06-26 19:13:59,971] {trigger_dagrun.py:165} INFO - Waiting for SDG_Enrique_V0 on 2022-06-25T00:00:00+00:00 to become allowed state ['success'] ...
[2022-06-26 19:15:00,011] {trigger_dagrun.py:165} INFO - Waiting for SDG_Enrique_V0 on 2022-06-25T00:00:00+00:00 to become allowed state ['success'] ...
[2022-06-26 19:16:00,031] {trigger_dagrun.py:174} INFO - SDG_Enrique_V0 finished with allowed state success
[2022-06-26 19:16:00,042] {taskinstance.py:1166} INFO - Marking task as SUCCESS. dag_id=trigger_dag, task_id=trigger_target, execution_date=20220625T000000, start_date=20220626T191359, end_date=20220626T191600
[2022-06-26 19:16:00,078] {taskinstance.py:1220} INFO - 2 downstream tasks scheduled from follow-on schedule check
[2022-06-26 19:16:00,098] {local_task_job.py:146} INFO - Task exited with return code 0
[2022-06-26 19:21:04,579] {taskinstance.py:851} INFO - Dependencies all met for <TaskInstance: trigger_dag.trigger_target 2022-06-25T00:00:00+00:00 [queued]>
[2022-06-26 19:21:04,596] {taskinstance.py:851} INFO - Dependencies all met for <TaskInstance: trigger_dag.trigger_target 2022-06-25T00:00:00+00:00 [queued]>
[2022-06-26 19:21:04,597] {taskinstance.py:1042} INFO - 
--------------------------------------------------------------------------------
[2022-06-26 19:21:04,598] {taskinstance.py:1043} INFO - Starting attempt 1 of 1
[2022-06-26 19:21:04,599] {taskinstance.py:1044} INFO - 
--------------------------------------------------------------------------------
[2022-06-26 19:21:04,622] {taskinstance.py:1063} INFO - Executing <Task(TriggerDagRunOperator): trigger_target> on 2022-06-25T00:00:00+00:00
[2022-06-26 19:21:04,629] {standard_task_runner.py:52} INFO - Started process 913 to run task
[2022-06-26 19:21:04,637] {standard_task_runner.py:76} INFO - Running: ['airflow', 'tasks', 'run', 'trigger_dag', 'trigger_target', '2022-06-25T00:00:00+00:00', '--job-id', '254', '--pool', 'default_pool', '--raw', '--subdir', 'DAGS_FOLDER/trigger_dag.py', '--cfg-path', '/tmp/tmpzfzyw65v', '--error-file', '/tmp/tmpw0ol4c9y']
[2022-06-26 19:21:04,657] {standard_task_runner.py:77} INFO - Job 254: Subtask trigger_target
[2022-06-26 19:21:04,774] {logging_mixin.py:104} INFO - Running <TaskInstance: trigger_dag.trigger_target 2022-06-25T00:00:00+00:00 [running]> on host 6fc8504e86cf
[2022-06-26 19:21:04,863] {taskinstance.py:1257} INFO - Exporting the following env vars:
AIRFLOW_CTX_DAG_OWNER=airflow
AIRFLOW_CTX_DAG_ID=trigger_dag
AIRFLOW_CTX_TASK_ID=trigger_target
AIRFLOW_CTX_EXECUTION_DATE=2022-06-25T00:00:00+00:00
AIRFLOW_CTX_DAG_RUN_ID=scheduled__2022-06-25T00:00:00+00:00
[2022-06-26 19:21:04,934] {trigger_dagrun.py:165} INFO - Waiting for SDG_Enrique_V0 on 2022-06-25T00:00:00+00:00 to become allowed state ['success'] ...
