[2022-06-29 21:00:49,422] {taskinstance.py:851} INFO - Dependencies all met for <TaskInstance: SDG_Enrique_V0.preprocessing_data 2022-06-29T00:00:00+00:00 [queued]>
[2022-06-29 21:00:49,443] {taskinstance.py:851} INFO - Dependencies all met for <TaskInstance: SDG_Enrique_V0.preprocessing_data 2022-06-29T00:00:00+00:00 [queued]>
[2022-06-29 21:00:49,444] {taskinstance.py:1042} INFO - 
--------------------------------------------------------------------------------
[2022-06-29 21:00:49,445] {taskinstance.py:1043} INFO - Starting attempt 1 of 1
[2022-06-29 21:00:49,446] {taskinstance.py:1044} INFO - 
--------------------------------------------------------------------------------
[2022-06-29 21:00:49,457] {taskinstance.py:1063} INFO - Executing <Task(PythonOperator): preprocessing_data> on 2022-06-29T00:00:00+00:00
[2022-06-29 21:00:49,468] {standard_task_runner.py:52} INFO - Started process 434 to run task
[2022-06-29 21:00:49,476] {standard_task_runner.py:76} INFO - Running: ['airflow', 'tasks', 'run', 'SDG_Enrique_V0', 'preprocessing_data', '2022-06-29T00:00:00+00:00', '--job-id', '1392', '--pool', 'default_pool', '--raw', '--subdir', 'DAGS_FOLDER/company_forecasting.py', '--cfg-path', '/tmp/tmptnlxo7k9', '--error-file', '/tmp/tmp0zebukte']
[2022-06-29 21:00:49,482] {standard_task_runner.py:77} INFO - Job 1392: Subtask preprocessing_data
[2022-06-29 21:00:49,549] {logging_mixin.py:104} INFO - Running <TaskInstance: SDG_Enrique_V0.preprocessing_data 2022-06-29T00:00:00+00:00 [running]> on host 1ff8f57a8cbf
[2022-06-29 21:00:49,624] {taskinstance.py:1257} INFO - Exporting the following env vars:
AIRFLOW_CTX_DAG_EMAIL=enrique-liebana@outlook.com
AIRFLOW_CTX_DAG_OWNER=Enrique Liebana Peña
AIRFLOW_CTX_DAG_ID=SDG_Enrique_V0
AIRFLOW_CTX_TASK_ID=preprocessing_data
AIRFLOW_CTX_EXECUTION_DATE=2022-06-29T00:00:00+00:00
AIRFLOW_CTX_DAG_RUN_ID=manual__2022-06-29T00:00:00+00:00
[2022-06-29 21:00:59,712] {logging_mixin.py:104} INFO - **************** OBJECT COLUmNS *********************
[2022-06-29 21:01:00,523] {logging_mixin.py:104} INFO - Index(['rev_mean', 'mou_mean', 'totmrc_mean', 'da_mean', 'ovrmou_mean',
       'ovrrev_mean', 'vceovr_mean', 'datovr_mean', 'roam_mean', 'change_mou',
       'change_rev', 'drop_vce_mean', 'drop_dat_mean', 'blck_vce_mean',
       'blck_dat_mean', 'unan_vce_mean', 'unan_dat_mean', 'plcd_vce_mean',
       'plcd_dat_mean', 'recv_vce_mean', 'recv_sms_mean', 'comp_vce_mean',
       'comp_dat_mean', 'custcare_mean', 'ccrndmou_mean', 'cc_mou_mean',
       'inonemin_mean', 'threeway_mean', 'mou_cvce_mean', 'mou_cdat_mean',
       'mou_rvce_mean', 'owylis_vce_mean', 'mouowylisv_mean',
       'iwylis_vce_mean', 'mouiwylisv_mean', 'peak_vce_mean', 'peak_dat_mean',
       'mou_peav_mean', 'mou_pead_mean', 'opk_vce_mean', 'opk_dat_mean',
       'mou_opkv_mean', 'mou_opkd_mean', 'drop_blk_mean', 'attempt_mean',
       'complete_mean', 'callfwdv_mean', 'callwait_mean', 'churn', 'months',
       'uniqsubs', 'actvsubs', 'new_cell', 'crclscod', 'asl_flag', 'totcalls',
       'totmou', 'totrev', 'adjrev', 'adjmou', 'adjqty', 'avgrev', 'avgmou',
       'avgqty', 'avg3mou', 'avg3qty', 'avg3rev', 'avg6mou', 'avg6qty',
       'avg6rev', 'prizm_social_one', 'area', 'dualband', 'refurb_new',
       'hnd_price', 'phones', 'models', 'hnd_webcap', 'truck', 'rv', 'ownrent',
       'lor', 'dwlltype', 'marital', 'adults', 'infobase', 'income',
       'numbcars', 'hhstatin', 'dwllsize', 'forgntvl', 'ethnic', 'kid0_2',
       'kid3_5', 'kid6_10', 'kid11_15', 'kid16_17', 'creditcd', 'eqpdays',
       'customer_id'],
      dtype='object')
[2022-06-29 21:01:02,817] {logging_mixin.py:104} INFO - (100000, 93)
[2022-06-29 21:01:03,341] {logging_mixin.py:104} INFO - (100000, 93)
[2022-06-29 21:01:03,366] {logging_mixin.py:104} INFO - []
[2022-06-29 21:01:03,412] {logging_mixin.py:104} INFO - (100000, 93)
[2022-06-29 21:01:03,494] {logging_mixin.py:104} INFO - (100000, 93)
[2022-06-29 21:01:03,657] {logging_mixin.py:104} INFO - <bound method NDFrame.describe of        asl_flag  kid0_2  kid3_5  kid6_10  kid11_15  kid16_17
0             0       0       0        0         0         0
1             0       0       0        0         0         0
2             0       0       0        0         0         0
3             0       0       0        0         0         1
4             0       0       0        0         0         0
...         ...     ...     ...      ...       ...       ...
99995         0       0       0        1         1         0
99996         0       0       0        0         0         0
99997         0       0       0        0         0         0
99998         0       0       0        0         0         0
99999         0       0       0        0         0         0

[100000 rows x 6 columns]>
[2022-06-29 21:01:04,909] {logging_mixin.py:104} INFO - Index(['rev_mean', 'mou_mean', 'totmrc_mean', 'da_mean', 'ovrmou_mean',
       'ovrrev_mean', 'vceovr_mean', 'datovr_mean', 'roam_mean', 'change_mou',
       'change_rev', 'avg6mou', 'avg6qty', 'avg6rev', 'hnd_price', 'truck',
       'rv', 'adults', 'income', 'forgntvl'],
      dtype='object')
[2022-06-29 21:01:15,654] {logging_mixin.py:104} INFO - Index(['rev_mean', 'mou_mean', 'totmrc_mean', 'da_mean', 'ovrmou_mean',
       'datovr_mean', 'roam_mean', 'change_mou', 'change_rev', 'drop_vce_mean',
       ...
       'ethnic_O', 'ethnic_P', 'ethnic_R', 'ethnic_S', 'ethnic_U', 'ethnic_X',
       'ethnic_Z', 'creditcd_N', 'creditcd_U', 'creditcd_Y'],
      dtype='object', length=178)
[2022-06-29 21:01:38,383] {base.py:74} INFO - Using connection to: id: postgres_conection. Host: host.docker.internal, Port: 5432, Schema: data_company, Login: airflow, Password: XXXXXXXX, extra: None
[2022-06-29 21:01:38,406] {logging_mixin.py:104} INFO - CREATE TABLE IF NOT EXISTS company_A02(rev_mean REAL, 
mou_mean REAL, 
totmrc_mean REAL, 
da_mean REAL, 
ovrmou_mean REAL, 
datovr_mean REAL, 
roam_mean REAL, 
change_mou REAL, 
change_rev REAL, 
drop_vce_mean REAL, 
drop_dat_mean REAL, 
blck_vce_mean REAL, 
blck_dat_mean REAL, 
unan_vce_mean REAL, 
unan_dat_mean REAL, 
plcd_vce_mean REAL, 
plcd_dat_mean REAL, 
recv_vce_mean REAL, 
recv_sms_mean REAL, 
custcare_mean REAL, 
ccrndmou_mean REAL, 
threeway_mean REAL, 
mou_cvce_mean REAL, 
mou_rvce_mean REAL, 
owylis_vce_mean REAL, 
mouowylisv_mean REAL, 
iwylis_vce_mean REAL, 
mouiwylisv_mean REAL, 
mou_peav_mean REAL, 
opk_vce_mean REAL, 
mou_opkv_mean REAL, 
drop_blk_mean REAL, 
callfwdv_mean REAL, 
callwait_mean REAL, 
churn INT4, 
months REAL, 
uniqsubs REAL, 
actvsubs REAL, 
asl_flag INT4, 
totcalls REAL, 
totrev REAL, 
avgrev REAL, 
avgmou REAL, 
avgqty REAL, 
hnd_price REAL, 
phones REAL, 
models REAL, 
truck REAL, 
rv REAL, 
adults REAL, 
income REAL, 
forgntvl REAL, 
kid0_2 INT4, 
kid3_5 INT4, 
kid6_10 INT4, 
kid11_15 INT4, 
kid16_17 INT4, 
eqpdays REAL, 
new_cell_N INT4, 
new_cell_U INT4, 
new_cell_Y INT4, 
crclscod_A INT4, 
crclscod_A2 INT4, 
crclscod_A3 INT4, 
crclscod_AA INT4, 
crclscod_B INT4, 
crclscod_B2 INT4, 
crclscod_BA INT4, 
crclscod_C INT4, 
crclscod_C2 INT4, 
crclscod_C5 INT4, 
crclscod_CA INT4, 
crclscod_CC INT4, 
crclscod_CY INT4, 
crclscod_D INT4, 
crclscod_D2 INT4, 
crclscod_D4 INT4, 
crclscod_D5 INT4, 
crclscod_DA INT4, 
crclscod_E INT4, 
crclscod_E2 INT4, 
crclscod_E4 INT4, 
crclscod_EA INT4, 
crclscod_EC INT4, 
crclscod_EF INT4, 
crclscod_EM INT4, 
crclscod_G INT4, 
crclscod_GA INT4, 
crclscod_GY INT4, 
crclscod_H INT4, 
crclscod_I INT4, 
crclscod_IF INT4, 
crclscod_J INT4, 
crclscod_JF INT4, 
crclscod_K INT4, 
crclscod_L INT4, 
crclscod_M INT4, 
crclscod_O INT4, 
crclscod_P1 INT4, 
crclscod_S INT4, 
crclscod_TP INT4, 
crclscod_U INT4, 
crclscod_U1 INT4, 
crclscod_V INT4, 
crclscod_V1 INT4, 
crclscod_W INT4, 
crclscod_Y INT4, 
crclscod_Z INT4, 
crclscod_Z1 INT4, 
crclscod_Z2 INT4, 
crclscod_Z4 INT4, 
crclscod_Z5 INT4, 
crclscod_ZA INT4, 
crclscod_ZF INT4, 
crclscod_ZY INT4, 
prizm_social_one_C INT4, 
prizm_social_one_R INT4, 
prizm_social_one_S INT4, 
prizm_social_one_T INT4, 
prizm_social_one_U INT4, 
area_0 INT4, 
area_1 INT4, 
area_2 INT4, 
area_3 INT4, 
area_4 INT4, 
area_5 INT4, 
area_6 INT4, 
area_7 INT4, 
area_8 INT4, 
area_9 INT4, 
area_10 INT4, 
area_11 INT4, 
area_12 INT4, 
area_13 INT4, 
area_14 INT4, 
area_15 INT4, 
area_16 INT4, 
area_17 INT4, 
area_18 INT4, 
area_19 INT4, 
dualband_N INT4, 
dualband_T INT4, 
dualband_U INT4, 
dualband_Y INT4, 
refurb_new_N INT4, 
refurb_new_R INT4, 
refurb_new_U INT4, 
hnd_webcap_U INT4, 
hnd_webcap_WC INT4, 
hnd_webcap_WCMB INT4, 
marital_A INT4, 
marital_B INT4, 
marital_M INT4, 
marital_S INT4, 
marital_U INT4, 
infobase_M INT4, 
infobase_N INT4, 
infobase_U INT4, 
ethnic_B INT4, 
ethnic_C INT4, 
ethnic_D INT4, 
ethnic_F INT4, 
ethnic_G INT4, 
ethnic_H INT4, 
ethnic_I INT4, 
ethnic_J INT4, 
ethnic_M INT4, 
ethnic_N INT4, 
ethnic_O INT4, 
ethnic_P INT4, 
ethnic_R INT4, 
ethnic_S INT4, 
ethnic_U INT4, 
ethnic_X INT4, 
ethnic_Z INT4, 
creditcd_N INT4, 
creditcd_U INT4, 
creditcd_Y INT4);
[2022-06-29 21:01:38,409] {logging_mixin.py:104} INFO - 
[2022-06-29 21:01:43,192] {python.py:118} INFO - Done. Returned value was: None
[2022-06-29 21:01:43,209] {taskinstance.py:1166} INFO - Marking task as SUCCESS. dag_id=SDG_Enrique_V0, task_id=preprocessing_data, execution_date=20220629T000000, start_date=20220629T210049, end_date=20220629T210143
[2022-06-29 21:01:43,245] {taskinstance.py:1220} INFO - 1 downstream tasks scheduled from follow-on schedule check
[2022-06-29 21:01:43,301] {local_task_job.py:146} INFO - Task exited with return code 0
[2022-06-29 21:53:41,718] {taskinstance.py:851} INFO - Dependencies all met for <TaskInstance: SDG_Enrique_V0.preprocessing_data 2022-06-29T00:00:00+00:00 [queued]>
[2022-06-29 21:53:41,735] {taskinstance.py:851} INFO - Dependencies all met for <TaskInstance: SDG_Enrique_V0.preprocessing_data 2022-06-29T00:00:00+00:00 [queued]>
[2022-06-29 21:53:41,736] {taskinstance.py:1042} INFO - 
--------------------------------------------------------------------------------
[2022-06-29 21:53:41,737] {taskinstance.py:1043} INFO - Starting attempt 1 of 1
[2022-06-29 21:53:41,737] {taskinstance.py:1044} INFO - 
--------------------------------------------------------------------------------
[2022-06-29 21:53:41,747] {taskinstance.py:1063} INFO - Executing <Task(PythonOperator): preprocessing_data> on 2022-06-29T00:00:00+00:00
[2022-06-29 21:53:41,753] {standard_task_runner.py:52} INFO - Started process 693 to run task
[2022-06-29 21:53:41,759] {standard_task_runner.py:76} INFO - Running: ['airflow', 'tasks', 'run', 'SDG_Enrique_V0', 'preprocessing_data', '2022-06-29T00:00:00+00:00', '--job-id', '1469', '--pool', 'default_pool', '--raw', '--subdir', 'DAGS_FOLDER/company_forecasting.py', '--cfg-path', '/tmp/tmpdgongsf6', '--error-file', '/tmp/tmprnuzxnm8']
[2022-06-29 21:53:41,761] {standard_task_runner.py:77} INFO - Job 1469: Subtask preprocessing_data
[2022-06-29 21:53:41,810] {logging_mixin.py:104} INFO - Running <TaskInstance: SDG_Enrique_V0.preprocessing_data 2022-06-29T00:00:00+00:00 [running]> on host daae6b127c15
[2022-06-29 21:53:41,853] {taskinstance.py:1257} INFO - Exporting the following env vars:
AIRFLOW_CTX_DAG_EMAIL=enrique-liebana@outlook.com
AIRFLOW_CTX_DAG_OWNER=Enrique Liebana Peña
AIRFLOW_CTX_DAG_ID=SDG_Enrique_V0
AIRFLOW_CTX_TASK_ID=preprocessing_data
AIRFLOW_CTX_EXECUTION_DATE=2022-06-29T00:00:00+00:00
AIRFLOW_CTX_DAG_RUN_ID=manual__2022-06-29T00:00:00+00:00
[2022-06-29 21:53:50,744] {logging_mixin.py:104} INFO - **************** OBJECT COLUmNS *********************
[2022-06-29 21:53:51,330] {logging_mixin.py:104} INFO - Index(['rev_mean', 'mou_mean', 'totmrc_mean', 'da_mean', 'ovrmou_mean',
       'ovrrev_mean', 'vceovr_mean', 'datovr_mean', 'roam_mean', 'change_mou',
       'change_rev', 'drop_vce_mean', 'drop_dat_mean', 'blck_vce_mean',
       'blck_dat_mean', 'unan_vce_mean', 'unan_dat_mean', 'plcd_vce_mean',
       'plcd_dat_mean', 'recv_vce_mean', 'recv_sms_mean', 'comp_vce_mean',
       'comp_dat_mean', 'custcare_mean', 'ccrndmou_mean', 'cc_mou_mean',
       'inonemin_mean', 'threeway_mean', 'mou_cvce_mean', 'mou_cdat_mean',
       'mou_rvce_mean', 'owylis_vce_mean', 'mouowylisv_mean',
       'iwylis_vce_mean', 'mouiwylisv_mean', 'peak_vce_mean', 'peak_dat_mean',
       'mou_peav_mean', 'mou_pead_mean', 'opk_vce_mean', 'opk_dat_mean',
       'mou_opkv_mean', 'mou_opkd_mean', 'drop_blk_mean', 'attempt_mean',
       'complete_mean', 'callfwdv_mean', 'callwait_mean', 'churn', 'months',
       'uniqsubs', 'actvsubs', 'new_cell', 'crclscod', 'asl_flag', 'totcalls',
       'totmou', 'totrev', 'adjrev', 'adjmou', 'adjqty', 'avgrev', 'avgmou',
       'avgqty', 'avg3mou', 'avg3qty', 'avg3rev', 'avg6mou', 'avg6qty',
       'avg6rev', 'prizm_social_one', 'area', 'dualband', 'refurb_new',
       'hnd_price', 'phones', 'models', 'hnd_webcap', 'truck', 'rv', 'ownrent',
       'lor', 'dwlltype', 'marital', 'adults', 'infobase', 'income',
       'numbcars', 'hhstatin', 'dwllsize', 'forgntvl', 'ethnic', 'kid0_2',
       'kid3_5', 'kid6_10', 'kid11_15', 'kid16_17', 'creditcd', 'eqpdays',
       'customer_id'],
      dtype='object')
[2022-06-29 21:53:53,733] {logging_mixin.py:104} INFO - (100000, 93)
[2022-06-29 21:53:54,228] {logging_mixin.py:104} INFO - (100000, 93)
[2022-06-29 21:53:54,251] {logging_mixin.py:104} INFO - []
[2022-06-29 21:53:54,294] {logging_mixin.py:104} INFO - (100000, 93)
[2022-06-29 21:53:54,373] {logging_mixin.py:104} INFO - (100000, 93)
[2022-06-29 21:53:54,533] {logging_mixin.py:104} INFO - <bound method NDFrame.describe of        asl_flag  kid0_2  kid3_5  kid6_10  kid11_15  kid16_17
0             0       0       0        0         0         0
1             0       0       0        0         0         0
2             0       0       1        0         0         0
3             0       1       0        0         0         0
4             0       0       0        0         0         0
...         ...     ...     ...      ...       ...       ...
99995         0       0       0        0         0         0
99996         0       0       0        0         0         1
99997         0       0       0        0         0         0
99998         0       0       0        0         0         0
99999         0       0       0        0         0         0

[100000 rows x 6 columns]>
[2022-06-29 21:53:55,777] {logging_mixin.py:104} INFO - Index(['rev_mean', 'mou_mean', 'totmrc_mean', 'da_mean', 'ovrmou_mean',
       'ovrrev_mean', 'vceovr_mean', 'datovr_mean', 'roam_mean', 'change_mou',
       'change_rev', 'avg6mou', 'avg6qty', 'avg6rev', 'hnd_price', 'truck',
       'rv', 'adults', 'income', 'forgntvl'],
      dtype='object')
[2022-06-29 21:54:04,442] {logging_mixin.py:104} INFO - Index(['rev_mean', 'mou_mean', 'totmrc_mean', 'da_mean', 'ovrmou_mean',
       'datovr_mean', 'roam_mean', 'change_mou', 'change_rev', 'drop_vce_mean',
       ...
       'ethnic_O', 'ethnic_P', 'ethnic_R', 'ethnic_S', 'ethnic_U', 'ethnic_X',
       'ethnic_Z', 'creditcd_N', 'creditcd_U', 'creditcd_Y'],
      dtype='object', length=178)
[2022-06-29 21:54:25,572] {base.py:74} INFO - Using connection to: id: postgres_conection. Host: host.docker.internal, Port: 5432, Schema: data_company, Login: airflow, Password: XXXXXXXX, extra: None
[2022-06-29 21:54:25,605] {logging_mixin.py:104} INFO - CREATE TABLE IF NOT EXISTS company_A02(rev_mean REAL, 
mou_mean REAL, 
totmrc_mean REAL, 
da_mean REAL, 
ovrmou_mean REAL, 
datovr_mean REAL, 
roam_mean REAL, 
change_mou REAL, 
change_rev REAL, 
drop_vce_mean REAL, 
drop_dat_mean REAL, 
blck_vce_mean REAL, 
blck_dat_mean REAL, 
unan_vce_mean REAL, 
unan_dat_mean REAL, 
plcd_vce_mean REAL, 
plcd_dat_mean REAL, 
recv_vce_mean REAL, 
recv_sms_mean REAL, 
custcare_mean REAL, 
ccrndmou_mean REAL, 
threeway_mean REAL, 
mou_cvce_mean REAL, 
mou_rvce_mean REAL, 
owylis_vce_mean REAL, 
mouowylisv_mean REAL, 
iwylis_vce_mean REAL, 
mouiwylisv_mean REAL, 
mou_peav_mean REAL, 
opk_vce_mean REAL, 
mou_opkv_mean REAL, 
drop_blk_mean REAL, 
callfwdv_mean REAL, 
callwait_mean REAL, 
churn INT4, 
months REAL, 
uniqsubs REAL, 
actvsubs REAL, 
asl_flag INT4, 
totcalls REAL, 
totrev REAL, 
avgrev REAL, 
avgmou REAL, 
avgqty REAL, 
hnd_price REAL, 
phones REAL, 
models REAL, 
truck REAL, 
rv REAL, 
adults REAL, 
income REAL, 
forgntvl REAL, 
kid0_2 INT4, 
kid3_5 INT4, 
kid6_10 INT4, 
kid11_15 INT4, 
kid16_17 INT4, 
eqpdays REAL, 
new_cell_N INT4, 
new_cell_U INT4, 
new_cell_Y INT4, 
crclscod_A INT4, 
crclscod_A2 INT4, 
crclscod_A3 INT4, 
crclscod_AA INT4, 
crclscod_B INT4, 
crclscod_B2 INT4, 
crclscod_BA INT4, 
crclscod_C INT4, 
crclscod_C2 INT4, 
crclscod_C5 INT4, 
crclscod_CA INT4, 
crclscod_CC INT4, 
crclscod_CY INT4, 
crclscod_D INT4, 
crclscod_D2 INT4, 
crclscod_D4 INT4, 
crclscod_D5 INT4, 
crclscod_DA INT4, 
crclscod_E INT4, 
crclscod_E2 INT4, 
crclscod_E4 INT4, 
crclscod_EA INT4, 
crclscod_EC INT4, 
crclscod_EF INT4, 
crclscod_EM INT4, 
crclscod_G INT4, 
crclscod_GA INT4, 
crclscod_GY INT4, 
crclscod_H INT4, 
crclscod_I INT4, 
crclscod_IF INT4, 
crclscod_J INT4, 
crclscod_JF INT4, 
crclscod_K INT4, 
crclscod_L INT4, 
crclscod_M INT4, 
crclscod_O INT4, 
crclscod_P1 INT4, 
crclscod_S INT4, 
crclscod_TP INT4, 
crclscod_U INT4, 
crclscod_U1 INT4, 
crclscod_V INT4, 
crclscod_V1 INT4, 
crclscod_W INT4, 
crclscod_Y INT4, 
crclscod_Z INT4, 
crclscod_Z1 INT4, 
crclscod_Z2 INT4, 
crclscod_Z4 INT4, 
crclscod_Z5 INT4, 
crclscod_ZA INT4, 
crclscod_ZF INT4, 
crclscod_ZY INT4, 
prizm_social_one_C INT4, 
prizm_social_one_R INT4, 
prizm_social_one_S INT4, 
prizm_social_one_T INT4, 
prizm_social_one_U INT4, 
area_0 INT4, 
area_1 INT4, 
area_2 INT4, 
area_3 INT4, 
area_4 INT4, 
area_5 INT4, 
area_6 INT4, 
area_7 INT4, 
area_8 INT4, 
area_9 INT4, 
area_10 INT4, 
area_11 INT4, 
area_12 INT4, 
area_13 INT4, 
area_14 INT4, 
area_15 INT4, 
area_16 INT4, 
area_17 INT4, 
area_18 INT4, 
area_19 INT4, 
dualband_N INT4, 
dualband_T INT4, 
dualband_U INT4, 
dualband_Y INT4, 
refurb_new_N INT4, 
refurb_new_R INT4, 
refurb_new_U INT4, 
hnd_webcap_U INT4, 
hnd_webcap_WC INT4, 
hnd_webcap_WCMB INT4, 
marital_A INT4, 
marital_B INT4, 
marital_M INT4, 
marital_S INT4, 
marital_U INT4, 
infobase_M INT4, 
infobase_N INT4, 
infobase_U INT4, 
ethnic_B INT4, 
ethnic_C INT4, 
ethnic_D INT4, 
ethnic_F INT4, 
ethnic_G INT4, 
ethnic_H INT4, 
ethnic_I INT4, 
ethnic_J INT4, 
ethnic_M INT4, 
ethnic_N INT4, 
ethnic_O INT4, 
ethnic_P INT4, 
ethnic_R INT4, 
ethnic_S INT4, 
ethnic_U INT4, 
ethnic_X INT4, 
ethnic_Z INT4, 
creditcd_N INT4, 
creditcd_U INT4, 
creditcd_Y INT4);
[2022-06-29 21:54:25,617] {logging_mixin.py:104} INFO - 
[2022-06-29 21:54:30,073] {python.py:118} INFO - Done. Returned value was: None
[2022-06-29 21:54:30,092] {taskinstance.py:1166} INFO - Marking task as SUCCESS. dag_id=SDG_Enrique_V0, task_id=preprocessing_data, execution_date=20220629T000000, start_date=20220629T215341, end_date=20220629T215430
[2022-06-29 21:54:30,155] {taskinstance.py:1220} INFO - 1 downstream tasks scheduled from follow-on schedule check
[2022-06-29 21:54:30,207] {local_task_job.py:146} INFO - Task exited with return code 0
[2022-07-01 10:37:29,762] {taskinstance.py:851} INFO - Dependencies all met for <TaskInstance: SDG_Enrique_V0.preprocessing_data 2022-06-29T00:00:00+00:00 [queued]>
[2022-07-01 10:37:29,794] {taskinstance.py:851} INFO - Dependencies all met for <TaskInstance: SDG_Enrique_V0.preprocessing_data 2022-06-29T00:00:00+00:00 [queued]>
[2022-07-01 10:37:29,795] {taskinstance.py:1042} INFO - 
--------------------------------------------------------------------------------
[2022-07-01 10:37:29,796] {taskinstance.py:1043} INFO - Starting attempt 1 of 1
[2022-07-01 10:37:29,798] {taskinstance.py:1044} INFO - 
--------------------------------------------------------------------------------
[2022-07-01 10:37:29,865] {taskinstance.py:1063} INFO - Executing <Task(PythonOperator): preprocessing_data> on 2022-06-29T00:00:00+00:00
[2022-07-01 10:37:29,885] {standard_task_runner.py:52} INFO - Started process 15107 to run task
[2022-07-01 10:37:29,931] {standard_task_runner.py:76} INFO - Running: ['airflow', 'tasks', 'run', 'SDG_Enrique_V0', 'preprocessing_data', '2022-06-29T00:00:00+00:00', '--job-id', '1570', '--pool', 'default_pool', '--raw', '--subdir', 'DAGS_FOLDER/company_forecasting.py', '--cfg-path', '/tmp/tmpyadq624e', '--error-file', '/tmp/tmpfszs111d']
[2022-07-01 10:37:29,952] {standard_task_runner.py:77} INFO - Job 1570: Subtask preprocessing_data
[2022-07-01 10:37:30,277] {logging_mixin.py:104} INFO - Running <TaskInstance: SDG_Enrique_V0.preprocessing_data 2022-06-29T00:00:00+00:00 [running]> on host 14dddcffc0ea
[2022-07-01 10:37:30,500] {taskinstance.py:1257} INFO - Exporting the following env vars:
AIRFLOW_CTX_DAG_EMAIL=enrique-liebana@outlook.com
AIRFLOW_CTX_DAG_OWNER=Enrique Liebana Peña
AIRFLOW_CTX_DAG_ID=SDG_Enrique_V0
AIRFLOW_CTX_TASK_ID=preprocessing_data
AIRFLOW_CTX_EXECUTION_DATE=2022-06-29T00:00:00+00:00
AIRFLOW_CTX_DAG_RUN_ID=scheduled__2022-06-29T00:00:00+00:00
[2022-07-01 10:37:49,317] {logging_mixin.py:104} INFO - **************** OBJECT COLUmNS *********************
[2022-07-01 10:37:49,955] {logging_mixin.py:104} INFO - Index(['rev_mean', 'mou_mean', 'totmrc_mean', 'da_mean', 'ovrmou_mean',
       'ovrrev_mean', 'vceovr_mean', 'datovr_mean', 'roam_mean', 'change_mou',
       'change_rev', 'drop_vce_mean', 'drop_dat_mean', 'blck_vce_mean',
       'blck_dat_mean', 'unan_vce_mean', 'unan_dat_mean', 'plcd_vce_mean',
       'plcd_dat_mean', 'recv_vce_mean', 'recv_sms_mean', 'comp_vce_mean',
       'comp_dat_mean', 'custcare_mean', 'ccrndmou_mean', 'cc_mou_mean',
       'inonemin_mean', 'threeway_mean', 'mou_cvce_mean', 'mou_cdat_mean',
       'mou_rvce_mean', 'owylis_vce_mean', 'mouowylisv_mean',
       'iwylis_vce_mean', 'mouiwylisv_mean', 'peak_vce_mean', 'peak_dat_mean',
       'mou_peav_mean', 'mou_pead_mean', 'opk_vce_mean', 'opk_dat_mean',
       'mou_opkv_mean', 'mou_opkd_mean', 'drop_blk_mean', 'attempt_mean',
       'complete_mean', 'callfwdv_mean', 'callwait_mean', 'churn', 'months',
       'uniqsubs', 'actvsubs', 'new_cell', 'crclscod', 'asl_flag', 'totcalls',
       'totmou', 'totrev', 'adjrev', 'adjmou', 'adjqty', 'avgrev', 'avgmou',
       'avgqty', 'avg3mou', 'avg3qty', 'avg3rev', 'avg6mou', 'avg6qty',
       'avg6rev', 'prizm_social_one', 'area', 'dualband', 'refurb_new',
       'hnd_price', 'phones', 'models', 'hnd_webcap', 'truck', 'rv', 'ownrent',
       'lor', 'dwlltype', 'marital', 'adults', 'infobase', 'income',
       'numbcars', 'hhstatin', 'dwllsize', 'forgntvl', 'ethnic', 'kid0_2',
       'kid3_5', 'kid6_10', 'kid11_15', 'kid16_17', 'creditcd', 'eqpdays',
       'customer_id'],
      dtype='object')
[2022-07-01 10:37:53,886] {logging_mixin.py:104} INFO - (100000, 93)
[2022-07-01 10:37:54,837] {logging_mixin.py:104} INFO - (100000, 93)
[2022-07-01 10:37:54,905] {logging_mixin.py:104} INFO - []
[2022-07-01 10:37:54,991] {logging_mixin.py:104} INFO - (100000, 93)
[2022-07-01 10:37:55,146] {logging_mixin.py:104} INFO - (100000, 93)
[2022-07-01 10:37:55,466] {logging_mixin.py:104} INFO - <bound method NDFrame.describe of        asl_flag  kid0_2  kid3_5  kid6_10  kid11_15  kid16_17
0             0       0       1        0         0         0
1             0       0       0        0         1         0
2             0       0       0        0         0         0
3             0       0       0        0         0         0
4             1       0       0        0         0         0
...         ...     ...     ...      ...       ...       ...
99995         0       0       0        0         0         0
99996         0       0       0        0         0         0
99997         0       0       0        0         0         0
99998         0       0       0        0         0         0
99999         0       0       0        0         0         0

[100000 rows x 6 columns]>
[2022-07-01 10:37:58,618] {logging_mixin.py:104} INFO - Index(['rev_mean', 'mou_mean', 'totmrc_mean', 'da_mean', 'ovrmou_mean',
       'ovrrev_mean', 'vceovr_mean', 'datovr_mean', 'roam_mean', 'change_mou',
       'change_rev', 'avg6mou', 'avg6qty', 'avg6rev', 'hnd_price', 'truck',
       'rv', 'adults', 'income', 'forgntvl'],
      dtype='object')
[2022-07-01 10:38:20,107] {logging_mixin.py:104} INFO - Index(['rev_mean', 'mou_mean', 'totmrc_mean', 'da_mean', 'ovrmou_mean',
       'datovr_mean', 'roam_mean', 'change_mou', 'change_rev', 'drop_vce_mean',
       ...
       'ethnic_O', 'ethnic_P', 'ethnic_R', 'ethnic_S', 'ethnic_U', 'ethnic_X',
       'ethnic_Z', 'creditcd_N', 'creditcd_U', 'creditcd_Y'],
      dtype='object', length=178)
[2022-07-01 10:38:56,967] {base.py:74} INFO - Using connection to: id: postgres_conection. Host: host.docker.internal, Port: 5432, Schema: data_company, Login: airflow, Password: XXXXXXXX, extra: None
[2022-07-01 10:38:57,005] {logging_mixin.py:104} INFO - CREATE TABLE IF NOT EXISTS company_A02(rev_mean REAL, 
mou_mean REAL, 
totmrc_mean REAL, 
da_mean REAL, 
ovrmou_mean REAL, 
datovr_mean REAL, 
roam_mean REAL, 
change_mou REAL, 
change_rev REAL, 
drop_vce_mean REAL, 
drop_dat_mean REAL, 
blck_vce_mean REAL, 
blck_dat_mean REAL, 
unan_vce_mean REAL, 
unan_dat_mean REAL, 
plcd_vce_mean REAL, 
plcd_dat_mean REAL, 
recv_vce_mean REAL, 
recv_sms_mean REAL, 
custcare_mean REAL, 
ccrndmou_mean REAL, 
threeway_mean REAL, 
mou_cvce_mean REAL, 
mou_rvce_mean REAL, 
owylis_vce_mean REAL, 
mouowylisv_mean REAL, 
iwylis_vce_mean REAL, 
mouiwylisv_mean REAL, 
mou_peav_mean REAL, 
opk_vce_mean REAL, 
mou_opkv_mean REAL, 
drop_blk_mean REAL, 
callfwdv_mean REAL, 
callwait_mean REAL, 
churn INT4, 
months REAL, 
uniqsubs REAL, 
actvsubs REAL, 
asl_flag INT4, 
totcalls REAL, 
totrev REAL, 
avgrev REAL, 
avgmou REAL, 
avgqty REAL, 
hnd_price REAL, 
phones REAL, 
models REAL, 
truck REAL, 
rv REAL, 
adults REAL, 
income REAL, 
forgntvl REAL, 
kid0_2 INT4, 
kid3_5 INT4, 
kid6_10 INT4, 
kid11_15 INT4, 
kid16_17 INT4, 
eqpdays REAL, 
new_cell_N INT4, 
new_cell_U INT4, 
new_cell_Y INT4, 
crclscod_A INT4, 
crclscod_A2 INT4, 
crclscod_A3 INT4, 
crclscod_AA INT4, 
crclscod_B INT4, 
crclscod_B2 INT4, 
crclscod_BA INT4, 
crclscod_C INT4, 
crclscod_C2 INT4, 
crclscod_C5 INT4, 
crclscod_CA INT4, 
crclscod_CC INT4, 
crclscod_CY INT4, 
crclscod_D INT4, 
crclscod_D2 INT4, 
crclscod_D4 INT4, 
crclscod_D5 INT4, 
crclscod_DA INT4, 
crclscod_E INT4, 
crclscod_E2 INT4, 
crclscod_E4 INT4, 
crclscod_EA INT4, 
crclscod_EC INT4, 
crclscod_EF INT4, 
crclscod_EM INT4, 
crclscod_G INT4, 
crclscod_GA INT4, 
crclscod_GY INT4, 
crclscod_H INT4, 
crclscod_I INT4, 
crclscod_IF INT4, 
crclscod_J INT4, 
crclscod_JF INT4, 
crclscod_K INT4, 
crclscod_L INT4, 
crclscod_M INT4, 
crclscod_O INT4, 
crclscod_P1 INT4, 
crclscod_S INT4, 
crclscod_TP INT4, 
crclscod_U INT4, 
crclscod_U1 INT4, 
crclscod_V INT4, 
crclscod_V1 INT4, 
crclscod_W INT4, 
crclscod_Y INT4, 
crclscod_Z INT4, 
crclscod_Z1 INT4, 
crclscod_Z2 INT4, 
crclscod_Z4 INT4, 
crclscod_Z5 INT4, 
crclscod_ZA INT4, 
crclscod_ZF INT4, 
crclscod_ZY INT4, 
prizm_social_one_C INT4, 
prizm_social_one_R INT4, 
prizm_social_one_S INT4, 
prizm_social_one_T INT4, 
prizm_social_one_U INT4, 
area_0 INT4, 
area_1 INT4, 
area_2 INT4, 
area_3 INT4, 
area_4 INT4, 
area_5 INT4, 
area_6 INT4, 
area_7 INT4, 
area_8 INT4, 
area_9 INT4, 
area_10 INT4, 
area_11 INT4, 
area_12 INT4, 
area_13 INT4, 
area_14 INT4, 
area_15 INT4, 
area_16 INT4, 
area_17 INT4, 
area_18 INT4, 
area_19 INT4, 
dualband_N INT4, 
dualband_T INT4, 
dualband_U INT4, 
dualband_Y INT4, 
refurb_new_N INT4, 
refurb_new_R INT4, 
refurb_new_U INT4, 
hnd_webcap_U INT4, 
hnd_webcap_WC INT4, 
hnd_webcap_WCMB INT4, 
marital_A INT4, 
marital_B INT4, 
marital_M INT4, 
marital_S INT4, 
marital_U INT4, 
infobase_M INT4, 
infobase_N INT4, 
infobase_U INT4, 
ethnic_B INT4, 
ethnic_C INT4, 
ethnic_D INT4, 
ethnic_F INT4, 
ethnic_G INT4, 
ethnic_H INT4, 
ethnic_I INT4, 
ethnic_J INT4, 
ethnic_M INT4, 
ethnic_N INT4, 
ethnic_O INT4, 
ethnic_P INT4, 
ethnic_R INT4, 
ethnic_S INT4, 
ethnic_U INT4, 
ethnic_X INT4, 
ethnic_Z INT4, 
creditcd_N INT4, 
creditcd_U INT4, 
creditcd_Y INT4);
[2022-07-01 10:38:57,005] {logging_mixin.py:104} INFO - 
[2022-07-01 10:39:06,585] {python.py:118} INFO - Done. Returned value was: None
[2022-07-01 10:39:06,652] {taskinstance.py:1166} INFO - Marking task as SUCCESS. dag_id=SDG_Enrique_V0, task_id=preprocessing_data, execution_date=20220629T000000, start_date=20220701T103729, end_date=20220701T103906
[2022-07-01 10:39:06,856] {taskinstance.py:1220} INFO - 1 downstream tasks scheduled from follow-on schedule check
[2022-07-01 10:39:06,940] {local_task_job.py:146} INFO - Task exited with return code 0
