[2022-06-25 20:51:18,201] {taskinstance.py:851} INFO - Dependencies all met for <TaskInstance: SDG_Enrique_V0.readCSV_convertColumns 2022-06-25T20:51:03.134098+00:00 [queued]>
[2022-06-25 20:51:18,216] {taskinstance.py:851} INFO - Dependencies all met for <TaskInstance: SDG_Enrique_V0.readCSV_convertColumns 2022-06-25T20:51:03.134098+00:00 [queued]>
[2022-06-25 20:51:18,217] {taskinstance.py:1042} INFO - 
--------------------------------------------------------------------------------
[2022-06-25 20:51:18,218] {taskinstance.py:1043} INFO - Starting attempt 1 of 1
[2022-06-25 20:51:18,218] {taskinstance.py:1044} INFO - 
--------------------------------------------------------------------------------
[2022-06-25 20:51:18,226] {taskinstance.py:1063} INFO - Executing <Task(PythonOperator): readCSV_convertColumns> on 2022-06-25T20:51:03.134098+00:00
[2022-06-25 20:51:18,232] {standard_task_runner.py:52} INFO - Started process 4112 to run task
[2022-06-25 20:51:18,236] {standard_task_runner.py:76} INFO - Running: ['airflow', 'tasks', 'run', 'SDG_Enrique_V0', 'readCSV_convertColumns', '2022-06-25T20:51:03.134098+00:00', '--job-id', '144', '--pool', 'default_pool', '--raw', '--subdir', 'DAGS_FOLDER/company_forecasting.py', '--cfg-path', '/tmp/tmpzv9ah7ey', '--error-file', '/tmp/tmp49j6eyhu']
[2022-06-25 20:51:18,238] {standard_task_runner.py:77} INFO - Job 144: Subtask readCSV_convertColumns
[2022-06-25 20:51:18,280] {logging_mixin.py:104} INFO - Running <TaskInstance: SDG_Enrique_V0.readCSV_convertColumns 2022-06-25T20:51:03.134098+00:00 [running]> on host 5e8dc4b25004
[2022-06-25 20:51:18,316] {taskinstance.py:1257} INFO - Exporting the following env vars:
AIRFLOW_CTX_DAG_EMAIL=enrique-liebana@outlook.com
AIRFLOW_CTX_DAG_OWNER=Enrique
AIRFLOW_CTX_DAG_ID=SDG_Enrique_V0
AIRFLOW_CTX_TASK_ID=readCSV_convertColumns
AIRFLOW_CTX_EXECUTION_DATE=2022-06-25T20:51:03.134098+00:00
AIRFLOW_CTX_DAG_RUN_ID=manual__2022-06-25T20:51:03.134098+00:00
[2022-06-25 20:51:20,368] {logging_mixin.py:104} WARNING - /home/airflow/.local/lib/python3.6/site-packages/airflow/models/taskinstance.py:1315 DtypeWarning: Columns (46,56,59) have mixed types.Specify dtype option on import or set low_memory=False.
[2022-06-25 20:51:20,689] {logging_mixin.py:104} INFO -   rev_mean mou_mean totmrc_mean  ... creditcd eqpdays customer_id
0  23,9975   219,25        22,5  ...        Y   361.0     1000001
1  57,4925   482,75      37,425  ...        Y   240.0     1000002
2    16,99    10,25       16,99  ...        Y  1504.0     1000003
3       38      7,5          38  ...        Y  1812.0     1000004
4    55,23    570,5       71,98  ...        Y   434.0     1000005

[5 rows x 100 columns]
[2022-06-25 20:51:20,692] {logging_mixin.py:104} INFO - rev_mean        object
mou_mean        object
totmrc_mean     object
da_mean         object
ovrmou_mean     object
                ...   
kid11_15        object
kid16_17        object
creditcd        object
eqpdays        float64
customer_id      int64
Length: 100, dtype: object
[2022-06-25 20:51:20,692] {logging_mixin.py:104} INFO - **************** FLOAT COLUmNS *********************
[2022-06-25 20:51:25,775] {logging_mixin.py:104} INFO - **************** OBJECT COLUmNS *********************
[2022-06-25 20:51:26,197] {logging_mixin.py:104} INFO - ************+***********RESULTS*****************************
[2022-06-25 20:51:26,212] {logging_mixin.py:104} INFO - FLOAT64 (100000, 68)
[2022-06-25 20:51:26,216] {logging_mixin.py:104} INFO - INT64 (100000, 11)
[2022-06-25 20:51:26,219] {logging_mixin.py:104} INFO - STRING (100000, 21)
[2022-06-25 20:51:34,367] {base.py:74} INFO - Using connection to: id: postgres_conection. Host: host.docker.internal, Port: 5432, Schema: data_company, Login: airflow, Password: XXXXXXXX, extra: None
[2022-06-25 20:51:35,386] {taskinstance.py:1455} ERROR - invalid input syntax for type integer: "2.0"
CONTEXT:  COPY company_a01, line 2, column models: "2.0"
Traceback (most recent call last):
  File "/home/airflow/.local/lib/python3.6/site-packages/airflow/models/taskinstance.py", line 1112, in _run_raw_task
    self._prepare_and_execute_task_with_callbacks(context, task)
  File "/home/airflow/.local/lib/python3.6/site-packages/airflow/models/taskinstance.py", line 1285, in _prepare_and_execute_task_with_callbacks
    result = self._execute_task(context, task_copy)
  File "/home/airflow/.local/lib/python3.6/site-packages/airflow/models/taskinstance.py", line 1315, in _execute_task
    result = task_copy.execute(context=context)
  File "/home/airflow/.local/lib/python3.6/site-packages/airflow/operators/python.py", line 117, in execute
    return_value = self.execute_callable()
  File "/home/airflow/.local/lib/python3.6/site-packages/airflow/operators/python.py", line 128, in execute_callable
    return self.python_callable(*self.op_args, **self.op_kwargs)
  File "/opt/airflow/dags/company_forecasting.py", line 215, in read_and_convertColumns
    cur.copy_expert(sql=sql % table, file=file)
psycopg2.errors.InvalidTextRepresentation: invalid input syntax for type integer: "2.0"
CONTEXT:  COPY company_a01, line 2, column models: "2.0"

[2022-06-25 20:51:35,391] {taskinstance.py:1503} INFO - Marking task as FAILED. dag_id=SDG_Enrique_V0, task_id=readCSV_convertColumns, execution_date=20220625T205103, start_date=20220625T205118, end_date=20220625T205135
[2022-06-25 20:51:35,503] {local_task_job.py:146} INFO - Task exited with return code 1
