[2022-06-26 09:30:20,764] {taskinstance.py:851} INFO - Dependencies all met for <TaskInstance: SDG_Enrique_V0.postgreSQL_getTable 2022-06-26T09:30:15.712904+00:00 [queued]>
[2022-06-26 09:30:20,796] {taskinstance.py:851} INFO - Dependencies all met for <TaskInstance: SDG_Enrique_V0.postgreSQL_getTable 2022-06-26T09:30:15.712904+00:00 [queued]>
[2022-06-26 09:30:20,797] {taskinstance.py:1042} INFO - 
--------------------------------------------------------------------------------
[2022-06-26 09:30:20,798] {taskinstance.py:1043} INFO - Starting attempt 1 of 1
[2022-06-26 09:30:20,799] {taskinstance.py:1044} INFO - 
--------------------------------------------------------------------------------
[2022-06-26 09:30:20,812] {taskinstance.py:1063} INFO - Executing <Task(PythonOperator): postgreSQL_getTable> on 2022-06-26T09:30:15.712904+00:00
[2022-06-26 09:30:20,822] {standard_task_runner.py:52} INFO - Started process 11577 to run task
[2022-06-26 09:30:20,831] {standard_task_runner.py:76} INFO - Running: ['airflow', 'tasks', 'run', 'SDG_Enrique_V0', 'postgreSQL_getTable', '2022-06-26T09:30:15.712904+00:00', '--job-id', '204', '--pool', 'default_pool', '--raw', '--subdir', 'DAGS_FOLDER/company_forecasting.py', '--cfg-path', '/tmp/tmpf3cw1no5', '--error-file', '/tmp/tmpd7g_2el8']
[2022-06-26 09:30:20,835] {standard_task_runner.py:77} INFO - Job 204: Subtask postgreSQL_getTable
[2022-06-26 09:30:20,911] {logging_mixin.py:104} INFO - Running <TaskInstance: SDG_Enrique_V0.postgreSQL_getTable 2022-06-26T09:30:15.712904+00:00 [running]> on host 5e8dc4b25004
[2022-06-26 09:30:20,984] {taskinstance.py:1257} INFO - Exporting the following env vars:
AIRFLOW_CTX_DAG_EMAIL=enrique-liebana@outlook.com
AIRFLOW_CTX_DAG_OWNER=Enrique
AIRFLOW_CTX_DAG_ID=SDG_Enrique_V0
AIRFLOW_CTX_TASK_ID=postgreSQL_getTable
AIRFLOW_CTX_EXECUTION_DATE=2022-06-26T09:30:15.712904+00:00
AIRFLOW_CTX_DAG_RUN_ID=manual__2022-06-26T09:30:15.712904+00:00
[2022-06-26 09:30:21,002] {base.py:74} INFO - Using connection to: id: postgres_conection. Host: host.docker.internal, Port: 5432, Schema: data_company, Login: airflow, Password: XXXXXXXX, extra: None
[2022-06-26 09:30:47,300] {company_forecasting.py:78} INFO - Backup Company data in : /raw_data/company.csv
[2022-06-26 09:30:47,302] {python.py:118} INFO - Done. Returned value was: None
[2022-06-26 09:30:47,327] {taskinstance.py:1166} INFO - Marking task as SUCCESS. dag_id=SDG_Enrique_V0, task_id=postgreSQL_getTable, execution_date=20220626T093015, start_date=20220626T093020, end_date=20220626T093047
[2022-06-26 09:30:47,409] {taskinstance.py:1220} INFO - 1 downstream tasks scheduled from follow-on schedule check
[2022-06-26 09:30:47,503] {local_task_job.py:146} INFO - Task exited with return code 0
