[2022-06-25 19:09:53,187] {taskinstance.py:851} INFO - Dependencies all met for <TaskInstance: SDG_Enrique_V0.readCSV_convertColumns 2022-06-25T19:09:37.522874+00:00 [queued]>
[2022-06-25 19:09:53,205] {taskinstance.py:851} INFO - Dependencies all met for <TaskInstance: SDG_Enrique_V0.readCSV_convertColumns 2022-06-25T19:09:37.522874+00:00 [queued]>
[2022-06-25 19:09:53,206] {taskinstance.py:1042} INFO - 
--------------------------------------------------------------------------------
[2022-06-25 19:09:53,207] {taskinstance.py:1043} INFO - Starting attempt 1 of 1
[2022-06-25 19:09:53,207] {taskinstance.py:1044} INFO - 
--------------------------------------------------------------------------------
[2022-06-25 19:09:53,218] {taskinstance.py:1063} INFO - Executing <Task(PythonOperator): readCSV_convertColumns> on 2022-06-25T19:09:37.522874+00:00
[2022-06-25 19:09:53,228] {standard_task_runner.py:52} INFO - Started process 2877 to run task
[2022-06-25 19:09:53,232] {standard_task_runner.py:76} INFO - Running: ['airflow', 'tasks', 'run', 'SDG_Enrique_V0', 'readCSV_convertColumns', '2022-06-25T19:09:37.522874+00:00', '--job-id', '107', '--pool', 'default_pool', '--raw', '--subdir', 'DAGS_FOLDER/company_forecasting.py', '--cfg-path', '/tmp/tmp8ypl2944', '--error-file', '/tmp/tmpc3wi1sad']
[2022-06-25 19:09:53,235] {standard_task_runner.py:77} INFO - Job 107: Subtask readCSV_convertColumns
[2022-06-25 19:09:53,284] {logging_mixin.py:104} INFO - Running <TaskInstance: SDG_Enrique_V0.readCSV_convertColumns 2022-06-25T19:09:37.522874+00:00 [running]> on host 9ed5e21ae5e4
[2022-06-25 19:09:53,371] {taskinstance.py:1257} INFO - Exporting the following env vars:
AIRFLOW_CTX_DAG_EMAIL=enrique-liebana@outlook.com
AIRFLOW_CTX_DAG_OWNER=Enrique
AIRFLOW_CTX_DAG_ID=SDG_Enrique_V0
AIRFLOW_CTX_TASK_ID=readCSV_convertColumns
AIRFLOW_CTX_EXECUTION_DATE=2022-06-25T19:09:37.522874+00:00
AIRFLOW_CTX_DAG_RUN_ID=manual__2022-06-25T19:09:37.522874+00:00
[2022-06-25 19:09:56,818] {logging_mixin.py:104} WARNING - /home/airflow/.local/lib/python3.6/site-packages/airflow/models/taskinstance.py:1315 DtypeWarning: Columns (46,56,59) have mixed types.Specify dtype option on import or set low_memory=False.
[2022-06-25 19:09:57,752] {logging_mixin.py:104} INFO -   rev_mean mou_mean totmrc_mean  ... creditcd eqpdays customer_id
0  23,9975   219,25        22,5  ...        Y   361.0     1000001
1  57,4925   482,75      37,425  ...        Y   240.0     1000002
2    16,99    10,25       16,99  ...        Y  1504.0     1000003
3       38      7,5          38  ...        Y  1812.0     1000004
4    55,23    570,5       71,98  ...        Y   434.0     1000005

[5 rows x 100 columns]
[2022-06-25 19:09:57,757] {logging_mixin.py:104} INFO - rev_mean        object
mou_mean        object
totmrc_mean     object
da_mean         object
ovrmou_mean     object
                ...   
kid11_15        object
kid16_17        object
creditcd        object
eqpdays        float64
customer_id      int64
Length: 100, dtype: object
[2022-06-25 19:09:57,760] {logging_mixin.py:104} INFO - **************** FLOAT COLUmNS *********************
[2022-06-25 19:10:02,904] {taskinstance.py:1455} ERROR - Can only use .str accessor with string values!
Traceback (most recent call last):
  File "/home/airflow/.local/lib/python3.6/site-packages/airflow/models/taskinstance.py", line 1112, in _run_raw_task
    self._prepare_and_execute_task_with_callbacks(context, task)
  File "/home/airflow/.local/lib/python3.6/site-packages/airflow/models/taskinstance.py", line 1285, in _prepare_and_execute_task_with_callbacks
    result = self._execute_task(context, task_copy)
  File "/home/airflow/.local/lib/python3.6/site-packages/airflow/models/taskinstance.py", line 1315, in _execute_task
    result = task_copy.execute(context=context)
  File "/home/airflow/.local/lib/python3.6/site-packages/airflow/operators/python.py", line 117, in execute
    return_value = self.execute_callable()
  File "/home/airflow/.local/lib/python3.6/site-packages/airflow/operators/python.py", line 128, in execute_callable
    return self.python_callable(*self.op_args, **self.op_kwargs)
  File "/opt/airflow/dags/company_forecasting.py", line 66, in read_and_convertColumns
    data_company[a]=data_company[a].str.replace(',','.').astype(float)
  File "/home/airflow/.local/lib/python3.6/site-packages/pandas/core/generic.py", line 5137, in __getattr__
    return object.__getattribute__(self, name)
  File "/home/airflow/.local/lib/python3.6/site-packages/pandas/core/accessor.py", line 187, in __get__
    accessor_obj = self._accessor(obj)
  File "/home/airflow/.local/lib/python3.6/site-packages/pandas/core/strings.py", line 2100, in __init__
    self._inferred_dtype = self._validate(data)
  File "/home/airflow/.local/lib/python3.6/site-packages/pandas/core/strings.py", line 2157, in _validate
    raise AttributeError("Can only use .str accessor with string values!")
AttributeError: Can only use .str accessor with string values!
[2022-06-25 19:10:02,919] {taskinstance.py:1503} INFO - Marking task as FAILED. dag_id=SDG_Enrique_V0, task_id=readCSV_convertColumns, execution_date=20220625T190937, start_date=20220625T190953, end_date=20220625T191002
[2022-06-25 19:10:03,454] {local_task_job.py:146} INFO - Task exited with return code 1
