[2022-06-26 19:13:59,762] {taskinstance.py:851} INFO - Dependencies all met for <TaskInstance: trigger_dag.trigger_target 2022-06-26T19:13:39.981080+00:00 [queued]>
[2022-06-26 19:13:59,772] {taskinstance.py:851} INFO - Dependencies all met for <TaskInstance: trigger_dag.trigger_target 2022-06-26T19:13:39.981080+00:00 [queued]>
[2022-06-26 19:13:59,773] {taskinstance.py:1042} INFO - 
--------------------------------------------------------------------------------
[2022-06-26 19:13:59,773] {taskinstance.py:1043} INFO - Starting attempt 1 of 1
[2022-06-26 19:13:59,774] {taskinstance.py:1044} INFO - 
--------------------------------------------------------------------------------
[2022-06-26 19:13:59,789] {taskinstance.py:1063} INFO - Executing <Task(TriggerDagRunOperator): trigger_target> on 2022-06-26T19:13:39.981080+00:00
[2022-06-26 19:13:59,796] {standard_task_runner.py:52} INFO - Started process 246 to run task
[2022-06-26 19:13:59,800] {standard_task_runner.py:76} INFO - Running: ['airflow', 'tasks', 'run', 'trigger_dag', 'trigger_target', '2022-06-26T19:13:39.981080+00:00', '--job-id', '237', '--pool', 'default_pool', '--raw', '--subdir', 'DAGS_FOLDER/trigger_dag.py', '--cfg-path', '/tmp/tmpx2_prx4r', '--error-file', '/tmp/tmpu0sykzg8']
[2022-06-26 19:13:59,803] {standard_task_runner.py:77} INFO - Job 237: Subtask trigger_target
[2022-06-26 19:13:59,850] {logging_mixin.py:104} INFO - Running <TaskInstance: trigger_dag.trigger_target 2022-06-26T19:13:39.981080+00:00 [running]> on host 6fc8504e86cf
[2022-06-26 19:13:59,895] {taskinstance.py:1257} INFO - Exporting the following env vars:
AIRFLOW_CTX_DAG_OWNER=airflow
AIRFLOW_CTX_DAG_ID=trigger_dag
AIRFLOW_CTX_TASK_ID=trigger_target
AIRFLOW_CTX_EXECUTION_DATE=2022-06-26T19:13:39.981080+00:00
AIRFLOW_CTX_DAG_RUN_ID=manual__2022-06-26T19:13:39.981080+00:00
[2022-06-26 19:13:59,941] {trigger_dagrun.py:165} INFO - Waiting for SDG_Enrique_V0 on 2022-06-26T00:00:00+00:00 to become allowed state ['success'] ...
[2022-06-26 19:15:00,007] {trigger_dagrun.py:165} INFO - Waiting for SDG_Enrique_V0 on 2022-06-26T00:00:00+00:00 to become allowed state ['success'] ...
[2022-06-26 19:16:00,035] {trigger_dagrun.py:174} INFO - SDG_Enrique_V0 finished with allowed state success
[2022-06-26 19:16:00,048] {taskinstance.py:1166} INFO - Marking task as SUCCESS. dag_id=trigger_dag, task_id=trigger_target, execution_date=20220626T191339, start_date=20220626T191359, end_date=20220626T191600
[2022-06-26 19:16:00,080] {taskinstance.py:1220} INFO - 2 downstream tasks scheduled from follow-on schedule check
[2022-06-26 19:16:00,098] {local_task_job.py:146} INFO - Task exited with return code 0
